2019-06-20 01:01:00,322:DEBUG:STREAM b'IHDR' 16 13
2019-06-20 01:01:00,323:DEBUG:STREAM b'iCCP' 41 3145
2019-06-20 01:01:00,323:DEBUG:iCCP profile name b'ICC Profile'
2019-06-20 01:01:00,323:DEBUG:Compression method 0
2019-06-20 01:01:00,323:DEBUG:STREAM b'pHYs' 3198 9
2019-06-20 01:01:00,323:DEBUG:STREAM b'iTXt' 3219 415
2019-06-20 01:01:00,323:DEBUG:STREAM b'iDOT' 3646 28
2019-06-20 01:01:00,323:DEBUG:b'iDOT' 3646 28 (unknown)
2019-06-20 01:01:00,323:DEBUG:STREAM b'IDAT' 3686 16384
2019-06-20 01:01:00,995:DEBUG:STREAM b'IHDR' 16 13
2019-06-20 01:01:00,995:DEBUG:STREAM b'iCCP' 41 3145
2019-06-20 01:01:00,995:DEBUG:iCCP profile name b'ICC Profile'
2019-06-20 01:01:00,995:DEBUG:Compression method 0
2019-06-20 01:01:00,995:DEBUG:STREAM b'pHYs' 3198 9
2019-06-20 01:01:00,995:DEBUG:STREAM b'iTXt' 3219 415
2019-06-20 01:01:00,995:DEBUG:STREAM b'iDOT' 3646 28
2019-06-20 01:01:00,995:DEBUG:b'iDOT' 3646 28 (unknown)
2019-06-20 01:01:00,995:DEBUG:STREAM b'IDAT' 3686 16384
2019-06-20 01:01:01,855:DEBUG:looking for steam icon
2019-06-20 01:01:01,856:DEBUG:STREAM b'IHDR' 16 13
2019-06-20 01:01:01,856:DEBUG:STREAM b'iCCP' 41 3093
2019-06-20 01:01:01,856:DEBUG:iCCP profile name b'ICC Profile'
2019-06-20 01:01:01,856:DEBUG:Compression method 0
2019-06-20 01:01:01,856:DEBUG:STREAM b'pHYs' 3146 9
2019-06-20 01:01:01,857:DEBUG:STREAM b'iTXt' 3167 413
2019-06-20 01:01:01,857:DEBUG:STREAM b'iDOT' 3592 28
2019-06-20 01:01:01,857:DEBUG:b'iDOT' 3592 28 (unknown)
2019-06-20 01:01:01,857:DEBUG:STREAM b'IDAT' 3632 7390
2019-06-20 01:01:02,103:DEBUG:STREAM b'IHDR' 16 13
2019-06-20 01:01:02,104:DEBUG:STREAM b'iCCP' 41 3145
2019-06-20 01:01:02,104:DEBUG:iCCP profile name b'ICC Profile'
2019-06-20 01:01:02,104:DEBUG:Compression method 0
2019-06-20 01:01:02,104:DEBUG:STREAM b'pHYs' 3198 9
2019-06-20 01:01:02,104:DEBUG:STREAM b'iTXt' 3219 415
2019-06-20 01:01:02,104:DEBUG:STREAM b'iDOT' 3646 28
2019-06-20 01:01:02,104:DEBUG:b'iDOT' 3646 28 (unknown)
2019-06-20 01:01:02,104:DEBUG:STREAM b'IDAT' 3686 16384
2019-06-20 01:01:03,012:DEBUG:looking for steam library
2019-06-20 01:01:03,012:DEBUG:STREAM b'IHDR' 16 13
2019-06-20 01:01:03,012:DEBUG:STREAM b'iCCP' 41 3093
2019-06-20 01:01:03,012:DEBUG:iCCP profile name b'ICC Profile'
2019-06-20 01:01:03,013:DEBUG:Compression method 0
2019-06-20 01:01:03,013:DEBUG:STREAM b'pHYs' 3146 9
2019-06-20 01:01:03,013:DEBUG:STREAM b'iTXt' 3167 412
2019-06-20 01:01:03,013:DEBUG:STREAM b'iDOT' 3591 28
2019-06-20 01:01:03,013:DEBUG:b'iDOT' 3591 28 (unknown)
2019-06-20 01:01:03,013:DEBUG:STREAM b'IDAT' 3631 9220
2019-06-20 01:01:03,245:DEBUG:STREAM b'IHDR' 16 13
2019-06-20 01:01:03,246:DEBUG:STREAM b'iCCP' 41 3145
2019-06-20 01:01:03,246:DEBUG:iCCP profile name b'ICC Profile'
2019-06-20 01:01:03,246:DEBUG:Compression method 0
2019-06-20 01:01:03,246:DEBUG:STREAM b'pHYs' 3198 9
2019-06-20 01:01:03,246:DEBUG:STREAM b'iTXt' 3219 415
2019-06-20 01:01:03,246:DEBUG:STREAM b'iDOT' 3646 28
2019-06-20 01:01:03,246:DEBUG:b'iDOT' 3646 28 (unknown)
2019-06-20 01:01:03,246:DEBUG:STREAM b'IDAT' 3686 16384
2019-06-20 01:01:04,183:DEBUG:looking for ftl in steam
2019-06-20 01:01:04,183:DEBUG:STREAM b'IHDR' 16 13
2019-06-20 01:01:04,184:DEBUG:STREAM b'iCCP' 41 3093
2019-06-20 01:01:04,184:DEBUG:iCCP profile name b'ICC Profile'
2019-06-20 01:01:04,184:DEBUG:Compression method 0
2019-06-20 01:01:04,184:DEBUG:STREAM b'pHYs' 3146 9
2019-06-20 01:01:04,184:DEBUG:STREAM b'iTXt' 3167 412
2019-06-20 01:01:04,184:DEBUG:STREAM b'iDOT' 3591 28
2019-06-20 01:01:04,184:DEBUG:b'iDOT' 3591 28 (unknown)
2019-06-20 01:01:04,184:DEBUG:STREAM b'IDAT' 3631 4924
2019-06-20 01:01:04,416:DEBUG:STREAM b'IHDR' 16 13
2019-06-20 01:01:04,416:DEBUG:STREAM b'iCCP' 41 3145
2019-06-20 01:01:04,416:DEBUG:iCCP profile name b'ICC Profile'
2019-06-20 01:01:04,416:DEBUG:Compression method 0
2019-06-20 01:01:04,416:DEBUG:STREAM b'pHYs' 3198 9
2019-06-20 01:01:04,416:DEBUG:STREAM b'iTXt' 3219 415
2019-06-20 01:01:04,416:DEBUG:STREAM b'iDOT' 3646 28
2019-06-20 01:01:04,416:DEBUG:b'iDOT' 3646 28 (unknown)
2019-06-20 01:01:04,417:DEBUG:STREAM b'IDAT' 3686 16384
2019-06-20 01:01:05,367:DEBUG:looking for play button
2019-06-20 01:01:05,367:DEBUG:STREAM b'IHDR' 16 13
2019-06-20 01:01:05,367:DEBUG:STREAM b'iCCP' 41 3093
2019-06-20 01:01:05,367:DEBUG:iCCP profile name b'ICC Profile'
2019-06-20 01:01:05,367:DEBUG:Compression method 0
2019-06-20 01:01:05,367:DEBUG:STREAM b'pHYs' 3146 9
2019-06-20 01:01:05,367:DEBUG:STREAM b'iTXt' 3167 412
2019-06-20 01:01:05,368:DEBUG:STREAM b'iDOT' 3591 28
2019-06-20 01:01:05,368:DEBUG:b'iDOT' 3591 28 (unknown)
2019-06-20 01:01:05,368:DEBUG:STREAM b'IDAT' 3631 7544
2019-06-20 01:01:05,628:DEBUG:STREAM b'IHDR' 16 13
2019-06-20 01:01:05,628:DEBUG:STREAM b'iCCP' 41 3145
2019-06-20 01:01:05,628:DEBUG:iCCP profile name b'ICC Profile'
2019-06-20 01:01:05,628:DEBUG:Compression method 0
2019-06-20 01:01:05,629:DEBUG:STREAM b'pHYs' 3198 9
2019-06-20 01:01:05,629:DEBUG:STREAM b'iTXt' 3219 415
2019-06-20 01:01:05,629:DEBUG:STREAM b'iDOT' 3646 28
2019-06-20 01:01:05,629:DEBUG:b'iDOT' 3646 28 (unknown)
2019-06-20 01:01:05,629:DEBUG:STREAM b'IDAT' 3686 16384
2019-06-20 01:01:06,572:INFO:Game Start: ftl:2019-06-20 01:01:06.572291
2019-06-20 01:01:06,573:INFO:Starting New Game.
2019-06-20 01:01:11,577:DEBUG:STREAM b'IHDR' 16 13
2019-06-20 01:01:11,577:DEBUG:STREAM b'iCCP' 41 3093
2019-06-20 01:01:11,577:DEBUG:iCCP profile name b'ICC Profile'
2019-06-20 01:01:11,577:DEBUG:Compression method 0
2019-06-20 01:01:11,577:DEBUG:STREAM b'pHYs' 3146 9
2019-06-20 01:01:11,578:DEBUG:STREAM b'iTXt' 3167 412
2019-06-20 01:01:11,578:DEBUG:STREAM b'iDOT' 3591 28
2019-06-20 01:01:11,578:DEBUG:b'iDOT' 3591 28 (unknown)
2019-06-20 01:01:11,578:DEBUG:STREAM b'IDAT' 3631 12055
2019-06-20 01:01:11,894:DEBUG:STREAM b'IHDR' 16 13
2019-06-20 01:01:11,894:DEBUG:STREAM b'iCCP' 41 3145
2019-06-20 01:01:11,894:DEBUG:iCCP profile name b'ICC Profile'
2019-06-20 01:01:11,894:DEBUG:Compression method 0
2019-06-20 01:01:11,894:DEBUG:STREAM b'pHYs' 3198 9
2019-06-20 01:01:11,894:DEBUG:STREAM b'iTXt' 3219 415
2019-06-20 01:01:11,895:DEBUG:STREAM b'iDOT' 3646 28
2019-06-20 01:01:11,895:DEBUG:b'iDOT' 3646 28 (unknown)
2019-06-20 01:01:11,895:DEBUG:STREAM b'IDAT' 3686 16384
