2019-06-20 01:05:57,592:DEBUG:STREAM b'IHDR' 16 13
2019-06-20 01:05:57,593:DEBUG:STREAM b'iCCP' 41 3145
2019-06-20 01:05:57,593:DEBUG:iCCP profile name b'ICC Profile'
2019-06-20 01:05:57,593:DEBUG:Compression method 0
2019-06-20 01:05:57,593:DEBUG:STREAM b'pHYs' 3198 9
2019-06-20 01:05:57,593:DEBUG:STREAM b'iTXt' 3219 415
2019-06-20 01:05:57,593:DEBUG:STREAM b'iDOT' 3646 28
2019-06-20 01:05:57,593:DEBUG:b'iDOT' 3646 28 (unknown)
2019-06-20 01:05:57,593:DEBUG:STREAM b'IDAT' 3686 16384
2019-06-20 01:05:58,328:DEBUG:STREAM b'IHDR' 16 13
2019-06-20 01:05:58,328:DEBUG:STREAM b'iCCP' 41 3145
2019-06-20 01:05:58,328:DEBUG:iCCP profile name b'ICC Profile'
2019-06-20 01:05:58,328:DEBUG:Compression method 0
2019-06-20 01:05:58,328:DEBUG:STREAM b'pHYs' 3198 9
2019-06-20 01:05:58,328:DEBUG:STREAM b'iTXt' 3219 415
2019-06-20 01:05:58,329:DEBUG:STREAM b'iDOT' 3646 28
2019-06-20 01:05:58,329:DEBUG:b'iDOT' 3646 28 (unknown)
2019-06-20 01:05:58,329:DEBUG:STREAM b'IDAT' 3686 16384
2019-06-20 01:05:59,237:DEBUG:looking for steam icon
2019-06-20 01:05:59,243:DEBUG:STREAM b'IHDR' 16 13
2019-06-20 01:05:59,244:DEBUG:STREAM b'iCCP' 41 3093
2019-06-20 01:05:59,244:DEBUG:iCCP profile name b'ICC Profile'
2019-06-20 01:05:59,244:DEBUG:Compression method 0
2019-06-20 01:05:59,244:DEBUG:STREAM b'pHYs' 3146 9
2019-06-20 01:05:59,244:DEBUG:STREAM b'iTXt' 3167 413
2019-06-20 01:05:59,244:DEBUG:STREAM b'iDOT' 3592 28
2019-06-20 01:05:59,244:DEBUG:b'iDOT' 3592 28 (unknown)
2019-06-20 01:05:59,244:DEBUG:STREAM b'IDAT' 3632 7390
2019-06-20 01:05:59,524:DEBUG:STREAM b'IHDR' 16 13
2019-06-20 01:05:59,525:DEBUG:STREAM b'iCCP' 41 3145
2019-06-20 01:05:59,525:DEBUG:iCCP profile name b'ICC Profile'
2019-06-20 01:05:59,525:DEBUG:Compression method 0
2019-06-20 01:05:59,525:DEBUG:STREAM b'pHYs' 3198 9
2019-06-20 01:05:59,525:DEBUG:STREAM b'iTXt' 3219 415
2019-06-20 01:05:59,525:DEBUG:STREAM b'iDOT' 3646 28
2019-06-20 01:05:59,525:DEBUG:b'iDOT' 3646 28 (unknown)
2019-06-20 01:05:59,525:DEBUG:STREAM b'IDAT' 3686 16384
2019-06-20 01:06:00,476:DEBUG:looking for steam library
2019-06-20 01:06:00,479:DEBUG:STREAM b'IHDR' 16 13
2019-06-20 01:06:00,479:DEBUG:STREAM b'iCCP' 41 3093
2019-06-20 01:06:00,479:DEBUG:iCCP profile name b'ICC Profile'
2019-06-20 01:06:00,479:DEBUG:Compression method 0
2019-06-20 01:06:00,479:DEBUG:STREAM b'pHYs' 3146 9
2019-06-20 01:06:00,479:DEBUG:STREAM b'iTXt' 3167 412
2019-06-20 01:06:00,479:DEBUG:STREAM b'iDOT' 3591 28
2019-06-20 01:06:00,479:DEBUG:b'iDOT' 3591 28 (unknown)
2019-06-20 01:06:00,479:DEBUG:STREAM b'IDAT' 3631 9220
2019-06-20 01:06:00,823:DEBUG:STREAM b'IHDR' 16 13
2019-06-20 01:06:00,823:DEBUG:STREAM b'iCCP' 41 3145
2019-06-20 01:06:00,823:DEBUG:iCCP profile name b'ICC Profile'
2019-06-20 01:06:00,823:DEBUG:Compression method 0
2019-06-20 01:06:00,824:DEBUG:STREAM b'pHYs' 3198 9
2019-06-20 01:06:00,824:DEBUG:STREAM b'iTXt' 3219 415
2019-06-20 01:06:00,824:DEBUG:STREAM b'iDOT' 3646 28
2019-06-20 01:06:00,824:DEBUG:b'iDOT' 3646 28 (unknown)
2019-06-20 01:06:00,824:DEBUG:STREAM b'IDAT' 3686 16384
2019-06-20 01:06:01,823:DEBUG:looking for ftl in steam
2019-06-20 01:06:01,826:DEBUG:STREAM b'IHDR' 16 13
2019-06-20 01:06:01,826:DEBUG:STREAM b'iCCP' 41 3093
2019-06-20 01:06:01,826:DEBUG:iCCP profile name b'ICC Profile'
2019-06-20 01:06:01,826:DEBUG:Compression method 0
2019-06-20 01:06:01,826:DEBUG:STREAM b'pHYs' 3146 9
2019-06-20 01:06:01,826:DEBUG:STREAM b'iTXt' 3167 412
2019-06-20 01:06:01,826:DEBUG:STREAM b'iDOT' 3591 28
2019-06-20 01:06:01,826:DEBUG:b'iDOT' 3591 28 (unknown)
2019-06-20 01:06:01,826:DEBUG:STREAM b'IDAT' 3631 4924
2019-06-20 01:06:02,180:DEBUG:STREAM b'IHDR' 16 13
2019-06-20 01:06:02,180:DEBUG:STREAM b'iCCP' 41 3145
2019-06-20 01:06:02,180:DEBUG:iCCP profile name b'ICC Profile'
2019-06-20 01:06:02,180:DEBUG:Compression method 0
2019-06-20 01:06:02,180:DEBUG:STREAM b'pHYs' 3198 9
2019-06-20 01:06:02,180:DEBUG:STREAM b'iTXt' 3219 415
2019-06-20 01:06:02,180:DEBUG:STREAM b'iDOT' 3646 28
2019-06-20 01:06:02,180:DEBUG:b'iDOT' 3646 28 (unknown)
2019-06-20 01:06:02,180:DEBUG:STREAM b'IDAT' 3686 16384
2019-06-20 01:06:03,176:DEBUG:looking for play button
2019-06-20 01:06:03,182:DEBUG:STREAM b'IHDR' 16 13
2019-06-20 01:06:03,182:DEBUG:STREAM b'iCCP' 41 3093
2019-06-20 01:06:03,182:DEBUG:iCCP profile name b'ICC Profile'
2019-06-20 01:06:03,182:DEBUG:Compression method 0
2019-06-20 01:06:03,182:DEBUG:STREAM b'pHYs' 3146 9
2019-06-20 01:06:03,182:DEBUG:STREAM b'iTXt' 3167 412
2019-06-20 01:06:03,183:DEBUG:STREAM b'iDOT' 3591 28
2019-06-20 01:06:03,183:DEBUG:b'iDOT' 3591 28 (unknown)
2019-06-20 01:06:03,183:DEBUG:STREAM b'IDAT' 3631 7544
2019-06-20 01:06:03,521:DEBUG:STREAM b'IHDR' 16 13
2019-06-20 01:06:03,521:DEBUG:STREAM b'iCCP' 41 3145
2019-06-20 01:06:03,521:DEBUG:iCCP profile name b'ICC Profile'
2019-06-20 01:06:03,522:DEBUG:Compression method 0
2019-06-20 01:06:03,522:DEBUG:STREAM b'pHYs' 3198 9
2019-06-20 01:06:03,522:DEBUG:STREAM b'iTXt' 3219 415
2019-06-20 01:06:03,522:DEBUG:STREAM b'iDOT' 3646 28
2019-06-20 01:06:03,522:DEBUG:b'iDOT' 3646 28 (unknown)
2019-06-20 01:06:03,522:DEBUG:STREAM b'IDAT' 3686 16384
2019-06-20 01:06:04,535:INFO:Game Start: ftl:2019-06-20 01:06:04.534909
2019-06-20 01:06:04,535:INFO:Starting New Game.
2019-06-20 01:06:09,541:DEBUG:STREAM b'IHDR' 16 13
2019-06-20 01:06:09,541:DEBUG:STREAM b'iCCP' 41 3093
2019-06-20 01:06:09,541:DEBUG:iCCP profile name b'ICC Profile'
2019-06-20 01:06:09,541:DEBUG:Compression method 0
2019-06-20 01:06:09,541:DEBUG:STREAM b'pHYs' 3146 9
2019-06-20 01:06:09,541:DEBUG:STREAM b'iTXt' 3167 412
2019-06-20 01:06:09,541:DEBUG:STREAM b'iDOT' 3591 28
2019-06-20 01:06:09,541:DEBUG:b'iDOT' 3591 28 (unknown)
2019-06-20 01:06:09,541:DEBUG:STREAM b'IDAT' 3631 12055
2019-06-20 01:06:09,888:DEBUG:STREAM b'IHDR' 16 13
2019-06-20 01:06:09,889:DEBUG:STREAM b'iCCP' 41 3145
2019-06-20 01:06:09,889:DEBUG:iCCP profile name b'ICC Profile'
2019-06-20 01:06:09,889:DEBUG:Compression method 0
2019-06-20 01:06:09,889:DEBUG:STREAM b'pHYs' 3198 9
2019-06-20 01:06:09,889:DEBUG:STREAM b'iTXt' 3219 415
2019-06-20 01:06:09,889:DEBUG:STREAM b'iDOT' 3646 28
2019-06-20 01:06:09,889:DEBUG:b'iDOT' 3646 28 (unknown)
2019-06-20 01:06:09,889:DEBUG:STREAM b'IDAT' 3686 16384
2019-06-20 01:06:10,927:DEBUG:STREAM b'IHDR' 16 13
2019-06-20 01:06:10,928:DEBUG:STREAM b'iCCP' 41 3093
2019-06-20 01:06:10,928:DEBUG:iCCP profile name b'ICC Profile'
2019-06-20 01:06:10,928:DEBUG:Compression method 0
2019-06-20 01:06:10,928:DEBUG:STREAM b'pHYs' 3146 9
2019-06-20 01:06:10,928:DEBUG:STREAM b'iTXt' 3167 412
2019-06-20 01:06:10,928:DEBUG:STREAM b'iDOT' 3591 28
2019-06-20 01:06:10,928:DEBUG:b'iDOT' 3591 28 (unknown)
2019-06-20 01:06:10,928:DEBUG:STREAM b'IDAT' 3631 1658
2019-06-20 01:06:11,192:DEBUG:STREAM b'IHDR' 16 13
2019-06-20 01:06:11,192:DEBUG:STREAM b'iCCP' 41 3145
2019-06-20 01:06:11,192:DEBUG:iCCP profile name b'ICC Profile'
2019-06-20 01:06:11,192:DEBUG:Compression method 0
2019-06-20 01:06:11,193:DEBUG:STREAM b'pHYs' 3198 9
2019-06-20 01:06:11,193:DEBUG:STREAM b'iTXt' 3219 415
2019-06-20 01:06:11,193:DEBUG:STREAM b'iDOT' 3646 28
2019-06-20 01:06:11,193:DEBUG:b'iDOT' 3646 28 (unknown)
2019-06-20 01:06:11,193:DEBUG:STREAM b'IDAT' 3686 16384
2019-06-20 01:06:12,180:DEBUG:STREAM b'IHDR' 16 13
2019-06-20 01:06:12,180:DEBUG:STREAM b'iCCP' 41 3093
2019-06-20 01:06:12,181:DEBUG:iCCP profile name b'ICC Profile'
2019-06-20 01:06:12,181:DEBUG:Compression method 0
2019-06-20 01:06:12,181:DEBUG:STREAM b'pHYs' 3146 9
2019-06-20 01:06:12,181:DEBUG:STREAM b'iTXt' 3167 413
2019-06-20 01:06:12,181:DEBUG:STREAM b'iDOT' 3592 28
2019-06-20 01:06:12,181:DEBUG:b'iDOT' 3592 28 (unknown)
2019-06-20 01:06:12,181:DEBUG:STREAM b'IDAT' 3632 3594
2019-06-20 01:06:12,492:DEBUG:STREAM b'IHDR' 16 13
2019-06-20 01:06:12,492:DEBUG:STREAM b'iCCP' 41 3145
2019-06-20 01:06:12,493:DEBUG:iCCP profile name b'ICC Profile'
2019-06-20 01:06:12,493:DEBUG:Compression method 0
2019-06-20 01:06:12,493:DEBUG:STREAM b'pHYs' 3198 9
2019-06-20 01:06:12,493:DEBUG:STREAM b'iTXt' 3219 415
2019-06-20 01:06:12,493:DEBUG:STREAM b'iDOT' 3646 28
2019-06-20 01:06:12,493:DEBUG:b'iDOT' 3646 28 (unknown)
2019-06-20 01:06:12,493:DEBUG:STREAM b'IDAT' 3686 16384
2019-06-20 01:06:13,527:DEBUG:STREAM b'IHDR' 16 13
2019-06-20 01:06:13,528:DEBUG:STREAM b'iCCP' 41 3093
2019-06-20 01:06:13,528:DEBUG:iCCP profile name b'ICC Profile'
2019-06-20 01:06:13,528:DEBUG:Compression method 0
2019-06-20 01:06:13,528:DEBUG:STREAM b'pHYs' 3146 9
2019-06-20 01:06:13,528:DEBUG:STREAM b'iTXt' 3167 412
2019-06-20 01:06:13,528:DEBUG:STREAM b'iDOT' 3591 28
2019-06-20 01:06:13,528:DEBUG:b'iDOT' 3591 28 (unknown)
2019-06-20 01:06:13,528:DEBUG:STREAM b'IDAT' 3631 3077
2019-06-20 01:06:13,849:DEBUG:STREAM b'IHDR' 16 13
2019-06-20 01:06:13,850:DEBUG:STREAM b'iCCP' 41 3145
2019-06-20 01:06:13,850:DEBUG:iCCP profile name b'ICC Profile'
2019-06-20 01:06:13,850:DEBUG:Compression method 0
2019-06-20 01:06:13,850:DEBUG:STREAM b'pHYs' 3198 9
2019-06-20 01:06:13,850:DEBUG:STREAM b'iTXt' 3219 415
2019-06-20 01:06:13,850:DEBUG:STREAM b'iDOT' 3646 28
2019-06-20 01:06:13,850:DEBUG:b'iDOT' 3646 28 (unknown)
2019-06-20 01:06:13,850:DEBUG:STREAM b'IDAT' 3686 16384
2019-06-20 01:06:14,845:INFO:Playing Game.
2019-06-20 01:06:14,848:DEBUG:STREAM b'IHDR' 16 13
2019-06-20 01:06:14,848:DEBUG:STREAM b'iCCP' 41 3093
2019-06-20 01:06:14,848:DEBUG:iCCP profile name b'ICC Profile'
2019-06-20 01:06:14,848:DEBUG:Compression method 0
2019-06-20 01:06:14,848:DEBUG:STREAM b'pHYs' 3146 9
2019-06-20 01:06:14,848:DEBUG:STREAM b'iTXt' 3167 413
2019-06-20 01:06:14,848:DEBUG:STREAM b'iDOT' 3592 28
2019-06-20 01:06:14,848:DEBUG:b'iDOT' 3592 28 (unknown)
2019-06-20 01:06:14,849:DEBUG:STREAM b'IDAT' 3632 2481
2019-06-20 01:06:15,170:DEBUG:STREAM b'IHDR' 16 13
2019-06-20 01:06:15,170:DEBUG:STREAM b'iCCP' 41 3145
2019-06-20 01:06:15,170:DEBUG:iCCP profile name b'ICC Profile'
2019-06-20 01:06:15,171:DEBUG:Compression method 0
2019-06-20 01:06:15,171:DEBUG:STREAM b'pHYs' 3198 9
2019-06-20 01:06:15,171:DEBUG:STREAM b'iTXt' 3219 415
2019-06-20 01:06:15,171:DEBUG:STREAM b'iDOT' 3646 28
2019-06-20 01:06:15,171:DEBUG:b'iDOT' 3646 28 (unknown)
2019-06-20 01:06:15,171:DEBUG:STREAM b'IDAT' 3686 16384
2019-06-20 01:06:16,204:DEBUG:Collecting Jump Routes.
2019-06-20 01:06:17,066:DEBUG:STREAM b'IHDR' 16 13
2019-06-20 01:06:17,066:DEBUG:STREAM b'iCCP' 41 3145
2019-06-20 01:06:17,066:DEBUG:iCCP profile name b'ICC Profile'
2019-06-20 01:06:17,066:DEBUG:Compression method 0
2019-06-20 01:06:17,067:DEBUG:STREAM b'pHYs' 3198 9
2019-06-20 01:06:17,067:DEBUG:STREAM b'iTXt' 3219 415
2019-06-20 01:06:17,067:DEBUG:STREAM b'iDOT' 3646 28
2019-06-20 01:06:17,067:DEBUG:b'iDOT' 3646 28 (unknown)
2019-06-20 01:06:17,067:DEBUG:STREAM b'IDAT' 3686 16384
2019-06-20 01:06:17,855:DEBUG:STREAM b'IHDR' 16 13
2019-06-20 01:06:17,855:DEBUG:STREAM b'iCCP' 41 3145
2019-06-20 01:06:17,855:DEBUG:iCCP profile name b'ICC Profile'
2019-06-20 01:06:17,855:DEBUG:Compression method 0
2019-06-20 01:06:17,855:DEBUG:STREAM b'pHYs' 3198 9
2019-06-20 01:06:17,855:DEBUG:STREAM b'iTXt' 3219 415
2019-06-20 01:06:17,855:DEBUG:STREAM b'iDOT' 3646 28
2019-06-20 01:06:17,856:DEBUG:b'iDOT' 3646 28 (unknown)
2019-06-20 01:06:17,856:DEBUG:STREAM b'IDAT' 3686 16384
2019-06-20 01:06:18,643:DEBUG:STREAM b'IHDR' 16 13
2019-06-20 01:06:18,643:DEBUG:STREAM b'iCCP' 41 3145
2019-06-20 01:06:18,644:DEBUG:iCCP profile name b'ICC Profile'
2019-06-20 01:06:18,644:DEBUG:Compression method 0
2019-06-20 01:06:18,644:DEBUG:STREAM b'pHYs' 3198 9
2019-06-20 01:06:18,644:DEBUG:STREAM b'iTXt' 3219 415
2019-06-20 01:06:18,644:DEBUG:STREAM b'iDOT' 3646 28
2019-06-20 01:06:18,644:DEBUG:b'iDOT' 3646 28 (unknown)
2019-06-20 01:06:18,644:DEBUG:STREAM b'IDAT' 3686 16384
2019-06-20 01:06:19,777:INFO:[1116, 400] Waypoint Clicked 
2019-06-20 01:06:20,098:DEBUG:STREAM b'IHDR' 16 13
2019-06-20 01:06:20,099:DEBUG:STREAM b'iCCP' 41 3145
2019-06-20 01:06:20,099:DEBUG:iCCP profile name b'ICC Profile'
2019-06-20 01:06:20,099:DEBUG:Compression method 0
2019-06-20 01:06:20,099:DEBUG:STREAM b'pHYs' 3198 9
2019-06-20 01:06:20,099:DEBUG:STREAM b'iTXt' 3219 415
2019-06-20 01:06:20,099:DEBUG:STREAM b'iDOT' 3646 28
2019-06-20 01:06:20,099:DEBUG:b'iDOT' 3646 28 (unknown)
2019-06-20 01:06:20,099:DEBUG:STREAM b'IDAT' 3686 16384
2019-06-20 01:06:20,575:INFO:[1116, 400] Successful Jump! 
2019-06-20 01:06:23,580:INFO:[1116, 400] Assessing encounter.
2019-06-20 01:06:23,938:DEBUG:STREAM b'IHDR' 16 13
2019-06-20 01:06:23,939:DEBUG:STREAM b'iCCP' 41 3145
2019-06-20 01:06:23,939:DEBUG:iCCP profile name b'ICC Profile'
2019-06-20 01:06:23,939:DEBUG:Compression method 0
2019-06-20 01:06:23,939:DEBUG:STREAM b'pHYs' 3198 9
2019-06-20 01:06:23,939:DEBUG:STREAM b'iTXt' 3219 415
2019-06-20 01:06:23,939:DEBUG:STREAM b'iDOT' 3646 28
2019-06-20 01:06:23,939:DEBUG:b'iDOT' 3646 28 (unknown)
2019-06-20 01:06:23,939:DEBUG:STREAM b'IDAT' 3686 16384
2019-06-20 01:06:24,746:DEBUG:STREAM b'IHDR' 16 13
2019-06-20 01:06:24,746:DEBUG:STREAM b'iCCP' 41 3145
2019-06-20 01:06:24,747:DEBUG:iCCP profile name b'ICC Profile'
2019-06-20 01:06:24,747:DEBUG:Compression method 0
2019-06-20 01:06:24,747:DEBUG:STREAM b'pHYs' 3198 9
2019-06-20 01:06:24,747:DEBUG:STREAM b'iTXt' 3219 415
2019-06-20 01:06:24,747:DEBUG:STREAM b'iDOT' 3646 28
2019-06-20 01:06:24,747:DEBUG:b'iDOT' 3646 28 (unknown)
2019-06-20 01:06:24,747:DEBUG:STREAM b'IDAT' 3686 16384
2019-06-20 01:06:25,208:INFO:[1116, 400] No Ship Encountered.
2019-06-20 01:06:25,209:INFO:Restarting Game.
2019-06-20 01:06:25,363:DEBUG:STREAM b'IHDR' 16 13
2019-06-20 01:06:25,363:DEBUG:STREAM b'iCCP' 41 3145
2019-06-20 01:06:25,363:DEBUG:iCCP profile name b'ICC Profile'
2019-06-20 01:06:25,363:DEBUG:Compression method 0
2019-06-20 01:06:25,363:DEBUG:STREAM b'pHYs' 3198 9
2019-06-20 01:06:25,363:DEBUG:STREAM b'iTXt' 3219 412
2019-06-20 01:06:25,363:DEBUG:STREAM b'iDOT' 3643 28
2019-06-20 01:06:25,363:DEBUG:b'iDOT' 3643 28 (unknown)
2019-06-20 01:06:25,364:DEBUG:STREAM b'IDAT' 3683 1285
2019-06-20 01:06:25,644:DEBUG:STREAM b'IHDR' 16 13
2019-06-20 01:06:25,645:DEBUG:STREAM b'iCCP' 41 3145
2019-06-20 01:06:25,645:DEBUG:iCCP profile name b'ICC Profile'
2019-06-20 01:06:25,645:DEBUG:Compression method 0
2019-06-20 01:06:25,645:DEBUG:STREAM b'pHYs' 3198 9
2019-06-20 01:06:25,646:DEBUG:STREAM b'iTXt' 3219 415
2019-06-20 01:06:25,646:DEBUG:STREAM b'iDOT' 3646 28
2019-06-20 01:06:25,646:DEBUG:b'iDOT' 3646 28 (unknown)
2019-06-20 01:06:25,646:DEBUG:STREAM b'IDAT' 3686 16384
2019-06-20 01:06:26,610:DEBUG:STREAM b'IHDR' 16 13
2019-06-20 01:06:26,610:DEBUG:STREAM b'iCCP' 41 3145
2019-06-20 01:06:26,611:DEBUG:iCCP profile name b'ICC Profile'
2019-06-20 01:06:26,611:DEBUG:Compression method 0
2019-06-20 01:06:26,611:DEBUG:STREAM b'pHYs' 3198 9
2019-06-20 01:06:26,611:DEBUG:STREAM b'iTXt' 3219 411
2019-06-20 01:06:26,611:DEBUG:STREAM b'iDOT' 3642 28
2019-06-20 01:06:26,611:DEBUG:b'iDOT' 3642 28 (unknown)
2019-06-20 01:06:26,611:DEBUG:STREAM b'IDAT' 3682 898
2019-06-20 01:06:26,884:DEBUG:STREAM b'IHDR' 16 13
2019-06-20 01:06:26,884:DEBUG:STREAM b'iCCP' 41 3145
2019-06-20 01:06:26,884:DEBUG:iCCP profile name b'ICC Profile'
2019-06-20 01:06:26,884:DEBUG:Compression method 0
2019-06-20 01:06:26,885:DEBUG:STREAM b'pHYs' 3198 9
2019-06-20 01:06:26,885:DEBUG:STREAM b'iTXt' 3219 415
2019-06-20 01:06:26,885:DEBUG:STREAM b'iDOT' 3646 28
2019-06-20 01:06:26,885:DEBUG:b'iDOT' 3646 28 (unknown)
2019-06-20 01:06:26,885:DEBUG:STREAM b'IDAT' 3686 16384
2019-06-20 01:06:27,845:DEBUG:STREAM b'IHDR' 16 13
2019-06-20 01:06:27,845:DEBUG:STREAM b'iCCP' 41 3093
2019-06-20 01:06:27,845:DEBUG:iCCP profile name b'ICC Profile'
2019-06-20 01:06:27,845:DEBUG:Compression method 0
2019-06-20 01:06:27,845:DEBUG:STREAM b'pHYs' 3146 9
2019-06-20 01:06:27,845:DEBUG:STREAM b'iTXt' 3167 412
2019-06-20 01:06:27,845:DEBUG:STREAM b'iDOT' 3591 28
2019-06-20 01:06:27,845:DEBUG:b'iDOT' 3591 28 (unknown)
2019-06-20 01:06:27,845:DEBUG:STREAM b'IDAT' 3631 3077
2019-06-20 01:06:28,161:DEBUG:STREAM b'IHDR' 16 13
2019-06-20 01:06:28,162:DEBUG:STREAM b'iCCP' 41 3145
2019-06-20 01:06:28,162:DEBUG:iCCP profile name b'ICC Profile'
2019-06-20 01:06:28,162:DEBUG:Compression method 0
2019-06-20 01:06:28,163:DEBUG:STREAM b'pHYs' 3198 9
2019-06-20 01:06:28,163:DEBUG:STREAM b'iTXt' 3219 415
2019-06-20 01:06:28,163:DEBUG:STREAM b'iDOT' 3646 28
2019-06-20 01:06:28,163:DEBUG:b'iDOT' 3646 28 (unknown)
2019-06-20 01:06:28,163:DEBUG:STREAM b'IDAT' 3686 16384
2019-06-20 01:06:29,200:INFO:Playing Game.
2019-06-20 01:06:29,200:DEBUG:STREAM b'IHDR' 16 13
2019-06-20 01:06:29,200:DEBUG:STREAM b'iCCP' 41 3093
2019-06-20 01:06:29,200:DEBUG:iCCP profile name b'ICC Profile'
2019-06-20 01:06:29,201:DEBUG:Compression method 0
2019-06-20 01:06:29,201:DEBUG:STREAM b'pHYs' 3146 9
2019-06-20 01:06:29,201:DEBUG:STREAM b'iTXt' 3167 413
2019-06-20 01:06:29,201:DEBUG:STREAM b'iDOT' 3592 28
2019-06-20 01:06:29,201:DEBUG:b'iDOT' 3592 28 (unknown)
2019-06-20 01:06:29,201:DEBUG:STREAM b'IDAT' 3632 2481
2019-06-20 01:06:29,525:DEBUG:STREAM b'IHDR' 16 13
2019-06-20 01:06:29,525:DEBUG:STREAM b'iCCP' 41 3145
2019-06-20 01:06:29,525:DEBUG:iCCP profile name b'ICC Profile'
2019-06-20 01:06:29,526:DEBUG:Compression method 0
2019-06-20 01:06:29,526:DEBUG:STREAM b'pHYs' 3198 9
2019-06-20 01:06:29,526:DEBUG:STREAM b'iTXt' 3219 415
2019-06-20 01:06:29,526:DEBUG:STREAM b'iDOT' 3646 28
2019-06-20 01:06:29,526:DEBUG:b'iDOT' 3646 28 (unknown)
2019-06-20 01:06:29,526:DEBUG:STREAM b'IDAT' 3686 16384
2019-06-20 01:06:30,551:DEBUG:Collecting Jump Routes.
2019-06-20 01:06:31,403:DEBUG:STREAM b'IHDR' 16 13
2019-06-20 01:06:31,403:DEBUG:STREAM b'iCCP' 41 3145
2019-06-20 01:06:31,403:DEBUG:iCCP profile name b'ICC Profile'
2019-06-20 01:06:31,403:DEBUG:Compression method 0
2019-06-20 01:06:31,404:DEBUG:STREAM b'pHYs' 3198 9
2019-06-20 01:06:31,404:DEBUG:STREAM b'iTXt' 3219 415
2019-06-20 01:06:31,404:DEBUG:STREAM b'iDOT' 3646 28
2019-06-20 01:06:31,404:DEBUG:b'iDOT' 3646 28 (unknown)
2019-06-20 01:06:31,404:DEBUG:STREAM b'IDAT' 3686 16384
2019-06-20 01:06:32,188:DEBUG:STREAM b'IHDR' 16 13
2019-06-20 01:06:32,189:DEBUG:STREAM b'iCCP' 41 3145
2019-06-20 01:06:32,189:DEBUG:iCCP profile name b'ICC Profile'
2019-06-20 01:06:32,189:DEBUG:Compression method 0
2019-06-20 01:06:32,189:DEBUG:STREAM b'pHYs' 3198 9
2019-06-20 01:06:32,189:DEBUG:STREAM b'iTXt' 3219 415
2019-06-20 01:06:32,189:DEBUG:STREAM b'iDOT' 3646 28
2019-06-20 01:06:32,190:DEBUG:b'iDOT' 3646 28 (unknown)
2019-06-20 01:06:32,190:DEBUG:STREAM b'IDAT' 3686 16384
2019-06-20 01:06:32,991:DEBUG:STREAM b'IHDR' 16 13
2019-06-20 01:06:32,992:DEBUG:STREAM b'iCCP' 41 3145
2019-06-20 01:06:32,992:DEBUG:iCCP profile name b'ICC Profile'
2019-06-20 01:06:32,992:DEBUG:Compression method 0
2019-06-20 01:06:32,992:DEBUG:STREAM b'pHYs' 3198 9
2019-06-20 01:06:32,992:DEBUG:STREAM b'iTXt' 3219 415
2019-06-20 01:06:32,993:DEBUG:STREAM b'iDOT' 3646 28
2019-06-20 01:06:32,993:DEBUG:b'iDOT' 3646 28 (unknown)
2019-06-20 01:06:32,993:DEBUG:STREAM b'IDAT' 3686 16384
2019-06-20 01:06:34,128:INFO:[1896, 448] Waypoint Clicked 
2019-06-20 01:06:34,476:DEBUG:STREAM b'IHDR' 16 13
2019-06-20 01:06:34,476:DEBUG:STREAM b'iCCP' 41 3145
2019-06-20 01:06:34,476:DEBUG:iCCP profile name b'ICC Profile'
2019-06-20 01:06:34,476:DEBUG:Compression method 0
2019-06-20 01:06:34,477:DEBUG:STREAM b'pHYs' 3198 9
2019-06-20 01:06:34,477:DEBUG:STREAM b'iTXt' 3219 415
2019-06-20 01:06:34,477:DEBUG:STREAM b'iDOT' 3646 28
2019-06-20 01:06:34,477:DEBUG:b'iDOT' 3646 28 (unknown)
2019-06-20 01:06:34,477:DEBUG:STREAM b'IDAT' 3686 16384
2019-06-20 01:06:34,985:INFO:[1896, 448] Failed Jump. 
2019-06-20 01:06:35,701:INFO:[1897, 448] Waypoint Clicked 
2019-06-20 01:06:36,054:DEBUG:STREAM b'IHDR' 16 13
2019-06-20 01:06:36,055:DEBUG:STREAM b'iCCP' 41 3145
2019-06-20 01:06:36,055:DEBUG:iCCP profile name b'ICC Profile'
2019-06-20 01:06:36,055:DEBUG:Compression method 0
2019-06-20 01:06:36,055:DEBUG:STREAM b'pHYs' 3198 9
2019-06-20 01:06:36,055:DEBUG:STREAM b'iTXt' 3219 415
2019-06-20 01:06:36,055:DEBUG:STREAM b'iDOT' 3646 28
2019-06-20 01:06:36,055:DEBUG:b'iDOT' 3646 28 (unknown)
2019-06-20 01:06:36,056:DEBUG:STREAM b'IDAT' 3686 16384
2019-06-20 01:06:36,541:INFO:[1897, 448] Failed Jump. 
2019-06-20 01:06:37,264:INFO:[1896, 449] Waypoint Clicked 
2019-06-20 01:06:37,622:DEBUG:STREAM b'IHDR' 16 13
2019-06-20 01:06:37,623:DEBUG:STREAM b'iCCP' 41 3145
2019-06-20 01:06:37,623:DEBUG:iCCP profile name b'ICC Profile'
2019-06-20 01:06:37,623:DEBUG:Compression method 0
2019-06-20 01:06:37,623:DEBUG:STREAM b'pHYs' 3198 9
2019-06-20 01:06:37,623:DEBUG:STREAM b'iTXt' 3219 415
2019-06-20 01:06:37,624:DEBUG:STREAM b'iDOT' 3646 28
2019-06-20 01:06:37,624:DEBUG:b'iDOT' 3646 28 (unknown)
2019-06-20 01:06:37,624:DEBUG:STREAM b'IDAT' 3686 16384
2019-06-20 01:06:38,105:INFO:[1896, 449] Failed Jump. 
2019-06-20 01:06:38,821:INFO:[2060, 476] Waypoint Clicked 
2019-06-20 01:06:39,168:DEBUG:STREAM b'IHDR' 16 13
2019-06-20 01:06:39,169:DEBUG:STREAM b'iCCP' 41 3145
2019-06-20 01:06:39,169:DEBUG:iCCP profile name b'ICC Profile'
2019-06-20 01:06:39,169:DEBUG:Compression method 0
2019-06-20 01:06:39,169:DEBUG:STREAM b'pHYs' 3198 9
2019-06-20 01:06:39,169:DEBUG:STREAM b'iTXt' 3219 415
2019-06-20 01:06:39,169:DEBUG:STREAM b'iDOT' 3646 28
2019-06-20 01:06:39,169:DEBUG:b'iDOT' 3646 28 (unknown)
2019-06-20 01:06:39,169:DEBUG:STREAM b'IDAT' 3686 16384
2019-06-20 01:06:39,656:INFO:[2060, 476] Failed Jump. 
2019-06-20 01:06:40,371:INFO:[2061, 476] Waypoint Clicked 
2019-06-20 01:06:40,739:DEBUG:STREAM b'IHDR' 16 13
2019-06-20 01:06:40,740:DEBUG:STREAM b'iCCP' 41 3145
2019-06-20 01:06:40,740:DEBUG:iCCP profile name b'ICC Profile'
2019-06-20 01:06:40,740:DEBUG:Compression method 0
2019-06-20 01:06:40,740:DEBUG:STREAM b'pHYs' 3198 9
2019-06-20 01:06:40,740:DEBUG:STREAM b'iTXt' 3219 415
2019-06-20 01:06:40,740:DEBUG:STREAM b'iDOT' 3646 28
2019-06-20 01:06:40,740:DEBUG:b'iDOT' 3646 28 (unknown)
2019-06-20 01:06:40,740:DEBUG:STREAM b'IDAT' 3686 16384
2019-06-20 01:06:41,224:INFO:[2061, 476] Failed Jump. 
2019-06-20 01:06:41,939:INFO:[2060, 477] Waypoint Clicked 
2019-06-20 01:06:42,302:DEBUG:STREAM b'IHDR' 16 13
2019-06-20 01:06:42,302:DEBUG:STREAM b'iCCP' 41 3145
2019-06-20 01:06:42,302:DEBUG:iCCP profile name b'ICC Profile'
2019-06-20 01:06:42,303:DEBUG:Compression method 0
2019-06-20 01:06:42,303:DEBUG:STREAM b'pHYs' 3198 9
2019-06-20 01:06:42,303:DEBUG:STREAM b'iTXt' 3219 415
2019-06-20 01:06:42,303:DEBUG:STREAM b'iDOT' 3646 28
2019-06-20 01:06:42,303:DEBUG:b'iDOT' 3646 28 (unknown)
2019-06-20 01:06:42,303:DEBUG:STREAM b'IDAT' 3686 16384
2019-06-20 01:06:42,810:INFO:[2060, 477] Failed Jump. 
2019-06-20 01:06:43,530:INFO:[1038, 490] Waypoint Clicked 
2019-06-20 01:06:43,870:DEBUG:STREAM b'IHDR' 16 13
2019-06-20 01:06:43,870:DEBUG:STREAM b'iCCP' 41 3145
2019-06-20 01:06:43,870:DEBUG:iCCP profile name b'ICC Profile'
2019-06-20 01:06:43,870:DEBUG:Compression method 0
2019-06-20 01:06:43,870:DEBUG:STREAM b'pHYs' 3198 9
2019-06-20 01:06:43,870:DEBUG:STREAM b'iTXt' 3219 415
2019-06-20 01:06:43,871:DEBUG:STREAM b'iDOT' 3646 28
2019-06-20 01:06:43,871:DEBUG:b'iDOT' 3646 28 (unknown)
2019-06-20 01:06:43,871:DEBUG:STREAM b'IDAT' 3686 16384
2019-06-20 01:06:44,346:INFO:[1038, 490] Successful Jump! 
2019-06-20 01:06:47,348:INFO:[1038, 490] Assessing encounter.
2019-06-20 01:06:47,736:DEBUG:STREAM b'IHDR' 16 13
2019-06-20 01:06:47,736:DEBUG:STREAM b'iCCP' 41 3145
2019-06-20 01:06:47,736:DEBUG:iCCP profile name b'ICC Profile'
2019-06-20 01:06:47,736:DEBUG:Compression method 0
2019-06-20 01:06:47,736:DEBUG:STREAM b'pHYs' 3198 9
2019-06-20 01:06:47,737:DEBUG:STREAM b'iTXt' 3219 415
2019-06-20 01:06:47,737:DEBUG:STREAM b'iDOT' 3646 28
2019-06-20 01:06:47,737:DEBUG:b'iDOT' 3646 28 (unknown)
2019-06-20 01:06:47,737:DEBUG:STREAM b'IDAT' 3686 16384
2019-06-20 01:06:48,228:INFO:[1038, 490] Ship Encountered.
2019-06-20 01:06:48,228:INFO:Dialog loop started
2019-06-20 01:06:48,230:DEBUG:STREAM b'IHDR' 16 13
2019-06-20 01:06:48,230:DEBUG:STREAM b'iCCP' 41 3093
2019-06-20 01:06:48,230:DEBUG:iCCP profile name b'ICC Profile'
2019-06-20 01:06:48,230:DEBUG:Compression method 0
2019-06-20 01:06:48,231:DEBUG:STREAM b'pHYs' 3146 9
2019-06-20 01:06:48,231:DEBUG:STREAM b'iTXt' 3167 412
2019-06-20 01:06:48,231:DEBUG:STREAM b'iDOT' 3591 28
2019-06-20 01:06:48,231:DEBUG:b'iDOT' 3591 28 (unknown)
2019-06-20 01:06:48,231:DEBUG:STREAM b'IDAT' 3631 3077
2019-06-20 01:06:48,594:DEBUG:STREAM b'IHDR' 16 13
2019-06-20 01:06:48,594:DEBUG:STREAM b'iCCP' 41 3145
2019-06-20 01:06:48,595:DEBUG:iCCP profile name b'ICC Profile'
2019-06-20 01:06:48,595:DEBUG:Compression method 0
2019-06-20 01:06:48,595:DEBUG:STREAM b'pHYs' 3198 9
2019-06-20 01:06:48,595:DEBUG:STREAM b'iTXt' 3219 415
2019-06-20 01:06:48,595:DEBUG:STREAM b'iDOT' 3646 28
2019-06-20 01:06:48,595:DEBUG:b'iDOT' 3646 28 (unknown)
2019-06-20 01:06:48,595:DEBUG:STREAM b'IDAT' 3686 16384
2019-06-20 01:06:49,636:INFO:Search For: Try_to_be_a_hero_attack_the_pirate.png
2019-06-20 01:06:50,045:DEBUG:STREAM b'IHDR' 16 13
2019-06-20 01:06:50,045:DEBUG:STREAM b'iCCP' 41 3145
2019-06-20 01:06:50,045:DEBUG:iCCP profile name b'ICC Profile'
2019-06-20 01:06:50,046:DEBUG:Compression method 0
2019-06-20 01:06:50,046:DEBUG:STREAM b'pHYs' 3198 9
2019-06-20 01:06:50,046:DEBUG:STREAM b'iTXt' 3219 415
2019-06-20 01:06:50,046:DEBUG:STREAM b'iDOT' 3646 28
2019-06-20 01:06:50,046:DEBUG:b'iDOT' 3646 28 (unknown)
2019-06-20 01:06:50,046:DEBUG:STREAM b'IDAT' 3686 16384
2019-06-20 01:06:50,515:INFO:Search For: fight_the_ship.png
2019-06-20 01:06:50,913:DEBUG:STREAM b'IHDR' 16 13
2019-06-20 01:06:50,914:DEBUG:STREAM b'iCCP' 41 3145
2019-06-20 01:06:50,914:DEBUG:iCCP profile name b'ICC Profile'
2019-06-20 01:06:50,914:DEBUG:Compression method 0
2019-06-20 01:06:50,914:DEBUG:STREAM b'pHYs' 3198 9
2019-06-20 01:06:50,914:DEBUG:STREAM b'iTXt' 3219 415
2019-06-20 01:06:50,914:DEBUG:STREAM b'iDOT' 3646 28
2019-06-20 01:06:50,915:DEBUG:b'iDOT' 3646 28 (unknown)
2019-06-20 01:06:50,915:DEBUG:STREAM b'IDAT' 3686 16384
2019-06-20 01:06:51,403:INFO:Search For: attack_the_pirate.png
2019-06-20 01:06:51,812:DEBUG:STREAM b'IHDR' 16 13
2019-06-20 01:06:51,812:DEBUG:STREAM b'iCCP' 41 3145
2019-06-20 01:06:51,812:DEBUG:iCCP profile name b'ICC Profile'
2019-06-20 01:06:51,812:DEBUG:Compression method 0
2019-06-20 01:06:51,812:DEBUG:STREAM b'pHYs' 3198 9
2019-06-20 01:06:51,812:DEBUG:STREAM b'iTXt' 3219 415
2019-06-20 01:06:51,812:DEBUG:STREAM b'iDOT' 3646 28
2019-06-20 01:06:51,812:DEBUG:b'iDOT' 3646 28 (unknown)
2019-06-20 01:06:51,812:DEBUG:STREAM b'IDAT' 3686 16384
2019-06-20 01:06:52,285:INFO:Search For: attack_the_slaver_scum.png
2019-06-20 01:06:52,682:DEBUG:STREAM b'IHDR' 16 13
2019-06-20 01:06:52,682:DEBUG:STREAM b'iCCP' 41 3145
2019-06-20 01:06:52,682:DEBUG:iCCP profile name b'ICC Profile'
2019-06-20 01:06:52,682:DEBUG:Compression method 0
2019-06-20 01:06:52,683:DEBUG:STREAM b'pHYs' 3198 9
2019-06-20 01:06:52,683:DEBUG:STREAM b'iTXt' 3219 415
2019-06-20 01:06:52,683:DEBUG:STREAM b'iDOT' 3646 28
2019-06-20 01:06:52,683:DEBUG:b'iDOT' 3646 28 (unknown)
2019-06-20 01:06:52,683:DEBUG:STREAM b'IDAT' 3686 16384
2019-06-20 01:06:53,181:INFO:Search For: intervene_to_defend_the_outpost.png
2019-06-20 01:06:53,582:DEBUG:STREAM b'IHDR' 16 13
2019-06-20 01:06:53,583:DEBUG:STREAM b'iCCP' 41 3145
2019-06-20 01:06:53,583:DEBUG:iCCP profile name b'ICC Profile'
2019-06-20 01:06:53,583:DEBUG:Compression method 0
2019-06-20 01:06:53,584:DEBUG:STREAM b'pHYs' 3198 9
2019-06-20 01:06:53,584:DEBUG:STREAM b'iTXt' 3219 415
2019-06-20 01:06:53,584:DEBUG:STREAM b'iDOT' 3646 28
2019-06-20 01:06:53,584:DEBUG:b'iDOT' 3646 28 (unknown)
2019-06-20 01:06:53,584:DEBUG:STREAM b'IDAT' 3686 16384
2019-06-20 01:06:54,062:INFO:Search For: attack_the_automated_ship.png
2019-06-20 01:06:54,458:DEBUG:STREAM b'IHDR' 16 13
2019-06-20 01:06:54,459:DEBUG:STREAM b'iCCP' 41 3145
2019-06-20 01:06:54,459:DEBUG:iCCP profile name b'ICC Profile'
2019-06-20 01:06:54,459:DEBUG:Compression method 0
2019-06-20 01:06:54,459:DEBUG:STREAM b'pHYs' 3198 9
2019-06-20 01:06:54,460:DEBUG:STREAM b'iTXt' 3219 415
2019-06-20 01:06:54,460:DEBUG:STREAM b'iDOT' 3646 28
2019-06-20 01:06:54,460:DEBUG:b'iDOT' 3646 28 (unknown)
2019-06-20 01:06:54,460:DEBUG:STREAM b'IDAT' 3686 16384
2019-06-20 01:06:54,957:INFO:Search For: turn_and_fight.png
2019-06-20 01:06:55,349:DEBUG:STREAM b'IHDR' 16 13
2019-06-20 01:06:55,349:DEBUG:STREAM b'iCCP' 41 3145
2019-06-20 01:06:55,349:DEBUG:iCCP profile name b'ICC Profile'
2019-06-20 01:06:55,349:DEBUG:Compression method 0
2019-06-20 01:06:55,349:DEBUG:STREAM b'pHYs' 3198 9
2019-06-20 01:06:55,349:DEBUG:STREAM b'iTXt' 3219 415
2019-06-20 01:06:55,349:DEBUG:STREAM b'iDOT' 3646 28
2019-06-20 01:06:55,350:DEBUG:b'iDOT' 3646 28 (unknown)
2019-06-20 01:06:55,350:DEBUG:STREAM b'IDAT' 3686 16384
2019-06-20 01:06:55,853:INFO:Search For: attack_the_ship.png
2019-06-20 01:06:56,239:DEBUG:STREAM b'IHDR' 16 13
2019-06-20 01:06:56,239:DEBUG:STREAM b'iCCP' 41 3145
2019-06-20 01:06:56,239:DEBUG:iCCP profile name b'ICC Profile'
2019-06-20 01:06:56,239:DEBUG:Compression method 0
2019-06-20 01:06:56,239:DEBUG:STREAM b'pHYs' 3198 9
2019-06-20 01:06:56,239:DEBUG:STREAM b'iTXt' 3219 415
2019-06-20 01:06:56,240:DEBUG:STREAM b'iDOT' 3646 28
2019-06-20 01:06:56,240:DEBUG:b'iDOT' 3646 28 (unknown)
2019-06-20 01:06:56,240:DEBUG:STREAM b'IDAT' 3686 16384
2019-06-20 01:06:58,132:DEBUG:STREAM b'IHDR' 16 13
2019-06-20 01:06:58,132:DEBUG:STREAM b'iCCP' 41 3145
2019-06-20 01:06:58,132:DEBUG:iCCP profile name b'ICC Profile'
2019-06-20 01:06:58,133:DEBUG:Compression method 0
2019-06-20 01:06:58,133:DEBUG:STREAM b'pHYs' 3198 9
2019-06-20 01:06:58,133:DEBUG:STREAM b'iTXt' 3219 415
2019-06-20 01:06:58,133:DEBUG:STREAM b'iDOT' 3646 28
2019-06-20 01:06:58,133:DEBUG:b'iDOT' 3646 28 (unknown)
2019-06-20 01:06:58,133:DEBUG:STREAM b'IDAT' 3686 16384
2019-06-20 01:06:58,611:INFO:No dialog box found
2019-06-20 01:06:59,005:DEBUG:STREAM b'IHDR' 16 13
2019-06-20 01:06:59,005:DEBUG:STREAM b'iCCP' 41 3145
2019-06-20 01:06:59,006:DEBUG:iCCP profile name b'ICC Profile'
2019-06-20 01:06:59,006:DEBUG:Compression method 0
2019-06-20 01:06:59,006:DEBUG:STREAM b'pHYs' 3198 9
2019-06-20 01:06:59,006:DEBUG:STREAM b'iTXt' 3219 415
2019-06-20 01:06:59,006:DEBUG:STREAM b'iDOT' 3646 28
2019-06-20 01:06:59,006:DEBUG:b'iDOT' 3646 28 (unknown)
2019-06-20 01:06:59,006:DEBUG:STREAM b'IDAT' 3686 16384
2019-06-20 01:06:59,873:DEBUG:STREAM b'IHDR' 16 13
2019-06-20 01:06:59,874:DEBUG:STREAM b'iCCP' 41 3145
2019-06-20 01:06:59,874:DEBUG:iCCP profile name b'ICC Profile'
2019-06-20 01:06:59,874:DEBUG:Compression method 0
2019-06-20 01:06:59,874:DEBUG:STREAM b'pHYs' 3198 9
2019-06-20 01:06:59,874:DEBUG:STREAM b'iTXt' 3219 415
2019-06-20 01:06:59,874:DEBUG:STREAM b'iDOT' 3646 28
2019-06-20 01:06:59,874:DEBUG:b'iDOT' 3646 28 (unknown)
2019-06-20 01:06:59,874:DEBUG:STREAM b'IDAT' 3686 16384
2019-06-20 01:07:00,747:DEBUG:STREAM b'IHDR' 16 13
2019-06-20 01:07:00,748:DEBUG:STREAM b'iCCP' 41 3145
2019-06-20 01:07:00,748:DEBUG:iCCP profile name b'ICC Profile'
2019-06-20 01:07:00,748:DEBUG:Compression method 0
2019-06-20 01:07:00,748:DEBUG:STREAM b'pHYs' 3198 9
2019-06-20 01:07:00,748:DEBUG:STREAM b'iTXt' 3219 415
2019-06-20 01:07:00,748:DEBUG:STREAM b'iDOT' 3646 28
2019-06-20 01:07:00,748:DEBUG:b'iDOT' 3646 28 (unknown)
2019-06-20 01:07:00,748:DEBUG:STREAM b'IDAT' 3686 16384
2019-06-20 01:07:01,923:DEBUG:STREAM b'IHDR' 16 13
2019-06-20 01:07:01,923:DEBUG:STREAM b'iCCP' 41 3145
2019-06-20 01:07:01,923:DEBUG:iCCP profile name b'ICC Profile'
2019-06-20 01:07:01,923:DEBUG:Compression method 0
2019-06-20 01:07:01,924:DEBUG:STREAM b'pHYs' 3198 9
2019-06-20 01:07:01,924:DEBUG:STREAM b'iTXt' 3219 415
2019-06-20 01:07:01,924:DEBUG:STREAM b'iDOT' 3646 28
2019-06-20 01:07:01,924:DEBUG:b'iDOT' 3646 28 (unknown)
2019-06-20 01:07:01,924:DEBUG:STREAM b'IDAT' 3686 16384
2019-06-20 01:07:03,083:DEBUG:STREAM b'IHDR' 16 13
2019-06-20 01:07:03,083:DEBUG:STREAM b'iCCP' 41 3145
2019-06-20 01:07:03,083:DEBUG:iCCP profile name b'ICC Profile'
2019-06-20 01:07:03,083:DEBUG:Compression method 0
2019-06-20 01:07:03,084:DEBUG:STREAM b'pHYs' 3198 9
2019-06-20 01:07:03,084:DEBUG:STREAM b'iTXt' 3219 415
2019-06-20 01:07:03,084:DEBUG:STREAM b'iDOT' 3646 28
2019-06-20 01:07:03,084:DEBUG:b'iDOT' 3646 28 (unknown)
2019-06-20 01:07:03,084:DEBUG:STREAM b'IDAT' 3686 16384
2019-06-20 01:07:03,836:DEBUG:STREAM b'IHDR' 16 13
2019-06-20 01:07:03,836:DEBUG:STREAM b'pHYs' 41 9
2019-06-20 01:07:03,836:DEBUG:STREAM b'IDAT' 62 724
2019-06-20 01:07:04,220:DEBUG:STREAM b'IHDR' 16 13
2019-06-20 01:07:04,220:DEBUG:STREAM b'iCCP' 41 3145
2019-06-20 01:07:04,220:DEBUG:iCCP profile name b'ICC Profile'
2019-06-20 01:07:04,220:DEBUG:Compression method 0
2019-06-20 01:07:04,220:DEBUG:STREAM b'pHYs' 3198 9
2019-06-20 01:07:04,220:DEBUG:STREAM b'iTXt' 3219 415
2019-06-20 01:07:04,220:DEBUG:STREAM b'iDOT' 3646 28
2019-06-20 01:07:04,220:DEBUG:b'iDOT' 3646 28 (unknown)
2019-06-20 01:07:04,220:DEBUG:STREAM b'IDAT' 3686 16384
2019-06-20 01:07:05,243:INFO:Autofire enabled
2019-06-20 01:07:05,495:INFO:Artemis Launch powered-on
2019-06-20 01:07:08,964:INFO:Blast Laser 2 powered on
2019-06-20 01:07:13,429:INFO:Restarting Game.
2019-06-20 01:07:13,562:DEBUG:STREAM b'IHDR' 16 13
2019-06-20 01:07:13,562:DEBUG:STREAM b'iCCP' 41 3145
2019-06-20 01:07:13,562:DEBUG:iCCP profile name b'ICC Profile'
2019-06-20 01:07:13,562:DEBUG:Compression method 0
2019-06-20 01:07:13,562:DEBUG:STREAM b'pHYs' 3198 9
2019-06-20 01:07:13,562:DEBUG:STREAM b'iTXt' 3219 412
2019-06-20 01:07:13,562:DEBUG:STREAM b'iDOT' 3643 28
2019-06-20 01:07:13,563:DEBUG:b'iDOT' 3643 28 (unknown)
2019-06-20 01:07:13,563:DEBUG:STREAM b'IDAT' 3683 1285
2019-06-20 01:07:13,870:DEBUG:STREAM b'IHDR' 16 13
2019-06-20 01:07:13,871:DEBUG:STREAM b'iCCP' 41 3145
2019-06-20 01:07:13,871:DEBUG:iCCP profile name b'ICC Profile'
2019-06-20 01:07:13,871:DEBUG:Compression method 0
2019-06-20 01:07:13,871:DEBUG:STREAM b'pHYs' 3198 9
2019-06-20 01:07:13,871:DEBUG:STREAM b'iTXt' 3219 415
2019-06-20 01:07:13,871:DEBUG:STREAM b'iDOT' 3646 28
2019-06-20 01:07:13,872:DEBUG:b'iDOT' 3646 28 (unknown)
2019-06-20 01:07:13,872:DEBUG:STREAM b'IDAT' 3686 16384
2019-06-20 01:07:14,861:DEBUG:STREAM b'IHDR' 16 13
2019-06-20 01:07:14,861:DEBUG:STREAM b'iCCP' 41 3145
2019-06-20 01:07:14,861:DEBUG:iCCP profile name b'ICC Profile'
2019-06-20 01:07:14,861:DEBUG:Compression method 0
2019-06-20 01:07:14,861:DEBUG:STREAM b'pHYs' 3198 9
2019-06-20 01:07:14,862:DEBUG:STREAM b'iTXt' 3219 411
2019-06-20 01:07:14,862:DEBUG:STREAM b'iDOT' 3642 28
2019-06-20 01:07:14,862:DEBUG:b'iDOT' 3642 28 (unknown)
2019-06-20 01:07:14,862:DEBUG:STREAM b'IDAT' 3682 898
2019-06-20 01:07:15,157:DEBUG:STREAM b'IHDR' 16 13
2019-06-20 01:07:15,157:DEBUG:STREAM b'iCCP' 41 3145
2019-06-20 01:07:15,157:DEBUG:iCCP profile name b'ICC Profile'
2019-06-20 01:07:15,157:DEBUG:Compression method 0
2019-06-20 01:07:15,158:DEBUG:STREAM b'pHYs' 3198 9
2019-06-20 01:07:15,158:DEBUG:STREAM b'iTXt' 3219 415
2019-06-20 01:07:15,158:DEBUG:STREAM b'iDOT' 3646 28
2019-06-20 01:07:15,158:DEBUG:b'iDOT' 3646 28 (unknown)
2019-06-20 01:07:15,158:DEBUG:STREAM b'IDAT' 3686 16384
2019-06-20 01:07:16,125:DEBUG:STREAM b'IHDR' 16 13
2019-06-20 01:07:16,125:DEBUG:STREAM b'iCCP' 41 3093
2019-06-20 01:07:16,125:DEBUG:iCCP profile name b'ICC Profile'
2019-06-20 01:07:16,125:DEBUG:Compression method 0
2019-06-20 01:07:16,125:DEBUG:STREAM b'pHYs' 3146 9
2019-06-20 01:07:16,125:DEBUG:STREAM b'iTXt' 3167 412
2019-06-20 01:07:16,126:DEBUG:STREAM b'iDOT' 3591 28
2019-06-20 01:07:16,126:DEBUG:b'iDOT' 3591 28 (unknown)
2019-06-20 01:07:16,126:DEBUG:STREAM b'IDAT' 3631 3077
2019-06-20 01:07:16,430:DEBUG:STREAM b'IHDR' 16 13
2019-06-20 01:07:16,430:DEBUG:STREAM b'iCCP' 41 3145
2019-06-20 01:07:16,430:DEBUG:iCCP profile name b'ICC Profile'
2019-06-20 01:07:16,430:DEBUG:Compression method 0
2019-06-20 01:07:16,430:DEBUG:STREAM b'pHYs' 3198 9
2019-06-20 01:07:16,431:DEBUG:STREAM b'iTXt' 3219 415
2019-06-20 01:07:16,431:DEBUG:STREAM b'iDOT' 3646 28
2019-06-20 01:07:16,431:DEBUG:b'iDOT' 3646 28 (unknown)
2019-06-20 01:07:16,431:DEBUG:STREAM b'IDAT' 3686 16384
2019-06-20 01:07:17,441:INFO:Playing Game.
2019-06-20 01:07:17,442:DEBUG:STREAM b'IHDR' 16 13
2019-06-20 01:07:17,443:DEBUG:STREAM b'iCCP' 41 3093
2019-06-20 01:07:17,443:DEBUG:iCCP profile name b'ICC Profile'
2019-06-20 01:07:17,443:DEBUG:Compression method 0
2019-06-20 01:07:17,443:DEBUG:STREAM b'pHYs' 3146 9
2019-06-20 01:07:17,443:DEBUG:STREAM b'iTXt' 3167 413
2019-06-20 01:07:17,443:DEBUG:STREAM b'iDOT' 3592 28
2019-06-20 01:07:17,443:DEBUG:b'iDOT' 3592 28 (unknown)
2019-06-20 01:07:17,444:DEBUG:STREAM b'IDAT' 3632 2481
2019-06-20 01:07:17,786:DEBUG:STREAM b'IHDR' 16 13
2019-06-20 01:07:17,787:DEBUG:STREAM b'iCCP' 41 3145
2019-06-20 01:07:17,787:DEBUG:iCCP profile name b'ICC Profile'
2019-06-20 01:07:17,787:DEBUG:Compression method 0
2019-06-20 01:07:17,787:DEBUG:STREAM b'pHYs' 3198 9
2019-06-20 01:07:17,787:DEBUG:STREAM b'iTXt' 3219 415
2019-06-20 01:07:17,787:DEBUG:STREAM b'iDOT' 3646 28
2019-06-20 01:07:17,787:DEBUG:b'iDOT' 3646 28 (unknown)
2019-06-20 01:07:17,787:DEBUG:STREAM b'IDAT' 3686 16384
2019-06-20 01:07:18,827:DEBUG:Collecting Jump Routes.
2019-06-20 01:07:19,690:DEBUG:STREAM b'IHDR' 16 13
2019-06-20 01:07:19,691:DEBUG:STREAM b'iCCP' 41 3145
2019-06-20 01:07:19,691:DEBUG:iCCP profile name b'ICC Profile'
2019-06-20 01:07:19,691:DEBUG:Compression method 0
2019-06-20 01:07:19,691:DEBUG:STREAM b'pHYs' 3198 9
2019-06-20 01:07:19,691:DEBUG:STREAM b'iTXt' 3219 415
2019-06-20 01:07:19,692:DEBUG:STREAM b'iDOT' 3646 28
2019-06-20 01:07:19,692:DEBUG:b'iDOT' 3646 28 (unknown)
2019-06-20 01:07:19,692:DEBUG:STREAM b'IDAT' 3686 16384
2019-06-20 01:07:20,473:DEBUG:STREAM b'IHDR' 16 13
2019-06-20 01:07:20,474:DEBUG:STREAM b'iCCP' 41 3145
2019-06-20 01:07:20,474:DEBUG:iCCP profile name b'ICC Profile'
2019-06-20 01:07:20,474:DEBUG:Compression method 0
2019-06-20 01:07:20,474:DEBUG:STREAM b'pHYs' 3198 9
2019-06-20 01:07:20,474:DEBUG:STREAM b'iTXt' 3219 415
2019-06-20 01:07:20,475:DEBUG:STREAM b'iDOT' 3646 28
2019-06-20 01:07:20,475:DEBUG:b'iDOT' 3646 28 (unknown)
2019-06-20 01:07:20,475:DEBUG:STREAM b'IDAT' 3686 16384
2019-06-20 01:07:21,236:DEBUG:STREAM b'IHDR' 16 13
2019-06-20 01:07:21,236:DEBUG:STREAM b'iCCP' 41 3145
2019-06-20 01:07:21,236:DEBUG:iCCP profile name b'ICC Profile'
2019-06-20 01:07:21,237:DEBUG:Compression method 0
2019-06-20 01:07:21,237:DEBUG:STREAM b'pHYs' 3198 9
2019-06-20 01:07:21,237:DEBUG:STREAM b'iTXt' 3219 415
2019-06-20 01:07:21,237:DEBUG:STREAM b'iDOT' 3646 28
2019-06-20 01:07:21,237:DEBUG:b'iDOT' 3646 28 (unknown)
2019-06-20 01:07:21,237:DEBUG:STREAM b'IDAT' 3686 16384
2019-06-20 01:07:22,379:INFO:[1204, 434] Waypoint Clicked 
2019-06-20 01:07:22,704:DEBUG:STREAM b'IHDR' 16 13
2019-06-20 01:07:22,704:DEBUG:STREAM b'iCCP' 41 3145
2019-06-20 01:07:22,705:DEBUG:iCCP profile name b'ICC Profile'
2019-06-20 01:07:22,705:DEBUG:Compression method 0
2019-06-20 01:07:22,705:DEBUG:STREAM b'pHYs' 3198 9
2019-06-20 01:07:22,705:DEBUG:STREAM b'iTXt' 3219 415
2019-06-20 01:07:22,705:DEBUG:STREAM b'iDOT' 3646 28
2019-06-20 01:07:22,705:DEBUG:b'iDOT' 3646 28 (unknown)
2019-06-20 01:07:22,705:DEBUG:STREAM b'IDAT' 3686 16384
2019-06-20 01:07:23,180:INFO:[1204, 434] Successful Jump! 
2019-06-20 01:07:26,182:INFO:[1204, 434] Assessing encounter.
2019-06-20 01:07:26,516:DEBUG:STREAM b'IHDR' 16 13
2019-06-20 01:07:26,516:DEBUG:STREAM b'iCCP' 41 3145
2019-06-20 01:07:26,517:DEBUG:iCCP profile name b'ICC Profile'
2019-06-20 01:07:26,517:DEBUG:Compression method 0
2019-06-20 01:07:26,517:DEBUG:STREAM b'pHYs' 3198 9
2019-06-20 01:07:26,517:DEBUG:STREAM b'iTXt' 3219 415
2019-06-20 01:07:26,517:DEBUG:STREAM b'iDOT' 3646 28
2019-06-20 01:07:26,517:DEBUG:b'iDOT' 3646 28 (unknown)
2019-06-20 01:07:26,517:DEBUG:STREAM b'IDAT' 3686 16384
2019-06-20 01:07:26,968:INFO:[1204, 434] Ship Encountered.
2019-06-20 01:07:26,968:INFO:Dialog loop started
2019-06-20 01:07:26,968:DEBUG:STREAM b'IHDR' 16 13
2019-06-20 01:07:26,968:DEBUG:STREAM b'iCCP' 41 3093
2019-06-20 01:07:26,968:DEBUG:iCCP profile name b'ICC Profile'
2019-06-20 01:07:26,969:DEBUG:Compression method 0
2019-06-20 01:07:26,969:DEBUG:STREAM b'pHYs' 3146 9
2019-06-20 01:07:26,969:DEBUG:STREAM b'iTXt' 3167 412
2019-06-20 01:07:26,969:DEBUG:STREAM b'iDOT' 3591 28
2019-06-20 01:07:26,969:DEBUG:b'iDOT' 3591 28 (unknown)
2019-06-20 01:07:26,969:DEBUG:STREAM b'IDAT' 3631 3077
2019-06-20 01:07:27,299:DEBUG:STREAM b'IHDR' 16 13
2019-06-20 01:07:27,300:DEBUG:STREAM b'iCCP' 41 3145
2019-06-20 01:07:27,300:DEBUG:iCCP profile name b'ICC Profile'
2019-06-20 01:07:27,300:DEBUG:Compression method 0
2019-06-20 01:07:27,300:DEBUG:STREAM b'pHYs' 3198 9
2019-06-20 01:07:27,300:DEBUG:STREAM b'iTXt' 3219 415
2019-06-20 01:07:27,300:DEBUG:STREAM b'iDOT' 3646 28
2019-06-20 01:07:27,300:DEBUG:b'iDOT' 3646 28 (unknown)
2019-06-20 01:07:27,300:DEBUG:STREAM b'IDAT' 3686 16384
2019-06-20 01:07:28,318:INFO:Search For: Try_to_be_a_hero_attack_the_pirate.png
2019-06-20 01:07:28,672:DEBUG:STREAM b'IHDR' 16 13
2019-06-20 01:07:28,672:DEBUG:STREAM b'iCCP' 41 3145
2019-06-20 01:07:28,672:DEBUG:iCCP profile name b'ICC Profile'
2019-06-20 01:07:28,672:DEBUG:Compression method 0
2019-06-20 01:07:28,673:DEBUG:STREAM b'pHYs' 3198 9
2019-06-20 01:07:28,673:DEBUG:STREAM b'iTXt' 3219 415
2019-06-20 01:07:28,673:DEBUG:STREAM b'iDOT' 3646 28
2019-06-20 01:07:28,673:DEBUG:b'iDOT' 3646 28 (unknown)
2019-06-20 01:07:28,673:DEBUG:STREAM b'IDAT' 3686 16384
2019-06-20 01:07:29,128:INFO:Search For: fight_the_ship.png
2019-06-20 01:07:29,471:DEBUG:STREAM b'IHDR' 16 13
2019-06-20 01:07:29,471:DEBUG:STREAM b'iCCP' 41 3145
2019-06-20 01:07:29,471:DEBUG:iCCP profile name b'ICC Profile'
2019-06-20 01:07:29,471:DEBUG:Compression method 0
2019-06-20 01:07:29,472:DEBUG:STREAM b'pHYs' 3198 9
2019-06-20 01:07:29,472:DEBUG:STREAM b'iTXt' 3219 415
2019-06-20 01:07:29,472:DEBUG:STREAM b'iDOT' 3646 28
2019-06-20 01:07:29,472:DEBUG:b'iDOT' 3646 28 (unknown)
2019-06-20 01:07:29,472:DEBUG:STREAM b'IDAT' 3686 16384
2019-06-20 01:07:29,937:INFO:Search For: attack_the_pirate.png
2019-06-20 01:07:30,290:DEBUG:STREAM b'IHDR' 16 13
2019-06-20 01:07:30,290:DEBUG:STREAM b'iCCP' 41 3145
2019-06-20 01:07:30,290:DEBUG:iCCP profile name b'ICC Profile'
2019-06-20 01:07:30,290:DEBUG:Compression method 0
2019-06-20 01:07:30,291:DEBUG:STREAM b'pHYs' 3198 9
2019-06-20 01:07:30,291:DEBUG:STREAM b'iTXt' 3219 415
2019-06-20 01:07:30,291:DEBUG:STREAM b'iDOT' 3646 28
2019-06-20 01:07:30,291:DEBUG:b'iDOT' 3646 28 (unknown)
2019-06-20 01:07:30,291:DEBUG:STREAM b'IDAT' 3686 16384
2019-06-20 01:07:30,779:INFO:Search For: attack_the_slaver_scum.png
2019-06-20 01:07:31,124:DEBUG:STREAM b'IHDR' 16 13
2019-06-20 01:07:31,124:DEBUG:STREAM b'iCCP' 41 3145
2019-06-20 01:07:31,124:DEBUG:iCCP profile name b'ICC Profile'
2019-06-20 01:07:31,124:DEBUG:Compression method 0
2019-06-20 01:07:31,124:DEBUG:STREAM b'pHYs' 3198 9
2019-06-20 01:07:31,124:DEBUG:STREAM b'iTXt' 3219 415
2019-06-20 01:07:31,124:DEBUG:STREAM b'iDOT' 3646 28
2019-06-20 01:07:31,125:DEBUG:b'iDOT' 3646 28 (unknown)
2019-06-20 01:07:31,125:DEBUG:STREAM b'IDAT' 3686 16384
2019-06-20 01:07:31,607:INFO:Search For: intervene_to_defend_the_outpost.png
2019-06-20 01:07:31,944:DEBUG:STREAM b'IHDR' 16 13
2019-06-20 01:07:31,944:DEBUG:STREAM b'iCCP' 41 3145
2019-06-20 01:07:31,944:DEBUG:iCCP profile name b'ICC Profile'
2019-06-20 01:07:31,944:DEBUG:Compression method 0
2019-06-20 01:07:31,945:DEBUG:STREAM b'pHYs' 3198 9
2019-06-20 01:07:31,945:DEBUG:STREAM b'iTXt' 3219 415
2019-06-20 01:07:31,945:DEBUG:STREAM b'iDOT' 3646 28
2019-06-20 01:07:31,945:DEBUG:b'iDOT' 3646 28 (unknown)
2019-06-20 01:07:31,945:DEBUG:STREAM b'IDAT' 3686 16384
2019-06-20 01:07:32,386:INFO:Search For: attack_the_automated_ship.png
2019-06-20 01:07:32,733:DEBUG:STREAM b'IHDR' 16 13
2019-06-20 01:07:32,733:DEBUG:STREAM b'iCCP' 41 3145
2019-06-20 01:07:32,733:DEBUG:iCCP profile name b'ICC Profile'
2019-06-20 01:07:32,733:DEBUG:Compression method 0
2019-06-20 01:07:32,733:DEBUG:STREAM b'pHYs' 3198 9
2019-06-20 01:07:32,733:DEBUG:STREAM b'iTXt' 3219 415
2019-06-20 01:07:32,734:DEBUG:STREAM b'iDOT' 3646 28
2019-06-20 01:07:32,734:DEBUG:b'iDOT' 3646 28 (unknown)
2019-06-20 01:07:32,734:DEBUG:STREAM b'IDAT' 3686 16384
2019-06-20 01:07:33,195:INFO:Search For: turn_and_fight.png
2019-06-20 01:07:33,536:DEBUG:STREAM b'IHDR' 16 13
2019-06-20 01:07:33,536:DEBUG:STREAM b'iCCP' 41 3145
2019-06-20 01:07:33,536:DEBUG:iCCP profile name b'ICC Profile'
2019-06-20 01:07:33,537:DEBUG:Compression method 0
2019-06-20 01:07:33,537:DEBUG:STREAM b'pHYs' 3198 9
2019-06-20 01:07:33,537:DEBUG:STREAM b'iTXt' 3219 415
2019-06-20 01:07:33,537:DEBUG:STREAM b'iDOT' 3646 28
2019-06-20 01:07:33,537:DEBUG:b'iDOT' 3646 28 (unknown)
2019-06-20 01:07:33,537:DEBUG:STREAM b'IDAT' 3686 16384
2019-06-20 01:07:33,996:INFO:Search For: attack_the_ship.png
2019-06-20 01:07:34,337:DEBUG:STREAM b'IHDR' 16 13
2019-06-20 01:07:34,338:DEBUG:STREAM b'iCCP' 41 3145
2019-06-20 01:07:34,338:DEBUG:iCCP profile name b'ICC Profile'
2019-06-20 01:07:34,338:DEBUG:Compression method 0
2019-06-20 01:07:34,338:DEBUG:STREAM b'pHYs' 3198 9
2019-06-20 01:07:34,338:DEBUG:STREAM b'iTXt' 3219 415
2019-06-20 01:07:34,338:DEBUG:STREAM b'iDOT' 3646 28
2019-06-20 01:07:34,338:DEBUG:b'iDOT' 3646 28 (unknown)
2019-06-20 01:07:34,339:DEBUG:STREAM b'IDAT' 3686 16384
2019-06-20 01:07:36,145:DEBUG:STREAM b'IHDR' 16 13
2019-06-20 01:07:36,146:DEBUG:STREAM b'iCCP' 41 3145
2019-06-20 01:07:36,146:DEBUG:iCCP profile name b'ICC Profile'
2019-06-20 01:07:36,146:DEBUG:Compression method 0
2019-06-20 01:07:36,146:DEBUG:STREAM b'pHYs' 3198 9
2019-06-20 01:07:36,146:DEBUG:STREAM b'iTXt' 3219 415
2019-06-20 01:07:36,146:DEBUG:STREAM b'iDOT' 3646 28
2019-06-20 01:07:36,146:DEBUG:b'iDOT' 3646 28 (unknown)
2019-06-20 01:07:36,146:DEBUG:STREAM b'IDAT' 3686 16384
2019-06-20 01:07:36,606:INFO:No dialog box found
2019-06-20 01:07:36,956:DEBUG:STREAM b'IHDR' 16 13
2019-06-20 01:07:36,957:DEBUG:STREAM b'iCCP' 41 3145
2019-06-20 01:07:36,957:DEBUG:iCCP profile name b'ICC Profile'
2019-06-20 01:07:36,957:DEBUG:Compression method 0
2019-06-20 01:07:36,957:DEBUG:STREAM b'pHYs' 3198 9
2019-06-20 01:07:36,957:DEBUG:STREAM b'iTXt' 3219 415
2019-06-20 01:07:36,957:DEBUG:STREAM b'iDOT' 3646 28
2019-06-20 01:07:36,957:DEBUG:b'iDOT' 3646 28 (unknown)
2019-06-20 01:07:36,957:DEBUG:STREAM b'IDAT' 3686 16384
2019-06-20 01:07:37,760:DEBUG:STREAM b'IHDR' 16 13
2019-06-20 01:07:37,760:DEBUG:STREAM b'iCCP' 41 3145
2019-06-20 01:07:37,760:DEBUG:iCCP profile name b'ICC Profile'
2019-06-20 01:07:37,761:DEBUG:Compression method 0
2019-06-20 01:07:37,761:DEBUG:STREAM b'pHYs' 3198 9
2019-06-20 01:07:37,761:DEBUG:STREAM b'iTXt' 3219 415
2019-06-20 01:07:37,761:DEBUG:STREAM b'iDOT' 3646 28
2019-06-20 01:07:37,761:DEBUG:b'iDOT' 3646 28 (unknown)
2019-06-20 01:07:37,761:DEBUG:STREAM b'IDAT' 3686 16384
2019-06-20 01:07:38,551:DEBUG:STREAM b'IHDR' 16 13
2019-06-20 01:07:38,551:DEBUG:STREAM b'iCCP' 41 3145
2019-06-20 01:07:38,551:DEBUG:iCCP profile name b'ICC Profile'
2019-06-20 01:07:38,551:DEBUG:Compression method 0
2019-06-20 01:07:38,551:DEBUG:STREAM b'pHYs' 3198 9
2019-06-20 01:07:38,551:DEBUG:STREAM b'iTXt' 3219 415
2019-06-20 01:07:38,551:DEBUG:STREAM b'iDOT' 3646 28
2019-06-20 01:07:38,552:DEBUG:b'iDOT' 3646 28 (unknown)
2019-06-20 01:07:38,552:DEBUG:STREAM b'IDAT' 3686 16384
2019-06-20 01:07:39,528:DEBUG:STREAM b'IHDR' 16 13
2019-06-20 01:07:39,529:DEBUG:STREAM b'iCCP' 41 3145
2019-06-20 01:07:39,529:DEBUG:iCCP profile name b'ICC Profile'
2019-06-20 01:07:39,529:DEBUG:Compression method 0
2019-06-20 01:07:39,529:DEBUG:STREAM b'pHYs' 3198 9
2019-06-20 01:07:39,530:DEBUG:STREAM b'iTXt' 3219 415
2019-06-20 01:07:39,530:DEBUG:STREAM b'iDOT' 3646 28
2019-06-20 01:07:39,530:DEBUG:b'iDOT' 3646 28 (unknown)
2019-06-20 01:07:39,530:DEBUG:STREAM b'IDAT' 3686 16384
2019-06-20 01:07:40,483:DEBUG:STREAM b'IHDR' 16 13
2019-06-20 01:07:40,484:DEBUG:STREAM b'iCCP' 41 3145
2019-06-20 01:07:40,484:DEBUG:iCCP profile name b'ICC Profile'
2019-06-20 01:07:40,484:DEBUG:Compression method 0
2019-06-20 01:07:40,484:DEBUG:STREAM b'pHYs' 3198 9
2019-06-20 01:07:40,484:DEBUG:STREAM b'iTXt' 3219 415
2019-06-20 01:07:40,484:DEBUG:STREAM b'iDOT' 3646 28
2019-06-20 01:07:40,484:DEBUG:b'iDOT' 3646 28 (unknown)
2019-06-20 01:07:40,484:DEBUG:STREAM b'IDAT' 3686 16384
2019-06-20 01:07:41,104:DEBUG:STREAM b'IHDR' 16 13
2019-06-20 01:07:41,105:DEBUG:STREAM b'pHYs' 41 9
2019-06-20 01:07:41,105:DEBUG:STREAM b'IDAT' 62 724
2019-06-20 01:07:41,434:DEBUG:STREAM b'IHDR' 16 13
2019-06-20 01:07:41,435:DEBUG:STREAM b'iCCP' 41 3145
2019-06-20 01:07:41,435:DEBUG:iCCP profile name b'ICC Profile'
2019-06-20 01:07:41,435:DEBUG:Compression method 0
2019-06-20 01:07:41,435:DEBUG:STREAM b'pHYs' 3198 9
2019-06-20 01:07:41,435:DEBUG:STREAM b'iTXt' 3219 415
2019-06-20 01:07:41,435:DEBUG:STREAM b'iDOT' 3646 28
2019-06-20 01:07:41,435:DEBUG:b'iDOT' 3646 28 (unknown)
2019-06-20 01:07:41,435:DEBUG:STREAM b'IDAT' 3686 16384
2019-06-20 01:07:42,486:INFO:Autofire enabled
2019-06-20 01:07:42,741:INFO:Artemis Launch powered-on
2019-06-20 01:07:46,211:INFO:Blast Laser 2 powered on
2019-06-20 01:07:50,679:INFO:Restarting Game.
2019-06-20 01:07:50,803:DEBUG:STREAM b'IHDR' 16 13
2019-06-20 01:07:50,803:DEBUG:STREAM b'iCCP' 41 3145
2019-06-20 01:07:50,803:DEBUG:iCCP profile name b'ICC Profile'
2019-06-20 01:07:50,803:DEBUG:Compression method 0
2019-06-20 01:07:50,804:DEBUG:STREAM b'pHYs' 3198 9
2019-06-20 01:07:50,804:DEBUG:STREAM b'iTXt' 3219 412
2019-06-20 01:07:50,804:DEBUG:STREAM b'iDOT' 3643 28
2019-06-20 01:07:50,804:DEBUG:b'iDOT' 3643 28 (unknown)
2019-06-20 01:07:50,804:DEBUG:STREAM b'IDAT' 3683 1285
2019-06-20 01:07:51,075:DEBUG:STREAM b'IHDR' 16 13
2019-06-20 01:07:51,076:DEBUG:STREAM b'iCCP' 41 3145
2019-06-20 01:07:51,076:DEBUG:iCCP profile name b'ICC Profile'
2019-06-20 01:07:51,076:DEBUG:Compression method 0
2019-06-20 01:07:51,076:DEBUG:STREAM b'pHYs' 3198 9
2019-06-20 01:07:51,076:DEBUG:STREAM b'iTXt' 3219 415
2019-06-20 01:07:51,076:DEBUG:STREAM b'iDOT' 3646 28
2019-06-20 01:07:51,076:DEBUG:b'iDOT' 3646 28 (unknown)
2019-06-20 01:07:51,076:DEBUG:STREAM b'IDAT' 3686 16384
2019-06-20 01:07:52,043:DEBUG:STREAM b'IHDR' 16 13
2019-06-20 01:07:52,043:DEBUG:STREAM b'iCCP' 41 3145
2019-06-20 01:07:52,043:DEBUG:iCCP profile name b'ICC Profile'
2019-06-20 01:07:52,043:DEBUG:Compression method 0
2019-06-20 01:07:52,044:DEBUG:STREAM b'pHYs' 3198 9
2019-06-20 01:07:52,044:DEBUG:STREAM b'iTXt' 3219 411
2019-06-20 01:07:52,044:DEBUG:STREAM b'iDOT' 3642 28
2019-06-20 01:07:52,044:DEBUG:b'iDOT' 3642 28 (unknown)
2019-06-20 01:07:52,044:DEBUG:STREAM b'IDAT' 3682 898
2019-06-20 01:07:52,310:DEBUG:STREAM b'IHDR' 16 13
2019-06-20 01:07:52,310:DEBUG:STREAM b'iCCP' 41 3145
2019-06-20 01:07:52,310:DEBUG:iCCP profile name b'ICC Profile'
2019-06-20 01:07:52,311:DEBUG:Compression method 0
2019-06-20 01:07:52,311:DEBUG:STREAM b'pHYs' 3198 9
2019-06-20 01:07:52,311:DEBUG:STREAM b'iTXt' 3219 415
2019-06-20 01:07:52,311:DEBUG:STREAM b'iDOT' 3646 28
2019-06-20 01:07:52,311:DEBUG:b'iDOT' 3646 28 (unknown)
2019-06-20 01:07:52,311:DEBUG:STREAM b'IDAT' 3686 16384
2019-06-20 01:07:53,297:DEBUG:STREAM b'IHDR' 16 13
2019-06-20 01:07:53,297:DEBUG:STREAM b'iCCP' 41 3093
2019-06-20 01:07:53,297:DEBUG:iCCP profile name b'ICC Profile'
2019-06-20 01:07:53,297:DEBUG:Compression method 0
2019-06-20 01:07:53,297:DEBUG:STREAM b'pHYs' 3146 9
2019-06-20 01:07:53,297:DEBUG:STREAM b'iTXt' 3167 412
2019-06-20 01:07:53,297:DEBUG:STREAM b'iDOT' 3591 28
2019-06-20 01:07:53,297:DEBUG:b'iDOT' 3591 28 (unknown)
2019-06-20 01:07:53,298:DEBUG:STREAM b'IDAT' 3631 3077
2019-06-20 01:07:53,654:DEBUG:STREAM b'IHDR' 16 13
2019-06-20 01:07:53,655:DEBUG:STREAM b'iCCP' 41 3145
2019-06-20 01:07:53,655:DEBUG:iCCP profile name b'ICC Profile'
2019-06-20 01:07:53,655:DEBUG:Compression method 0
2019-06-20 01:07:53,655:DEBUG:STREAM b'pHYs' 3198 9
2019-06-20 01:07:53,655:DEBUG:STREAM b'iTXt' 3219 415
2019-06-20 01:07:53,655:DEBUG:STREAM b'iDOT' 3646 28
2019-06-20 01:07:53,655:DEBUG:b'iDOT' 3646 28 (unknown)
2019-06-20 01:07:53,655:DEBUG:STREAM b'IDAT' 3686 16384
2019-06-20 01:07:54,685:INFO:Playing Game.
2019-06-20 01:07:54,687:DEBUG:STREAM b'IHDR' 16 13
2019-06-20 01:07:54,687:DEBUG:STREAM b'iCCP' 41 3093
2019-06-20 01:07:54,688:DEBUG:iCCP profile name b'ICC Profile'
2019-06-20 01:07:54,688:DEBUG:Compression method 0
2019-06-20 01:07:54,688:DEBUG:STREAM b'pHYs' 3146 9
2019-06-20 01:07:54,688:DEBUG:STREAM b'iTXt' 3167 413
2019-06-20 01:07:54,688:DEBUG:STREAM b'iDOT' 3592 28
2019-06-20 01:07:54,688:DEBUG:b'iDOT' 3592 28 (unknown)
2019-06-20 01:07:54,688:DEBUG:STREAM b'IDAT' 3632 2481
2019-06-20 01:07:55,095:DEBUG:STREAM b'IHDR' 16 13
2019-06-20 01:07:55,096:DEBUG:STREAM b'iCCP' 41 3145
2019-06-20 01:07:55,096:DEBUG:iCCP profile name b'ICC Profile'
2019-06-20 01:07:55,096:DEBUG:Compression method 0
2019-06-20 01:07:55,096:DEBUG:STREAM b'pHYs' 3198 9
2019-06-20 01:07:55,096:DEBUG:STREAM b'iTXt' 3219 415
2019-06-20 01:07:55,097:DEBUG:STREAM b'iDOT' 3646 28
2019-06-20 01:07:55,097:DEBUG:b'iDOT' 3646 28 (unknown)
2019-06-20 01:07:55,097:DEBUG:STREAM b'IDAT' 3686 16384
2019-06-20 01:07:56,153:DEBUG:Collecting Jump Routes.
2019-06-20 01:07:57,024:DEBUG:STREAM b'IHDR' 16 13
2019-06-20 01:07:57,025:DEBUG:STREAM b'iCCP' 41 3145
2019-06-20 01:07:57,025:DEBUG:iCCP profile name b'ICC Profile'
2019-06-20 01:07:57,025:DEBUG:Compression method 0
2019-06-20 01:07:57,025:DEBUG:STREAM b'pHYs' 3198 9
2019-06-20 01:07:57,025:DEBUG:STREAM b'iTXt' 3219 415
2019-06-20 01:07:57,025:DEBUG:STREAM b'iDOT' 3646 28
2019-06-20 01:07:57,025:DEBUG:b'iDOT' 3646 28 (unknown)
2019-06-20 01:07:57,025:DEBUG:STREAM b'IDAT' 3686 16384
2019-06-20 01:07:57,867:DEBUG:STREAM b'IHDR' 16 13
2019-06-20 01:07:57,867:DEBUG:STREAM b'iCCP' 41 3145
2019-06-20 01:07:57,867:DEBUG:iCCP profile name b'ICC Profile'
2019-06-20 01:07:57,868:DEBUG:Compression method 0
2019-06-20 01:07:57,868:DEBUG:STREAM b'pHYs' 3198 9
2019-06-20 01:07:57,868:DEBUG:STREAM b'iTXt' 3219 415
2019-06-20 01:07:57,868:DEBUG:STREAM b'iDOT' 3646 28
2019-06-20 01:07:57,868:DEBUG:b'iDOT' 3646 28 (unknown)
2019-06-20 01:07:57,868:DEBUG:STREAM b'IDAT' 3686 16384
