2019-06-20 01:09:11,149:DEBUG:STREAM b'IHDR' 16 13
2019-06-20 01:09:11,149:DEBUG:STREAM b'iCCP' 41 3145
2019-06-20 01:09:11,149:DEBUG:iCCP profile name b'ICC Profile'
2019-06-20 01:09:11,149:DEBUG:Compression method 0
2019-06-20 01:09:11,150:DEBUG:STREAM b'pHYs' 3198 9
2019-06-20 01:09:11,150:DEBUG:STREAM b'iTXt' 3219 415
2019-06-20 01:09:11,150:DEBUG:STREAM b'iDOT' 3646 28
2019-06-20 01:09:11,150:DEBUG:b'iDOT' 3646 28 (unknown)
2019-06-20 01:09:11,150:DEBUG:STREAM b'IDAT' 3686 16384
2019-06-20 01:09:11,846:DEBUG:STREAM b'IHDR' 16 13
2019-06-20 01:09:11,847:DEBUG:STREAM b'iCCP' 41 3145
2019-06-20 01:09:11,847:DEBUG:iCCP profile name b'ICC Profile'
2019-06-20 01:09:11,847:DEBUG:Compression method 0
2019-06-20 01:09:11,847:DEBUG:STREAM b'pHYs' 3198 9
2019-06-20 01:09:11,847:DEBUG:STREAM b'iTXt' 3219 415
2019-06-20 01:09:11,847:DEBUG:STREAM b'iDOT' 3646 28
2019-06-20 01:09:11,847:DEBUG:b'iDOT' 3646 28 (unknown)
2019-06-20 01:09:11,848:DEBUG:STREAM b'IDAT' 3686 16384
2019-06-20 01:09:12,720:DEBUG:looking for steam icon
2019-06-20 01:09:12,721:DEBUG:STREAM b'IHDR' 16 13
2019-06-20 01:09:12,722:DEBUG:STREAM b'iCCP' 41 3093
2019-06-20 01:09:12,722:DEBUG:iCCP profile name b'ICC Profile'
2019-06-20 01:09:12,722:DEBUG:Compression method 0
2019-06-20 01:09:12,722:DEBUG:STREAM b'pHYs' 3146 9
2019-06-20 01:09:12,722:DEBUG:STREAM b'iTXt' 3167 413
2019-06-20 01:09:12,723:DEBUG:STREAM b'iDOT' 3592 28
2019-06-20 01:09:12,723:DEBUG:b'iDOT' 3592 28 (unknown)
2019-06-20 01:09:12,723:DEBUG:STREAM b'IDAT' 3632 7390
2019-06-20 01:09:12,973:DEBUG:STREAM b'IHDR' 16 13
2019-06-20 01:09:12,973:DEBUG:STREAM b'iCCP' 41 3145
2019-06-20 01:09:12,973:DEBUG:iCCP profile name b'ICC Profile'
2019-06-20 01:09:12,973:DEBUG:Compression method 0
2019-06-20 01:09:12,974:DEBUG:STREAM b'pHYs' 3198 9
2019-06-20 01:09:12,974:DEBUG:STREAM b'iTXt' 3219 415
2019-06-20 01:09:12,974:DEBUG:STREAM b'iDOT' 3646 28
2019-06-20 01:09:12,974:DEBUG:b'iDOT' 3646 28 (unknown)
2019-06-20 01:09:12,974:DEBUG:STREAM b'IDAT' 3686 16384
2019-06-20 01:09:13,900:DEBUG:looking for steam library
2019-06-20 01:09:13,902:DEBUG:STREAM b'IHDR' 16 13
2019-06-20 01:09:13,902:DEBUG:STREAM b'iCCP' 41 3093
2019-06-20 01:09:13,902:DEBUG:iCCP profile name b'ICC Profile'
2019-06-20 01:09:13,902:DEBUG:Compression method 0
2019-06-20 01:09:13,903:DEBUG:STREAM b'pHYs' 3146 9
2019-06-20 01:09:13,903:DEBUG:STREAM b'iTXt' 3167 412
2019-06-20 01:09:13,903:DEBUG:STREAM b'iDOT' 3591 28
2019-06-20 01:09:13,903:DEBUG:b'iDOT' 3591 28 (unknown)
2019-06-20 01:09:13,903:DEBUG:STREAM b'IDAT' 3631 9220
2019-06-20 01:09:14,254:DEBUG:STREAM b'IHDR' 16 13
2019-06-20 01:09:14,254:DEBUG:STREAM b'iCCP' 41 3145
2019-06-20 01:09:14,254:DEBUG:iCCP profile name b'ICC Profile'
2019-06-20 01:09:14,254:DEBUG:Compression method 0
2019-06-20 01:09:14,255:DEBUG:STREAM b'pHYs' 3198 9
2019-06-20 01:09:14,255:DEBUG:STREAM b'iTXt' 3219 415
2019-06-20 01:09:14,255:DEBUG:STREAM b'iDOT' 3646 28
2019-06-20 01:09:14,255:DEBUG:b'iDOT' 3646 28 (unknown)
2019-06-20 01:09:14,255:DEBUG:STREAM b'IDAT' 3686 16384
2019-06-20 01:09:15,256:DEBUG:looking for ftl in steam
2019-06-20 01:09:15,258:DEBUG:STREAM b'IHDR' 16 13
2019-06-20 01:09:15,258:DEBUG:STREAM b'iCCP' 41 3093
2019-06-20 01:09:15,258:DEBUG:iCCP profile name b'ICC Profile'
2019-06-20 01:09:15,259:DEBUG:Compression method 0
2019-06-20 01:09:15,259:DEBUG:STREAM b'pHYs' 3146 9
2019-06-20 01:09:15,259:DEBUG:STREAM b'iTXt' 3167 412
2019-06-20 01:09:15,259:DEBUG:STREAM b'iDOT' 3591 28
2019-06-20 01:09:15,259:DEBUG:b'iDOT' 3591 28 (unknown)
2019-06-20 01:09:15,259:DEBUG:STREAM b'IDAT' 3631 4924
2019-06-20 01:09:15,605:DEBUG:STREAM b'IHDR' 16 13
2019-06-20 01:09:15,605:DEBUG:STREAM b'iCCP' 41 3145
2019-06-20 01:09:15,605:DEBUG:iCCP profile name b'ICC Profile'
2019-06-20 01:09:15,605:DEBUG:Compression method 0
2019-06-20 01:09:15,606:DEBUG:STREAM b'pHYs' 3198 9
2019-06-20 01:09:15,606:DEBUG:STREAM b'iTXt' 3219 415
2019-06-20 01:09:15,606:DEBUG:STREAM b'iDOT' 3646 28
2019-06-20 01:09:15,606:DEBUG:b'iDOT' 3646 28 (unknown)
2019-06-20 01:09:15,606:DEBUG:STREAM b'IDAT' 3686 16384
2019-06-20 01:09:16,592:DEBUG:looking for play button
2019-06-20 01:09:16,593:DEBUG:STREAM b'IHDR' 16 13
2019-06-20 01:09:16,594:DEBUG:STREAM b'iCCP' 41 3093
2019-06-20 01:09:16,594:DEBUG:iCCP profile name b'ICC Profile'
2019-06-20 01:09:16,594:DEBUG:Compression method 0
2019-06-20 01:09:16,594:DEBUG:STREAM b'pHYs' 3146 9
2019-06-20 01:09:16,594:DEBUG:STREAM b'iTXt' 3167 412
2019-06-20 01:09:16,594:DEBUG:STREAM b'iDOT' 3591 28
2019-06-20 01:09:16,594:DEBUG:b'iDOT' 3591 28 (unknown)
2019-06-20 01:09:16,594:DEBUG:STREAM b'IDAT' 3631 7544
2019-06-20 01:09:16,924:DEBUG:STREAM b'IHDR' 16 13
2019-06-20 01:09:16,924:DEBUG:STREAM b'iCCP' 41 3145
2019-06-20 01:09:16,924:DEBUG:iCCP profile name b'ICC Profile'
2019-06-20 01:09:16,924:DEBUG:Compression method 0
2019-06-20 01:09:16,924:DEBUG:STREAM b'pHYs' 3198 9
2019-06-20 01:09:16,925:DEBUG:STREAM b'iTXt' 3219 415
2019-06-20 01:09:16,925:DEBUG:STREAM b'iDOT' 3646 28
2019-06-20 01:09:16,925:DEBUG:b'iDOT' 3646 28 (unknown)
2019-06-20 01:09:16,925:DEBUG:STREAM b'IDAT' 3686 16384
2019-06-20 01:09:17,916:INFO:Game Start: ftl:2019-06-20 01:09:17.916628
2019-06-20 01:09:17,916:INFO:Starting New Game.
2019-06-20 01:09:22,922:DEBUG:STREAM b'IHDR' 16 13
2019-06-20 01:09:22,922:DEBUG:STREAM b'iCCP' 41 3093
2019-06-20 01:09:22,922:DEBUG:iCCP profile name b'ICC Profile'
2019-06-20 01:09:22,922:DEBUG:Compression method 0
2019-06-20 01:09:22,922:DEBUG:STREAM b'pHYs' 3146 9
2019-06-20 01:09:22,922:DEBUG:STREAM b'iTXt' 3167 412
2019-06-20 01:09:22,922:DEBUG:STREAM b'iDOT' 3591 28
2019-06-20 01:09:22,922:DEBUG:b'iDOT' 3591 28 (unknown)
2019-06-20 01:09:22,922:DEBUG:STREAM b'IDAT' 3631 12055
2019-06-20 01:09:23,257:DEBUG:STREAM b'IHDR' 16 13
2019-06-20 01:09:23,258:DEBUG:STREAM b'iCCP' 41 3145
2019-06-20 01:09:23,258:DEBUG:iCCP profile name b'ICC Profile'
2019-06-20 01:09:23,258:DEBUG:Compression method 0
2019-06-20 01:09:23,258:DEBUG:STREAM b'pHYs' 3198 9
2019-06-20 01:09:23,258:DEBUG:STREAM b'iTXt' 3219 415
2019-06-20 01:09:23,259:DEBUG:STREAM b'iDOT' 3646 28
2019-06-20 01:09:23,259:DEBUG:b'iDOT' 3646 28 (unknown)
2019-06-20 01:09:23,259:DEBUG:STREAM b'IDAT' 3686 16384
2019-06-20 01:09:24,322:DEBUG:STREAM b'IHDR' 16 13
2019-06-20 01:09:24,322:DEBUG:STREAM b'iCCP' 41 3093
2019-06-20 01:09:24,322:DEBUG:iCCP profile name b'ICC Profile'
2019-06-20 01:09:24,322:DEBUG:Compression method 0
2019-06-20 01:09:24,322:DEBUG:STREAM b'pHYs' 3146 9
2019-06-20 01:09:24,323:DEBUG:STREAM b'iTXt' 3167 412
2019-06-20 01:09:24,323:DEBUG:STREAM b'iDOT' 3591 28
2019-06-20 01:09:24,323:DEBUG:b'iDOT' 3591 28 (unknown)
2019-06-20 01:09:24,323:DEBUG:STREAM b'IDAT' 3631 1658
2019-06-20 01:09:24,612:DEBUG:STREAM b'IHDR' 16 13
2019-06-20 01:09:24,613:DEBUG:STREAM b'iCCP' 41 3145
2019-06-20 01:09:24,613:DEBUG:iCCP profile name b'ICC Profile'
2019-06-20 01:09:24,613:DEBUG:Compression method 0
2019-06-20 01:09:24,613:DEBUG:STREAM b'pHYs' 3198 9
2019-06-20 01:09:24,613:DEBUG:STREAM b'iTXt' 3219 415
2019-06-20 01:09:24,613:DEBUG:STREAM b'iDOT' 3646 28
2019-06-20 01:09:24,613:DEBUG:b'iDOT' 3646 28 (unknown)
2019-06-20 01:09:24,614:DEBUG:STREAM b'IDAT' 3686 16384
2019-06-20 01:09:25,614:DEBUG:STREAM b'IHDR' 16 13
2019-06-20 01:09:25,614:DEBUG:STREAM b'iCCP' 41 3093
2019-06-20 01:09:25,614:DEBUG:iCCP profile name b'ICC Profile'
2019-06-20 01:09:25,614:DEBUG:Compression method 0
2019-06-20 01:09:25,615:DEBUG:STREAM b'pHYs' 3146 9
2019-06-20 01:09:25,615:DEBUG:STREAM b'iTXt' 3167 413
2019-06-20 01:09:25,615:DEBUG:STREAM b'iDOT' 3592 28
2019-06-20 01:09:25,615:DEBUG:b'iDOT' 3592 28 (unknown)
2019-06-20 01:09:25,615:DEBUG:STREAM b'IDAT' 3632 3594
2019-06-20 01:09:25,931:DEBUG:STREAM b'IHDR' 16 13
2019-06-20 01:09:25,932:DEBUG:STREAM b'iCCP' 41 3145
2019-06-20 01:09:25,932:DEBUG:iCCP profile name b'ICC Profile'
2019-06-20 01:09:25,932:DEBUG:Compression method 0
2019-06-20 01:09:25,932:DEBUG:STREAM b'pHYs' 3198 9
2019-06-20 01:09:25,932:DEBUG:STREAM b'iTXt' 3219 415
2019-06-20 01:09:25,932:DEBUG:STREAM b'iDOT' 3646 28
2019-06-20 01:09:25,932:DEBUG:b'iDOT' 3646 28 (unknown)
2019-06-20 01:09:25,932:DEBUG:STREAM b'IDAT' 3686 16384
2019-06-20 01:09:26,943:DEBUG:STREAM b'IHDR' 16 13
2019-06-20 01:09:26,943:DEBUG:STREAM b'iCCP' 41 3093
2019-06-20 01:09:26,943:DEBUG:iCCP profile name b'ICC Profile'
2019-06-20 01:09:26,943:DEBUG:Compression method 0
2019-06-20 01:09:26,944:DEBUG:STREAM b'pHYs' 3146 9
2019-06-20 01:09:26,944:DEBUG:STREAM b'iTXt' 3167 412
2019-06-20 01:09:26,944:DEBUG:STREAM b'iDOT' 3591 28
2019-06-20 01:09:26,944:DEBUG:b'iDOT' 3591 28 (unknown)
2019-06-20 01:09:26,944:DEBUG:STREAM b'IDAT' 3631 3077
2019-06-20 01:09:27,260:DEBUG:STREAM b'IHDR' 16 13
2019-06-20 01:09:27,260:DEBUG:STREAM b'iCCP' 41 3145
2019-06-20 01:09:27,260:DEBUG:iCCP profile name b'ICC Profile'
2019-06-20 01:09:27,261:DEBUG:Compression method 0
2019-06-20 01:09:27,261:DEBUG:STREAM b'pHYs' 3198 9
2019-06-20 01:09:27,261:DEBUG:STREAM b'iTXt' 3219 415
2019-06-20 01:09:27,261:DEBUG:STREAM b'iDOT' 3646 28
2019-06-20 01:09:27,261:DEBUG:b'iDOT' 3646 28 (unknown)
2019-06-20 01:09:27,261:DEBUG:STREAM b'IDAT' 3686 16384
2019-06-20 01:09:28,293:INFO:Playing Game.
2019-06-20 01:09:28,296:DEBUG:STREAM b'IHDR' 16 13
2019-06-20 01:09:28,297:DEBUG:STREAM b'iCCP' 41 3093
2019-06-20 01:09:28,297:DEBUG:iCCP profile name b'ICC Profile'
2019-06-20 01:09:28,297:DEBUG:Compression method 0
2019-06-20 01:09:28,297:DEBUG:STREAM b'pHYs' 3146 9
2019-06-20 01:09:28,297:DEBUG:STREAM b'iTXt' 3167 413
2019-06-20 01:09:28,297:DEBUG:STREAM b'iDOT' 3592 28
2019-06-20 01:09:28,297:DEBUG:b'iDOT' 3592 28 (unknown)
2019-06-20 01:09:28,297:DEBUG:STREAM b'IDAT' 3632 2481
2019-06-20 01:09:28,641:DEBUG:STREAM b'IHDR' 16 13
2019-06-20 01:09:28,641:DEBUG:STREAM b'iCCP' 41 3145
2019-06-20 01:09:28,641:DEBUG:iCCP profile name b'ICC Profile'
2019-06-20 01:09:28,641:DEBUG:Compression method 0
2019-06-20 01:09:28,642:DEBUG:STREAM b'pHYs' 3198 9
2019-06-20 01:09:28,642:DEBUG:STREAM b'iTXt' 3219 415
2019-06-20 01:09:28,642:DEBUG:STREAM b'iDOT' 3646 28
2019-06-20 01:09:28,642:DEBUG:b'iDOT' 3646 28 (unknown)
2019-06-20 01:09:28,642:DEBUG:STREAM b'IDAT' 3686 16384
2019-06-20 01:09:29,672:DEBUG:Collecting Jump Routes.
2019-06-20 01:09:30,522:DEBUG:STREAM b'IHDR' 16 13
2019-06-20 01:09:30,522:DEBUG:STREAM b'iCCP' 41 3145
2019-06-20 01:09:30,522:DEBUG:iCCP profile name b'ICC Profile'
2019-06-20 01:09:30,522:DEBUG:Compression method 0
2019-06-20 01:09:30,523:DEBUG:STREAM b'pHYs' 3198 9
2019-06-20 01:09:30,523:DEBUG:STREAM b'iTXt' 3219 415
2019-06-20 01:09:30,523:DEBUG:STREAM b'iDOT' 3646 28
2019-06-20 01:09:30,523:DEBUG:b'iDOT' 3646 28 (unknown)
2019-06-20 01:09:30,523:DEBUG:STREAM b'IDAT' 3686 16384
2019-06-20 01:09:31,320:DEBUG:STREAM b'IHDR' 16 13
2019-06-20 01:09:31,321:DEBUG:STREAM b'iCCP' 41 3145
2019-06-20 01:09:31,321:DEBUG:iCCP profile name b'ICC Profile'
2019-06-20 01:09:31,321:DEBUG:Compression method 0
2019-06-20 01:09:31,321:DEBUG:STREAM b'pHYs' 3198 9
2019-06-20 01:09:31,321:DEBUG:STREAM b'iTXt' 3219 415
2019-06-20 01:09:31,321:DEBUG:STREAM b'iDOT' 3646 28
2019-06-20 01:09:31,321:DEBUG:b'iDOT' 3646 28 (unknown)
2019-06-20 01:09:31,321:DEBUG:STREAM b'IDAT' 3686 16384
2019-06-20 01:09:32,123:DEBUG:STREAM b'IHDR' 16 13
2019-06-20 01:09:32,124:DEBUG:STREAM b'iCCP' 41 3145
2019-06-20 01:09:32,124:DEBUG:iCCP profile name b'ICC Profile'
2019-06-20 01:09:32,124:DEBUG:Compression method 0
2019-06-20 01:09:32,124:DEBUG:STREAM b'pHYs' 3198 9
2019-06-20 01:09:32,124:DEBUG:STREAM b'iTXt' 3219 415
2019-06-20 01:09:32,124:DEBUG:STREAM b'iDOT' 3646 28
2019-06-20 01:09:32,124:DEBUG:b'iDOT' 3646 28 (unknown)
2019-06-20 01:09:32,124:DEBUG:STREAM b'IDAT' 3686 16384
2019-06-20 01:09:33,280:INFO:[1324, 392] Waypoint Clicked 
2019-06-20 01:09:33,627:DEBUG:STREAM b'IHDR' 16 13
2019-06-20 01:09:33,627:DEBUG:STREAM b'iCCP' 41 3145
2019-06-20 01:09:33,627:DEBUG:iCCP profile name b'ICC Profile'
2019-06-20 01:09:33,627:DEBUG:Compression method 0
2019-06-20 01:09:33,628:DEBUG:STREAM b'pHYs' 3198 9
2019-06-20 01:09:33,628:DEBUG:STREAM b'iTXt' 3219 415
2019-06-20 01:09:33,628:DEBUG:STREAM b'iDOT' 3646 28
2019-06-20 01:09:33,628:DEBUG:b'iDOT' 3646 28 (unknown)
2019-06-20 01:09:33,628:DEBUG:STREAM b'IDAT' 3686 16384
2019-06-20 01:09:34,119:INFO:[1324, 392] Failed Jump. 
2019-06-20 01:09:34,836:INFO:[1325, 392] Waypoint Clicked 
2019-06-20 01:09:35,156:DEBUG:STREAM b'IHDR' 16 13
2019-06-20 01:09:35,156:DEBUG:STREAM b'iCCP' 41 3145
2019-06-20 01:09:35,156:DEBUG:iCCP profile name b'ICC Profile'
2019-06-20 01:09:35,156:DEBUG:Compression method 0
2019-06-20 01:09:35,156:DEBUG:STREAM b'pHYs' 3198 9
2019-06-20 01:09:35,156:DEBUG:STREAM b'iTXt' 3219 415
2019-06-20 01:09:35,156:DEBUG:STREAM b'iDOT' 3646 28
2019-06-20 01:09:35,156:DEBUG:b'iDOT' 3646 28 (unknown)
2019-06-20 01:09:35,157:DEBUG:STREAM b'IDAT' 3686 16384
2019-06-20 01:09:35,661:INFO:[1325, 392] Successful Jump! 
2019-06-20 01:09:38,662:INFO:[1325, 392] Assessing encounter.
2019-06-20 01:09:39,017:DEBUG:STREAM b'IHDR' 16 13
2019-06-20 01:09:39,017:DEBUG:STREAM b'iCCP' 41 3145
2019-06-20 01:09:39,017:DEBUG:iCCP profile name b'ICC Profile'
2019-06-20 01:09:39,017:DEBUG:Compression method 0
2019-06-20 01:09:39,017:DEBUG:STREAM b'pHYs' 3198 9
2019-06-20 01:09:39,017:DEBUG:STREAM b'iTXt' 3219 415
2019-06-20 01:09:39,018:DEBUG:STREAM b'iDOT' 3646 28
2019-06-20 01:09:39,018:DEBUG:b'iDOT' 3646 28 (unknown)
2019-06-20 01:09:39,018:DEBUG:STREAM b'IDAT' 3686 16384
2019-06-20 01:09:39,504:INFO:[1325, 392] Ship Encountered.
2019-06-20 01:09:39,504:INFO:Dialog loop started
2019-06-20 01:09:39,504:DEBUG:STREAM b'IHDR' 16 13
2019-06-20 01:09:39,505:DEBUG:STREAM b'iCCP' 41 3093
2019-06-20 01:09:39,505:DEBUG:iCCP profile name b'ICC Profile'
2019-06-20 01:09:39,505:DEBUG:Compression method 0
2019-06-20 01:09:39,505:DEBUG:STREAM b'pHYs' 3146 9
2019-06-20 01:09:39,505:DEBUG:STREAM b'iTXt' 3167 412
2019-06-20 01:09:39,505:DEBUG:STREAM b'iDOT' 3591 28
2019-06-20 01:09:39,505:DEBUG:b'iDOT' 3591 28 (unknown)
2019-06-20 01:09:39,505:DEBUG:STREAM b'IDAT' 3631 3077
2019-06-20 01:09:39,886:DEBUG:STREAM b'IHDR' 16 13
2019-06-20 01:09:39,886:DEBUG:STREAM b'iCCP' 41 3145
2019-06-20 01:09:39,887:DEBUG:iCCP profile name b'ICC Profile'
2019-06-20 01:09:39,887:DEBUG:Compression method 0
2019-06-20 01:09:39,887:DEBUG:STREAM b'pHYs' 3198 9
2019-06-20 01:09:39,887:DEBUG:STREAM b'iTXt' 3219 415
2019-06-20 01:09:39,887:DEBUG:STREAM b'iDOT' 3646 28
2019-06-20 01:09:39,887:DEBUG:b'iDOT' 3646 28 (unknown)
2019-06-20 01:09:39,887:DEBUG:STREAM b'IDAT' 3686 16384
2019-06-20 01:09:40,910:INFO:Search For: Try_to_be_a_hero_attack_the_pirate.png
2019-06-20 01:09:41,249:DEBUG:STREAM b'IHDR' 16 13
2019-06-20 01:09:41,249:DEBUG:STREAM b'iCCP' 41 3145
2019-06-20 01:09:41,249:DEBUG:iCCP profile name b'ICC Profile'
2019-06-20 01:09:41,249:DEBUG:Compression method 0
2019-06-20 01:09:41,250:DEBUG:STREAM b'pHYs' 3198 9
2019-06-20 01:09:41,250:DEBUG:STREAM b'iTXt' 3219 415
2019-06-20 01:09:41,250:DEBUG:STREAM b'iDOT' 3646 28
2019-06-20 01:09:41,250:DEBUG:b'iDOT' 3646 28 (unknown)
2019-06-20 01:09:41,250:DEBUG:STREAM b'IDAT' 3686 16384
2019-06-20 01:09:41,721:INFO:Search For: fight_the_ship.png
2019-06-20 01:09:42,116:DEBUG:STREAM b'IHDR' 16 13
2019-06-20 01:09:42,116:DEBUG:STREAM b'iCCP' 41 3145
2019-06-20 01:09:42,117:DEBUG:iCCP profile name b'ICC Profile'
2019-06-20 01:09:42,117:DEBUG:Compression method 0
2019-06-20 01:09:42,117:DEBUG:STREAM b'pHYs' 3198 9
2019-06-20 01:09:42,117:DEBUG:STREAM b'iTXt' 3219 415
2019-06-20 01:09:42,117:DEBUG:STREAM b'iDOT' 3646 28
2019-06-20 01:09:42,117:DEBUG:b'iDOT' 3646 28 (unknown)
2019-06-20 01:09:42,117:DEBUG:STREAM b'IDAT' 3686 16384
2019-06-20 01:09:42,593:INFO:Search For: attack_the_pirate.png
2019-06-20 01:09:42,930:DEBUG:STREAM b'IHDR' 16 13
2019-06-20 01:09:42,931:DEBUG:STREAM b'iCCP' 41 3145
2019-06-20 01:09:42,931:DEBUG:iCCP profile name b'ICC Profile'
2019-06-20 01:09:42,931:DEBUG:Compression method 0
2019-06-20 01:09:42,931:DEBUG:STREAM b'pHYs' 3198 9
2019-06-20 01:09:42,931:DEBUG:STREAM b'iTXt' 3219 415
2019-06-20 01:09:42,931:DEBUG:STREAM b'iDOT' 3646 28
2019-06-20 01:09:42,931:DEBUG:b'iDOT' 3646 28 (unknown)
2019-06-20 01:09:42,931:DEBUG:STREAM b'IDAT' 3686 16384
2019-06-20 01:09:43,387:INFO:Search For: attack_the_slaver_scum.png
2019-06-20 01:09:43,741:DEBUG:STREAM b'IHDR' 16 13
2019-06-20 01:09:43,741:DEBUG:STREAM b'iCCP' 41 3145
2019-06-20 01:09:43,741:DEBUG:iCCP profile name b'ICC Profile'
2019-06-20 01:09:43,741:DEBUG:Compression method 0
2019-06-20 01:09:43,741:DEBUG:STREAM b'pHYs' 3198 9
2019-06-20 01:09:43,742:DEBUG:STREAM b'iTXt' 3219 415
2019-06-20 01:09:43,742:DEBUG:STREAM b'iDOT' 3646 28
2019-06-20 01:09:43,742:DEBUG:b'iDOT' 3646 28 (unknown)
2019-06-20 01:09:43,742:DEBUG:STREAM b'IDAT' 3686 16384
2019-06-20 01:09:44,228:INFO:Search For: intervene_to_defend_the_outpost.png
2019-06-20 01:09:44,566:DEBUG:STREAM b'IHDR' 16 13
2019-06-20 01:09:44,567:DEBUG:STREAM b'iCCP' 41 3145
2019-06-20 01:09:44,567:DEBUG:iCCP profile name b'ICC Profile'
2019-06-20 01:09:44,567:DEBUG:Compression method 0
2019-06-20 01:09:44,567:DEBUG:STREAM b'pHYs' 3198 9
2019-06-20 01:09:44,567:DEBUG:STREAM b'iTXt' 3219 415
2019-06-20 01:09:44,568:DEBUG:STREAM b'iDOT' 3646 28
2019-06-20 01:09:44,568:DEBUG:b'iDOT' 3646 28 (unknown)
2019-06-20 01:09:44,568:DEBUG:STREAM b'IDAT' 3686 16384
2019-06-20 01:09:45,029:INFO:Search For: attack_the_automated_ship.png
2019-06-20 01:09:45,360:DEBUG:STREAM b'IHDR' 16 13
2019-06-20 01:09:45,360:DEBUG:STREAM b'iCCP' 41 3145
2019-06-20 01:09:45,360:DEBUG:iCCP profile name b'ICC Profile'
2019-06-20 01:09:45,360:DEBUG:Compression method 0
2019-06-20 01:09:45,360:DEBUG:STREAM b'pHYs' 3198 9
2019-06-20 01:09:45,361:DEBUG:STREAM b'iTXt' 3219 415
2019-06-20 01:09:45,361:DEBUG:STREAM b'iDOT' 3646 28
2019-06-20 01:09:45,361:DEBUG:b'iDOT' 3646 28 (unknown)
2019-06-20 01:09:45,361:DEBUG:STREAM b'IDAT' 3686 16384
2019-06-20 01:09:45,849:INFO:Search For: turn_and_fight.png
2019-06-20 01:09:46,193:DEBUG:STREAM b'IHDR' 16 13
2019-06-20 01:09:46,193:DEBUG:STREAM b'iCCP' 41 3145
2019-06-20 01:09:46,193:DEBUG:iCCP profile name b'ICC Profile'
2019-06-20 01:09:46,193:DEBUG:Compression method 0
2019-06-20 01:09:46,194:DEBUG:STREAM b'pHYs' 3198 9
2019-06-20 01:09:46,194:DEBUG:STREAM b'iTXt' 3219 415
2019-06-20 01:09:46,194:DEBUG:STREAM b'iDOT' 3646 28
2019-06-20 01:09:46,194:DEBUG:b'iDOT' 3646 28 (unknown)
2019-06-20 01:09:46,194:DEBUG:STREAM b'IDAT' 3686 16384
2019-06-20 01:09:46,700:INFO:Search For: attack_the_ship.png
2019-06-20 01:09:47,077:DEBUG:STREAM b'IHDR' 16 13
2019-06-20 01:09:47,077:DEBUG:STREAM b'iCCP' 41 3145
2019-06-20 01:09:47,077:DEBUG:iCCP profile name b'ICC Profile'
2019-06-20 01:09:47,077:DEBUG:Compression method 0
2019-06-20 01:09:47,077:DEBUG:STREAM b'pHYs' 3198 9
2019-06-20 01:09:47,077:DEBUG:STREAM b'iTXt' 3219 415
2019-06-20 01:09:47,078:DEBUG:STREAM b'iDOT' 3646 28
2019-06-20 01:09:47,078:DEBUG:b'iDOT' 3646 28 (unknown)
2019-06-20 01:09:47,078:DEBUG:STREAM b'IDAT' 3686 16384
2019-06-20 01:09:48,910:DEBUG:STREAM b'IHDR' 16 13
2019-06-20 01:09:48,910:DEBUG:STREAM b'iCCP' 41 3145
2019-06-20 01:09:48,910:DEBUG:iCCP profile name b'ICC Profile'
2019-06-20 01:09:48,910:DEBUG:Compression method 0
2019-06-20 01:09:48,911:DEBUG:STREAM b'pHYs' 3198 9
2019-06-20 01:09:48,911:DEBUG:STREAM b'iTXt' 3219 415
2019-06-20 01:09:48,911:DEBUG:STREAM b'iDOT' 3646 28
2019-06-20 01:09:48,911:DEBUG:b'iDOT' 3646 28 (unknown)
2019-06-20 01:09:48,911:DEBUG:STREAM b'IDAT' 3686 16384
2019-06-20 01:09:49,367:INFO:No dialog box found
2019-06-20 01:09:49,723:DEBUG:STREAM b'IHDR' 16 13
2019-06-20 01:09:49,724:DEBUG:STREAM b'iCCP' 41 3145
2019-06-20 01:09:49,724:DEBUG:iCCP profile name b'ICC Profile'
2019-06-20 01:09:49,724:DEBUG:Compression method 0
2019-06-20 01:09:49,724:DEBUG:STREAM b'pHYs' 3198 9
2019-06-20 01:09:49,724:DEBUG:STREAM b'iTXt' 3219 415
2019-06-20 01:09:49,724:DEBUG:STREAM b'iDOT' 3646 28
2019-06-20 01:09:49,724:DEBUG:b'iDOT' 3646 28 (unknown)
2019-06-20 01:09:49,724:DEBUG:STREAM b'IDAT' 3686 16384
2019-06-20 01:09:50,513:DEBUG:STREAM b'IHDR' 16 13
2019-06-20 01:09:50,513:DEBUG:STREAM b'iCCP' 41 3145
2019-06-20 01:09:50,513:DEBUG:iCCP profile name b'ICC Profile'
2019-06-20 01:09:50,513:DEBUG:Compression method 0
2019-06-20 01:09:50,513:DEBUG:STREAM b'pHYs' 3198 9
2019-06-20 01:09:50,514:DEBUG:STREAM b'iTXt' 3219 415
2019-06-20 01:09:50,514:DEBUG:STREAM b'iDOT' 3646 28
2019-06-20 01:09:50,514:DEBUG:b'iDOT' 3646 28 (unknown)
2019-06-20 01:09:50,514:DEBUG:STREAM b'IDAT' 3686 16384
2019-06-20 01:09:51,344:DEBUG:STREAM b'IHDR' 16 13
2019-06-20 01:09:51,345:DEBUG:STREAM b'iCCP' 41 3145
2019-06-20 01:09:51,345:DEBUG:iCCP profile name b'ICC Profile'
2019-06-20 01:09:51,345:DEBUG:Compression method 0
2019-06-20 01:09:51,345:DEBUG:STREAM b'pHYs' 3198 9
2019-06-20 01:09:51,345:DEBUG:STREAM b'iTXt' 3219 415
2019-06-20 01:09:51,345:DEBUG:STREAM b'iDOT' 3646 28
2019-06-20 01:09:51,345:DEBUG:b'iDOT' 3646 28 (unknown)
2019-06-20 01:09:51,345:DEBUG:STREAM b'IDAT' 3686 16384
2019-06-20 01:09:52,460:DEBUG:STREAM b'IHDR' 16 13
2019-06-20 01:09:52,461:DEBUG:STREAM b'iCCP' 41 3145
2019-06-20 01:09:52,461:DEBUG:iCCP profile name b'ICC Profile'
2019-06-20 01:09:52,461:DEBUG:Compression method 0
2019-06-20 01:09:52,461:DEBUG:STREAM b'pHYs' 3198 9
2019-06-20 01:09:52,461:DEBUG:STREAM b'iTXt' 3219 415
2019-06-20 01:09:52,461:DEBUG:STREAM b'iDOT' 3646 28
2019-06-20 01:09:52,461:DEBUG:b'iDOT' 3646 28 (unknown)
2019-06-20 01:09:52,462:DEBUG:STREAM b'IDAT' 3686 16384
2019-06-20 01:09:53,591:DEBUG:STREAM b'IHDR' 16 13
2019-06-20 01:09:53,591:DEBUG:STREAM b'iCCP' 41 3145
2019-06-20 01:09:53,591:DEBUG:iCCP profile name b'ICC Profile'
2019-06-20 01:09:53,591:DEBUG:Compression method 0
2019-06-20 01:09:53,592:DEBUG:STREAM b'pHYs' 3198 9
2019-06-20 01:09:53,592:DEBUG:STREAM b'iTXt' 3219 415
2019-06-20 01:09:53,592:DEBUG:STREAM b'iDOT' 3646 28
2019-06-20 01:09:53,592:DEBUG:b'iDOT' 3646 28 (unknown)
2019-06-20 01:09:53,592:DEBUG:STREAM b'IDAT' 3686 16384
2019-06-20 01:09:54,281:DEBUG:STREAM b'IHDR' 16 13
2019-06-20 01:09:54,281:DEBUG:STREAM b'pHYs' 41 9
2019-06-20 01:09:54,281:DEBUG:STREAM b'IDAT' 62 724
2019-06-20 01:09:54,638:DEBUG:STREAM b'IHDR' 16 13
2019-06-20 01:09:54,638:DEBUG:STREAM b'iCCP' 41 3145
2019-06-20 01:09:54,639:DEBUG:iCCP profile name b'ICC Profile'
2019-06-20 01:09:54,639:DEBUG:Compression method 0
2019-06-20 01:09:54,639:DEBUG:STREAM b'pHYs' 3198 9
2019-06-20 01:09:54,639:DEBUG:STREAM b'iTXt' 3219 415
2019-06-20 01:09:54,639:DEBUG:STREAM b'iDOT' 3646 28
2019-06-20 01:09:54,639:DEBUG:b'iDOT' 3646 28 (unknown)
2019-06-20 01:09:54,639:DEBUG:STREAM b'IDAT' 3686 16384
2019-06-20 01:09:55,653:INFO:Autofire enabled
2019-06-20 01:09:55,907:INFO:Artemis Launch powered-on
2019-06-20 01:09:59,371:INFO:Blast Laser 2 powered on
