2019-06-20 01:13:51,700:DEBUG:STREAM b'IHDR' 16 13
2019-06-20 01:13:51,700:DEBUG:STREAM b'iCCP' 41 3145
2019-06-20 01:13:51,700:DEBUG:iCCP profile name b'ICC Profile'
2019-06-20 01:13:51,701:DEBUG:Compression method 0
2019-06-20 01:13:51,701:DEBUG:STREAM b'pHYs' 3198 9
2019-06-20 01:13:51,701:DEBUG:STREAM b'iTXt' 3219 415
2019-06-20 01:13:51,701:DEBUG:STREAM b'iDOT' 3646 28
2019-06-20 01:13:51,701:DEBUG:b'iDOT' 3646 28 (unknown)
2019-06-20 01:13:51,701:DEBUG:STREAM b'IDAT' 3686 16384
2019-06-20 01:13:52,358:DEBUG:STREAM b'IHDR' 16 13
2019-06-20 01:13:52,358:DEBUG:STREAM b'iCCP' 41 3145
2019-06-20 01:13:52,358:DEBUG:iCCP profile name b'ICC Profile'
2019-06-20 01:13:52,358:DEBUG:Compression method 0
2019-06-20 01:13:52,359:DEBUG:STREAM b'pHYs' 3198 9
2019-06-20 01:13:52,359:DEBUG:STREAM b'iTXt' 3219 415
2019-06-20 01:13:52,359:DEBUG:STREAM b'iDOT' 3646 28
2019-06-20 01:13:52,359:DEBUG:b'iDOT' 3646 28 (unknown)
2019-06-20 01:13:52,359:DEBUG:STREAM b'IDAT' 3686 16384
2019-06-20 01:13:53,212:DEBUG:looking for steam icon
2019-06-20 01:13:53,218:DEBUG:STREAM b'IHDR' 16 13
2019-06-20 01:13:53,218:DEBUG:STREAM b'iCCP' 41 3093
2019-06-20 01:13:53,218:DEBUG:iCCP profile name b'ICC Profile'
2019-06-20 01:13:53,218:DEBUG:Compression method 0
2019-06-20 01:13:53,219:DEBUG:STREAM b'pHYs' 3146 9
2019-06-20 01:13:53,219:DEBUG:STREAM b'iTXt' 3167 413
2019-06-20 01:13:53,219:DEBUG:STREAM b'iDOT' 3592 28
2019-06-20 01:13:53,219:DEBUG:b'iDOT' 3592 28 (unknown)
2019-06-20 01:13:53,219:DEBUG:STREAM b'IDAT' 3632 7390
2019-06-20 01:13:53,464:DEBUG:STREAM b'IHDR' 16 13
2019-06-20 01:13:53,464:DEBUG:STREAM b'iCCP' 41 3145
2019-06-20 01:13:53,464:DEBUG:iCCP profile name b'ICC Profile'
2019-06-20 01:13:53,464:DEBUG:Compression method 0
2019-06-20 01:13:53,464:DEBUG:STREAM b'pHYs' 3198 9
2019-06-20 01:13:53,464:DEBUG:STREAM b'iTXt' 3219 415
2019-06-20 01:13:53,464:DEBUG:STREAM b'iDOT' 3646 28
2019-06-20 01:13:53,465:DEBUG:b'iDOT' 3646 28 (unknown)
2019-06-20 01:13:53,465:DEBUG:STREAM b'IDAT' 3686 16384
2019-06-20 01:13:54,397:DEBUG:looking for steam library
2019-06-20 01:13:54,399:DEBUG:STREAM b'IHDR' 16 13
2019-06-20 01:13:54,400:DEBUG:STREAM b'iCCP' 41 3093
2019-06-20 01:13:54,400:DEBUG:iCCP profile name b'ICC Profile'
2019-06-20 01:13:54,400:DEBUG:Compression method 0
2019-06-20 01:13:54,400:DEBUG:STREAM b'pHYs' 3146 9
2019-06-20 01:13:54,400:DEBUG:STREAM b'iTXt' 3167 412
2019-06-20 01:13:54,400:DEBUG:STREAM b'iDOT' 3591 28
2019-06-20 01:13:54,400:DEBUG:b'iDOT' 3591 28 (unknown)
2019-06-20 01:13:54,401:DEBUG:STREAM b'IDAT' 3631 9220
2019-06-20 01:13:54,765:DEBUG:STREAM b'IHDR' 16 13
2019-06-20 01:13:54,765:DEBUG:STREAM b'iCCP' 41 3145
2019-06-20 01:13:54,765:DEBUG:iCCP profile name b'ICC Profile'
2019-06-20 01:13:54,766:DEBUG:Compression method 0
2019-06-20 01:13:54,766:DEBUG:STREAM b'pHYs' 3198 9
2019-06-20 01:13:54,766:DEBUG:STREAM b'iTXt' 3219 415
2019-06-20 01:13:54,766:DEBUG:STREAM b'iDOT' 3646 28
2019-06-20 01:13:54,766:DEBUG:b'iDOT' 3646 28 (unknown)
2019-06-20 01:13:54,766:DEBUG:STREAM b'IDAT' 3686 16384
2019-06-20 01:13:55,764:DEBUG:looking for ftl in steam
2019-06-20 01:13:55,770:DEBUG:STREAM b'IHDR' 16 13
2019-06-20 01:13:55,771:DEBUG:STREAM b'iCCP' 41 3093
2019-06-20 01:13:55,771:DEBUG:iCCP profile name b'ICC Profile'
2019-06-20 01:13:55,771:DEBUG:Compression method 0
2019-06-20 01:13:55,771:DEBUG:STREAM b'pHYs' 3146 9
2019-06-20 01:13:55,771:DEBUG:STREAM b'iTXt' 3167 412
2019-06-20 01:13:55,771:DEBUG:STREAM b'iDOT' 3591 28
2019-06-20 01:13:55,771:DEBUG:b'iDOT' 3591 28 (unknown)
2019-06-20 01:13:55,771:DEBUG:STREAM b'IDAT' 3631 4924
2019-06-20 01:13:56,124:DEBUG:STREAM b'IHDR' 16 13
2019-06-20 01:13:56,125:DEBUG:STREAM b'iCCP' 41 3145
2019-06-20 01:13:56,125:DEBUG:iCCP profile name b'ICC Profile'
2019-06-20 01:13:56,125:DEBUG:Compression method 0
2019-06-20 01:13:56,125:DEBUG:STREAM b'pHYs' 3198 9
2019-06-20 01:13:56,125:DEBUG:STREAM b'iTXt' 3219 415
2019-06-20 01:13:56,125:DEBUG:STREAM b'iDOT' 3646 28
2019-06-20 01:13:56,125:DEBUG:b'iDOT' 3646 28 (unknown)
2019-06-20 01:13:56,125:DEBUG:STREAM b'IDAT' 3686 16384
2019-06-20 01:13:57,120:DEBUG:looking for play button
2019-06-20 01:13:57,126:DEBUG:STREAM b'IHDR' 16 13
2019-06-20 01:13:57,126:DEBUG:STREAM b'iCCP' 41 3093
2019-06-20 01:13:57,126:DEBUG:iCCP profile name b'ICC Profile'
2019-06-20 01:13:57,126:DEBUG:Compression method 0
2019-06-20 01:13:57,127:DEBUG:STREAM b'pHYs' 3146 9
2019-06-20 01:13:57,127:DEBUG:STREAM b'iTXt' 3167 412
2019-06-20 01:13:57,127:DEBUG:STREAM b'iDOT' 3591 28
2019-06-20 01:13:57,127:DEBUG:b'iDOT' 3591 28 (unknown)
2019-06-20 01:13:57,127:DEBUG:STREAM b'IDAT' 3631 7544
2019-06-20 01:13:57,466:DEBUG:STREAM b'IHDR' 16 13
2019-06-20 01:13:57,466:DEBUG:STREAM b'iCCP' 41 3145
2019-06-20 01:13:57,466:DEBUG:iCCP profile name b'ICC Profile'
2019-06-20 01:13:57,466:DEBUG:Compression method 0
2019-06-20 01:13:57,466:DEBUG:STREAM b'pHYs' 3198 9
2019-06-20 01:13:57,466:DEBUG:STREAM b'iTXt' 3219 415
2019-06-20 01:13:57,467:DEBUG:STREAM b'iDOT' 3646 28
2019-06-20 01:13:57,467:DEBUG:b'iDOT' 3646 28 (unknown)
2019-06-20 01:13:57,467:DEBUG:STREAM b'IDAT' 3686 16384
2019-06-20 01:13:58,495:INFO:Game Start: ftl:2019-06-20 01:13:58.495179
2019-06-20 01:13:58,495:INFO:Starting New Game.
