2019-06-20 01:32:10,273:DEBUG:STREAM b'IHDR' 16 13
2019-06-20 01:32:10,273:DEBUG:STREAM b'iCCP' 41 3145
2019-06-20 01:32:10,273:DEBUG:iCCP profile name b'ICC Profile'
2019-06-20 01:32:10,273:DEBUG:Compression method 0
2019-06-20 01:32:10,273:DEBUG:STREAM b'pHYs' 3198 9
2019-06-20 01:32:10,273:DEBUG:STREAM b'iTXt' 3219 415
2019-06-20 01:32:10,273:DEBUG:STREAM b'iDOT' 3646 28
2019-06-20 01:32:10,273:DEBUG:b'iDOT' 3646 28 (unknown)
2019-06-20 01:32:10,274:DEBUG:STREAM b'IDAT' 3686 16384
2019-06-20 01:32:10,980:DEBUG:STREAM b'IHDR' 16 13
2019-06-20 01:32:10,980:DEBUG:STREAM b'iCCP' 41 3145
2019-06-20 01:32:10,980:DEBUG:iCCP profile name b'ICC Profile'
2019-06-20 01:32:10,980:DEBUG:Compression method 0
2019-06-20 01:32:10,980:DEBUG:STREAM b'pHYs' 3198 9
2019-06-20 01:32:10,980:DEBUG:STREAM b'iTXt' 3219 415
2019-06-20 01:32:10,981:DEBUG:STREAM b'iDOT' 3646 28
2019-06-20 01:32:10,981:DEBUG:b'iDOT' 3646 28 (unknown)
2019-06-20 01:32:10,981:DEBUG:STREAM b'IDAT' 3686 16384
2019-06-20 01:32:11,853:DEBUG:looking for steam icon
2019-06-20 01:32:11,858:DEBUG:STREAM b'IHDR' 16 13
2019-06-20 01:32:11,858:DEBUG:STREAM b'iCCP' 41 3093
2019-06-20 01:32:11,858:DEBUG:iCCP profile name b'ICC Profile'
2019-06-20 01:32:11,858:DEBUG:Compression method 0
2019-06-20 01:32:11,858:DEBUG:STREAM b'pHYs' 3146 9
2019-06-20 01:32:11,858:DEBUG:STREAM b'iTXt' 3167 413
2019-06-20 01:32:11,858:DEBUG:STREAM b'iDOT' 3592 28
2019-06-20 01:32:11,858:DEBUG:b'iDOT' 3592 28 (unknown)
2019-06-20 01:32:11,859:DEBUG:STREAM b'IDAT' 3632 7390
2019-06-20 01:32:12,109:DEBUG:STREAM b'IHDR' 16 13
2019-06-20 01:32:12,109:DEBUG:STREAM b'iCCP' 41 3145
2019-06-20 01:32:12,110:DEBUG:iCCP profile name b'ICC Profile'
2019-06-20 01:32:12,110:DEBUG:Compression method 0
2019-06-20 01:32:12,110:DEBUG:STREAM b'pHYs' 3198 9
2019-06-20 01:32:12,110:DEBUG:STREAM b'iTXt' 3219 415
2019-06-20 01:32:12,110:DEBUG:STREAM b'iDOT' 3646 28
2019-06-20 01:32:12,110:DEBUG:b'iDOT' 3646 28 (unknown)
2019-06-20 01:32:12,110:DEBUG:STREAM b'IDAT' 3686 16384
2019-06-20 01:32:13,072:DEBUG:looking for steam library
2019-06-20 01:32:13,074:DEBUG:STREAM b'IHDR' 16 13
2019-06-20 01:32:13,075:DEBUG:STREAM b'iCCP' 41 3093
2019-06-20 01:32:13,075:DEBUG:iCCP profile name b'ICC Profile'
2019-06-20 01:32:13,075:DEBUG:Compression method 0
2019-06-20 01:32:13,075:DEBUG:STREAM b'pHYs' 3146 9
2019-06-20 01:32:13,075:DEBUG:STREAM b'iTXt' 3167 412
2019-06-20 01:32:13,075:DEBUG:STREAM b'iDOT' 3591 28
2019-06-20 01:32:13,075:DEBUG:b'iDOT' 3591 28 (unknown)
2019-06-20 01:32:13,075:DEBUG:STREAM b'IDAT' 3631 9220
2019-06-20 01:32:13,456:DEBUG:STREAM b'IHDR' 16 13
2019-06-20 01:32:13,456:DEBUG:STREAM b'iCCP' 41 3145
2019-06-20 01:32:13,456:DEBUG:iCCP profile name b'ICC Profile'
2019-06-20 01:32:13,457:DEBUG:Compression method 0
2019-06-20 01:32:13,457:DEBUG:STREAM b'pHYs' 3198 9
2019-06-20 01:32:13,457:DEBUG:STREAM b'iTXt' 3219 415
2019-06-20 01:32:13,457:DEBUG:STREAM b'iDOT' 3646 28
2019-06-20 01:32:13,457:DEBUG:b'iDOT' 3646 28 (unknown)
2019-06-20 01:32:13,457:DEBUG:STREAM b'IDAT' 3686 16384
2019-06-20 01:32:14,515:DEBUG:looking for ftl in steam
2019-06-20 01:32:14,517:DEBUG:STREAM b'IHDR' 16 13
2019-06-20 01:32:14,517:DEBUG:STREAM b'iCCP' 41 3093
2019-06-20 01:32:14,517:DEBUG:iCCP profile name b'ICC Profile'
2019-06-20 01:32:14,517:DEBUG:Compression method 0
2019-06-20 01:32:14,517:DEBUG:STREAM b'pHYs' 3146 9
2019-06-20 01:32:14,517:DEBUG:STREAM b'iTXt' 3167 412
2019-06-20 01:32:14,517:DEBUG:STREAM b'iDOT' 3591 28
2019-06-20 01:32:14,518:DEBUG:b'iDOT' 3591 28 (unknown)
2019-06-20 01:32:14,518:DEBUG:STREAM b'IDAT' 3631 4924
2019-06-20 01:32:14,925:DEBUG:STREAM b'IHDR' 16 13
2019-06-20 01:32:14,926:DEBUG:STREAM b'iCCP' 41 3145
2019-06-20 01:32:14,926:DEBUG:iCCP profile name b'ICC Profile'
2019-06-20 01:32:14,926:DEBUG:Compression method 0
2019-06-20 01:32:14,926:DEBUG:STREAM b'pHYs' 3198 9
2019-06-20 01:32:14,926:DEBUG:STREAM b'iTXt' 3219 415
2019-06-20 01:32:14,926:DEBUG:STREAM b'iDOT' 3646 28
2019-06-20 01:32:14,927:DEBUG:b'iDOT' 3646 28 (unknown)
2019-06-20 01:32:14,927:DEBUG:STREAM b'IDAT' 3686 16384
2019-06-20 01:32:15,969:DEBUG:looking for play button
2019-06-20 01:32:15,972:DEBUG:STREAM b'IHDR' 16 13
2019-06-20 01:32:15,972:DEBUG:STREAM b'iCCP' 41 3093
2019-06-20 01:32:15,972:DEBUG:iCCP profile name b'ICC Profile'
2019-06-20 01:32:15,972:DEBUG:Compression method 0
2019-06-20 01:32:15,972:DEBUG:STREAM b'pHYs' 3146 9
2019-06-20 01:32:15,972:DEBUG:STREAM b'iTXt' 3167 412
2019-06-20 01:32:15,972:DEBUG:STREAM b'iDOT' 3591 28
2019-06-20 01:32:15,972:DEBUG:b'iDOT' 3591 28 (unknown)
2019-06-20 01:32:15,973:DEBUG:STREAM b'IDAT' 3631 7544
2019-06-20 01:32:16,341:DEBUG:STREAM b'IHDR' 16 13
2019-06-20 01:32:16,342:DEBUG:STREAM b'iCCP' 41 3145
2019-06-20 01:32:16,342:DEBUG:iCCP profile name b'ICC Profile'
2019-06-20 01:32:16,342:DEBUG:Compression method 0
2019-06-20 01:32:16,342:DEBUG:STREAM b'pHYs' 3198 9
2019-06-20 01:32:16,342:DEBUG:STREAM b'iTXt' 3219 415
2019-06-20 01:32:16,342:DEBUG:STREAM b'iDOT' 3646 28
2019-06-20 01:32:16,342:DEBUG:b'iDOT' 3646 28 (unknown)
2019-06-20 01:32:16,342:DEBUG:STREAM b'IDAT' 3686 16384
2019-06-20 01:32:17,404:INFO:Game Start: ftl:2019-06-20 01:32:17.404167
2019-06-20 01:32:17,404:INFO:Starting New Game.
2019-06-20 01:32:22,409:DEBUG:STREAM b'IHDR' 16 13
2019-06-20 01:32:22,409:DEBUG:STREAM b'iCCP' 41 3093
2019-06-20 01:32:22,409:DEBUG:iCCP profile name b'ICC Profile'
2019-06-20 01:32:22,410:DEBUG:Compression method 0
2019-06-20 01:32:22,410:DEBUG:STREAM b'pHYs' 3146 9
2019-06-20 01:32:22,410:DEBUG:STREAM b'iTXt' 3167 412
2019-06-20 01:32:22,410:DEBUG:STREAM b'iDOT' 3591 28
2019-06-20 01:32:22,410:DEBUG:b'iDOT' 3591 28 (unknown)
2019-06-20 01:32:22,410:DEBUG:STREAM b'IDAT' 3631 12055
2019-06-20 01:32:22,817:DEBUG:STREAM b'IHDR' 16 13
2019-06-20 01:32:22,817:DEBUG:STREAM b'iCCP' 41 3145
2019-06-20 01:32:22,817:DEBUG:iCCP profile name b'ICC Profile'
2019-06-20 01:32:22,818:DEBUG:Compression method 0
2019-06-20 01:32:22,818:DEBUG:STREAM b'pHYs' 3198 9
2019-06-20 01:32:22,818:DEBUG:STREAM b'iTXt' 3219 415
2019-06-20 01:32:22,818:DEBUG:STREAM b'iDOT' 3646 28
2019-06-20 01:32:22,818:DEBUG:b'iDOT' 3646 28 (unknown)
2019-06-20 01:32:22,818:DEBUG:STREAM b'IDAT' 3686 16384
2019-06-20 01:32:23,891:DEBUG:STREAM b'IHDR' 16 13
2019-06-20 01:32:23,891:DEBUG:STREAM b'iCCP' 41 3093
2019-06-20 01:32:23,891:DEBUG:iCCP profile name b'ICC Profile'
2019-06-20 01:32:23,891:DEBUG:Compression method 0
2019-06-20 01:32:23,891:DEBUG:STREAM b'pHYs' 3146 9
2019-06-20 01:32:23,891:DEBUG:STREAM b'iTXt' 3167 412
2019-06-20 01:32:23,892:DEBUG:STREAM b'iDOT' 3591 28
2019-06-20 01:32:23,892:DEBUG:b'iDOT' 3591 28 (unknown)
2019-06-20 01:32:23,892:DEBUG:STREAM b'IDAT' 3631 1658
2019-06-20 01:32:24,178:DEBUG:STREAM b'IHDR' 16 13
2019-06-20 01:32:24,178:DEBUG:STREAM b'iCCP' 41 3145
2019-06-20 01:32:24,178:DEBUG:iCCP profile name b'ICC Profile'
2019-06-20 01:32:24,178:DEBUG:Compression method 0
2019-06-20 01:32:24,178:DEBUG:STREAM b'pHYs' 3198 9
2019-06-20 01:32:24,178:DEBUG:STREAM b'iTXt' 3219 415
2019-06-20 01:32:24,179:DEBUG:STREAM b'iDOT' 3646 28
2019-06-20 01:32:24,179:DEBUG:b'iDOT' 3646 28 (unknown)
2019-06-20 01:32:24,179:DEBUG:STREAM b'IDAT' 3686 16384
2019-06-20 01:32:25,253:DEBUG:STREAM b'IHDR' 16 13
2019-06-20 01:32:25,254:DEBUG:STREAM b'iCCP' 41 3093
2019-06-20 01:32:25,254:DEBUG:iCCP profile name b'ICC Profile'
2019-06-20 01:32:25,254:DEBUG:Compression method 0
2019-06-20 01:32:25,254:DEBUG:STREAM b'pHYs' 3146 9
2019-06-20 01:32:25,254:DEBUG:STREAM b'iTXt' 3167 413
2019-06-20 01:32:25,254:DEBUG:STREAM b'iDOT' 3592 28
2019-06-20 01:32:25,254:DEBUG:b'iDOT' 3592 28 (unknown)
2019-06-20 01:32:25,255:DEBUG:STREAM b'IDAT' 3632 3594
2019-06-20 01:32:25,624:DEBUG:STREAM b'IHDR' 16 13
2019-06-20 01:32:25,624:DEBUG:STREAM b'iCCP' 41 3145
2019-06-20 01:32:25,625:DEBUG:iCCP profile name b'ICC Profile'
2019-06-20 01:32:25,625:DEBUG:Compression method 0
2019-06-20 01:32:25,625:DEBUG:STREAM b'pHYs' 3198 9
2019-06-20 01:32:25,625:DEBUG:STREAM b'iTXt' 3219 415
2019-06-20 01:32:25,625:DEBUG:STREAM b'iDOT' 3646 28
2019-06-20 01:32:25,625:DEBUG:b'iDOT' 3646 28 (unknown)
2019-06-20 01:32:25,625:DEBUG:STREAM b'IDAT' 3686 16384
2019-06-20 01:32:26,718:DEBUG:STREAM b'IHDR' 16 13
2019-06-20 01:32:26,718:DEBUG:STREAM b'iCCP' 41 3093
2019-06-20 01:32:26,718:DEBUG:iCCP profile name b'ICC Profile'
2019-06-20 01:32:26,718:DEBUG:Compression method 0
2019-06-20 01:32:26,718:DEBUG:STREAM b'pHYs' 3146 9
2019-06-20 01:32:26,718:DEBUG:STREAM b'iTXt' 3167 412
2019-06-20 01:32:26,718:DEBUG:STREAM b'iDOT' 3591 28
2019-06-20 01:32:26,719:DEBUG:b'iDOT' 3591 28 (unknown)
2019-06-20 01:32:26,719:DEBUG:STREAM b'IDAT' 3631 3077
2019-06-20 01:32:27,113:DEBUG:STREAM b'IHDR' 16 13
2019-06-20 01:32:27,113:DEBUG:STREAM b'iCCP' 41 3145
2019-06-20 01:32:27,113:DEBUG:iCCP profile name b'ICC Profile'
2019-06-20 01:32:27,113:DEBUG:Compression method 0
2019-06-20 01:32:27,113:DEBUG:STREAM b'pHYs' 3198 9
2019-06-20 01:32:27,113:DEBUG:STREAM b'iTXt' 3219 415
2019-06-20 01:32:27,113:DEBUG:STREAM b'iDOT' 3646 28
2019-06-20 01:32:27,113:DEBUG:b'iDOT' 3646 28 (unknown)
2019-06-20 01:32:27,114:DEBUG:STREAM b'IDAT' 3686 16384
2019-06-20 01:32:28,201:INFO:Playing Game.
2019-06-20 01:32:28,204:DEBUG:STREAM b'IHDR' 16 13
2019-06-20 01:32:28,204:DEBUG:STREAM b'iCCP' 41 3093
2019-06-20 01:32:28,204:DEBUG:iCCP profile name b'ICC Profile'
2019-06-20 01:32:28,204:DEBUG:Compression method 0
2019-06-20 01:32:28,204:DEBUG:STREAM b'pHYs' 3146 9
2019-06-20 01:32:28,205:DEBUG:STREAM b'iTXt' 3167 413
2019-06-20 01:32:28,205:DEBUG:STREAM b'iDOT' 3592 28
2019-06-20 01:32:28,205:DEBUG:b'iDOT' 3592 28 (unknown)
2019-06-20 01:32:28,205:DEBUG:STREAM b'IDAT' 3632 2481
2019-06-20 01:32:28,669:DEBUG:STREAM b'IHDR' 16 13
2019-06-20 01:32:28,670:DEBUG:STREAM b'iCCP' 41 3145
2019-06-20 01:32:28,670:DEBUG:iCCP profile name b'ICC Profile'
2019-06-20 01:32:28,670:DEBUG:Compression method 0
2019-06-20 01:32:28,670:DEBUG:STREAM b'pHYs' 3198 9
2019-06-20 01:32:28,670:DEBUG:STREAM b'iTXt' 3219 415
2019-06-20 01:32:28,670:DEBUG:STREAM b'iDOT' 3646 28
2019-06-20 01:32:28,670:DEBUG:b'iDOT' 3646 28 (unknown)
2019-06-20 01:32:28,671:DEBUG:STREAM b'IDAT' 3686 16384
2019-06-20 01:32:29,778:DEBUG:Collecting Jump Routes.
2019-06-20 01:32:30,669:DEBUG:STREAM b'IHDR' 16 13
2019-06-20 01:32:30,670:DEBUG:STREAM b'iCCP' 41 3145
2019-06-20 01:32:30,670:DEBUG:iCCP profile name b'ICC Profile'
2019-06-20 01:32:30,670:DEBUG:Compression method 0
2019-06-20 01:32:30,670:DEBUG:STREAM b'pHYs' 3198 9
2019-06-20 01:32:30,670:DEBUG:STREAM b'iTXt' 3219 415
2019-06-20 01:32:30,670:DEBUG:STREAM b'iDOT' 3646 28
2019-06-20 01:32:30,671:DEBUG:b'iDOT' 3646 28 (unknown)
2019-06-20 01:32:30,671:DEBUG:STREAM b'IDAT' 3686 16384
2019-06-20 01:32:31,565:DEBUG:STREAM b'IHDR' 16 13
2019-06-20 01:32:31,566:DEBUG:STREAM b'iCCP' 41 3145
2019-06-20 01:32:31,566:DEBUG:iCCP profile name b'ICC Profile'
2019-06-20 01:32:31,566:DEBUG:Compression method 0
2019-06-20 01:32:31,566:DEBUG:STREAM b'pHYs' 3198 9
2019-06-20 01:32:31,567:DEBUG:STREAM b'iTXt' 3219 415
2019-06-20 01:32:31,567:DEBUG:STREAM b'iDOT' 3646 28
2019-06-20 01:32:31,567:DEBUG:b'iDOT' 3646 28 (unknown)
2019-06-20 01:32:31,570:DEBUG:STREAM b'IDAT' 3686 16384
2019-06-20 01:32:32,464:DEBUG:STREAM b'IHDR' 16 13
2019-06-20 01:32:32,464:DEBUG:STREAM b'iCCP' 41 3145
2019-06-20 01:32:32,464:DEBUG:iCCP profile name b'ICC Profile'
2019-06-20 01:32:32,464:DEBUG:Compression method 0
2019-06-20 01:32:32,465:DEBUG:STREAM b'pHYs' 3198 9
2019-06-20 01:32:32,465:DEBUG:STREAM b'iTXt' 3219 415
2019-06-20 01:32:32,465:DEBUG:STREAM b'iDOT' 3646 28
2019-06-20 01:32:32,465:DEBUG:b'iDOT' 3646 28 (unknown)
2019-06-20 01:32:32,465:DEBUG:STREAM b'IDAT' 3686 16384
2019-06-20 01:32:33,655:INFO:[1758, 416] Waypoint Clicked 
2019-06-20 01:32:34,024:DEBUG:STREAM b'IHDR' 16 13
2019-06-20 01:32:34,025:DEBUG:STREAM b'iCCP' 41 3145
2019-06-20 01:32:34,025:DEBUG:iCCP profile name b'ICC Profile'
2019-06-20 01:32:34,025:DEBUG:Compression method 0
2019-06-20 01:32:34,025:DEBUG:STREAM b'pHYs' 3198 9
2019-06-20 01:32:34,025:DEBUG:STREAM b'iTXt' 3219 415
2019-06-20 01:32:34,025:DEBUG:STREAM b'iDOT' 3646 28
2019-06-20 01:32:34,025:DEBUG:b'iDOT' 3646 28 (unknown)
2019-06-20 01:32:34,025:DEBUG:STREAM b'IDAT' 3686 16384
2019-06-20 01:32:34,557:INFO:[1758, 416] Failed Jump. 
2019-06-20 01:32:35,287:INFO:[1759, 416] Waypoint Clicked 
2019-06-20 01:32:35,669:DEBUG:STREAM b'IHDR' 16 13
2019-06-20 01:32:35,669:DEBUG:STREAM b'iCCP' 41 3145
2019-06-20 01:32:35,669:DEBUG:iCCP profile name b'ICC Profile'
2019-06-20 01:32:35,669:DEBUG:Compression method 0
2019-06-20 01:32:35,670:DEBUG:STREAM b'pHYs' 3198 9
2019-06-20 01:32:35,670:DEBUG:STREAM b'iTXt' 3219 415
2019-06-20 01:32:35,670:DEBUG:STREAM b'iDOT' 3646 28
2019-06-20 01:32:35,670:DEBUG:b'iDOT' 3646 28 (unknown)
2019-06-20 01:32:35,670:DEBUG:STREAM b'IDAT' 3686 16384
2019-06-20 01:32:36,204:INFO:[1759, 416] Failed Jump. 
2019-06-20 01:32:36,925:INFO:[1758, 417] Waypoint Clicked 
2019-06-20 01:32:37,291:DEBUG:STREAM b'IHDR' 16 13
2019-06-20 01:32:37,291:DEBUG:STREAM b'iCCP' 41 3145
2019-06-20 01:32:37,291:DEBUG:iCCP profile name b'ICC Profile'
2019-06-20 01:32:37,292:DEBUG:Compression method 0
2019-06-20 01:32:37,292:DEBUG:STREAM b'pHYs' 3198 9
2019-06-20 01:32:37,292:DEBUG:STREAM b'iTXt' 3219 415
2019-06-20 01:32:37,292:DEBUG:STREAM b'iDOT' 3646 28
2019-06-20 01:32:37,292:DEBUG:b'iDOT' 3646 28 (unknown)
2019-06-20 01:32:37,292:DEBUG:STREAM b'IDAT' 3686 16384
2019-06-20 01:32:37,865:INFO:[1758, 417] Failed Jump. 
2019-06-20 01:32:38,587:INFO:[1828, 422] Waypoint Clicked 
2019-06-20 01:32:38,963:DEBUG:STREAM b'IHDR' 16 13
2019-06-20 01:32:38,963:DEBUG:STREAM b'iCCP' 41 3145
2019-06-20 01:32:38,963:DEBUG:iCCP profile name b'ICC Profile'
2019-06-20 01:32:38,963:DEBUG:Compression method 0
2019-06-20 01:32:38,963:DEBUG:STREAM b'pHYs' 3198 9
2019-06-20 01:32:38,964:DEBUG:STREAM b'iTXt' 3219 415
2019-06-20 01:32:38,964:DEBUG:STREAM b'iDOT' 3646 28
2019-06-20 01:32:38,964:DEBUG:b'iDOT' 3646 28 (unknown)
2019-06-20 01:32:38,964:DEBUG:STREAM b'IDAT' 3686 16384
2019-06-20 01:32:39,521:INFO:[1828, 422] Failed Jump. 
2019-06-20 01:32:40,241:INFO:[1829, 422] Waypoint Clicked 
2019-06-20 01:32:40,633:DEBUG:STREAM b'IHDR' 16 13
2019-06-20 01:32:40,634:DEBUG:STREAM b'iCCP' 41 3145
2019-06-20 01:32:40,634:DEBUG:iCCP profile name b'ICC Profile'
2019-06-20 01:32:40,634:DEBUG:Compression method 0
2019-06-20 01:32:40,634:DEBUG:STREAM b'pHYs' 3198 9
2019-06-20 01:32:40,634:DEBUG:STREAM b'iTXt' 3219 415
2019-06-20 01:32:40,635:DEBUG:STREAM b'iDOT' 3646 28
2019-06-20 01:32:40,635:DEBUG:b'iDOT' 3646 28 (unknown)
2019-06-20 01:32:40,635:DEBUG:STREAM b'IDAT' 3686 16384
2019-06-20 01:32:41,221:INFO:[1829, 422] Failed Jump. 
2019-06-20 01:32:41,942:INFO:[1828, 423] Waypoint Clicked 
