2019-06-20 01:39:16,345:DEBUG:STREAM b'IHDR' 16 13
2019-06-20 01:39:16,346:DEBUG:STREAM b'iCCP' 41 3145
2019-06-20 01:39:16,346:DEBUG:iCCP profile name b'ICC Profile'
2019-06-20 01:39:16,346:DEBUG:Compression method 0
2019-06-20 01:39:16,346:DEBUG:STREAM b'pHYs' 3198 9
2019-06-20 01:39:16,347:DEBUG:STREAM b'iTXt' 3219 415
2019-06-20 01:39:16,347:DEBUG:STREAM b'iDOT' 3646 28
2019-06-20 01:39:16,347:DEBUG:b'iDOT' 3646 28 (unknown)
2019-06-20 01:39:16,347:DEBUG:STREAM b'IDAT' 3686 16384
2019-06-20 01:39:17,134:DEBUG:STREAM b'IHDR' 16 13
2019-06-20 01:39:17,135:DEBUG:STREAM b'iCCP' 41 3145
2019-06-20 01:39:17,135:DEBUG:iCCP profile name b'ICC Profile'
2019-06-20 01:39:17,135:DEBUG:Compression method 0
2019-06-20 01:39:17,135:DEBUG:STREAM b'pHYs' 3198 9
2019-06-20 01:39:17,135:DEBUG:STREAM b'iTXt' 3219 415
2019-06-20 01:39:17,136:DEBUG:STREAM b'iDOT' 3646 28
2019-06-20 01:39:17,136:DEBUG:b'iDOT' 3646 28 (unknown)
2019-06-20 01:39:17,136:DEBUG:STREAM b'IDAT' 3686 16384
2019-06-20 01:39:18,048:DEBUG:looking for steam icon
2019-06-20 01:39:18,050:DEBUG:STREAM b'IHDR' 16 13
2019-06-20 01:39:18,050:DEBUG:STREAM b'iCCP' 41 3093
2019-06-20 01:39:18,050:DEBUG:iCCP profile name b'ICC Profile'
2019-06-20 01:39:18,050:DEBUG:Compression method 0
2019-06-20 01:39:18,051:DEBUG:STREAM b'pHYs' 3146 9
2019-06-20 01:39:18,051:DEBUG:STREAM b'iTXt' 3167 413
2019-06-20 01:39:18,051:DEBUG:STREAM b'iDOT' 3592 28
2019-06-20 01:39:18,051:DEBUG:b'iDOT' 3592 28 (unknown)
2019-06-20 01:39:18,051:DEBUG:STREAM b'IDAT' 3632 7390
2019-06-20 01:39:18,314:DEBUG:STREAM b'IHDR' 16 13
2019-06-20 01:39:18,314:DEBUG:STREAM b'iCCP' 41 3145
2019-06-20 01:39:18,314:DEBUG:iCCP profile name b'ICC Profile'
2019-06-20 01:39:18,315:DEBUG:Compression method 0
2019-06-20 01:39:18,315:DEBUG:STREAM b'pHYs' 3198 9
2019-06-20 01:39:18,315:DEBUG:STREAM b'iTXt' 3219 415
2019-06-20 01:39:18,315:DEBUG:STREAM b'iDOT' 3646 28
2019-06-20 01:39:18,315:DEBUG:b'iDOT' 3646 28 (unknown)
2019-06-20 01:39:18,315:DEBUG:STREAM b'IDAT' 3686 16384
2019-06-20 01:39:19,290:DEBUG:looking for steam library
2019-06-20 01:39:19,293:DEBUG:STREAM b'IHDR' 16 13
2019-06-20 01:39:19,293:DEBUG:STREAM b'iCCP' 41 3093
2019-06-20 01:39:19,293:DEBUG:iCCP profile name b'ICC Profile'
2019-06-20 01:39:19,293:DEBUG:Compression method 0
2019-06-20 01:39:19,293:DEBUG:STREAM b'pHYs' 3146 9
2019-06-20 01:39:19,293:DEBUG:STREAM b'iTXt' 3167 412
2019-06-20 01:39:19,293:DEBUG:STREAM b'iDOT' 3591 28
2019-06-20 01:39:19,293:DEBUG:b'iDOT' 3591 28 (unknown)
2019-06-20 01:39:19,293:DEBUG:STREAM b'IDAT' 3631 9220
2019-06-20 01:39:19,694:DEBUG:STREAM b'IHDR' 16 13
2019-06-20 01:39:19,694:DEBUG:STREAM b'iCCP' 41 3145
2019-06-20 01:39:19,695:DEBUG:iCCP profile name b'ICC Profile'
2019-06-20 01:39:19,695:DEBUG:Compression method 0
2019-06-20 01:39:19,695:DEBUG:STREAM b'pHYs' 3198 9
2019-06-20 01:39:19,695:DEBUG:STREAM b'iTXt' 3219 415
2019-06-20 01:39:19,695:DEBUG:STREAM b'iDOT' 3646 28
2019-06-20 01:39:19,695:DEBUG:b'iDOT' 3646 28 (unknown)
2019-06-20 01:39:19,695:DEBUG:STREAM b'IDAT' 3686 16384
2019-06-20 01:39:20,737:DEBUG:looking for ftl in steam
2019-06-20 01:39:20,740:DEBUG:STREAM b'IHDR' 16 13
2019-06-20 01:39:20,740:DEBUG:STREAM b'iCCP' 41 3093
2019-06-20 01:39:20,740:DEBUG:iCCP profile name b'ICC Profile'
2019-06-20 01:39:20,740:DEBUG:Compression method 0
2019-06-20 01:39:20,740:DEBUG:STREAM b'pHYs' 3146 9
2019-06-20 01:39:20,740:DEBUG:STREAM b'iTXt' 3167 412
2019-06-20 01:39:20,740:DEBUG:STREAM b'iDOT' 3591 28
2019-06-20 01:39:20,740:DEBUG:b'iDOT' 3591 28 (unknown)
2019-06-20 01:39:20,740:DEBUG:STREAM b'IDAT' 3631 4924
2019-06-20 01:39:21,113:DEBUG:STREAM b'IHDR' 16 13
2019-06-20 01:39:21,113:DEBUG:STREAM b'iCCP' 41 3145
2019-06-20 01:39:21,113:DEBUG:iCCP profile name b'ICC Profile'
2019-06-20 01:39:21,113:DEBUG:Compression method 0
2019-06-20 01:39:21,113:DEBUG:STREAM b'pHYs' 3198 9
2019-06-20 01:39:21,113:DEBUG:STREAM b'iTXt' 3219 415
2019-06-20 01:39:21,113:DEBUG:STREAM b'iDOT' 3646 28
2019-06-20 01:39:21,113:DEBUG:b'iDOT' 3646 28 (unknown)
2019-06-20 01:39:21,114:DEBUG:STREAM b'IDAT' 3686 16384
2019-06-20 01:39:22,144:DEBUG:looking for play button
2019-06-20 01:39:22,150:DEBUG:STREAM b'IHDR' 16 13
2019-06-20 01:39:22,150:DEBUG:STREAM b'iCCP' 41 3093
2019-06-20 01:39:22,150:DEBUG:iCCP profile name b'ICC Profile'
2019-06-20 01:39:22,150:DEBUG:Compression method 0
2019-06-20 01:39:22,150:DEBUG:STREAM b'pHYs' 3146 9
2019-06-20 01:39:22,151:DEBUG:STREAM b'iTXt' 3167 412
2019-06-20 01:39:22,151:DEBUG:STREAM b'iDOT' 3591 28
2019-06-20 01:39:22,151:DEBUG:b'iDOT' 3591 28 (unknown)
2019-06-20 01:39:22,151:DEBUG:STREAM b'IDAT' 3631 7544
2019-06-20 01:39:22,514:DEBUG:STREAM b'IHDR' 16 13
2019-06-20 01:39:22,514:DEBUG:STREAM b'iCCP' 41 3145
2019-06-20 01:39:22,514:DEBUG:iCCP profile name b'ICC Profile'
2019-06-20 01:39:22,515:DEBUG:Compression method 0
2019-06-20 01:39:22,515:DEBUG:STREAM b'pHYs' 3198 9
2019-06-20 01:39:22,515:DEBUG:STREAM b'iTXt' 3219 415
2019-06-20 01:39:22,515:DEBUG:STREAM b'iDOT' 3646 28
2019-06-20 01:39:22,515:DEBUG:b'iDOT' 3646 28 (unknown)
2019-06-20 01:39:22,515:DEBUG:STREAM b'IDAT' 3686 16384
2019-06-20 01:39:23,574:INFO:Game Start: ftl:2019-06-20 01:39:23.574420
2019-06-20 01:39:23,574:INFO:Starting New Game.
2019-06-20 01:39:28,617:DEBUG:STREAM b'IHDR' 16 13
2019-06-20 01:39:28,617:DEBUG:STREAM b'iCCP' 41 3093
2019-06-20 01:39:28,617:DEBUG:iCCP profile name b'ICC Profile'
2019-06-20 01:39:28,617:DEBUG:Compression method 0
2019-06-20 01:39:28,617:DEBUG:STREAM b'pHYs' 3146 9
2019-06-20 01:39:28,618:DEBUG:STREAM b'iTXt' 3167 412
2019-06-20 01:39:28,618:DEBUG:STREAM b'iDOT' 3591 28
2019-06-20 01:39:28,618:DEBUG:b'iDOT' 3591 28 (unknown)
2019-06-20 01:39:28,618:DEBUG:STREAM b'IDAT' 3631 12055
2019-06-20 01:39:28,986:DEBUG:STREAM b'IHDR' 16 13
2019-06-20 01:39:28,986:DEBUG:STREAM b'iCCP' 41 3145
2019-06-20 01:39:28,986:DEBUG:iCCP profile name b'ICC Profile'
2019-06-20 01:39:28,986:DEBUG:Compression method 0
2019-06-20 01:39:28,986:DEBUG:STREAM b'pHYs' 3198 9
2019-06-20 01:39:28,986:DEBUG:STREAM b'iTXt' 3219 415
2019-06-20 01:39:28,986:DEBUG:STREAM b'iDOT' 3646 28
2019-06-20 01:39:28,987:DEBUG:b'iDOT' 3646 28 (unknown)
2019-06-20 01:39:28,987:DEBUG:STREAM b'IDAT' 3686 16384
