2019-06-20 01:42:01,451:DEBUG:STREAM b'IHDR' 16 13
2019-06-20 01:42:01,451:DEBUG:STREAM b'iCCP' 41 3145
2019-06-20 01:42:01,451:DEBUG:iCCP profile name b'ICC Profile'
2019-06-20 01:42:01,451:DEBUG:Compression method 0
2019-06-20 01:42:01,451:DEBUG:STREAM b'pHYs' 3198 9
2019-06-20 01:42:01,451:DEBUG:STREAM b'iTXt' 3219 415
2019-06-20 01:42:01,452:DEBUG:STREAM b'iDOT' 3646 28
2019-06-20 01:42:01,452:DEBUG:b'iDOT' 3646 28 (unknown)
2019-06-20 01:42:01,452:DEBUG:STREAM b'IDAT' 3686 16384
2019-06-20 01:42:02,237:DEBUG:STREAM b'IHDR' 16 13
2019-06-20 01:42:02,238:DEBUG:STREAM b'iCCP' 41 3145
2019-06-20 01:42:02,238:DEBUG:iCCP profile name b'ICC Profile'
2019-06-20 01:42:02,238:DEBUG:Compression method 0
2019-06-20 01:42:02,238:DEBUG:STREAM b'pHYs' 3198 9
2019-06-20 01:42:02,239:DEBUG:STREAM b'iTXt' 3219 415
2019-06-20 01:42:02,239:DEBUG:STREAM b'iDOT' 3646 28
2019-06-20 01:42:02,239:DEBUG:b'iDOT' 3646 28 (unknown)
2019-06-20 01:42:02,239:DEBUG:STREAM b'IDAT' 3686 16384
2019-06-20 01:42:03,149:DEBUG:looking for steam icon
2019-06-20 01:42:03,151:DEBUG:STREAM b'IHDR' 16 13
2019-06-20 01:42:03,151:DEBUG:STREAM b'iCCP' 41 3093
2019-06-20 01:42:03,151:DEBUG:iCCP profile name b'ICC Profile'
2019-06-20 01:42:03,151:DEBUG:Compression method 0
2019-06-20 01:42:03,152:DEBUG:STREAM b'pHYs' 3146 9
2019-06-20 01:42:03,152:DEBUG:STREAM b'iTXt' 3167 413
2019-06-20 01:42:03,152:DEBUG:STREAM b'iDOT' 3592 28
2019-06-20 01:42:03,152:DEBUG:b'iDOT' 3592 28 (unknown)
2019-06-20 01:42:03,152:DEBUG:STREAM b'IDAT' 3632 7390
2019-06-20 01:42:03,377:DEBUG:STREAM b'IHDR' 16 13
2019-06-20 01:42:03,377:DEBUG:STREAM b'iCCP' 41 3145
2019-06-20 01:42:03,377:DEBUG:iCCP profile name b'ICC Profile'
2019-06-20 01:42:03,377:DEBUG:Compression method 0
2019-06-20 01:42:03,378:DEBUG:STREAM b'pHYs' 3198 9
2019-06-20 01:42:03,378:DEBUG:STREAM b'iTXt' 3219 415
2019-06-20 01:42:03,378:DEBUG:STREAM b'iDOT' 3646 28
2019-06-20 01:42:03,378:DEBUG:b'iDOT' 3646 28 (unknown)
2019-06-20 01:42:03,378:DEBUG:STREAM b'IDAT' 3686 16384
2019-06-20 01:42:03,803:DEBUG:looking for steam library
2019-06-20 01:42:03,804:DEBUG:STREAM b'IHDR' 16 13
2019-06-20 01:42:03,804:DEBUG:STREAM b'iCCP' 41 3093
2019-06-20 01:42:03,804:DEBUG:iCCP profile name b'ICC Profile'
2019-06-20 01:42:03,804:DEBUG:Compression method 0
2019-06-20 01:42:03,804:DEBUG:STREAM b'pHYs' 3146 9
2019-06-20 01:42:03,805:DEBUG:STREAM b'iTXt' 3167 412
2019-06-20 01:42:03,805:DEBUG:STREAM b'iDOT' 3591 28
2019-06-20 01:42:03,805:DEBUG:b'iDOT' 3591 28 (unknown)
2019-06-20 01:42:03,805:DEBUG:STREAM b'IDAT' 3631 9220
2019-06-20 01:42:04,337:DEBUG:STREAM b'IHDR' 16 13
2019-06-20 01:42:04,337:DEBUG:STREAM b'iCCP' 41 3145
2019-06-20 01:42:04,337:DEBUG:iCCP profile name b'ICC Profile'
2019-06-20 01:42:04,337:DEBUG:Compression method 0
2019-06-20 01:42:04,337:DEBUG:STREAM b'pHYs' 3198 9
2019-06-20 01:42:04,337:DEBUG:STREAM b'iTXt' 3219 415
2019-06-20 01:42:04,337:DEBUG:STREAM b'iDOT' 3646 28
2019-06-20 01:42:04,337:DEBUG:b'iDOT' 3646 28 (unknown)
2019-06-20 01:42:04,337:DEBUG:STREAM b'IDAT' 3686 16384
2019-06-20 01:42:05,505:DEBUG:looking for ftl in steam
2019-06-20 01:42:05,511:DEBUG:STREAM b'IHDR' 16 13
2019-06-20 01:42:05,511:DEBUG:STREAM b'iCCP' 41 3093
2019-06-20 01:42:05,511:DEBUG:iCCP profile name b'ICC Profile'
2019-06-20 01:42:05,511:DEBUG:Compression method 0
2019-06-20 01:42:05,512:DEBUG:STREAM b'pHYs' 3146 9
2019-06-20 01:42:05,512:DEBUG:STREAM b'iTXt' 3167 412
2019-06-20 01:42:05,512:DEBUG:STREAM b'iDOT' 3591 28
2019-06-20 01:42:05,512:DEBUG:b'iDOT' 3591 28 (unknown)
2019-06-20 01:42:05,512:DEBUG:STREAM b'IDAT' 3631 4924
2019-06-20 01:42:06,073:DEBUG:STREAM b'IHDR' 16 13
2019-06-20 01:42:06,073:DEBUG:STREAM b'iCCP' 41 3145
2019-06-20 01:42:06,073:DEBUG:iCCP profile name b'ICC Profile'
2019-06-20 01:42:06,073:DEBUG:Compression method 0
2019-06-20 01:42:06,074:DEBUG:STREAM b'pHYs' 3198 9
2019-06-20 01:42:06,074:DEBUG:STREAM b'iTXt' 3219 415
2019-06-20 01:42:06,074:DEBUG:STREAM b'iDOT' 3646 28
2019-06-20 01:42:06,074:DEBUG:b'iDOT' 3646 28 (unknown)
2019-06-20 01:42:06,074:DEBUG:STREAM b'IDAT' 3686 16384
2019-06-20 01:42:07,232:DEBUG:looking for play button
2019-06-20 01:42:07,235:DEBUG:STREAM b'IHDR' 16 13
2019-06-20 01:42:07,235:DEBUG:STREAM b'iCCP' 41 3093
2019-06-20 01:42:07,235:DEBUG:iCCP profile name b'ICC Profile'
2019-06-20 01:42:07,235:DEBUG:Compression method 0
2019-06-20 01:42:07,236:DEBUG:STREAM b'pHYs' 3146 9
2019-06-20 01:42:07,236:DEBUG:STREAM b'iTXt' 3167 412
2019-06-20 01:42:07,236:DEBUG:STREAM b'iDOT' 3591 28
2019-06-20 01:42:07,236:DEBUG:b'iDOT' 3591 28 (unknown)
2019-06-20 01:42:07,236:DEBUG:STREAM b'IDAT' 3631 7544
2019-06-20 01:42:07,770:DEBUG:STREAM b'IHDR' 16 13
2019-06-20 01:42:07,770:DEBUG:STREAM b'iCCP' 41 3145
2019-06-20 01:42:07,770:DEBUG:iCCP profile name b'ICC Profile'
2019-06-20 01:42:07,770:DEBUG:Compression method 0
2019-06-20 01:42:07,770:DEBUG:STREAM b'pHYs' 3198 9
2019-06-20 01:42:07,771:DEBUG:STREAM b'iTXt' 3219 415
2019-06-20 01:42:07,771:DEBUG:STREAM b'iDOT' 3646 28
2019-06-20 01:42:07,771:DEBUG:b'iDOT' 3646 28 (unknown)
2019-06-20 01:42:07,771:DEBUG:STREAM b'IDAT' 3686 16384
2019-06-20 01:42:08,904:INFO:Game Start: ftl:2019-06-20 01:42:08.904813
2019-06-20 01:42:08,905:INFO:Starting New Game.
2019-06-20 01:42:13,909:DEBUG:STREAM b'IHDR' 16 13
2019-06-20 01:42:13,909:DEBUG:STREAM b'iCCP' 41 3093
2019-06-20 01:42:13,909:DEBUG:iCCP profile name b'ICC Profile'
2019-06-20 01:42:13,909:DEBUG:Compression method 0
2019-06-20 01:42:13,909:DEBUG:STREAM b'pHYs' 3146 9
2019-06-20 01:42:13,909:DEBUG:STREAM b'iTXt' 3167 412
2019-06-20 01:42:13,909:DEBUG:STREAM b'iDOT' 3591 28
2019-06-20 01:42:13,909:DEBUG:b'iDOT' 3591 28 (unknown)
2019-06-20 01:42:13,910:DEBUG:STREAM b'IDAT' 3631 12055
2019-06-20 01:42:14,421:DEBUG:STREAM b'IHDR' 16 13
2019-06-20 01:42:14,422:DEBUG:STREAM b'iCCP' 41 3145
2019-06-20 01:42:14,422:DEBUG:iCCP profile name b'ICC Profile'
2019-06-20 01:42:14,422:DEBUG:Compression method 0
2019-06-20 01:42:14,422:DEBUG:STREAM b'pHYs' 3198 9
2019-06-20 01:42:14,422:DEBUG:STREAM b'iTXt' 3219 415
2019-06-20 01:42:14,422:DEBUG:STREAM b'iDOT' 3646 28
2019-06-20 01:42:14,422:DEBUG:b'iDOT' 3646 28 (unknown)
2019-06-20 01:42:14,422:DEBUG:STREAM b'IDAT' 3686 16384
2019-06-20 01:42:15,606:DEBUG:STREAM b'IHDR' 16 13
2019-06-20 01:42:15,606:DEBUG:STREAM b'iCCP' 41 3093
2019-06-20 01:42:15,606:DEBUG:iCCP profile name b'ICC Profile'
2019-06-20 01:42:15,607:DEBUG:Compression method 0
2019-06-20 01:42:15,607:DEBUG:STREAM b'pHYs' 3146 9
2019-06-20 01:42:15,607:DEBUG:STREAM b'iTXt' 3167 412
2019-06-20 01:42:15,607:DEBUG:STREAM b'iDOT' 3591 28
2019-06-20 01:42:15,607:DEBUG:b'iDOT' 3591 28 (unknown)
2019-06-20 01:42:15,607:DEBUG:STREAM b'IDAT' 3631 1658
2019-06-20 01:42:16,121:DEBUG:STREAM b'IHDR' 16 13
2019-06-20 01:42:16,121:DEBUG:STREAM b'iCCP' 41 3145
2019-06-20 01:42:16,121:DEBUG:iCCP profile name b'ICC Profile'
2019-06-20 01:42:16,121:DEBUG:Compression method 0
2019-06-20 01:42:16,121:DEBUG:STREAM b'pHYs' 3198 9
2019-06-20 01:42:16,122:DEBUG:STREAM b'iTXt' 3219 415
2019-06-20 01:42:16,122:DEBUG:STREAM b'iDOT' 3646 28
2019-06-20 01:42:16,122:DEBUG:b'iDOT' 3646 28 (unknown)
2019-06-20 01:42:16,122:DEBUG:STREAM b'IDAT' 3686 16384
2019-06-20 01:42:17,290:DEBUG:STREAM b'IHDR' 16 13
2019-06-20 01:42:17,290:DEBUG:STREAM b'iCCP' 41 3093
2019-06-20 01:42:17,290:DEBUG:iCCP profile name b'ICC Profile'
2019-06-20 01:42:17,290:DEBUG:Compression method 0
2019-06-20 01:42:17,290:DEBUG:STREAM b'pHYs' 3146 9
2019-06-20 01:42:17,290:DEBUG:STREAM b'iTXt' 3167 413
2019-06-20 01:42:17,291:DEBUG:STREAM b'iDOT' 3592 28
2019-06-20 01:42:17,291:DEBUG:b'iDOT' 3592 28 (unknown)
2019-06-20 01:42:17,291:DEBUG:STREAM b'IDAT' 3632 3594
2019-06-20 01:42:17,836:DEBUG:STREAM b'IHDR' 16 13
2019-06-20 01:42:17,837:DEBUG:STREAM b'iCCP' 41 3145
2019-06-20 01:42:17,837:DEBUG:iCCP profile name b'ICC Profile'
2019-06-20 01:42:17,837:DEBUG:Compression method 0
2019-06-20 01:42:17,837:DEBUG:STREAM b'pHYs' 3198 9
2019-06-20 01:42:17,837:DEBUG:STREAM b'iTXt' 3219 415
2019-06-20 01:42:17,837:DEBUG:STREAM b'iDOT' 3646 28
2019-06-20 01:42:17,837:DEBUG:b'iDOT' 3646 28 (unknown)
2019-06-20 01:42:17,837:DEBUG:STREAM b'IDAT' 3686 16384
2019-06-20 01:42:19,031:DEBUG:STREAM b'IHDR' 16 13
2019-06-20 01:42:19,031:DEBUG:STREAM b'iCCP' 41 3093
2019-06-20 01:42:19,031:DEBUG:iCCP profile name b'ICC Profile'
2019-06-20 01:42:19,031:DEBUG:Compression method 0
2019-06-20 01:42:19,031:DEBUG:STREAM b'pHYs' 3146 9
2019-06-20 01:42:19,031:DEBUG:STREAM b'iTXt' 3167 412
2019-06-20 01:42:19,031:DEBUG:STREAM b'iDOT' 3591 28
2019-06-20 01:42:19,032:DEBUG:b'iDOT' 3591 28 (unknown)
2019-06-20 01:42:19,032:DEBUG:STREAM b'IDAT' 3631 3077
2019-06-20 01:42:19,544:DEBUG:STREAM b'IHDR' 16 13
2019-06-20 01:42:19,544:DEBUG:STREAM b'iCCP' 41 3145
2019-06-20 01:42:19,544:DEBUG:iCCP profile name b'ICC Profile'
2019-06-20 01:42:19,544:DEBUG:Compression method 0
2019-06-20 01:42:19,545:DEBUG:STREAM b'pHYs' 3198 9
2019-06-20 01:42:19,545:DEBUG:STREAM b'iTXt' 3219 415
2019-06-20 01:42:19,545:DEBUG:STREAM b'iDOT' 3646 28
2019-06-20 01:42:19,545:DEBUG:b'iDOT' 3646 28 (unknown)
2019-06-20 01:42:19,545:DEBUG:STREAM b'IDAT' 3686 16384
2019-06-20 01:42:20,717:INFO:Playing Game.
2019-06-20 01:42:20,763:DEBUG:STREAM b'IHDR' 16 13
2019-06-20 01:42:20,763:DEBUG:STREAM b'iCCP' 41 3093
2019-06-20 01:42:20,763:DEBUG:iCCP profile name b'ICC Profile'
2019-06-20 01:42:20,763:DEBUG:Compression method 0
2019-06-20 01:42:20,763:DEBUG:STREAM b'pHYs' 3146 9
2019-06-20 01:42:20,763:DEBUG:STREAM b'iTXt' 3167 413
2019-06-20 01:42:20,763:DEBUG:STREAM b'iDOT' 3592 28
2019-06-20 01:42:20,763:DEBUG:b'iDOT' 3592 28 (unknown)
2019-06-20 01:42:20,763:DEBUG:STREAM b'IDAT' 3632 2481
2019-06-20 01:42:21,271:DEBUG:STREAM b'IHDR' 16 13
2019-06-20 01:42:21,271:DEBUG:STREAM b'iCCP' 41 3145
2019-06-20 01:42:21,271:DEBUG:iCCP profile name b'ICC Profile'
2019-06-20 01:42:21,271:DEBUG:Compression method 0
2019-06-20 01:42:21,271:DEBUG:STREAM b'pHYs' 3198 9
2019-06-20 01:42:21,272:DEBUG:STREAM b'iTXt' 3219 415
2019-06-20 01:42:21,272:DEBUG:STREAM b'iDOT' 3646 28
2019-06-20 01:42:21,272:DEBUG:b'iDOT' 3646 28 (unknown)
2019-06-20 01:42:21,272:DEBUG:STREAM b'IDAT' 3686 16384
2019-06-20 01:42:22,434:DEBUG:Collecting Jump Routes.
2019-06-20 01:42:23,471:DEBUG:STREAM b'IHDR' 16 13
2019-06-20 01:42:23,472:DEBUG:STREAM b'iCCP' 41 3145
2019-06-20 01:42:23,472:DEBUG:iCCP profile name b'ICC Profile'
2019-06-20 01:42:23,472:DEBUG:Compression method 0
2019-06-20 01:42:23,472:DEBUG:STREAM b'pHYs' 3198 9
2019-06-20 01:42:23,472:DEBUG:STREAM b'iTXt' 3219 415
2019-06-20 01:42:23,473:DEBUG:STREAM b'iDOT' 3646 28
2019-06-20 01:42:23,473:DEBUG:b'iDOT' 3646 28 (unknown)
2019-06-20 01:42:23,473:DEBUG:STREAM b'IDAT' 3686 16384
2019-06-20 01:42:24,597:DEBUG:STREAM b'IHDR' 16 13
2019-06-20 01:42:24,598:DEBUG:STREAM b'iCCP' 41 3145
2019-06-20 01:42:24,598:DEBUG:iCCP profile name b'ICC Profile'
2019-06-20 01:42:24,598:DEBUG:Compression method 0
2019-06-20 01:42:24,598:DEBUG:STREAM b'pHYs' 3198 9
2019-06-20 01:42:24,599:DEBUG:STREAM b'iTXt' 3219 415
2019-06-20 01:42:24,599:DEBUG:STREAM b'iDOT' 3646 28
2019-06-20 01:42:24,599:DEBUG:b'iDOT' 3646 28 (unknown)
2019-06-20 01:42:24,599:DEBUG:STREAM b'IDAT' 3686 16384
