2019-06-20 01:44:57,991:DEBUG:STREAM b'IHDR' 16 13
2019-06-20 01:44:57,991:DEBUG:STREAM b'iCCP' 41 3145
2019-06-20 01:44:57,991:DEBUG:iCCP profile name b'ICC Profile'
2019-06-20 01:44:57,992:DEBUG:Compression method 0
2019-06-20 01:44:57,992:DEBUG:STREAM b'pHYs' 3198 9
2019-06-20 01:44:57,992:DEBUG:STREAM b'iTXt' 3219 415
2019-06-20 01:44:57,992:DEBUG:STREAM b'iDOT' 3646 28
2019-06-20 01:44:57,992:DEBUG:b'iDOT' 3646 28 (unknown)
2019-06-20 01:44:57,992:DEBUG:STREAM b'IDAT' 3686 16384
2019-06-20 01:44:58,666:DEBUG:STREAM b'IHDR' 16 13
2019-06-20 01:44:58,667:DEBUG:STREAM b'iCCP' 41 3145
2019-06-20 01:44:58,667:DEBUG:iCCP profile name b'ICC Profile'
2019-06-20 01:44:58,667:DEBUG:Compression method 0
2019-06-20 01:44:58,667:DEBUG:STREAM b'pHYs' 3198 9
2019-06-20 01:44:58,667:DEBUG:STREAM b'iTXt' 3219 415
2019-06-20 01:44:58,667:DEBUG:STREAM b'iDOT' 3646 28
2019-06-20 01:44:58,667:DEBUG:b'iDOT' 3646 28 (unknown)
2019-06-20 01:44:58,667:DEBUG:STREAM b'IDAT' 3686 16384
2019-06-20 01:44:59,492:DEBUG:looking for steam icon
2019-06-20 01:44:59,495:DEBUG:STREAM b'IHDR' 16 13
2019-06-20 01:44:59,495:DEBUG:STREAM b'iCCP' 41 3093
2019-06-20 01:44:59,495:DEBUG:iCCP profile name b'ICC Profile'
2019-06-20 01:44:59,495:DEBUG:Compression method 0
2019-06-20 01:44:59,495:DEBUG:STREAM b'pHYs' 3146 9
2019-06-20 01:44:59,495:DEBUG:STREAM b'iTXt' 3167 413
2019-06-20 01:44:59,495:DEBUG:STREAM b'iDOT' 3592 28
2019-06-20 01:44:59,496:DEBUG:b'iDOT' 3592 28 (unknown)
2019-06-20 01:44:59,496:DEBUG:STREAM b'IDAT' 3632 7390
2019-06-20 01:44:59,741:DEBUG:STREAM b'IHDR' 16 13
2019-06-20 01:44:59,742:DEBUG:STREAM b'iCCP' 41 3145
2019-06-20 01:44:59,742:DEBUG:iCCP profile name b'ICC Profile'
2019-06-20 01:44:59,742:DEBUG:Compression method 0
2019-06-20 01:44:59,742:DEBUG:STREAM b'pHYs' 3198 9
2019-06-20 01:44:59,742:DEBUG:STREAM b'iTXt' 3219 415
2019-06-20 01:44:59,742:DEBUG:STREAM b'iDOT' 3646 28
2019-06-20 01:44:59,742:DEBUG:b'iDOT' 3646 28 (unknown)
2019-06-20 01:44:59,742:DEBUG:STREAM b'IDAT' 3686 16384
2019-06-20 01:45:00,674:DEBUG:looking for steam library
2019-06-20 01:45:00,675:DEBUG:STREAM b'IHDR' 16 13
2019-06-20 01:45:00,675:DEBUG:STREAM b'iCCP' 41 3093
2019-06-20 01:45:00,675:DEBUG:iCCP profile name b'ICC Profile'
2019-06-20 01:45:00,676:DEBUG:Compression method 0
2019-06-20 01:45:00,676:DEBUG:STREAM b'pHYs' 3146 9
2019-06-20 01:45:00,676:DEBUG:STREAM b'iTXt' 3167 412
2019-06-20 01:45:00,676:DEBUG:STREAM b'iDOT' 3591 28
2019-06-20 01:45:00,676:DEBUG:b'iDOT' 3591 28 (unknown)
2019-06-20 01:45:00,676:DEBUG:STREAM b'IDAT' 3631 9220
2019-06-20 01:45:01,024:DEBUG:STREAM b'IHDR' 16 13
2019-06-20 01:45:01,024:DEBUG:STREAM b'iCCP' 41 3145
2019-06-20 01:45:01,024:DEBUG:iCCP profile name b'ICC Profile'
2019-06-20 01:45:01,024:DEBUG:Compression method 0
2019-06-20 01:45:01,024:DEBUG:STREAM b'pHYs' 3198 9
2019-06-20 01:45:01,025:DEBUG:STREAM b'iTXt' 3219 415
2019-06-20 01:45:01,025:DEBUG:STREAM b'iDOT' 3646 28
2019-06-20 01:45:01,025:DEBUG:b'iDOT' 3646 28 (unknown)
2019-06-20 01:45:01,025:DEBUG:STREAM b'IDAT' 3686 16384
2019-06-20 01:45:02,010:DEBUG:looking for ftl in steam
2019-06-20 01:45:02,011:DEBUG:STREAM b'IHDR' 16 13
2019-06-20 01:45:02,011:DEBUG:STREAM b'iCCP' 41 3093
2019-06-20 01:45:02,011:DEBUG:iCCP profile name b'ICC Profile'
2019-06-20 01:45:02,011:DEBUG:Compression method 0
2019-06-20 01:45:02,011:DEBUG:STREAM b'pHYs' 3146 9
2019-06-20 01:45:02,011:DEBUG:STREAM b'iTXt' 3167 412
2019-06-20 01:45:02,011:DEBUG:STREAM b'iDOT' 3591 28
2019-06-20 01:45:02,011:DEBUG:b'iDOT' 3591 28 (unknown)
2019-06-20 01:45:02,011:DEBUG:STREAM b'IDAT' 3631 4924
2019-06-20 01:45:02,365:DEBUG:STREAM b'IHDR' 16 13
2019-06-20 01:45:02,365:DEBUG:STREAM b'iCCP' 41 3145
2019-06-20 01:45:02,365:DEBUG:iCCP profile name b'ICC Profile'
2019-06-20 01:45:02,366:DEBUG:Compression method 0
2019-06-20 01:45:02,366:DEBUG:STREAM b'pHYs' 3198 9
2019-06-20 01:45:02,366:DEBUG:STREAM b'iTXt' 3219 415
2019-06-20 01:45:02,366:DEBUG:STREAM b'iDOT' 3646 28
2019-06-20 01:45:02,366:DEBUG:b'iDOT' 3646 28 (unknown)
2019-06-20 01:45:02,366:DEBUG:STREAM b'IDAT' 3686 16384
2019-06-20 01:45:03,369:DEBUG:looking for play button
2019-06-20 01:45:03,369:DEBUG:STREAM b'IHDR' 16 13
2019-06-20 01:45:03,369:DEBUG:STREAM b'iCCP' 41 3093
2019-06-20 01:45:03,369:DEBUG:iCCP profile name b'ICC Profile'
2019-06-20 01:45:03,369:DEBUG:Compression method 0
2019-06-20 01:45:03,370:DEBUG:STREAM b'pHYs' 3146 9
2019-06-20 01:45:03,370:DEBUG:STREAM b'iTXt' 3167 412
2019-06-20 01:45:03,370:DEBUG:STREAM b'iDOT' 3591 28
2019-06-20 01:45:03,370:DEBUG:b'iDOT' 3591 28 (unknown)
2019-06-20 01:45:03,370:DEBUG:STREAM b'IDAT' 3631 7544
2019-06-20 01:45:03,716:DEBUG:STREAM b'IHDR' 16 13
2019-06-20 01:45:03,717:DEBUG:STREAM b'iCCP' 41 3145
2019-06-20 01:45:03,717:DEBUG:iCCP profile name b'ICC Profile'
2019-06-20 01:45:03,717:DEBUG:Compression method 0
2019-06-20 01:45:03,717:DEBUG:STREAM b'pHYs' 3198 9
2019-06-20 01:45:03,717:DEBUG:STREAM b'iTXt' 3219 415
2019-06-20 01:45:03,717:DEBUG:STREAM b'iDOT' 3646 28
2019-06-20 01:45:03,718:DEBUG:b'iDOT' 3646 28 (unknown)
2019-06-20 01:45:03,718:DEBUG:STREAM b'IDAT' 3686 16384
2019-06-20 01:45:04,728:INFO:Game Start: ftl:2019-06-20 01:45:04.728072
2019-06-20 01:45:04,728:INFO:Starting New Game.
