2019-06-20 01:46:08,810:DEBUG:STREAM b'IHDR' 16 13
2019-06-20 01:46:08,811:DEBUG:STREAM b'iCCP' 41 3145
2019-06-20 01:46:08,811:DEBUG:iCCP profile name b'ICC Profile'
2019-06-20 01:46:08,811:DEBUG:Compression method 0
2019-06-20 01:46:08,811:DEBUG:STREAM b'pHYs' 3198 9
2019-06-20 01:46:08,811:DEBUG:STREAM b'iTXt' 3219 415
2019-06-20 01:46:08,811:DEBUG:STREAM b'iDOT' 3646 28
2019-06-20 01:46:08,811:DEBUG:b'iDOT' 3646 28 (unknown)
2019-06-20 01:46:08,811:DEBUG:STREAM b'IDAT' 3686 16384
2019-06-20 01:46:09,538:DEBUG:STREAM b'IHDR' 16 13
2019-06-20 01:46:09,538:DEBUG:STREAM b'iCCP' 41 3145
2019-06-20 01:46:09,538:DEBUG:iCCP profile name b'ICC Profile'
2019-06-20 01:46:09,538:DEBUG:Compression method 0
2019-06-20 01:46:09,538:DEBUG:STREAM b'pHYs' 3198 9
2019-06-20 01:46:09,539:DEBUG:STREAM b'iTXt' 3219 415
2019-06-20 01:46:09,539:DEBUG:STREAM b'iDOT' 3646 28
2019-06-20 01:46:09,539:DEBUG:b'iDOT' 3646 28 (unknown)
2019-06-20 01:46:09,539:DEBUG:STREAM b'IDAT' 3686 16384
2019-06-20 01:46:10,437:DEBUG:looking for steam icon
2019-06-20 01:46:10,438:DEBUG:STREAM b'IHDR' 16 13
2019-06-20 01:46:10,438:DEBUG:STREAM b'iCCP' 41 3093
2019-06-20 01:46:10,438:DEBUG:iCCP profile name b'ICC Profile'
2019-06-20 01:46:10,438:DEBUG:Compression method 0
2019-06-20 01:46:10,438:DEBUG:STREAM b'pHYs' 3146 9
2019-06-20 01:46:10,438:DEBUG:STREAM b'iTXt' 3167 413
2019-06-20 01:46:10,438:DEBUG:STREAM b'iDOT' 3592 28
2019-06-20 01:46:10,439:DEBUG:b'iDOT' 3592 28 (unknown)
2019-06-20 01:46:10,439:DEBUG:STREAM b'IDAT' 3632 7390
2019-06-20 01:46:10,765:DEBUG:STREAM b'IHDR' 16 13
2019-06-20 01:46:10,765:DEBUG:STREAM b'iCCP' 41 3145
2019-06-20 01:46:10,765:DEBUG:iCCP profile name b'ICC Profile'
2019-06-20 01:46:10,765:DEBUG:Compression method 0
2019-06-20 01:46:10,765:DEBUG:STREAM b'pHYs' 3198 9
2019-06-20 01:46:10,765:DEBUG:STREAM b'iTXt' 3219 415
2019-06-20 01:46:10,766:DEBUG:STREAM b'iDOT' 3646 28
2019-06-20 01:46:10,766:DEBUG:b'iDOT' 3646 28 (unknown)
2019-06-20 01:46:10,766:DEBUG:STREAM b'IDAT' 3686 16384
2019-06-20 01:46:11,731:DEBUG:looking for steam library
2019-06-20 01:46:11,731:DEBUG:STREAM b'IHDR' 16 13
2019-06-20 01:46:11,732:DEBUG:STREAM b'iCCP' 41 3093
2019-06-20 01:46:11,732:DEBUG:iCCP profile name b'ICC Profile'
2019-06-20 01:46:11,732:DEBUG:Compression method 0
2019-06-20 01:46:11,732:DEBUG:STREAM b'pHYs' 3146 9
2019-06-20 01:46:11,732:DEBUG:STREAM b'iTXt' 3167 412
2019-06-20 01:46:11,732:DEBUG:STREAM b'iDOT' 3591 28
2019-06-20 01:46:11,732:DEBUG:b'iDOT' 3591 28 (unknown)
2019-06-20 01:46:11,732:DEBUG:STREAM b'IDAT' 3631 9220
2019-06-20 01:46:12,082:DEBUG:STREAM b'IHDR' 16 13
2019-06-20 01:46:12,083:DEBUG:STREAM b'iCCP' 41 3145
2019-06-20 01:46:12,083:DEBUG:iCCP profile name b'ICC Profile'
2019-06-20 01:46:12,083:DEBUG:Compression method 0
2019-06-20 01:46:12,083:DEBUG:STREAM b'pHYs' 3198 9
2019-06-20 01:46:12,083:DEBUG:STREAM b'iTXt' 3219 415
2019-06-20 01:46:12,083:DEBUG:STREAM b'iDOT' 3646 28
2019-06-20 01:46:12,083:DEBUG:b'iDOT' 3646 28 (unknown)
2019-06-20 01:46:12,083:DEBUG:STREAM b'IDAT' 3686 16384
