2019-06-10 04:04:01,890:INFO:[1540, 418] Waypoint Clicked 
2019-06-10 04:04:02,672:INFO:[1540, 418] Failed Jump. 
2019-06-10 04:04:03,391:INFO:[1760, 442] Waypoint Clicked 
2019-06-10 04:04:04,161:INFO:[1760, 442] Failed Jump. 
2019-06-10 04:04:04,882:INFO:[1930, 462] Waypoint Clicked 
2019-06-10 04:04:05,617:INFO:[1930, 462] Failed Jump. 
2019-06-10 04:04:06,338:INFO:[1230, 464] Waypoint Clicked 
2019-06-10 04:04:07,141:INFO:[1230, 464] Successful Jump! 
2019-06-10 04:04:12,146:INFO:[1230, 464] Looking for Target.
2019-06-10 04:04:12,954:INFO:[1230, 464] Ship Encountered. 
2019-06-10 04:04:14,530:INFO:Clicking Exit.
2019-06-10 04:04:42,091:INFO:[1490, 394] Waypoint Clicked 
2019-06-10 04:04:42,928:INFO:[1490, 394] Failed Jump. 
2019-06-10 04:04:43,649:INFO:[1734, 408] Waypoint Clicked 
2019-06-10 04:04:44,418:INFO:[1734, 408] Failed Jump. 
2019-06-10 04:04:45,145:INFO:[1088, 478] Waypoint Clicked 
2019-06-10 04:04:45,903:INFO:[1088, 478] Successful Jump! 
2019-06-10 04:04:52,907:INFO:[1088, 478] Looking for Target.
2019-06-10 04:04:53,695:INFO:[1088, 478] Ship Encountered. 
2019-06-10 04:04:55,302:INFO:Clicking Exit.
2019-06-10 04:05:21,525:INFO:[1216, 384] Waypoint Clicked 
2019-06-10 04:05:22,239:INFO:[1216, 384] Failed Jump. 
2019-06-10 04:05:22,957:INFO:[1560, 428] Waypoint Clicked 
2019-06-10 04:05:23,713:INFO:[1560, 428] Failed Jump. 
2019-06-10 04:05:24,433:INFO:[1764, 488] Waypoint Clicked 
2019-06-10 04:05:25,167:INFO:[1764, 488] Failed Jump. 
2019-06-10 04:05:25,891:INFO:[1014, 522] Waypoint Clicked 
2019-06-10 04:05:26,636:INFO:[1014, 522] Successful Jump! 
2019-06-10 04:05:33,640:INFO:[1014, 522] Looking for Target.
2019-06-10 04:05:35,159:INFO:[1014, 522] No Ship Encountered. 
2019-06-10 04:05:35,897:INFO:Clicking Exit.
