2019-06-20 01:46:50,453:DEBUG:STREAM b'IHDR' 16 13
2019-06-20 01:46:50,454:DEBUG:STREAM b'iCCP' 41 3145
2019-06-20 01:46:50,454:DEBUG:iCCP profile name b'ICC Profile'
2019-06-20 01:46:50,454:DEBUG:Compression method 0
2019-06-20 01:46:50,454:DEBUG:STREAM b'pHYs' 3198 9
2019-06-20 01:46:50,454:DEBUG:STREAM b'iTXt' 3219 415
2019-06-20 01:46:50,454:DEBUG:STREAM b'iDOT' 3646 28
2019-06-20 01:46:50,454:DEBUG:b'iDOT' 3646 28 (unknown)
2019-06-20 01:46:50,454:DEBUG:STREAM b'IDAT' 3686 16384
2019-06-20 01:46:50,614:ERROR:Unhandled exception in listener callback
Traceback (most recent call last):
  File "/Users/lee/.virtualenvs/mercurybot/lib/python3.7/site-packages/pynput/_util/__init__.py", line 157, in inner
    return f(self, *args, **kwargs)
  File "/Users/lee/.virtualenvs/mercurybot/lib/python3.7/site-packages/pynput/_util/darwin.py", line 261, in _handler
    self._handle(proxy, event_type, event, refcon)
  File "/Users/lee/.virtualenvs/mercurybot/lib/python3.7/site-packages/pynput/keyboard/_darwin.py", line 216, in _handle
    self.on_press(key)
  File "/Users/lee/.virtualenvs/mercurybot/lib/python3.7/site-packages/pynput/_util/__init__.py", line 78, in inner
    if f(*args) is False:
  File "mbot.py", line 22, in on_press
    os._exit()
TypeError: _exit() missing required argument 'status' (pos 1)
2019-06-20 01:46:51,171:DEBUG:STREAM b'IHDR' 16 13
2019-06-20 01:46:51,171:DEBUG:STREAM b'iCCP' 41 3145
2019-06-20 01:46:51,171:DEBUG:iCCP profile name b'ICC Profile'
2019-06-20 01:46:51,171:DEBUG:Compression method 0
2019-06-20 01:46:51,172:DEBUG:STREAM b'pHYs' 3198 9
2019-06-20 01:46:51,172:DEBUG:STREAM b'iTXt' 3219 415
2019-06-20 01:46:51,172:DEBUG:STREAM b'iDOT' 3646 28
2019-06-20 01:46:51,172:DEBUG:b'iDOT' 3646 28 (unknown)
2019-06-20 01:46:51,172:DEBUG:STREAM b'IDAT' 3686 16384
2019-06-20 01:46:52,032:DEBUG:looking for steam icon
2019-06-20 01:46:52,034:DEBUG:STREAM b'IHDR' 16 13
2019-06-20 01:46:52,034:DEBUG:STREAM b'iCCP' 41 3093
2019-06-20 01:46:52,034:DEBUG:iCCP profile name b'ICC Profile'
2019-06-20 01:46:52,034:DEBUG:Compression method 0
2019-06-20 01:46:52,034:DEBUG:STREAM b'pHYs' 3146 9
2019-06-20 01:46:52,034:DEBUG:STREAM b'iTXt' 3167 413
2019-06-20 01:46:52,035:DEBUG:STREAM b'iDOT' 3592 28
2019-06-20 01:46:52,035:DEBUG:b'iDOT' 3592 28 (unknown)
2019-06-20 01:46:52,035:DEBUG:STREAM b'IDAT' 3632 7390
2019-06-20 01:46:52,341:DEBUG:STREAM b'IHDR' 16 13
2019-06-20 01:46:52,341:DEBUG:STREAM b'iCCP' 41 3145
2019-06-20 01:46:52,342:DEBUG:iCCP profile name b'ICC Profile'
2019-06-20 01:46:52,342:DEBUG:Compression method 0
2019-06-20 01:46:52,342:DEBUG:STREAM b'pHYs' 3198 9
2019-06-20 01:46:52,342:DEBUG:STREAM b'iTXt' 3219 415
2019-06-20 01:46:52,342:DEBUG:STREAM b'iDOT' 3646 28
2019-06-20 01:46:52,342:DEBUG:b'iDOT' 3646 28 (unknown)
2019-06-20 01:46:52,342:DEBUG:STREAM b'IDAT' 3686 16384
2019-06-20 01:46:53,339:DEBUG:looking for steam library
2019-06-20 01:46:53,340:DEBUG:STREAM b'IHDR' 16 13
2019-06-20 01:46:53,340:DEBUG:STREAM b'iCCP' 41 3093
2019-06-20 01:46:53,341:DEBUG:iCCP profile name b'ICC Profile'
2019-06-20 01:46:53,341:DEBUG:Compression method 0
2019-06-20 01:46:53,341:DEBUG:STREAM b'pHYs' 3146 9
2019-06-20 01:46:53,341:DEBUG:STREAM b'iTXt' 3167 412
2019-06-20 01:46:53,341:DEBUG:STREAM b'iDOT' 3591 28
2019-06-20 01:46:53,341:DEBUG:b'iDOT' 3591 28 (unknown)
2019-06-20 01:46:53,341:DEBUG:STREAM b'IDAT' 3631 9220
2019-06-20 01:46:53,679:DEBUG:STREAM b'IHDR' 16 13
2019-06-20 01:46:53,679:DEBUG:STREAM b'iCCP' 41 3145
2019-06-20 01:46:53,679:DEBUG:iCCP profile name b'ICC Profile'
2019-06-20 01:46:53,680:DEBUG:Compression method 0
2019-06-20 01:46:53,680:DEBUG:STREAM b'pHYs' 3198 9
2019-06-20 01:46:53,680:DEBUG:STREAM b'iTXt' 3219 415
2019-06-20 01:46:53,680:DEBUG:STREAM b'iDOT' 3646 28
2019-06-20 01:46:53,680:DEBUG:b'iDOT' 3646 28 (unknown)
2019-06-20 01:46:53,680:DEBUG:STREAM b'IDAT' 3686 16384
2019-06-20 01:46:54,683:DEBUG:looking for ftl in steam
2019-06-20 01:46:54,684:DEBUG:STREAM b'IHDR' 16 13
2019-06-20 01:46:54,684:DEBUG:STREAM b'iCCP' 41 3093
2019-06-20 01:46:54,684:DEBUG:iCCP profile name b'ICC Profile'
2019-06-20 01:46:54,684:DEBUG:Compression method 0
2019-06-20 01:46:54,684:DEBUG:STREAM b'pHYs' 3146 9
2019-06-20 01:46:54,684:DEBUG:STREAM b'iTXt' 3167 412
2019-06-20 01:46:54,684:DEBUG:STREAM b'iDOT' 3591 28
2019-06-20 01:46:54,684:DEBUG:b'iDOT' 3591 28 (unknown)
2019-06-20 01:46:54,684:DEBUG:STREAM b'IDAT' 3631 4924
2019-06-20 01:46:55,032:DEBUG:STREAM b'IHDR' 16 13
2019-06-20 01:46:55,033:DEBUG:STREAM b'iCCP' 41 3145
2019-06-20 01:46:55,033:DEBUG:iCCP profile name b'ICC Profile'
2019-06-20 01:46:55,033:DEBUG:Compression method 0
2019-06-20 01:46:55,033:DEBUG:STREAM b'pHYs' 3198 9
2019-06-20 01:46:55,033:DEBUG:STREAM b'iTXt' 3219 415
2019-06-20 01:46:55,033:DEBUG:STREAM b'iDOT' 3646 28
2019-06-20 01:46:55,033:DEBUG:b'iDOT' 3646 28 (unknown)
2019-06-20 01:46:55,033:DEBUG:STREAM b'IDAT' 3686 16384
2019-06-20 01:46:56,015:DEBUG:looking for play button
2019-06-20 01:46:56,016:DEBUG:STREAM b'IHDR' 16 13
2019-06-20 01:46:56,016:DEBUG:STREAM b'iCCP' 41 3093
2019-06-20 01:46:56,016:DEBUG:iCCP profile name b'ICC Profile'
2019-06-20 01:46:56,016:DEBUG:Compression method 0
2019-06-20 01:46:56,016:DEBUG:STREAM b'pHYs' 3146 9
2019-06-20 01:46:56,016:DEBUG:STREAM b'iTXt' 3167 412
2019-06-20 01:46:56,016:DEBUG:STREAM b'iDOT' 3591 28
2019-06-20 01:46:56,016:DEBUG:b'iDOT' 3591 28 (unknown)
2019-06-20 01:46:56,016:DEBUG:STREAM b'IDAT' 3631 7544
2019-06-20 01:46:56,351:DEBUG:STREAM b'IHDR' 16 13
2019-06-20 01:46:56,352:DEBUG:STREAM b'iCCP' 41 3145
2019-06-20 01:46:56,352:DEBUG:iCCP profile name b'ICC Profile'
2019-06-20 01:46:56,352:DEBUG:Compression method 0
2019-06-20 01:46:56,352:DEBUG:STREAM b'pHYs' 3198 9
2019-06-20 01:46:56,352:DEBUG:STREAM b'iTXt' 3219 415
2019-06-20 01:46:56,352:DEBUG:STREAM b'iDOT' 3646 28
2019-06-20 01:46:56,352:DEBUG:b'iDOT' 3646 28 (unknown)
2019-06-20 01:46:56,352:DEBUG:STREAM b'IDAT' 3686 16384
2019-06-20 01:46:57,401:INFO:Game Start: ftl:2019-06-20 01:46:57.401760
2019-06-20 01:46:57,402:INFO:Starting New Game.
