2019-06-20 01:48:09,094:DEBUG:STREAM b'IHDR' 16 13
2019-06-20 01:48:09,095:DEBUG:STREAM b'iCCP' 41 3145
2019-06-20 01:48:09,095:DEBUG:iCCP profile name b'ICC Profile'
2019-06-20 01:48:09,095:DEBUG:Compression method 0
2019-06-20 01:48:09,095:DEBUG:STREAM b'pHYs' 3198 9
2019-06-20 01:48:09,095:DEBUG:STREAM b'iTXt' 3219 415
2019-06-20 01:48:09,095:DEBUG:STREAM b'iDOT' 3646 28
2019-06-20 01:48:09,095:DEBUG:b'iDOT' 3646 28 (unknown)
2019-06-20 01:48:09,095:DEBUG:STREAM b'IDAT' 3686 16384
2019-06-20 01:48:09,804:DEBUG:STREAM b'IHDR' 16 13
2019-06-20 01:48:09,805:DEBUG:STREAM b'iCCP' 41 3145
2019-06-20 01:48:09,805:DEBUG:iCCP profile name b'ICC Profile'
2019-06-20 01:48:09,805:DEBUG:Compression method 0
2019-06-20 01:48:09,805:DEBUG:STREAM b'pHYs' 3198 9
2019-06-20 01:48:09,805:DEBUG:STREAM b'iTXt' 3219 415
2019-06-20 01:48:09,805:DEBUG:STREAM b'iDOT' 3646 28
2019-06-20 01:48:09,806:DEBUG:b'iDOT' 3646 28 (unknown)
2019-06-20 01:48:09,806:DEBUG:STREAM b'IDAT' 3686 16384
2019-06-20 01:48:10,666:DEBUG:looking for steam icon
2019-06-20 01:48:10,666:DEBUG:STREAM b'IHDR' 16 13
2019-06-20 01:48:10,666:DEBUG:STREAM b'iCCP' 41 3093
2019-06-20 01:48:10,667:DEBUG:iCCP profile name b'ICC Profile'
2019-06-20 01:48:10,667:DEBUG:Compression method 0
2019-06-20 01:48:10,667:DEBUG:STREAM b'pHYs' 3146 9
2019-06-20 01:48:10,667:DEBUG:STREAM b'iTXt' 3167 413
2019-06-20 01:48:10,667:DEBUG:STREAM b'iDOT' 3592 28
2019-06-20 01:48:10,667:DEBUG:b'iDOT' 3592 28 (unknown)
2019-06-20 01:48:10,667:DEBUG:STREAM b'IDAT' 3632 7390
2019-06-20 01:48:10,978:DEBUG:STREAM b'IHDR' 16 13
2019-06-20 01:48:10,979:DEBUG:STREAM b'iCCP' 41 3145
2019-06-20 01:48:10,979:DEBUG:iCCP profile name b'ICC Profile'
2019-06-20 01:48:10,979:DEBUG:Compression method 0
2019-06-20 01:48:10,979:DEBUG:STREAM b'pHYs' 3198 9
2019-06-20 01:48:10,979:DEBUG:STREAM b'iTXt' 3219 415
2019-06-20 01:48:10,979:DEBUG:STREAM b'iDOT' 3646 28
2019-06-20 01:48:10,979:DEBUG:b'iDOT' 3646 28 (unknown)
2019-06-20 01:48:10,979:DEBUG:STREAM b'IDAT' 3686 16384
2019-06-20 01:48:11,933:DEBUG:looking for steam library
2019-06-20 01:48:11,940:DEBUG:STREAM b'IHDR' 16 13
2019-06-20 01:48:11,940:DEBUG:STREAM b'iCCP' 41 3093
2019-06-20 01:48:11,940:DEBUG:iCCP profile name b'ICC Profile'
2019-06-20 01:48:11,941:DEBUG:Compression method 0
2019-06-20 01:48:11,941:DEBUG:STREAM b'pHYs' 3146 9
2019-06-20 01:48:11,941:DEBUG:STREAM b'iTXt' 3167 412
2019-06-20 01:48:11,941:DEBUG:STREAM b'iDOT' 3591 28
2019-06-20 01:48:11,941:DEBUG:b'iDOT' 3591 28 (unknown)
2019-06-20 01:48:11,942:DEBUG:STREAM b'IDAT' 3631 9220
2019-06-20 01:48:12,282:DEBUG:STREAM b'IHDR' 16 13
2019-06-20 01:48:12,282:DEBUG:STREAM b'iCCP' 41 3145
2019-06-20 01:48:12,282:DEBUG:iCCP profile name b'ICC Profile'
2019-06-20 01:48:12,282:DEBUG:Compression method 0
2019-06-20 01:48:12,282:DEBUG:STREAM b'pHYs' 3198 9
2019-06-20 01:48:12,283:DEBUG:STREAM b'iTXt' 3219 415
2019-06-20 01:48:12,283:DEBUG:STREAM b'iDOT' 3646 28
2019-06-20 01:48:12,283:DEBUG:b'iDOT' 3646 28 (unknown)
2019-06-20 01:48:12,283:DEBUG:STREAM b'IDAT' 3686 16384
2019-06-20 01:48:13,282:DEBUG:looking for ftl in steam
2019-06-20 01:48:13,282:DEBUG:STREAM b'IHDR' 16 13
2019-06-20 01:48:13,282:DEBUG:STREAM b'iCCP' 41 3093
2019-06-20 01:48:13,282:DEBUG:iCCP profile name b'ICC Profile'
2019-06-20 01:48:13,282:DEBUG:Compression method 0
2019-06-20 01:48:13,282:DEBUG:STREAM b'pHYs' 3146 9
2019-06-20 01:48:13,282:DEBUG:STREAM b'iTXt' 3167 412
2019-06-20 01:48:13,282:DEBUG:STREAM b'iDOT' 3591 28
2019-06-20 01:48:13,282:DEBUG:b'iDOT' 3591 28 (unknown)
2019-06-20 01:48:13,282:DEBUG:STREAM b'IDAT' 3631 4924
2019-06-20 01:48:13,625:DEBUG:STREAM b'IHDR' 16 13
2019-06-20 01:48:13,625:DEBUG:STREAM b'iCCP' 41 3145
2019-06-20 01:48:13,625:DEBUG:iCCP profile name b'ICC Profile'
2019-06-20 01:48:13,625:DEBUG:Compression method 0
2019-06-20 01:48:13,626:DEBUG:STREAM b'pHYs' 3198 9
2019-06-20 01:48:13,626:DEBUG:STREAM b'iTXt' 3219 415
2019-06-20 01:48:13,626:DEBUG:STREAM b'iDOT' 3646 28
2019-06-20 01:48:13,626:DEBUG:b'iDOT' 3646 28 (unknown)
2019-06-20 01:48:13,626:DEBUG:STREAM b'IDAT' 3686 16384
2019-06-20 01:48:14,627:DEBUG:looking for play button
2019-06-20 01:48:14,627:DEBUG:STREAM b'IHDR' 16 13
2019-06-20 01:48:14,627:DEBUG:STREAM b'iCCP' 41 3093
2019-06-20 01:48:14,627:DEBUG:iCCP profile name b'ICC Profile'
2019-06-20 01:48:14,627:DEBUG:Compression method 0
2019-06-20 01:48:14,627:DEBUG:STREAM b'pHYs' 3146 9
2019-06-20 01:48:14,627:DEBUG:STREAM b'iTXt' 3167 412
2019-06-20 01:48:14,628:DEBUG:STREAM b'iDOT' 3591 28
2019-06-20 01:48:14,628:DEBUG:b'iDOT' 3591 28 (unknown)
2019-06-20 01:48:14,628:DEBUG:STREAM b'IDAT' 3631 7544
2019-06-20 01:48:14,948:DEBUG:STREAM b'IHDR' 16 13
2019-06-20 01:48:14,949:DEBUG:STREAM b'iCCP' 41 3145
2019-06-20 01:48:14,949:DEBUG:iCCP profile name b'ICC Profile'
2019-06-20 01:48:14,949:DEBUG:Compression method 0
2019-06-20 01:48:14,949:DEBUG:STREAM b'pHYs' 3198 9
2019-06-20 01:48:14,949:DEBUG:STREAM b'iTXt' 3219 415
2019-06-20 01:48:14,949:DEBUG:STREAM b'iDOT' 3646 28
2019-06-20 01:48:14,949:DEBUG:b'iDOT' 3646 28 (unknown)
2019-06-20 01:48:14,949:DEBUG:STREAM b'IDAT' 3686 16384
2019-06-20 01:48:15,941:INFO:Game Start: ftl:2019-06-20 01:48:15.941468
2019-06-20 01:48:15,941:INFO:Starting New Game.
