2019-06-20 02:45:57,716:DEBUG:STREAM b'IHDR' 16 13
2019-06-20 02:45:57,716:DEBUG:STREAM b'iCCP' 41 3145
2019-06-20 02:45:57,716:DEBUG:iCCP profile name b'ICC Profile'
2019-06-20 02:45:57,716:DEBUG:Compression method 0
2019-06-20 02:45:57,717:DEBUG:STREAM b'pHYs' 3198 9
2019-06-20 02:45:57,717:DEBUG:STREAM b'iTXt' 3219 415
2019-06-20 02:45:57,717:DEBUG:STREAM b'iDOT' 3646 28
2019-06-20 02:45:57,717:DEBUG:b'iDOT' 3646 28 (unknown)
2019-06-20 02:45:57,717:DEBUG:STREAM b'IDAT' 3686 16384
2019-06-20 02:45:58,506:DEBUG:STREAM b'IHDR' 16 13
2019-06-20 02:45:58,507:DEBUG:STREAM b'iCCP' 41 3145
2019-06-20 02:45:58,507:DEBUG:iCCP profile name b'ICC Profile'
2019-06-20 02:45:58,507:DEBUG:Compression method 0
2019-06-20 02:45:58,507:DEBUG:STREAM b'pHYs' 3198 9
2019-06-20 02:45:58,507:DEBUG:STREAM b'iTXt' 3219 415
2019-06-20 02:45:58,507:DEBUG:STREAM b'iDOT' 3646 28
2019-06-20 02:45:58,507:DEBUG:b'iDOT' 3646 28 (unknown)
2019-06-20 02:45:58,507:DEBUG:STREAM b'IDAT' 3686 16384
2019-06-20 02:45:59,413:DEBUG:looking for steam icon
2019-06-20 02:45:59,416:DEBUG:STREAM b'IHDR' 16 13
2019-06-20 02:45:59,416:DEBUG:STREAM b'iCCP' 41 3093
2019-06-20 02:45:59,416:DEBUG:iCCP profile name b'ICC Profile'
2019-06-20 02:45:59,416:DEBUG:Compression method 0
2019-06-20 02:45:59,416:DEBUG:STREAM b'pHYs' 3146 9
2019-06-20 02:45:59,417:DEBUG:STREAM b'iTXt' 3167 413
2019-06-20 02:45:59,417:DEBUG:STREAM b'iDOT' 3592 28
2019-06-20 02:45:59,417:DEBUG:b'iDOT' 3592 28 (unknown)
2019-06-20 02:45:59,417:DEBUG:STREAM b'IDAT' 3632 7390
2019-06-20 02:45:59,743:DEBUG:STREAM b'IHDR' 16 13
2019-06-20 02:45:59,743:DEBUG:STREAM b'iCCP' 41 3145
2019-06-20 02:45:59,743:DEBUG:iCCP profile name b'ICC Profile'
2019-06-20 02:45:59,744:DEBUG:Compression method 0
2019-06-20 02:45:59,744:DEBUG:STREAM b'pHYs' 3198 9
2019-06-20 02:45:59,744:DEBUG:STREAM b'iTXt' 3219 415
2019-06-20 02:45:59,744:DEBUG:STREAM b'iDOT' 3646 28
2019-06-20 02:45:59,744:DEBUG:b'iDOT' 3646 28 (unknown)
2019-06-20 02:45:59,744:DEBUG:STREAM b'IDAT' 3686 16384
2019-06-20 02:46:00,716:DEBUG:looking for steam library
2019-06-20 02:46:00,717:DEBUG:STREAM b'IHDR' 16 13
2019-06-20 02:46:00,736:DEBUG:STREAM b'iCCP' 41 3093
2019-06-20 02:46:00,736:DEBUG:iCCP profile name b'ICC Profile'
2019-06-20 02:46:00,737:DEBUG:Compression method 0
2019-06-20 02:46:00,737:DEBUG:STREAM b'pHYs' 3146 9
2019-06-20 02:46:00,737:DEBUG:STREAM b'iTXt' 3167 412
2019-06-20 02:46:00,737:DEBUG:STREAM b'iDOT' 3591 28
2019-06-20 02:46:00,737:DEBUG:b'iDOT' 3591 28 (unknown)
2019-06-20 02:46:00,738:DEBUG:STREAM b'IDAT' 3631 9220
2019-06-20 02:46:01,093:DEBUG:STREAM b'IHDR' 16 13
2019-06-20 02:46:01,094:DEBUG:STREAM b'iCCP' 41 3145
2019-06-20 02:46:01,094:DEBUG:iCCP profile name b'ICC Profile'
2019-06-20 02:46:01,094:DEBUG:Compression method 0
2019-06-20 02:46:01,094:DEBUG:STREAM b'pHYs' 3198 9
2019-06-20 02:46:01,094:DEBUG:STREAM b'iTXt' 3219 415
2019-06-20 02:46:01,094:DEBUG:STREAM b'iDOT' 3646 28
2019-06-20 02:46:01,094:DEBUG:b'iDOT' 3646 28 (unknown)
2019-06-20 02:46:01,094:DEBUG:STREAM b'IDAT' 3686 16384
2019-06-20 02:46:02,068:DEBUG:looking for ftl in steam
2019-06-20 02:46:02,069:DEBUG:STREAM b'IHDR' 16 13
2019-06-20 02:46:02,070:DEBUG:STREAM b'iCCP' 41 3093
2019-06-20 02:46:02,070:DEBUG:iCCP profile name b'ICC Profile'
2019-06-20 02:46:02,070:DEBUG:Compression method 0
2019-06-20 02:46:02,070:DEBUG:STREAM b'pHYs' 3146 9
2019-06-20 02:46:02,070:DEBUG:STREAM b'iTXt' 3167 412
2019-06-20 02:46:02,071:DEBUG:STREAM b'iDOT' 3591 28
2019-06-20 02:46:02,071:DEBUG:b'iDOT' 3591 28 (unknown)
2019-06-20 02:46:02,071:DEBUG:STREAM b'IDAT' 3631 4924
2019-06-20 02:46:02,422:DEBUG:STREAM b'IHDR' 16 13
2019-06-20 02:46:02,423:DEBUG:STREAM b'iCCP' 41 3145
2019-06-20 02:46:02,423:DEBUG:iCCP profile name b'ICC Profile'
2019-06-20 02:46:02,423:DEBUG:Compression method 0
2019-06-20 02:46:02,423:DEBUG:STREAM b'pHYs' 3198 9
2019-06-20 02:46:02,423:DEBUG:STREAM b'iTXt' 3219 415
2019-06-20 02:46:02,423:DEBUG:STREAM b'iDOT' 3646 28
2019-06-20 02:46:02,423:DEBUG:b'iDOT' 3646 28 (unknown)
2019-06-20 02:46:02,423:DEBUG:STREAM b'IDAT' 3686 16384
2019-06-20 02:46:03,408:DEBUG:looking for play button
2019-06-20 02:46:03,409:DEBUG:STREAM b'IHDR' 16 13
2019-06-20 02:46:03,409:DEBUG:STREAM b'iCCP' 41 3093
2019-06-20 02:46:03,409:DEBUG:iCCP profile name b'ICC Profile'
2019-06-20 02:46:03,409:DEBUG:Compression method 0
2019-06-20 02:46:03,409:DEBUG:STREAM b'pHYs' 3146 9
2019-06-20 02:46:03,409:DEBUG:STREAM b'iTXt' 3167 412
2019-06-20 02:46:03,409:DEBUG:STREAM b'iDOT' 3591 28
2019-06-20 02:46:03,409:DEBUG:b'iDOT' 3591 28 (unknown)
2019-06-20 02:46:03,410:DEBUG:STREAM b'IDAT' 3631 7544
2019-06-20 02:46:03,729:DEBUG:STREAM b'IHDR' 16 13
2019-06-20 02:46:03,730:DEBUG:STREAM b'iCCP' 41 3145
2019-06-20 02:46:03,730:DEBUG:iCCP profile name b'ICC Profile'
2019-06-20 02:46:03,730:DEBUG:Compression method 0
2019-06-20 02:46:03,730:DEBUG:STREAM b'pHYs' 3198 9
2019-06-20 02:46:03,730:DEBUG:STREAM b'iTXt' 3219 415
2019-06-20 02:46:03,730:DEBUG:STREAM b'iDOT' 3646 28
2019-06-20 02:46:03,730:DEBUG:b'iDOT' 3646 28 (unknown)
2019-06-20 02:46:03,730:DEBUG:STREAM b'IDAT' 3686 16384
2019-06-20 02:46:04,690:INFO:Game Start: ftl:2019-06-20 02:46:04.690437
2019-06-20 02:46:04,690:INFO:Starting New Game.
2019-06-20 02:46:09,701:DEBUG:STREAM b'IHDR' 16 13
2019-06-20 02:46:09,702:DEBUG:STREAM b'iCCP' 41 3093
2019-06-20 02:46:09,702:DEBUG:iCCP profile name b'ICC Profile'
2019-06-20 02:46:09,702:DEBUG:Compression method 0
2019-06-20 02:46:09,702:DEBUG:STREAM b'pHYs' 3146 9
2019-06-20 02:46:09,702:DEBUG:STREAM b'iTXt' 3167 412
2019-06-20 02:46:09,702:DEBUG:STREAM b'iDOT' 3591 28
2019-06-20 02:46:09,702:DEBUG:b'iDOT' 3591 28 (unknown)
2019-06-20 02:46:09,702:DEBUG:STREAM b'IDAT' 3631 12055
2019-06-20 02:46:10,068:DEBUG:STREAM b'IHDR' 16 13
2019-06-20 02:46:10,069:DEBUG:STREAM b'iCCP' 41 3145
2019-06-20 02:46:10,069:DEBUG:iCCP profile name b'ICC Profile'
2019-06-20 02:46:10,069:DEBUG:Compression method 0
2019-06-20 02:46:10,069:DEBUG:STREAM b'pHYs' 3198 9
2019-06-20 02:46:10,069:DEBUG:STREAM b'iTXt' 3219 415
2019-06-20 02:46:10,069:DEBUG:STREAM b'iDOT' 3646 28
2019-06-20 02:46:10,069:DEBUG:b'iDOT' 3646 28 (unknown)
2019-06-20 02:46:10,069:DEBUG:STREAM b'IDAT' 3686 16384
2019-06-20 02:46:11,063:DEBUG:STREAM b'IHDR' 16 13
2019-06-20 02:46:11,063:DEBUG:STREAM b'iCCP' 41 3093
2019-06-20 02:46:11,063:DEBUG:iCCP profile name b'ICC Profile'
2019-06-20 02:46:11,064:DEBUG:Compression method 0
2019-06-20 02:46:11,064:DEBUG:STREAM b'pHYs' 3146 9
2019-06-20 02:46:11,064:DEBUG:STREAM b'iTXt' 3167 412
2019-06-20 02:46:11,064:DEBUG:STREAM b'iDOT' 3591 28
2019-06-20 02:46:11,064:DEBUG:b'iDOT' 3591 28 (unknown)
2019-06-20 02:46:11,064:DEBUG:STREAM b'IDAT' 3631 1658
2019-06-20 02:46:11,384:DEBUG:STREAM b'IHDR' 16 13
2019-06-20 02:46:11,385:DEBUG:STREAM b'iCCP' 41 3145
2019-06-20 02:46:11,385:DEBUG:iCCP profile name b'ICC Profile'
2019-06-20 02:46:11,385:DEBUG:Compression method 0
2019-06-20 02:46:11,385:DEBUG:STREAM b'pHYs' 3198 9
2019-06-20 02:46:11,385:DEBUG:STREAM b'iTXt' 3219 415
2019-06-20 02:46:11,385:DEBUG:STREAM b'iDOT' 3646 28
2019-06-20 02:46:11,385:DEBUG:b'iDOT' 3646 28 (unknown)
2019-06-20 02:46:11,385:DEBUG:STREAM b'IDAT' 3686 16384
2019-06-20 02:46:12,397:DEBUG:STREAM b'IHDR' 16 13
2019-06-20 02:46:12,397:DEBUG:STREAM b'iCCP' 41 3093
2019-06-20 02:46:12,398:DEBUG:iCCP profile name b'ICC Profile'
2019-06-20 02:46:12,398:DEBUG:Compression method 0
2019-06-20 02:46:12,398:DEBUG:STREAM b'pHYs' 3146 9
2019-06-20 02:46:12,398:DEBUG:STREAM b'iTXt' 3167 413
2019-06-20 02:46:12,398:DEBUG:STREAM b'iDOT' 3592 28
2019-06-20 02:46:12,398:DEBUG:b'iDOT' 3592 28 (unknown)
2019-06-20 02:46:12,398:DEBUG:STREAM b'IDAT' 3632 3594
2019-06-20 02:46:12,749:DEBUG:STREAM b'IHDR' 16 13
2019-06-20 02:46:12,750:DEBUG:STREAM b'iCCP' 41 3145
2019-06-20 02:46:12,750:DEBUG:iCCP profile name b'ICC Profile'
2019-06-20 02:46:12,750:DEBUG:Compression method 0
2019-06-20 02:46:12,750:DEBUG:STREAM b'pHYs' 3198 9
2019-06-20 02:46:12,750:DEBUG:STREAM b'iTXt' 3219 415
2019-06-20 02:46:12,750:DEBUG:STREAM b'iDOT' 3646 28
2019-06-20 02:46:12,751:DEBUG:b'iDOT' 3646 28 (unknown)
2019-06-20 02:46:12,751:DEBUG:STREAM b'IDAT' 3686 16384
2019-06-20 02:46:13,786:DEBUG:STREAM b'IHDR' 16 13
2019-06-20 02:46:13,787:DEBUG:STREAM b'iCCP' 41 3093
2019-06-20 02:46:13,787:DEBUG:iCCP profile name b'ICC Profile'
2019-06-20 02:46:13,787:DEBUG:Compression method 0
2019-06-20 02:46:13,787:DEBUG:STREAM b'pHYs' 3146 9
2019-06-20 02:46:13,787:DEBUG:STREAM b'iTXt' 3167 412
2019-06-20 02:46:13,787:DEBUG:STREAM b'iDOT' 3591 28
2019-06-20 02:46:13,787:DEBUG:b'iDOT' 3591 28 (unknown)
2019-06-20 02:46:13,787:DEBUG:STREAM b'IDAT' 3631 3077
2019-06-20 02:46:14,037:DEBUG:STREAM b'IHDR' 16 13
2019-06-20 02:46:14,037:DEBUG:STREAM b'iCCP' 41 3145
2019-06-20 02:46:14,037:DEBUG:iCCP profile name b'ICC Profile'
2019-06-20 02:46:14,038:DEBUG:Compression method 0
2019-06-20 02:46:14,038:DEBUG:STREAM b'pHYs' 3198 9
2019-06-20 02:46:14,038:DEBUG:STREAM b'iTXt' 3219 415
2019-06-20 02:46:14,038:DEBUG:STREAM b'iDOT' 3646 28
2019-06-20 02:46:14,038:DEBUG:b'iDOT' 3646 28 (unknown)
2019-06-20 02:46:14,038:DEBUG:STREAM b'IDAT' 3686 16384
2019-06-20 02:46:14,989:INFO:Playing Game.
2019-06-20 02:46:14,996:DEBUG:STREAM b'IHDR' 16 13
2019-06-20 02:46:14,996:DEBUG:STREAM b'iCCP' 41 3093
2019-06-20 02:46:14,996:DEBUG:iCCP profile name b'ICC Profile'
2019-06-20 02:46:14,996:DEBUG:Compression method 0
2019-06-20 02:46:14,996:DEBUG:STREAM b'pHYs' 3146 9
2019-06-20 02:46:14,997:DEBUG:STREAM b'iTXt' 3167 413
2019-06-20 02:46:14,997:DEBUG:STREAM b'iDOT' 3592 28
2019-06-20 02:46:14,997:DEBUG:b'iDOT' 3592 28 (unknown)
2019-06-20 02:46:14,997:DEBUG:STREAM b'IDAT' 3632 2481
2019-06-20 02:46:15,182:DEBUG:STREAM b'IHDR' 16 13
2019-06-20 02:46:15,182:DEBUG:STREAM b'iCCP' 41 3145
2019-06-20 02:46:15,182:DEBUG:iCCP profile name b'ICC Profile'
2019-06-20 02:46:15,182:DEBUG:Compression method 0
2019-06-20 02:46:15,182:DEBUG:STREAM b'pHYs' 3198 9
2019-06-20 02:46:15,182:DEBUG:STREAM b'iTXt' 3219 415
2019-06-20 02:46:15,182:DEBUG:STREAM b'iDOT' 3646 28
2019-06-20 02:46:15,182:DEBUG:b'iDOT' 3646 28 (unknown)
2019-06-20 02:46:15,182:DEBUG:STREAM b'IDAT' 3686 16384
2019-06-20 02:46:16,116:DEBUG:Collecting Jump Routes.
2019-06-20 02:46:16,814:DEBUG:STREAM b'IHDR' 16 13
2019-06-20 02:46:16,814:DEBUG:STREAM b'iCCP' 41 3145
2019-06-20 02:46:16,814:DEBUG:iCCP profile name b'ICC Profile'
2019-06-20 02:46:16,814:DEBUG:Compression method 0
2019-06-20 02:46:16,814:DEBUG:STREAM b'pHYs' 3198 9
2019-06-20 02:46:16,815:DEBUG:STREAM b'iTXt' 3219 415
2019-06-20 02:46:16,815:DEBUG:STREAM b'iDOT' 3646 28
2019-06-20 02:46:16,815:DEBUG:b'iDOT' 3646 28 (unknown)
2019-06-20 02:46:16,815:DEBUG:STREAM b'IDAT' 3686 16384
