2019-06-20 02:46:29,577:DEBUG:STREAM b'IHDR' 16 13
2019-06-20 02:46:29,577:DEBUG:STREAM b'iCCP' 41 3145
2019-06-20 02:46:29,578:DEBUG:iCCP profile name b'ICC Profile'
2019-06-20 02:46:29,578:DEBUG:Compression method 0
2019-06-20 02:46:29,578:DEBUG:STREAM b'pHYs' 3198 9
2019-06-20 02:46:29,578:DEBUG:STREAM b'iTXt' 3219 415
2019-06-20 02:46:29,578:DEBUG:STREAM b'iDOT' 3646 28
2019-06-20 02:46:29,578:DEBUG:b'iDOT' 3646 28 (unknown)
2019-06-20 02:46:29,578:DEBUG:STREAM b'IDAT' 3686 16384
2019-06-20 02:46:30,338:DEBUG:STREAM b'IHDR' 16 13
2019-06-20 02:46:30,339:DEBUG:STREAM b'iCCP' 41 3145
2019-06-20 02:46:30,339:DEBUG:iCCP profile name b'ICC Profile'
2019-06-20 02:46:30,340:DEBUG:Compression method 0
2019-06-20 02:46:30,340:DEBUG:STREAM b'pHYs' 3198 9
2019-06-20 02:46:30,340:DEBUG:STREAM b'iTXt' 3219 415
2019-06-20 02:46:30,340:DEBUG:STREAM b'iDOT' 3646 28
2019-06-20 02:46:30,340:DEBUG:b'iDOT' 3646 28 (unknown)
2019-06-20 02:46:30,340:DEBUG:STREAM b'IDAT' 3686 16384
2019-06-20 02:46:31,263:DEBUG:looking for steam icon
2019-06-20 02:46:31,264:DEBUG:STREAM b'IHDR' 16 13
2019-06-20 02:46:31,264:DEBUG:STREAM b'iCCP' 41 3093
2019-06-20 02:46:31,264:DEBUG:iCCP profile name b'ICC Profile'
2019-06-20 02:46:31,264:DEBUG:Compression method 0
2019-06-20 02:46:31,264:DEBUG:STREAM b'pHYs' 3146 9
2019-06-20 02:46:31,264:DEBUG:STREAM b'iTXt' 3167 413
2019-06-20 02:46:31,264:DEBUG:STREAM b'iDOT' 3592 28
2019-06-20 02:46:31,265:DEBUG:b'iDOT' 3592 28 (unknown)
2019-06-20 02:46:31,265:DEBUG:STREAM b'IDAT' 3632 7390
2019-06-20 02:46:31,599:DEBUG:STREAM b'IHDR' 16 13
2019-06-20 02:46:31,600:DEBUG:STREAM b'iCCP' 41 3145
2019-06-20 02:46:31,600:DEBUG:iCCP profile name b'ICC Profile'
2019-06-20 02:46:31,600:DEBUG:Compression method 0
2019-06-20 02:46:31,600:DEBUG:STREAM b'pHYs' 3198 9
2019-06-20 02:46:31,600:DEBUG:STREAM b'iTXt' 3219 415
2019-06-20 02:46:31,600:DEBUG:STREAM b'iDOT' 3646 28
2019-06-20 02:46:31,600:DEBUG:b'iDOT' 3646 28 (unknown)
2019-06-20 02:46:31,600:DEBUG:STREAM b'IDAT' 3686 16384
2019-06-20 02:46:32,576:DEBUG:looking for steam library
2019-06-20 02:46:32,576:DEBUG:STREAM b'IHDR' 16 13
2019-06-20 02:46:32,577:DEBUG:STREAM b'iCCP' 41 3093
2019-06-20 02:46:32,577:DEBUG:iCCP profile name b'ICC Profile'
2019-06-20 02:46:32,577:DEBUG:Compression method 0
2019-06-20 02:46:32,577:DEBUG:STREAM b'pHYs' 3146 9
2019-06-20 02:46:32,577:DEBUG:STREAM b'iTXt' 3167 412
2019-06-20 02:46:32,577:DEBUG:STREAM b'iDOT' 3591 28
2019-06-20 02:46:32,577:DEBUG:b'iDOT' 3591 28 (unknown)
2019-06-20 02:46:32,577:DEBUG:STREAM b'IDAT' 3631 9220
2019-06-20 02:46:32,948:DEBUG:STREAM b'IHDR' 16 13
2019-06-20 02:46:32,949:DEBUG:STREAM b'iCCP' 41 3145
2019-06-20 02:46:32,949:DEBUG:iCCP profile name b'ICC Profile'
2019-06-20 02:46:32,949:DEBUG:Compression method 0
2019-06-20 02:46:32,949:DEBUG:STREAM b'pHYs' 3198 9
2019-06-20 02:46:32,949:DEBUG:STREAM b'iTXt' 3219 415
2019-06-20 02:46:32,949:DEBUG:STREAM b'iDOT' 3646 28
2019-06-20 02:46:32,949:DEBUG:b'iDOT' 3646 28 (unknown)
2019-06-20 02:46:32,950:DEBUG:STREAM b'IDAT' 3686 16384
2019-06-20 02:46:33,947:DEBUG:looking for ftl in steam
2019-06-20 02:46:33,947:DEBUG:STREAM b'IHDR' 16 13
2019-06-20 02:46:33,947:DEBUG:STREAM b'iCCP' 41 3093
2019-06-20 02:46:33,947:DEBUG:iCCP profile name b'ICC Profile'
2019-06-20 02:46:33,947:DEBUG:Compression method 0
2019-06-20 02:46:33,947:DEBUG:STREAM b'pHYs' 3146 9
2019-06-20 02:46:33,947:DEBUG:STREAM b'iTXt' 3167 412
2019-06-20 02:46:33,947:DEBUG:STREAM b'iDOT' 3591 28
2019-06-20 02:46:33,947:DEBUG:b'iDOT' 3591 28 (unknown)
2019-06-20 02:46:33,948:DEBUG:STREAM b'IDAT' 3631 4924
2019-06-20 02:46:34,319:DEBUG:STREAM b'IHDR' 16 13
2019-06-20 02:46:34,320:DEBUG:STREAM b'iCCP' 41 3145
2019-06-20 02:46:34,320:DEBUG:iCCP profile name b'ICC Profile'
2019-06-20 02:46:34,320:DEBUG:Compression method 0
2019-06-20 02:46:34,320:DEBUG:STREAM b'pHYs' 3198 9
2019-06-20 02:46:34,320:DEBUG:STREAM b'iTXt' 3219 415
2019-06-20 02:46:34,320:DEBUG:STREAM b'iDOT' 3646 28
2019-06-20 02:46:34,320:DEBUG:b'iDOT' 3646 28 (unknown)
2019-06-20 02:46:34,320:DEBUG:STREAM b'IDAT' 3686 16384
2019-06-20 02:46:35,350:DEBUG:looking for play button
2019-06-20 02:46:35,350:DEBUG:STREAM b'IHDR' 16 13
2019-06-20 02:46:35,351:DEBUG:STREAM b'iCCP' 41 3093
2019-06-20 02:46:35,351:DEBUG:iCCP profile name b'ICC Profile'
2019-06-20 02:46:35,351:DEBUG:Compression method 0
2019-06-20 02:46:35,351:DEBUG:STREAM b'pHYs' 3146 9
2019-06-20 02:46:35,351:DEBUG:STREAM b'iTXt' 3167 412
2019-06-20 02:46:35,351:DEBUG:STREAM b'iDOT' 3591 28
2019-06-20 02:46:35,351:DEBUG:b'iDOT' 3591 28 (unknown)
2019-06-20 02:46:35,351:DEBUG:STREAM b'IDAT' 3631 7544
2019-06-20 02:46:35,708:DEBUG:STREAM b'IHDR' 16 13
2019-06-20 02:46:35,709:DEBUG:STREAM b'iCCP' 41 3145
2019-06-20 02:46:35,709:DEBUG:iCCP profile name b'ICC Profile'
2019-06-20 02:46:35,709:DEBUG:Compression method 0
2019-06-20 02:46:35,709:DEBUG:STREAM b'pHYs' 3198 9
2019-06-20 02:46:35,709:DEBUG:STREAM b'iTXt' 3219 415
2019-06-20 02:46:35,709:DEBUG:STREAM b'iDOT' 3646 28
2019-06-20 02:46:35,709:DEBUG:b'iDOT' 3646 28 (unknown)
2019-06-20 02:46:35,709:DEBUG:STREAM b'IDAT' 3686 16384
2019-06-20 02:46:36,738:INFO:Game Start: ftl:2019-06-20 02:46:36.738357
2019-06-20 02:46:36,738:INFO:Starting New Game.
2019-06-20 02:46:41,740:DEBUG:STREAM b'IHDR' 16 13
2019-06-20 02:46:41,740:DEBUG:STREAM b'iCCP' 41 3093
2019-06-20 02:46:41,740:DEBUG:iCCP profile name b'ICC Profile'
2019-06-20 02:46:41,741:DEBUG:Compression method 0
2019-06-20 02:46:41,741:DEBUG:STREAM b'pHYs' 3146 9
2019-06-20 02:46:41,741:DEBUG:STREAM b'iTXt' 3167 412
2019-06-20 02:46:41,741:DEBUG:STREAM b'iDOT' 3591 28
2019-06-20 02:46:41,741:DEBUG:b'iDOT' 3591 28 (unknown)
2019-06-20 02:46:41,741:DEBUG:STREAM b'IDAT' 3631 12055
2019-06-20 02:46:42,125:DEBUG:STREAM b'IHDR' 16 13
2019-06-20 02:46:42,126:DEBUG:STREAM b'iCCP' 41 3145
2019-06-20 02:46:42,126:DEBUG:iCCP profile name b'ICC Profile'
2019-06-20 02:46:42,126:DEBUG:Compression method 0
2019-06-20 02:46:42,126:DEBUG:STREAM b'pHYs' 3198 9
2019-06-20 02:46:42,126:DEBUG:STREAM b'iTXt' 3219 415
2019-06-20 02:46:42,126:DEBUG:STREAM b'iDOT' 3646 28
2019-06-20 02:46:42,126:DEBUG:b'iDOT' 3646 28 (unknown)
2019-06-20 02:46:42,126:DEBUG:STREAM b'IDAT' 3686 16384
2019-06-20 02:46:43,161:DEBUG:STREAM b'IHDR' 16 13
2019-06-20 02:46:43,161:DEBUG:STREAM b'iCCP' 41 3093
2019-06-20 02:46:43,161:DEBUG:iCCP profile name b'ICC Profile'
2019-06-20 02:46:43,161:DEBUG:Compression method 0
2019-06-20 02:46:43,162:DEBUG:STREAM b'pHYs' 3146 9
2019-06-20 02:46:43,162:DEBUG:STREAM b'iTXt' 3167 412
2019-06-20 02:46:43,162:DEBUG:STREAM b'iDOT' 3591 28
2019-06-20 02:46:43,162:DEBUG:b'iDOT' 3591 28 (unknown)
2019-06-20 02:46:43,162:DEBUG:STREAM b'IDAT' 3631 1658
2019-06-20 02:46:43,446:DEBUG:STREAM b'IHDR' 16 13
2019-06-20 02:46:43,447:DEBUG:STREAM b'iCCP' 41 3145
2019-06-20 02:46:43,447:DEBUG:iCCP profile name b'ICC Profile'
2019-06-20 02:46:43,447:DEBUG:Compression method 0
2019-06-20 02:46:43,447:DEBUG:STREAM b'pHYs' 3198 9
2019-06-20 02:46:43,447:DEBUG:STREAM b'iTXt' 3219 415
2019-06-20 02:46:43,447:DEBUG:STREAM b'iDOT' 3646 28
2019-06-20 02:46:43,447:DEBUG:b'iDOT' 3646 28 (unknown)
2019-06-20 02:46:43,447:DEBUG:STREAM b'IDAT' 3686 16384
2019-06-20 02:46:44,472:DEBUG:STREAM b'IHDR' 16 13
2019-06-20 02:46:44,472:DEBUG:STREAM b'iCCP' 41 3093
2019-06-20 02:46:44,472:DEBUG:iCCP profile name b'ICC Profile'
2019-06-20 02:46:44,472:DEBUG:Compression method 0
2019-06-20 02:46:44,473:DEBUG:STREAM b'pHYs' 3146 9
2019-06-20 02:46:44,473:DEBUG:STREAM b'iTXt' 3167 413
2019-06-20 02:46:44,473:DEBUG:STREAM b'iDOT' 3592 28
2019-06-20 02:46:44,473:DEBUG:b'iDOT' 3592 28 (unknown)
2019-06-20 02:46:44,473:DEBUG:STREAM b'IDAT' 3632 3594
2019-06-20 02:46:44,820:DEBUG:STREAM b'IHDR' 16 13
2019-06-20 02:46:44,821:DEBUG:STREAM b'iCCP' 41 3145
2019-06-20 02:46:44,821:DEBUG:iCCP profile name b'ICC Profile'
2019-06-20 02:46:44,821:DEBUG:Compression method 0
2019-06-20 02:46:44,821:DEBUG:STREAM b'pHYs' 3198 9
2019-06-20 02:46:44,821:DEBUG:STREAM b'iTXt' 3219 415
2019-06-20 02:46:44,821:DEBUG:STREAM b'iDOT' 3646 28
2019-06-20 02:46:44,821:DEBUG:b'iDOT' 3646 28 (unknown)
2019-06-20 02:46:44,822:DEBUG:STREAM b'IDAT' 3686 16384
2019-06-20 02:46:45,848:DEBUG:STREAM b'IHDR' 16 13
2019-06-20 02:46:45,848:DEBUG:STREAM b'iCCP' 41 3093
2019-06-20 02:46:45,848:DEBUG:iCCP profile name b'ICC Profile'
2019-06-20 02:46:45,848:DEBUG:Compression method 0
2019-06-20 02:46:45,849:DEBUG:STREAM b'pHYs' 3146 9
2019-06-20 02:46:45,849:DEBUG:STREAM b'iTXt' 3167 412
2019-06-20 02:46:45,849:DEBUG:STREAM b'iDOT' 3591 28
2019-06-20 02:46:45,849:DEBUG:b'iDOT' 3591 28 (unknown)
2019-06-20 02:46:45,849:DEBUG:STREAM b'IDAT' 3631 3077
2019-06-20 02:46:46,251:DEBUG:STREAM b'IHDR' 16 13
2019-06-20 02:46:46,251:DEBUG:STREAM b'iCCP' 41 3145
2019-06-20 02:46:46,252:DEBUG:iCCP profile name b'ICC Profile'
2019-06-20 02:46:46,252:DEBUG:Compression method 0
2019-06-20 02:46:46,252:DEBUG:STREAM b'pHYs' 3198 9
2019-06-20 02:46:46,252:DEBUG:STREAM b'iTXt' 3219 415
2019-06-20 02:46:46,252:DEBUG:STREAM b'iDOT' 3646 28
2019-06-20 02:46:46,252:DEBUG:b'iDOT' 3646 28 (unknown)
2019-06-20 02:46:46,252:DEBUG:STREAM b'IDAT' 3686 16384
2019-06-20 02:46:47,324:INFO:Playing Game.
2019-06-20 02:46:47,326:DEBUG:STREAM b'IHDR' 16 13
2019-06-20 02:46:47,326:DEBUG:STREAM b'iCCP' 41 3093
2019-06-20 02:46:47,326:DEBUG:iCCP profile name b'ICC Profile'
2019-06-20 02:46:47,326:DEBUG:Compression method 0
2019-06-20 02:46:47,326:DEBUG:STREAM b'pHYs' 3146 9
2019-06-20 02:46:47,327:DEBUG:STREAM b'iTXt' 3167 413
2019-06-20 02:46:47,327:DEBUG:STREAM b'iDOT' 3592 28
2019-06-20 02:46:47,327:DEBUG:b'iDOT' 3592 28 (unknown)
2019-06-20 02:46:47,327:DEBUG:STREAM b'IDAT' 3632 2481
2019-06-20 02:46:47,739:DEBUG:STREAM b'IHDR' 16 13
2019-06-20 02:46:47,740:DEBUG:STREAM b'iCCP' 41 3145
2019-06-20 02:46:47,740:DEBUG:iCCP profile name b'ICC Profile'
2019-06-20 02:46:47,740:DEBUG:Compression method 0
2019-06-20 02:46:47,740:DEBUG:STREAM b'pHYs' 3198 9
2019-06-20 02:46:47,740:DEBUG:STREAM b'iTXt' 3219 415
2019-06-20 02:46:47,740:DEBUG:STREAM b'iDOT' 3646 28
2019-06-20 02:46:47,740:DEBUG:b'iDOT' 3646 28 (unknown)
2019-06-20 02:46:47,740:DEBUG:STREAM b'IDAT' 3686 16384
2019-06-20 02:46:48,818:DEBUG:Collecting Jump Routes.
2019-06-20 02:46:49,712:DEBUG:STREAM b'IHDR' 16 13
2019-06-20 02:46:49,713:DEBUG:STREAM b'iCCP' 41 3145
2019-06-20 02:46:49,713:DEBUG:iCCP profile name b'ICC Profile'
2019-06-20 02:46:49,713:DEBUG:Compression method 0
2019-06-20 02:46:49,713:DEBUG:STREAM b'pHYs' 3198 9
2019-06-20 02:46:49,713:DEBUG:STREAM b'iTXt' 3219 415
2019-06-20 02:46:49,713:DEBUG:STREAM b'iDOT' 3646 28
2019-06-20 02:46:49,713:DEBUG:b'iDOT' 3646 28 (unknown)
2019-06-20 02:46:49,714:DEBUG:STREAM b'IDAT' 3686 16384
2019-06-20 02:46:50,579:DEBUG:STREAM b'IHDR' 16 13
2019-06-20 02:46:50,580:DEBUG:STREAM b'iCCP' 41 3145
2019-06-20 02:46:50,580:DEBUG:iCCP profile name b'ICC Profile'
2019-06-20 02:46:50,580:DEBUG:Compression method 0
2019-06-20 02:46:50,580:DEBUG:STREAM b'pHYs' 3198 9
2019-06-20 02:46:50,580:DEBUG:STREAM b'iTXt' 3219 415
2019-06-20 02:46:50,581:DEBUG:STREAM b'iDOT' 3646 28
2019-06-20 02:46:50,581:DEBUG:b'iDOT' 3646 28 (unknown)
2019-06-20 02:46:50,581:DEBUG:STREAM b'IDAT' 3686 16384
2019-06-20 02:46:51,436:DEBUG:STREAM b'IHDR' 16 13
2019-06-20 02:46:51,437:DEBUG:STREAM b'iCCP' 41 3145
2019-06-20 02:46:51,437:DEBUG:iCCP profile name b'ICC Profile'
2019-06-20 02:46:51,437:DEBUG:Compression method 0
2019-06-20 02:46:51,437:DEBUG:STREAM b'pHYs' 3198 9
2019-06-20 02:46:51,437:DEBUG:STREAM b'iTXt' 3219 415
2019-06-20 02:46:51,437:DEBUG:STREAM b'iDOT' 3646 28
2019-06-20 02:46:51,437:DEBUG:b'iDOT' 3646 28 (unknown)
2019-06-20 02:46:51,437:DEBUG:STREAM b'IDAT' 3686 16384
2019-06-20 02:46:52,619:INFO:[1604, 396] Waypoint Clicked 
2019-06-20 02:46:53,009:DEBUG:STREAM b'IHDR' 16 13
2019-06-20 02:46:53,009:DEBUG:STREAM b'iCCP' 41 3145
2019-06-20 02:46:53,010:DEBUG:iCCP profile name b'ICC Profile'
2019-06-20 02:46:53,010:DEBUG:Compression method 0
2019-06-20 02:46:53,010:DEBUG:STREAM b'pHYs' 3198 9
2019-06-20 02:46:53,010:DEBUG:STREAM b'iTXt' 3219 415
2019-06-20 02:46:53,010:DEBUG:STREAM b'iDOT' 3646 28
2019-06-20 02:46:53,010:DEBUG:b'iDOT' 3646 28 (unknown)
2019-06-20 02:46:53,010:DEBUG:STREAM b'IDAT' 3686 16384
2019-06-20 02:46:53,515:INFO:[1604, 396] Failed Jump. 
2019-06-20 02:46:54,233:INFO:[1416, 418] Waypoint Clicked 
2019-06-20 02:46:54,621:DEBUG:STREAM b'IHDR' 16 13
2019-06-20 02:46:54,621:DEBUG:STREAM b'iCCP' 41 3145
2019-06-20 02:46:54,621:DEBUG:iCCP profile name b'ICC Profile'
2019-06-20 02:46:54,622:DEBUG:Compression method 0
2019-06-20 02:46:54,622:DEBUG:STREAM b'pHYs' 3198 9
2019-06-20 02:46:54,622:DEBUG:STREAM b'iTXt' 3219 415
2019-06-20 02:46:54,622:DEBUG:STREAM b'iDOT' 3646 28
2019-06-20 02:46:54,622:DEBUG:b'iDOT' 3646 28 (unknown)
2019-06-20 02:46:54,622:DEBUG:STREAM b'IDAT' 3686 16384
2019-06-20 02:46:55,137:INFO:[1416, 418] Failed Jump. 
2019-06-20 02:46:55,854:INFO:[1168, 420] Waypoint Clicked 
2019-06-20 02:46:56,238:DEBUG:STREAM b'IHDR' 16 13
2019-06-20 02:46:56,239:DEBUG:STREAM b'iCCP' 41 3145
2019-06-20 02:46:56,239:DEBUG:iCCP profile name b'ICC Profile'
2019-06-20 02:46:56,239:DEBUG:Compression method 0
2019-06-20 02:46:56,239:DEBUG:STREAM b'pHYs' 3198 9
2019-06-20 02:46:56,239:DEBUG:STREAM b'iTXt' 3219 415
2019-06-20 02:46:56,239:DEBUG:STREAM b'iDOT' 3646 28
2019-06-20 02:46:56,240:DEBUG:b'iDOT' 3646 28 (unknown)
2019-06-20 02:46:56,240:DEBUG:STREAM b'IDAT' 3686 16384
2019-06-20 02:46:56,753:INFO:[1168, 420] Failed Jump. 
2019-06-20 02:46:57,475:INFO:[1169, 420] Waypoint Clicked 
2019-06-20 02:46:57,874:DEBUG:STREAM b'IHDR' 16 13
2019-06-20 02:46:57,875:DEBUG:STREAM b'iCCP' 41 3145
2019-06-20 02:46:57,875:DEBUG:iCCP profile name b'ICC Profile'
2019-06-20 02:46:57,875:DEBUG:Compression method 0
2019-06-20 02:46:57,875:DEBUG:STREAM b'pHYs' 3198 9
2019-06-20 02:46:57,875:DEBUG:STREAM b'iTXt' 3219 415
2019-06-20 02:46:57,876:DEBUG:STREAM b'iDOT' 3646 28
2019-06-20 02:46:57,876:DEBUG:b'iDOT' 3646 28 (unknown)
2019-06-20 02:46:57,876:DEBUG:STREAM b'IDAT' 3686 16384
2019-06-20 02:46:58,384:INFO:[1169, 420] Failed Jump. 
2019-06-20 02:46:59,107:INFO:[1872, 422] Waypoint Clicked 
2019-06-20 02:46:59,494:DEBUG:STREAM b'IHDR' 16 13
2019-06-20 02:46:59,495:DEBUG:STREAM b'iCCP' 41 3145
2019-06-20 02:46:59,495:DEBUG:iCCP profile name b'ICC Profile'
2019-06-20 02:46:59,495:DEBUG:Compression method 0
2019-06-20 02:46:59,495:DEBUG:STREAM b'pHYs' 3198 9
2019-06-20 02:46:59,495:DEBUG:STREAM b'iTXt' 3219 415
2019-06-20 02:46:59,495:DEBUG:STREAM b'iDOT' 3646 28
2019-06-20 02:46:59,495:DEBUG:b'iDOT' 3646 28 (unknown)
2019-06-20 02:46:59,495:DEBUG:STREAM b'IDAT' 3686 16384
2019-06-20 02:47:00,008:INFO:[1872, 422] Failed Jump. 
2019-06-20 02:47:00,722:INFO:[1873, 422] Waypoint Clicked 
2019-06-20 02:47:01,114:DEBUG:STREAM b'IHDR' 16 13
2019-06-20 02:47:01,115:DEBUG:STREAM b'iCCP' 41 3145
2019-06-20 02:47:01,115:DEBUG:iCCP profile name b'ICC Profile'
2019-06-20 02:47:01,115:DEBUG:Compression method 0
2019-06-20 02:47:01,115:DEBUG:STREAM b'pHYs' 3198 9
2019-06-20 02:47:01,115:DEBUG:STREAM b'iTXt' 3219 415
2019-06-20 02:47:01,115:DEBUG:STREAM b'iDOT' 3646 28
2019-06-20 02:47:01,115:DEBUG:b'iDOT' 3646 28 (unknown)
2019-06-20 02:47:01,115:DEBUG:STREAM b'IDAT' 3686 16384
2019-06-20 02:47:01,631:INFO:[1873, 422] Failed Jump. 
2019-06-20 02:47:02,349:INFO:[1872, 423] Waypoint Clicked 
2019-06-20 02:47:02,737:DEBUG:STREAM b'IHDR' 16 13
2019-06-20 02:47:02,738:DEBUG:STREAM b'iCCP' 41 3145
2019-06-20 02:47:02,738:DEBUG:iCCP profile name b'ICC Profile'
2019-06-20 02:47:02,738:DEBUG:Compression method 0
2019-06-20 02:47:02,739:DEBUG:STREAM b'pHYs' 3198 9
2019-06-20 02:47:02,739:DEBUG:STREAM b'iTXt' 3219 415
2019-06-20 02:47:02,739:DEBUG:STREAM b'iDOT' 3646 28
2019-06-20 02:47:02,739:DEBUG:b'iDOT' 3646 28 (unknown)
2019-06-20 02:47:02,739:DEBUG:STREAM b'IDAT' 3686 16384
2019-06-20 02:47:03,247:INFO:[1872, 423] Failed Jump. 
2019-06-20 02:47:03,962:INFO:[1064, 486] Waypoint Clicked 
2019-06-20 02:47:04,352:DEBUG:STREAM b'IHDR' 16 13
2019-06-20 02:47:04,352:DEBUG:STREAM b'iCCP' 41 3145
2019-06-20 02:47:04,352:DEBUG:iCCP profile name b'ICC Profile'
2019-06-20 02:47:04,353:DEBUG:Compression method 0
2019-06-20 02:47:04,353:DEBUG:STREAM b'pHYs' 3198 9
2019-06-20 02:47:04,353:DEBUG:STREAM b'iTXt' 3219 415
2019-06-20 02:47:04,353:DEBUG:STREAM b'iDOT' 3646 28
2019-06-20 02:47:04,353:DEBUG:b'iDOT' 3646 28 (unknown)
2019-06-20 02:47:04,353:DEBUG:STREAM b'IDAT' 3686 16384
2019-06-20 02:47:04,875:INFO:[1064, 486] Failed Jump. 
2019-06-20 02:47:05,596:INFO:[1065, 486] Waypoint Clicked 
2019-06-20 02:47:05,993:DEBUG:STREAM b'IHDR' 16 13
2019-06-20 02:47:05,993:DEBUG:STREAM b'iCCP' 41 3145
2019-06-20 02:47:05,993:DEBUG:iCCP profile name b'ICC Profile'
2019-06-20 02:47:05,993:DEBUG:Compression method 0
2019-06-20 02:47:05,994:DEBUG:STREAM b'pHYs' 3198 9
2019-06-20 02:47:05,994:DEBUG:STREAM b'iTXt' 3219 415
2019-06-20 02:47:05,994:DEBUG:STREAM b'iDOT' 3646 28
2019-06-20 02:47:05,994:DEBUG:b'iDOT' 3646 28 (unknown)
2019-06-20 02:47:05,994:DEBUG:STREAM b'IDAT' 3686 16384
2019-06-20 02:47:06,504:INFO:[1065, 486] Failed Jump. 
2019-06-20 02:47:07,225:INFO:[2164, 490] Waypoint Clicked 
2019-06-20 02:47:07,610:DEBUG:STREAM b'IHDR' 16 13
2019-06-20 02:47:07,610:DEBUG:STREAM b'iCCP' 41 3145
2019-06-20 02:47:07,610:DEBUG:iCCP profile name b'ICC Profile'
2019-06-20 02:47:07,610:DEBUG:Compression method 0
2019-06-20 02:47:07,611:DEBUG:STREAM b'pHYs' 3198 9
2019-06-20 02:47:07,611:DEBUG:STREAM b'iTXt' 3219 415
2019-06-20 02:47:07,611:DEBUG:STREAM b'iDOT' 3646 28
2019-06-20 02:47:07,611:DEBUG:b'iDOT' 3646 28 (unknown)
2019-06-20 02:47:07,611:DEBUG:STREAM b'IDAT' 3686 16384
2019-06-20 02:47:08,118:INFO:[2164, 490] Failed Jump. 
2019-06-20 02:47:08,841:INFO:[2165, 490] Waypoint Clicked 
2019-06-20 02:47:09,224:DEBUG:STREAM b'IHDR' 16 13
2019-06-20 02:47:09,224:DEBUG:STREAM b'iCCP' 41 3145
2019-06-20 02:47:09,224:DEBUG:iCCP profile name b'ICC Profile'
2019-06-20 02:47:09,224:DEBUG:Compression method 0
2019-06-20 02:47:09,225:DEBUG:STREAM b'pHYs' 3198 9
2019-06-20 02:47:09,225:DEBUG:STREAM b'iTXt' 3219 415
2019-06-20 02:47:09,225:DEBUG:STREAM b'iDOT' 3646 28
2019-06-20 02:47:09,225:DEBUG:b'iDOT' 3646 28 (unknown)
2019-06-20 02:47:09,225:DEBUG:STREAM b'IDAT' 3686 16384
2019-06-20 02:47:09,729:INFO:[2165, 490] Failed Jump. 
2019-06-20 02:47:10,451:INFO:[2164, 491] Waypoint Clicked 
2019-06-20 02:47:10,856:DEBUG:STREAM b'IHDR' 16 13
2019-06-20 02:47:10,856:DEBUG:STREAM b'iCCP' 41 3145
2019-06-20 02:47:10,856:DEBUG:iCCP profile name b'ICC Profile'
2019-06-20 02:47:10,856:DEBUG:Compression method 0
2019-06-20 02:47:10,857:DEBUG:STREAM b'pHYs' 3198 9
2019-06-20 02:47:10,857:DEBUG:STREAM b'iTXt' 3219 415
2019-06-20 02:47:10,857:DEBUG:STREAM b'iDOT' 3646 28
2019-06-20 02:47:10,857:DEBUG:b'iDOT' 3646 28 (unknown)
2019-06-20 02:47:10,857:DEBUG:STREAM b'IDAT' 3686 16384
2019-06-20 02:47:11,355:INFO:[2164, 491] Failed Jump. 
2019-06-20 02:47:12,076:INFO:[1232, 604] Waypoint Clicked 
2019-06-20 02:47:12,464:DEBUG:STREAM b'IHDR' 16 13
2019-06-20 02:47:12,465:DEBUG:STREAM b'iCCP' 41 3145
2019-06-20 02:47:12,465:DEBUG:iCCP profile name b'ICC Profile'
2019-06-20 02:47:12,465:DEBUG:Compression method 0
2019-06-20 02:47:12,465:DEBUG:STREAM b'pHYs' 3198 9
2019-06-20 02:47:12,465:DEBUG:STREAM b'iTXt' 3219 415
2019-06-20 02:47:12,465:DEBUG:STREAM b'iDOT' 3646 28
2019-06-20 02:47:12,466:DEBUG:b'iDOT' 3646 28 (unknown)
2019-06-20 02:47:12,466:DEBUG:STREAM b'IDAT' 3686 16384
2019-06-20 02:47:12,979:INFO:[1232, 604] Failed Jump. 
2019-06-20 02:47:13,702:INFO:[2082, 624] Waypoint Clicked 
2019-06-20 02:47:14,084:DEBUG:STREAM b'IHDR' 16 13
2019-06-20 02:47:14,084:DEBUG:STREAM b'iCCP' 41 3145
2019-06-20 02:47:14,084:DEBUG:iCCP profile name b'ICC Profile'
2019-06-20 02:47:14,084:DEBUG:Compression method 0
2019-06-20 02:47:14,085:DEBUG:STREAM b'pHYs' 3198 9
2019-06-20 02:47:14,085:DEBUG:STREAM b'iTXt' 3219 415
2019-06-20 02:47:14,085:DEBUG:STREAM b'iDOT' 3646 28
2019-06-20 02:47:14,085:DEBUG:b'iDOT' 3646 28 (unknown)
2019-06-20 02:47:14,085:DEBUG:STREAM b'IDAT' 3686 16384
2019-06-20 02:47:14,587:INFO:[2082, 624] Failed Jump. 
2019-06-20 02:47:15,307:INFO:[1682, 660] Waypoint Clicked 
2019-06-20 02:47:15,696:DEBUG:STREAM b'IHDR' 16 13
2019-06-20 02:47:15,697:DEBUG:STREAM b'iCCP' 41 3145
2019-06-20 02:47:15,697:DEBUG:iCCP profile name b'ICC Profile'
2019-06-20 02:47:15,697:DEBUG:Compression method 0
2019-06-20 02:47:15,697:DEBUG:STREAM b'pHYs' 3198 9
2019-06-20 02:47:15,697:DEBUG:STREAM b'iTXt' 3219 415
2019-06-20 02:47:15,697:DEBUG:STREAM b'iDOT' 3646 28
2019-06-20 02:47:15,697:DEBUG:b'iDOT' 3646 28 (unknown)
2019-06-20 02:47:15,697:DEBUG:STREAM b'IDAT' 3686 16384
2019-06-20 02:47:16,202:INFO:[1682, 660] Failed Jump. 
2019-06-20 02:47:16,922:INFO:[1110, 686] Waypoint Clicked 
2019-06-20 02:47:17,302:DEBUG:STREAM b'IHDR' 16 13
2019-06-20 02:47:17,303:DEBUG:STREAM b'iCCP' 41 3145
2019-06-20 02:47:17,303:DEBUG:iCCP profile name b'ICC Profile'
2019-06-20 02:47:17,303:DEBUG:Compression method 0
2019-06-20 02:47:17,303:DEBUG:STREAM b'pHYs' 3198 9
2019-06-20 02:47:17,303:DEBUG:STREAM b'iTXt' 3219 415
2019-06-20 02:47:17,303:DEBUG:STREAM b'iDOT' 3646 28
2019-06-20 02:47:17,304:DEBUG:b'iDOT' 3646 28 (unknown)
2019-06-20 02:47:17,304:DEBUG:STREAM b'IDAT' 3686 16384
2019-06-20 02:47:17,827:INFO:[1110, 686] Failed Jump. 
2019-06-20 02:47:18,549:INFO:[1448, 716] Waypoint Clicked 
2019-06-20 02:47:18,978:DEBUG:STREAM b'IHDR' 16 13
2019-06-20 02:47:18,978:DEBUG:STREAM b'iCCP' 41 3145
2019-06-20 02:47:18,978:DEBUG:iCCP profile name b'ICC Profile'
2019-06-20 02:47:18,978:DEBUG:Compression method 0
2019-06-20 02:47:18,978:DEBUG:STREAM b'pHYs' 3198 9
2019-06-20 02:47:18,979:DEBUG:STREAM b'iTXt' 3219 415
2019-06-20 02:47:18,979:DEBUG:STREAM b'iDOT' 3646 28
2019-06-20 02:47:18,979:DEBUG:b'iDOT' 3646 28 (unknown)
2019-06-20 02:47:18,979:DEBUG:STREAM b'IDAT' 3686 16384
2019-06-20 02:47:19,473:INFO:[1448, 716] Failed Jump. 
2019-06-20 02:47:20,186:INFO:[1934, 756] Waypoint Clicked 
2019-06-20 02:47:20,575:DEBUG:STREAM b'IHDR' 16 13
2019-06-20 02:47:20,576:DEBUG:STREAM b'iCCP' 41 3145
2019-06-20 02:47:20,576:DEBUG:iCCP profile name b'ICC Profile'
2019-06-20 02:47:20,576:DEBUG:Compression method 0
2019-06-20 02:47:20,576:DEBUG:STREAM b'pHYs' 3198 9
2019-06-20 02:47:20,577:DEBUG:STREAM b'iTXt' 3219 415
2019-06-20 02:47:20,577:DEBUG:STREAM b'iDOT' 3646 28
2019-06-20 02:47:20,577:DEBUG:b'iDOT' 3646 28 (unknown)
2019-06-20 02:47:20,577:DEBUG:STREAM b'IDAT' 3686 16384
2019-06-20 02:47:21,087:INFO:[1934, 756] Failed Jump. 
2019-06-20 02:47:21,809:INFO:[1935, 756] Waypoint Clicked 
2019-06-20 02:47:22,190:DEBUG:STREAM b'IHDR' 16 13
2019-06-20 02:47:22,191:DEBUG:STREAM b'iCCP' 41 3145
2019-06-20 02:47:22,191:DEBUG:iCCP profile name b'ICC Profile'
2019-06-20 02:47:22,191:DEBUG:Compression method 0
2019-06-20 02:47:22,191:DEBUG:STREAM b'pHYs' 3198 9
2019-06-20 02:47:22,191:DEBUG:STREAM b'iTXt' 3219 415
2019-06-20 02:47:22,192:DEBUG:STREAM b'iDOT' 3646 28
2019-06-20 02:47:22,192:DEBUG:b'iDOT' 3646 28 (unknown)
2019-06-20 02:47:22,192:DEBUG:STREAM b'IDAT' 3686 16384
2019-06-20 02:47:22,696:INFO:[1935, 756] Failed Jump. 
2019-06-20 02:47:23,412:INFO:[1756, 852] Waypoint Clicked 
2019-06-20 02:47:23,794:DEBUG:STREAM b'IHDR' 16 13
2019-06-20 02:47:23,794:DEBUG:STREAM b'iCCP' 41 3145
2019-06-20 02:47:23,794:DEBUG:iCCP profile name b'ICC Profile'
2019-06-20 02:47:23,794:DEBUG:Compression method 0
2019-06-20 02:47:23,795:DEBUG:STREAM b'pHYs' 3198 9
2019-06-20 02:47:23,795:DEBUG:STREAM b'iTXt' 3219 415
2019-06-20 02:47:23,795:DEBUG:STREAM b'iDOT' 3646 28
2019-06-20 02:47:23,795:DEBUG:b'iDOT' 3646 28 (unknown)
2019-06-20 02:47:23,795:DEBUG:STREAM b'IDAT' 3686 16384
2019-06-20 02:47:24,291:INFO:[1756, 852] Failed Jump. 
2019-06-20 02:47:25,013:INFO:[2202, 886] Waypoint Clicked 
2019-06-20 02:47:25,390:DEBUG:STREAM b'IHDR' 16 13
2019-06-20 02:47:25,390:DEBUG:STREAM b'iCCP' 41 3145
2019-06-20 02:47:25,390:DEBUG:iCCP profile name b'ICC Profile'
2019-06-20 02:47:25,391:DEBUG:Compression method 0
2019-06-20 02:47:25,391:DEBUG:STREAM b'pHYs' 3198 9
2019-06-20 02:47:25,391:DEBUG:STREAM b'iTXt' 3219 415
2019-06-20 02:47:25,391:DEBUG:STREAM b'iDOT' 3646 28
2019-06-20 02:47:25,391:DEBUG:b'iDOT' 3646 28 (unknown)
2019-06-20 02:47:25,391:DEBUG:STREAM b'IDAT' 3686 16384
2019-06-20 02:47:25,904:INFO:[2202, 886] Failed Jump. 
2019-06-20 02:47:26,623:INFO:[2203, 886] Waypoint Clicked 
2019-06-20 02:47:27,012:DEBUG:STREAM b'IHDR' 16 13
2019-06-20 02:47:27,013:DEBUG:STREAM b'iCCP' 41 3145
2019-06-20 02:47:27,013:DEBUG:iCCP profile name b'ICC Profile'
2019-06-20 02:47:27,013:DEBUG:Compression method 0
2019-06-20 02:47:27,014:DEBUG:STREAM b'pHYs' 3198 9
2019-06-20 02:47:27,014:DEBUG:STREAM b'iTXt' 3219 415
2019-06-20 02:47:27,014:DEBUG:STREAM b'iDOT' 3646 28
2019-06-20 02:47:27,014:DEBUG:b'iDOT' 3646 28 (unknown)
2019-06-20 02:47:27,014:DEBUG:STREAM b'IDAT' 3686 16384
2019-06-20 02:47:27,514:INFO:[2203, 886] Failed Jump. 
2019-06-20 02:47:28,235:INFO:[2202, 887] Waypoint Clicked 
2019-06-20 02:47:28,614:DEBUG:STREAM b'IHDR' 16 13
2019-06-20 02:47:28,615:DEBUG:STREAM b'iCCP' 41 3145
2019-06-20 02:47:28,615:DEBUG:iCCP profile name b'ICC Profile'
2019-06-20 02:47:28,615:DEBUG:Compression method 0
2019-06-20 02:47:28,616:DEBUG:STREAM b'pHYs' 3198 9
2019-06-20 02:47:28,616:DEBUG:STREAM b'iTXt' 3219 415
2019-06-20 02:47:28,616:DEBUG:STREAM b'iDOT' 3646 28
2019-06-20 02:47:28,616:DEBUG:b'iDOT' 3646 28 (unknown)
2019-06-20 02:47:28,616:DEBUG:STREAM b'IDAT' 3686 16384
2019-06-20 02:47:29,138:INFO:[2202, 887] Failed Jump. 
2019-06-20 02:47:29,856:INFO:[1976, 910] Waypoint Clicked 
2019-06-20 02:47:30,241:DEBUG:STREAM b'IHDR' 16 13
2019-06-20 02:47:30,242:DEBUG:STREAM b'iCCP' 41 3145
2019-06-20 02:47:30,242:DEBUG:iCCP profile name b'ICC Profile'
2019-06-20 02:47:30,242:DEBUG:Compression method 0
2019-06-20 02:47:30,242:DEBUG:STREAM b'pHYs' 3198 9
2019-06-20 02:47:30,242:DEBUG:STREAM b'iTXt' 3219 415
2019-06-20 02:47:30,242:DEBUG:STREAM b'iDOT' 3646 28
2019-06-20 02:47:30,242:DEBUG:b'iDOT' 3646 28 (unknown)
2019-06-20 02:47:30,242:DEBUG:STREAM b'IDAT' 3686 16384
2019-06-20 02:47:30,761:INFO:[1976, 910] Failed Jump. 
2019-06-20 02:47:31,483:INFO:[1925, 964] Waypoint Clicked 
2019-06-20 02:47:31,873:DEBUG:STREAM b'IHDR' 16 13
2019-06-20 02:47:31,873:DEBUG:STREAM b'iCCP' 41 3145
2019-06-20 02:47:31,873:DEBUG:iCCP profile name b'ICC Profile'
2019-06-20 02:47:31,873:DEBUG:Compression method 0
2019-06-20 02:47:31,874:DEBUG:STREAM b'pHYs' 3198 9
2019-06-20 02:47:31,874:DEBUG:STREAM b'iTXt' 3219 415
2019-06-20 02:47:31,874:DEBUG:STREAM b'iDOT' 3646 28
2019-06-20 02:47:31,874:DEBUG:b'iDOT' 3646 28 (unknown)
2019-06-20 02:47:31,874:DEBUG:STREAM b'IDAT' 3686 16384
2019-06-20 02:47:32,378:INFO:[1925, 964] Failed Jump. 
2019-06-20 02:47:33,100:INFO:[1280, 968] Waypoint Clicked 
2019-06-20 02:47:33,512:DEBUG:STREAM b'IHDR' 16 13
2019-06-20 02:47:33,513:DEBUG:STREAM b'iCCP' 41 3145
2019-06-20 02:47:33,513:DEBUG:iCCP profile name b'ICC Profile'
2019-06-20 02:47:33,513:DEBUG:Compression method 0
2019-06-20 02:47:33,513:DEBUG:STREAM b'pHYs' 3198 9
2019-06-20 02:47:33,513:DEBUG:STREAM b'iTXt' 3219 415
2019-06-20 02:47:33,513:DEBUG:STREAM b'iDOT' 3646 28
2019-06-20 02:47:33,513:DEBUG:b'iDOT' 3646 28 (unknown)
2019-06-20 02:47:33,513:DEBUG:STREAM b'IDAT' 3686 16384
2019-06-20 02:47:34,052:INFO:[1280, 968] Successful Jump! 
2019-06-20 02:47:37,056:INFO:[1280, 968] Assessing encounter.
2019-06-20 02:47:37,372:DEBUG:STREAM b'IHDR' 16 13
2019-06-20 02:47:37,373:DEBUG:STREAM b'iCCP' 41 3145
2019-06-20 02:47:37,373:DEBUG:iCCP profile name b'ICC Profile'
2019-06-20 02:47:37,373:DEBUG:Compression method 0
2019-06-20 02:47:37,373:DEBUG:STREAM b'pHYs' 3198 9
2019-06-20 02:47:37,373:DEBUG:STREAM b'iTXt' 3219 415
2019-06-20 02:47:37,373:DEBUG:STREAM b'iDOT' 3646 28
2019-06-20 02:47:37,373:DEBUG:b'iDOT' 3646 28 (unknown)
2019-06-20 02:47:37,373:DEBUG:STREAM b'IDAT' 3686 16384
2019-06-20 02:47:38,156:DEBUG:STREAM b'IHDR' 16 13
2019-06-20 02:47:38,157:DEBUG:STREAM b'iCCP' 41 3145
2019-06-20 02:47:38,157:DEBUG:iCCP profile name b'ICC Profile'
2019-06-20 02:47:38,157:DEBUG:Compression method 0
2019-06-20 02:47:38,157:DEBUG:STREAM b'pHYs' 3198 9
2019-06-20 02:47:38,157:DEBUG:STREAM b'iTXt' 3219 415
2019-06-20 02:47:38,157:DEBUG:STREAM b'iDOT' 3646 28
2019-06-20 02:47:38,157:DEBUG:b'iDOT' 3646 28 (unknown)
2019-06-20 02:47:38,157:DEBUG:STREAM b'IDAT' 3686 16384
2019-06-20 02:47:38,615:INFO:[1280, 968] No Ship Encountered.
2019-06-20 02:47:38,615:INFO:Restarting Game.
2019-06-20 02:47:38,755:DEBUG:STREAM b'IHDR' 16 13
2019-06-20 02:47:38,755:DEBUG:STREAM b'iCCP' 41 3145
2019-06-20 02:47:38,755:DEBUG:iCCP profile name b'ICC Profile'
2019-06-20 02:47:38,755:DEBUG:Compression method 0
2019-06-20 02:47:38,756:DEBUG:STREAM b'pHYs' 3198 9
2019-06-20 02:47:38,756:DEBUG:STREAM b'iTXt' 3219 412
2019-06-20 02:47:38,756:DEBUG:STREAM b'iDOT' 3643 28
2019-06-20 02:47:38,756:DEBUG:b'iDOT' 3643 28 (unknown)
2019-06-20 02:47:38,756:DEBUG:STREAM b'IDAT' 3683 1285
2019-06-20 02:47:39,034:DEBUG:STREAM b'IHDR' 16 13
2019-06-20 02:47:39,035:DEBUG:STREAM b'iCCP' 41 3145
2019-06-20 02:47:39,035:DEBUG:iCCP profile name b'ICC Profile'
2019-06-20 02:47:39,035:DEBUG:Compression method 0
2019-06-20 02:47:39,035:DEBUG:STREAM b'pHYs' 3198 9
2019-06-20 02:47:39,035:DEBUG:STREAM b'iTXt' 3219 415
2019-06-20 02:47:39,036:DEBUG:STREAM b'iDOT' 3646 28
2019-06-20 02:47:39,036:DEBUG:b'iDOT' 3646 28 (unknown)
2019-06-20 02:47:39,036:DEBUG:STREAM b'IDAT' 3686 16384
2019-06-20 02:47:40,028:DEBUG:STREAM b'IHDR' 16 13
2019-06-20 02:47:40,028:DEBUG:STREAM b'iCCP' 41 3145
2019-06-20 02:47:40,028:DEBUG:iCCP profile name b'ICC Profile'
2019-06-20 02:47:40,028:DEBUG:Compression method 0
2019-06-20 02:47:40,028:DEBUG:STREAM b'pHYs' 3198 9
2019-06-20 02:47:40,029:DEBUG:STREAM b'iTXt' 3219 411
2019-06-20 02:47:40,029:DEBUG:STREAM b'iDOT' 3642 28
2019-06-20 02:47:40,029:DEBUG:b'iDOT' 3642 28 (unknown)
2019-06-20 02:47:40,029:DEBUG:STREAM b'IDAT' 3682 898
2019-06-20 02:47:40,312:DEBUG:STREAM b'IHDR' 16 13
2019-06-20 02:47:40,313:DEBUG:STREAM b'iCCP' 41 3145
2019-06-20 02:47:40,313:DEBUG:iCCP profile name b'ICC Profile'
2019-06-20 02:47:40,313:DEBUG:Compression method 0
2019-06-20 02:47:40,313:DEBUG:STREAM b'pHYs' 3198 9
2019-06-20 02:47:40,313:DEBUG:STREAM b'iTXt' 3219 415
2019-06-20 02:47:40,313:DEBUG:STREAM b'iDOT' 3646 28
2019-06-20 02:47:40,313:DEBUG:b'iDOT' 3646 28 (unknown)
2019-06-20 02:47:40,313:DEBUG:STREAM b'IDAT' 3686 16384
2019-06-20 02:47:41,290:DEBUG:STREAM b'IHDR' 16 13
2019-06-20 02:47:41,290:DEBUG:STREAM b'iCCP' 41 3093
2019-06-20 02:47:41,290:DEBUG:iCCP profile name b'ICC Profile'
2019-06-20 02:47:41,290:DEBUG:Compression method 0
2019-06-20 02:47:41,291:DEBUG:STREAM b'pHYs' 3146 9
2019-06-20 02:47:41,291:DEBUG:STREAM b'iTXt' 3167 412
2019-06-20 02:47:41,291:DEBUG:STREAM b'iDOT' 3591 28
2019-06-20 02:47:41,291:DEBUG:b'iDOT' 3591 28 (unknown)
2019-06-20 02:47:41,291:DEBUG:STREAM b'IDAT' 3631 3077
2019-06-20 02:47:41,673:DEBUG:STREAM b'IHDR' 16 13
2019-06-20 02:47:41,673:DEBUG:STREAM b'iCCP' 41 3145
2019-06-20 02:47:41,673:DEBUG:iCCP profile name b'ICC Profile'
2019-06-20 02:47:41,673:DEBUG:Compression method 0
2019-06-20 02:47:41,674:DEBUG:STREAM b'pHYs' 3198 9
2019-06-20 02:47:41,674:DEBUG:STREAM b'iTXt' 3219 415
2019-06-20 02:47:41,674:DEBUG:STREAM b'iDOT' 3646 28
2019-06-20 02:47:41,674:DEBUG:b'iDOT' 3646 28 (unknown)
2019-06-20 02:47:41,674:DEBUG:STREAM b'IDAT' 3686 16384
2019-06-20 02:47:42,737:INFO:Playing Game.
2019-06-20 02:47:42,738:DEBUG:STREAM b'IHDR' 16 13
2019-06-20 02:47:42,738:DEBUG:STREAM b'iCCP' 41 3093
2019-06-20 02:47:42,738:DEBUG:iCCP profile name b'ICC Profile'
2019-06-20 02:47:42,738:DEBUG:Compression method 0
2019-06-20 02:47:42,738:DEBUG:STREAM b'pHYs' 3146 9
2019-06-20 02:47:42,738:DEBUG:STREAM b'iTXt' 3167 413
2019-06-20 02:47:42,738:DEBUG:STREAM b'iDOT' 3592 28
2019-06-20 02:47:42,738:DEBUG:b'iDOT' 3592 28 (unknown)
2019-06-20 02:47:42,738:DEBUG:STREAM b'IDAT' 3632 2481
2019-06-20 02:47:43,050:DEBUG:STREAM b'IHDR' 16 13
2019-06-20 02:47:43,050:DEBUG:STREAM b'iCCP' 41 3145
2019-06-20 02:47:43,051:DEBUG:iCCP profile name b'ICC Profile'
2019-06-20 02:47:43,051:DEBUG:Compression method 0
2019-06-20 02:47:43,051:DEBUG:STREAM b'pHYs' 3198 9
2019-06-20 02:47:43,051:DEBUG:STREAM b'iTXt' 3219 415
2019-06-20 02:47:43,051:DEBUG:STREAM b'iDOT' 3646 28
2019-06-20 02:47:43,051:DEBUG:b'iDOT' 3646 28 (unknown)
2019-06-20 02:47:43,051:DEBUG:STREAM b'IDAT' 3686 16384
2019-06-20 02:47:44,069:DEBUG:Collecting Jump Routes.
2019-06-20 02:47:44,767:DEBUG:STREAM b'IHDR' 16 13
2019-06-20 02:47:44,768:DEBUG:STREAM b'iCCP' 41 3145
2019-06-20 02:47:44,768:DEBUG:iCCP profile name b'ICC Profile'
2019-06-20 02:47:44,768:DEBUG:Compression method 0
2019-06-20 02:47:44,768:DEBUG:STREAM b'pHYs' 3198 9
2019-06-20 02:47:44,768:DEBUG:STREAM b'iTXt' 3219 415
2019-06-20 02:47:44,768:DEBUG:STREAM b'iDOT' 3646 28
2019-06-20 02:47:44,768:DEBUG:b'iDOT' 3646 28 (unknown)
2019-06-20 02:47:44,768:DEBUG:STREAM b'IDAT' 3686 16384
2019-06-20 02:47:45,323:DEBUG:STREAM b'IHDR' 16 13
2019-06-20 02:47:45,324:DEBUG:STREAM b'iCCP' 41 3145
2019-06-20 02:47:45,324:DEBUG:iCCP profile name b'ICC Profile'
2019-06-20 02:47:45,324:DEBUG:Compression method 0
2019-06-20 02:47:45,324:DEBUG:STREAM b'pHYs' 3198 9
2019-06-20 02:47:45,325:DEBUG:STREAM b'iTXt' 3219 415
2019-06-20 02:47:45,325:DEBUG:STREAM b'iDOT' 3646 28
2019-06-20 02:47:45,325:DEBUG:b'iDOT' 3646 28 (unknown)
2019-06-20 02:47:45,325:DEBUG:STREAM b'IDAT' 3686 16384
