2019-06-20 02:50:21,967:DEBUG:STREAM b'IHDR' 16 13
2019-06-20 02:50:21,967:DEBUG:STREAM b'iCCP' 41 3145
2019-06-20 02:50:21,967:DEBUG:iCCP profile name b'ICC Profile'
2019-06-20 02:50:21,967:DEBUG:Compression method 0
2019-06-20 02:50:21,967:DEBUG:STREAM b'pHYs' 3198 9
2019-06-20 02:50:21,968:DEBUG:STREAM b'iTXt' 3219 415
2019-06-20 02:50:21,968:DEBUG:STREAM b'iDOT' 3646 28
2019-06-20 02:50:21,968:DEBUG:b'iDOT' 3646 28 (unknown)
2019-06-20 02:50:21,968:DEBUG:STREAM b'IDAT' 3686 16384
2019-06-20 02:50:22,753:DEBUG:STREAM b'IHDR' 16 13
2019-06-20 02:50:22,753:DEBUG:STREAM b'iCCP' 41 3145
2019-06-20 02:50:22,753:DEBUG:iCCP profile name b'ICC Profile'
2019-06-20 02:50:22,753:DEBUG:Compression method 0
2019-06-20 02:50:22,754:DEBUG:STREAM b'pHYs' 3198 9
2019-06-20 02:50:22,754:DEBUG:STREAM b'iTXt' 3219 415
2019-06-20 02:50:22,754:DEBUG:STREAM b'iDOT' 3646 28
2019-06-20 02:50:22,754:DEBUG:b'iDOT' 3646 28 (unknown)
2019-06-20 02:50:22,754:DEBUG:STREAM b'IDAT' 3686 16384
2019-06-20 02:50:23,674:DEBUG:looking for steam icon
2019-06-20 02:50:23,681:DEBUG:STREAM b'IHDR' 16 13
2019-06-20 02:50:23,681:DEBUG:STREAM b'iCCP' 41 3093
2019-06-20 02:50:23,682:DEBUG:iCCP profile name b'ICC Profile'
2019-06-20 02:50:23,682:DEBUG:Compression method 0
2019-06-20 02:50:23,682:DEBUG:STREAM b'pHYs' 3146 9
2019-06-20 02:50:23,682:DEBUG:STREAM b'iTXt' 3167 413
2019-06-20 02:50:23,682:DEBUG:STREAM b'iDOT' 3592 28
2019-06-20 02:50:23,682:DEBUG:b'iDOT' 3592 28 (unknown)
2019-06-20 02:50:23,682:DEBUG:STREAM b'IDAT' 3632 7390
2019-06-20 02:50:24,022:DEBUG:STREAM b'IHDR' 16 13
2019-06-20 02:50:24,022:DEBUG:STREAM b'iCCP' 41 3145
2019-06-20 02:50:24,022:DEBUG:iCCP profile name b'ICC Profile'
2019-06-20 02:50:24,022:DEBUG:Compression method 0
2019-06-20 02:50:24,022:DEBUG:STREAM b'pHYs' 3198 9
2019-06-20 02:50:24,023:DEBUG:STREAM b'iTXt' 3219 415
2019-06-20 02:50:24,023:DEBUG:STREAM b'iDOT' 3646 28
2019-06-20 02:50:24,023:DEBUG:b'iDOT' 3646 28 (unknown)
2019-06-20 02:50:24,023:DEBUG:STREAM b'IDAT' 3686 16384
2019-06-20 02:50:24,996:DEBUG:looking for steam library
2019-06-20 02:50:24,998:DEBUG:STREAM b'IHDR' 16 13
2019-06-20 02:50:24,999:DEBUG:STREAM b'iCCP' 41 3093
2019-06-20 02:50:24,999:DEBUG:iCCP profile name b'ICC Profile'
2019-06-20 02:50:24,999:DEBUG:Compression method 0
2019-06-20 02:50:24,999:DEBUG:STREAM b'pHYs' 3146 9
2019-06-20 02:50:24,999:DEBUG:STREAM b'iTXt' 3167 412
2019-06-20 02:50:24,999:DEBUG:STREAM b'iDOT' 3591 28
2019-06-20 02:50:24,999:DEBUG:b'iDOT' 3591 28 (unknown)
2019-06-20 02:50:24,999:DEBUG:STREAM b'IDAT' 3631 9220
2019-06-20 02:50:25,365:DEBUG:STREAM b'IHDR' 16 13
2019-06-20 02:50:25,366:DEBUG:STREAM b'iCCP' 41 3145
2019-06-20 02:50:25,366:DEBUG:iCCP profile name b'ICC Profile'
2019-06-20 02:50:25,366:DEBUG:Compression method 0
2019-06-20 02:50:25,366:DEBUG:STREAM b'pHYs' 3198 9
2019-06-20 02:50:25,366:DEBUG:STREAM b'iTXt' 3219 415
2019-06-20 02:50:25,367:DEBUG:STREAM b'iDOT' 3646 28
2019-06-20 02:50:25,367:DEBUG:b'iDOT' 3646 28 (unknown)
2019-06-20 02:50:25,367:DEBUG:STREAM b'IDAT' 3686 16384
2019-06-20 02:50:26,417:DEBUG:looking for ftl in steam
2019-06-20 02:50:26,419:DEBUG:STREAM b'IHDR' 16 13
2019-06-20 02:50:26,420:DEBUG:STREAM b'iCCP' 41 3093
2019-06-20 02:50:26,420:DEBUG:iCCP profile name b'ICC Profile'
2019-06-20 02:50:26,420:DEBUG:Compression method 0
2019-06-20 02:50:26,420:DEBUG:STREAM b'pHYs' 3146 9
2019-06-20 02:50:26,420:DEBUG:STREAM b'iTXt' 3167 412
2019-06-20 02:50:26,420:DEBUG:STREAM b'iDOT' 3591 28
2019-06-20 02:50:26,420:DEBUG:b'iDOT' 3591 28 (unknown)
2019-06-20 02:50:26,420:DEBUG:STREAM b'IDAT' 3631 4924
2019-06-20 02:50:26,804:DEBUG:STREAM b'IHDR' 16 13
2019-06-20 02:50:26,804:DEBUG:STREAM b'iCCP' 41 3145
2019-06-20 02:50:26,804:DEBUG:iCCP profile name b'ICC Profile'
2019-06-20 02:50:26,804:DEBUG:Compression method 0
2019-06-20 02:50:26,804:DEBUG:STREAM b'pHYs' 3198 9
2019-06-20 02:50:26,804:DEBUG:STREAM b'iTXt' 3219 415
2019-06-20 02:50:26,804:DEBUG:STREAM b'iDOT' 3646 28
2019-06-20 02:50:26,805:DEBUG:b'iDOT' 3646 28 (unknown)
2019-06-20 02:50:26,805:DEBUG:STREAM b'IDAT' 3686 16384
2019-06-20 02:50:27,813:DEBUG:looking for play button
2019-06-20 02:50:27,816:DEBUG:STREAM b'IHDR' 16 13
2019-06-20 02:50:27,817:DEBUG:STREAM b'iCCP' 41 3093
2019-06-20 02:50:27,817:DEBUG:iCCP profile name b'ICC Profile'
2019-06-20 02:50:27,817:DEBUG:Compression method 0
2019-06-20 02:50:27,817:DEBUG:STREAM b'pHYs' 3146 9
2019-06-20 02:50:27,817:DEBUG:STREAM b'iTXt' 3167 412
2019-06-20 02:50:27,817:DEBUG:STREAM b'iDOT' 3591 28
2019-06-20 02:50:27,817:DEBUG:b'iDOT' 3591 28 (unknown)
2019-06-20 02:50:27,817:DEBUG:STREAM b'IDAT' 3631 7544
2019-06-20 02:50:28,185:DEBUG:STREAM b'IHDR' 16 13
2019-06-20 02:50:28,186:DEBUG:STREAM b'iCCP' 41 3145
2019-06-20 02:50:28,186:DEBUG:iCCP profile name b'ICC Profile'
2019-06-20 02:50:28,186:DEBUG:Compression method 0
2019-06-20 02:50:28,186:DEBUG:STREAM b'pHYs' 3198 9
2019-06-20 02:50:28,186:DEBUG:STREAM b'iTXt' 3219 415
2019-06-20 02:50:28,186:DEBUG:STREAM b'iDOT' 3646 28
2019-06-20 02:50:28,186:DEBUG:b'iDOT' 3646 28 (unknown)
2019-06-20 02:50:28,186:DEBUG:STREAM b'IDAT' 3686 16384
2019-06-20 02:50:29,206:INFO:Game Start: ftl:2019-06-20 02:50:29.206077
2019-06-20 02:50:29,206:INFO:Starting New Game.
2019-06-20 02:50:34,208:DEBUG:STREAM b'IHDR' 16 13
2019-06-20 02:50:34,209:DEBUG:STREAM b'iCCP' 41 3093
2019-06-20 02:50:34,209:DEBUG:iCCP profile name b'ICC Profile'
2019-06-20 02:50:34,209:DEBUG:Compression method 0
2019-06-20 02:50:34,209:DEBUG:STREAM b'pHYs' 3146 9
2019-06-20 02:50:34,209:DEBUG:STREAM b'iTXt' 3167 412
2019-06-20 02:50:34,209:DEBUG:STREAM b'iDOT' 3591 28
2019-06-20 02:50:34,210:DEBUG:b'iDOT' 3591 28 (unknown)
2019-06-20 02:50:34,210:DEBUG:STREAM b'IDAT' 3631 12055
2019-06-20 02:50:34,569:DEBUG:STREAM b'IHDR' 16 13
2019-06-20 02:50:34,570:DEBUG:STREAM b'iCCP' 41 3145
2019-06-20 02:50:34,570:DEBUG:iCCP profile name b'ICC Profile'
2019-06-20 02:50:34,570:DEBUG:Compression method 0
2019-06-20 02:50:34,570:DEBUG:STREAM b'pHYs' 3198 9
2019-06-20 02:50:34,570:DEBUG:STREAM b'iTXt' 3219 415
2019-06-20 02:50:34,570:DEBUG:STREAM b'iDOT' 3646 28
2019-06-20 02:50:34,570:DEBUG:b'iDOT' 3646 28 (unknown)
2019-06-20 02:50:34,570:DEBUG:STREAM b'IDAT' 3686 16384
2019-06-20 02:50:35,633:DEBUG:STREAM b'IHDR' 16 13
2019-06-20 02:50:35,634:DEBUG:STREAM b'iCCP' 41 3093
2019-06-20 02:50:35,634:DEBUG:iCCP profile name b'ICC Profile'
2019-06-20 02:50:35,634:DEBUG:Compression method 0
2019-06-20 02:50:35,634:DEBUG:STREAM b'pHYs' 3146 9
2019-06-20 02:50:35,634:DEBUG:STREAM b'iTXt' 3167 412
2019-06-20 02:50:35,634:DEBUG:STREAM b'iDOT' 3591 28
2019-06-20 02:50:35,634:DEBUG:b'iDOT' 3591 28 (unknown)
2019-06-20 02:50:35,634:DEBUG:STREAM b'IDAT' 3631 1658
2019-06-20 02:50:35,964:DEBUG:STREAM b'IHDR' 16 13
2019-06-20 02:50:35,964:DEBUG:STREAM b'iCCP' 41 3145
2019-06-20 02:50:35,964:DEBUG:iCCP profile name b'ICC Profile'
2019-06-20 02:50:35,964:DEBUG:Compression method 0
2019-06-20 02:50:35,964:DEBUG:STREAM b'pHYs' 3198 9
2019-06-20 02:50:35,965:DEBUG:STREAM b'iTXt' 3219 415
2019-06-20 02:50:35,965:DEBUG:STREAM b'iDOT' 3646 28
2019-06-20 02:50:35,965:DEBUG:b'iDOT' 3646 28 (unknown)
2019-06-20 02:50:35,965:DEBUG:STREAM b'IDAT' 3686 16384
2019-06-20 02:50:36,965:DEBUG:STREAM b'IHDR' 16 13
2019-06-20 02:50:36,965:DEBUG:STREAM b'iCCP' 41 3093
2019-06-20 02:50:36,965:DEBUG:iCCP profile name b'ICC Profile'
2019-06-20 02:50:36,965:DEBUG:Compression method 0
2019-06-20 02:50:36,965:DEBUG:STREAM b'pHYs' 3146 9
2019-06-20 02:50:36,965:DEBUG:STREAM b'iTXt' 3167 413
2019-06-20 02:50:36,965:DEBUG:STREAM b'iDOT' 3592 28
2019-06-20 02:50:36,966:DEBUG:b'iDOT' 3592 28 (unknown)
2019-06-20 02:50:36,966:DEBUG:STREAM b'IDAT' 3632 3594
2019-06-20 02:50:37,306:DEBUG:STREAM b'IHDR' 16 13
2019-06-20 02:50:37,307:DEBUG:STREAM b'iCCP' 41 3145
2019-06-20 02:50:37,307:DEBUG:iCCP profile name b'ICC Profile'
2019-06-20 02:50:37,307:DEBUG:Compression method 0
2019-06-20 02:50:37,307:DEBUG:STREAM b'pHYs' 3198 9
2019-06-20 02:50:37,307:DEBUG:STREAM b'iTXt' 3219 415
2019-06-20 02:50:37,307:DEBUG:STREAM b'iDOT' 3646 28
2019-06-20 02:50:37,307:DEBUG:b'iDOT' 3646 28 (unknown)
2019-06-20 02:50:37,307:DEBUG:STREAM b'IDAT' 3686 16384
2019-06-20 02:50:38,364:DEBUG:STREAM b'IHDR' 16 13
2019-06-20 02:50:38,364:DEBUG:STREAM b'iCCP' 41 3093
2019-06-20 02:50:38,364:DEBUG:iCCP profile name b'ICC Profile'
2019-06-20 02:50:38,364:DEBUG:Compression method 0
2019-06-20 02:50:38,364:DEBUG:STREAM b'pHYs' 3146 9
2019-06-20 02:50:38,365:DEBUG:STREAM b'iTXt' 3167 412
2019-06-20 02:50:38,365:DEBUG:STREAM b'iDOT' 3591 28
2019-06-20 02:50:38,365:DEBUG:b'iDOT' 3591 28 (unknown)
2019-06-20 02:50:38,365:DEBUG:STREAM b'IDAT' 3631 3077
2019-06-20 02:50:38,735:DEBUG:STREAM b'IHDR' 16 13
2019-06-20 02:50:38,735:DEBUG:STREAM b'iCCP' 41 3145
2019-06-20 02:50:38,735:DEBUG:iCCP profile name b'ICC Profile'
2019-06-20 02:50:38,735:DEBUG:Compression method 0
2019-06-20 02:50:38,735:DEBUG:STREAM b'pHYs' 3198 9
2019-06-20 02:50:38,735:DEBUG:STREAM b'iTXt' 3219 415
2019-06-20 02:50:38,735:DEBUG:STREAM b'iDOT' 3646 28
2019-06-20 02:50:38,736:DEBUG:b'iDOT' 3646 28 (unknown)
2019-06-20 02:50:38,736:DEBUG:STREAM b'IDAT' 3686 16384
2019-06-20 02:50:39,772:INFO:Playing Game.
2019-06-20 02:50:39,774:DEBUG:STREAM b'IHDR' 16 13
2019-06-20 02:50:39,774:DEBUG:STREAM b'iCCP' 41 3093
2019-06-20 02:50:39,774:DEBUG:iCCP profile name b'ICC Profile'
2019-06-20 02:50:39,775:DEBUG:Compression method 0
2019-06-20 02:50:39,775:DEBUG:STREAM b'pHYs' 3146 9
2019-06-20 02:50:39,775:DEBUG:STREAM b'iTXt' 3167 413
2019-06-20 02:50:39,775:DEBUG:STREAM b'iDOT' 3592 28
2019-06-20 02:50:39,775:DEBUG:b'iDOT' 3592 28 (unknown)
2019-06-20 02:50:39,775:DEBUG:STREAM b'IDAT' 3632 2481
2019-06-20 02:50:40,160:DEBUG:STREAM b'IHDR' 16 13
2019-06-20 02:50:40,161:DEBUG:STREAM b'iCCP' 41 3145
2019-06-20 02:50:40,161:DEBUG:iCCP profile name b'ICC Profile'
2019-06-20 02:50:40,161:DEBUG:Compression method 0
2019-06-20 02:50:40,161:DEBUG:STREAM b'pHYs' 3198 9
2019-06-20 02:50:40,161:DEBUG:STREAM b'iTXt' 3219 415
2019-06-20 02:50:40,161:DEBUG:STREAM b'iDOT' 3646 28
2019-06-20 02:50:40,161:DEBUG:b'iDOT' 3646 28 (unknown)
2019-06-20 02:50:40,161:DEBUG:STREAM b'IDAT' 3686 16384
2019-06-20 02:50:41,228:DEBUG:Collecting Jump Routes.
2019-06-20 02:50:42,147:DEBUG:STREAM b'IHDR' 16 13
2019-06-20 02:50:42,148:DEBUG:STREAM b'iCCP' 41 3145
2019-06-20 02:50:42,148:DEBUG:iCCP profile name b'ICC Profile'
2019-06-20 02:50:42,148:DEBUG:Compression method 0
2019-06-20 02:50:42,148:DEBUG:STREAM b'pHYs' 3198 9
2019-06-20 02:50:42,148:DEBUG:STREAM b'iTXt' 3219 415
2019-06-20 02:50:42,148:DEBUG:STREAM b'iDOT' 3646 28
2019-06-20 02:50:42,148:DEBUG:b'iDOT' 3646 28 (unknown)
2019-06-20 02:50:42,149:DEBUG:STREAM b'IDAT' 3686 16384
2019-06-20 02:50:42,966:DEBUG:STREAM b'IHDR' 16 13
2019-06-20 02:50:42,966:DEBUG:STREAM b'iCCP' 41 3145
2019-06-20 02:50:42,966:DEBUG:iCCP profile name b'ICC Profile'
2019-06-20 02:50:42,966:DEBUG:Compression method 0
2019-06-20 02:50:42,967:DEBUG:STREAM b'pHYs' 3198 9
2019-06-20 02:50:42,967:DEBUG:STREAM b'iTXt' 3219 415
2019-06-20 02:50:42,967:DEBUG:STREAM b'iDOT' 3646 28
2019-06-20 02:50:42,967:DEBUG:b'iDOT' 3646 28 (unknown)
2019-06-20 02:50:42,967:DEBUG:STREAM b'IDAT' 3686 16384
2019-06-20 02:50:43,796:DEBUG:STREAM b'IHDR' 16 13
2019-06-20 02:50:43,796:DEBUG:STREAM b'iCCP' 41 3145
2019-06-20 02:50:43,796:DEBUG:iCCP profile name b'ICC Profile'
2019-06-20 02:50:43,796:DEBUG:Compression method 0
2019-06-20 02:50:43,797:DEBUG:STREAM b'pHYs' 3198 9
2019-06-20 02:50:43,797:DEBUG:STREAM b'iTXt' 3219 415
2019-06-20 02:50:43,797:DEBUG:STREAM b'iDOT' 3646 28
2019-06-20 02:50:43,797:DEBUG:b'iDOT' 3646 28 (unknown)
2019-06-20 02:50:43,797:DEBUG:STREAM b'IDAT' 3686 16384
2019-06-20 02:50:45,066:INFO:[2160, 434] Waypoint Clicked 
2019-06-20 02:50:45,430:DEBUG:STREAM b'IHDR' 16 13
2019-06-20 02:50:45,431:DEBUG:STREAM b'iCCP' 41 3145
2019-06-20 02:50:45,431:DEBUG:iCCP profile name b'ICC Profile'
2019-06-20 02:50:45,431:DEBUG:Compression method 0
2019-06-20 02:50:45,431:DEBUG:STREAM b'pHYs' 3198 9
2019-06-20 02:50:45,431:DEBUG:STREAM b'iTXt' 3219 415
2019-06-20 02:50:45,431:DEBUG:STREAM b'iDOT' 3646 28
2019-06-20 02:50:45,431:DEBUG:b'iDOT' 3646 28 (unknown)
2019-06-20 02:50:45,431:DEBUG:STREAM b'IDAT' 3686 16384
2019-06-20 02:50:45,938:INFO:[2160, 434] Failed Jump. 
2019-06-20 02:50:46,765:INFO:[2161, 434] Waypoint Clicked 
2019-06-20 02:50:47,128:DEBUG:STREAM b'IHDR' 16 13
2019-06-20 02:50:47,128:DEBUG:STREAM b'iCCP' 41 3145
2019-06-20 02:50:47,128:DEBUG:iCCP profile name b'ICC Profile'
2019-06-20 02:50:47,129:DEBUG:Compression method 0
2019-06-20 02:50:47,129:DEBUG:STREAM b'pHYs' 3198 9
2019-06-20 02:50:47,129:DEBUG:STREAM b'iTXt' 3219 415
2019-06-20 02:50:47,129:DEBUG:STREAM b'iDOT' 3646 28
2019-06-20 02:50:47,129:DEBUG:b'iDOT' 3646 28 (unknown)
2019-06-20 02:50:47,129:DEBUG:STREAM b'IDAT' 3686 16384
2019-06-20 02:50:47,630:INFO:[2161, 434] Failed Jump. 
2019-06-20 02:50:48,467:INFO:[1924, 484] Waypoint Clicked 
2019-06-20 02:50:48,845:DEBUG:STREAM b'IHDR' 16 13
2019-06-20 02:50:48,846:DEBUG:STREAM b'iCCP' 41 3145
2019-06-20 02:50:48,846:DEBUG:iCCP profile name b'ICC Profile'
2019-06-20 02:50:48,846:DEBUG:Compression method 0
2019-06-20 02:50:48,846:DEBUG:STREAM b'pHYs' 3198 9
2019-06-20 02:50:48,846:DEBUG:STREAM b'iTXt' 3219 415
2019-06-20 02:50:48,846:DEBUG:STREAM b'iDOT' 3646 28
2019-06-20 02:50:48,846:DEBUG:b'iDOT' 3646 28 (unknown)
2019-06-20 02:50:48,846:DEBUG:STREAM b'IDAT' 3686 16384
2019-06-20 02:50:49,346:INFO:[1924, 484] Failed Jump. 
2019-06-20 02:50:50,178:INFO:[1925, 484] Waypoint Clicked 
2019-06-20 02:50:50,544:DEBUG:STREAM b'IHDR' 16 13
2019-06-20 02:50:50,544:DEBUG:STREAM b'iCCP' 41 3145
2019-06-20 02:50:50,544:DEBUG:iCCP profile name b'ICC Profile'
2019-06-20 02:50:50,544:DEBUG:Compression method 0
2019-06-20 02:50:50,545:DEBUG:STREAM b'pHYs' 3198 9
2019-06-20 02:50:50,545:DEBUG:STREAM b'iTXt' 3219 415
2019-06-20 02:50:50,545:DEBUG:STREAM b'iDOT' 3646 28
2019-06-20 02:50:50,545:DEBUG:b'iDOT' 3646 28 (unknown)
2019-06-20 02:50:50,545:DEBUG:STREAM b'IDAT' 3686 16384
2019-06-20 02:50:51,055:INFO:[1925, 484] Failed Jump. 
2019-06-20 02:50:51,890:INFO:[1924, 485] Waypoint Clicked 
2019-06-20 02:50:52,254:DEBUG:STREAM b'IHDR' 16 13
2019-06-20 02:50:52,255:DEBUG:STREAM b'iCCP' 41 3145
2019-06-20 02:50:52,255:DEBUG:iCCP profile name b'ICC Profile'
2019-06-20 02:50:52,255:DEBUG:Compression method 0
2019-06-20 02:50:52,255:DEBUG:STREAM b'pHYs' 3198 9
2019-06-20 02:50:52,255:DEBUG:STREAM b'iTXt' 3219 415
2019-06-20 02:50:52,255:DEBUG:STREAM b'iDOT' 3646 28
2019-06-20 02:50:52,255:DEBUG:b'iDOT' 3646 28 (unknown)
2019-06-20 02:50:52,255:DEBUG:STREAM b'IDAT' 3686 16384
2019-06-20 02:50:52,793:INFO:[1924, 485] Failed Jump. 
2019-06-20 02:50:53,628:INFO:[1448, 512] Waypoint Clicked 
2019-06-20 02:50:54,030:DEBUG:STREAM b'IHDR' 16 13
2019-06-20 02:50:54,031:DEBUG:STREAM b'iCCP' 41 3145
2019-06-20 02:50:54,031:DEBUG:iCCP profile name b'ICC Profile'
2019-06-20 02:50:54,031:DEBUG:Compression method 0
2019-06-20 02:50:54,031:DEBUG:STREAM b'pHYs' 3198 9
2019-06-20 02:50:54,031:DEBUG:STREAM b'iTXt' 3219 415
2019-06-20 02:50:54,031:DEBUG:STREAM b'iDOT' 3646 28
2019-06-20 02:50:54,031:DEBUG:b'iDOT' 3646 28 (unknown)
2019-06-20 02:50:54,031:DEBUG:STREAM b'IDAT' 3686 16384
2019-06-20 02:50:54,528:INFO:[1448, 512] Failed Jump. 
2019-06-20 02:50:55,366:INFO:[1292, 516] Waypoint Clicked 
2019-06-20 02:50:55,752:DEBUG:STREAM b'IHDR' 16 13
2019-06-20 02:50:55,752:DEBUG:STREAM b'iCCP' 41 3145
2019-06-20 02:50:55,752:DEBUG:iCCP profile name b'ICC Profile'
2019-06-20 02:50:55,753:DEBUG:Compression method 0
2019-06-20 02:50:55,753:DEBUG:STREAM b'pHYs' 3198 9
2019-06-20 02:50:55,753:DEBUG:STREAM b'iTXt' 3219 415
2019-06-20 02:50:55,753:DEBUG:STREAM b'iDOT' 3646 28
2019-06-20 02:50:55,753:DEBUG:b'iDOT' 3646 28 (unknown)
2019-06-20 02:50:55,753:DEBUG:STREAM b'IDAT' 3686 16384
2019-06-20 02:50:56,261:INFO:[1292, 516] Successful Jump! 
2019-06-20 02:50:57,264:INFO:[1292, 516] Assessing encounter.
2019-06-20 02:50:57,618:DEBUG:STREAM b'IHDR' 16 13
2019-06-20 02:50:57,618:DEBUG:STREAM b'iCCP' 41 3145
2019-06-20 02:50:57,618:DEBUG:iCCP profile name b'ICC Profile'
2019-06-20 02:50:57,618:DEBUG:Compression method 0
2019-06-20 02:50:57,618:DEBUG:STREAM b'pHYs' 3198 9
2019-06-20 02:50:57,618:DEBUG:STREAM b'iTXt' 3219 415
2019-06-20 02:50:57,619:DEBUG:STREAM b'iDOT' 3646 28
2019-06-20 02:50:57,619:DEBUG:b'iDOT' 3646 28 (unknown)
2019-06-20 02:50:57,619:DEBUG:STREAM b'IDAT' 3686 16384
2019-06-20 02:50:58,455:DEBUG:STREAM b'IHDR' 16 13
2019-06-20 02:50:58,455:DEBUG:STREAM b'iCCP' 41 3145
2019-06-20 02:50:58,455:DEBUG:iCCP profile name b'ICC Profile'
2019-06-20 02:50:58,455:DEBUG:Compression method 0
2019-06-20 02:50:58,456:DEBUG:STREAM b'pHYs' 3198 9
2019-06-20 02:50:58,456:DEBUG:STREAM b'iTXt' 3219 415
2019-06-20 02:50:58,456:DEBUG:STREAM b'iDOT' 3646 28
2019-06-20 02:50:58,456:DEBUG:b'iDOT' 3646 28 (unknown)
2019-06-20 02:50:58,456:DEBUG:STREAM b'IDAT' 3686 16384
2019-06-20 02:50:58,947:INFO:[1292, 516] No Ship Encountered.
2019-06-20 02:50:58,947:INFO:Restarting Game.
2019-06-20 02:50:59,083:DEBUG:STREAM b'IHDR' 16 13
2019-06-20 02:50:59,083:DEBUG:STREAM b'iCCP' 41 3145
2019-06-20 02:50:59,083:DEBUG:iCCP profile name b'ICC Profile'
2019-06-20 02:50:59,083:DEBUG:Compression method 0
2019-06-20 02:50:59,083:DEBUG:STREAM b'pHYs' 3198 9
2019-06-20 02:50:59,083:DEBUG:STREAM b'iTXt' 3219 412
2019-06-20 02:50:59,084:DEBUG:STREAM b'iDOT' 3643 28
2019-06-20 02:50:59,084:DEBUG:b'iDOT' 3643 28 (unknown)
2019-06-20 02:50:59,084:DEBUG:STREAM b'IDAT' 3683 1285
2019-06-20 02:50:59,380:DEBUG:STREAM b'IHDR' 16 13
2019-06-20 02:50:59,380:DEBUG:STREAM b'iCCP' 41 3145
2019-06-20 02:50:59,380:DEBUG:iCCP profile name b'ICC Profile'
2019-06-20 02:50:59,380:DEBUG:Compression method 0
2019-06-20 02:50:59,380:DEBUG:STREAM b'pHYs' 3198 9
2019-06-20 02:50:59,380:DEBUG:STREAM b'iTXt' 3219 415
2019-06-20 02:50:59,381:DEBUG:STREAM b'iDOT' 3646 28
2019-06-20 02:50:59,381:DEBUG:b'iDOT' 3646 28 (unknown)
2019-06-20 02:50:59,381:DEBUG:STREAM b'IDAT' 3686 16384
2019-06-20 02:51:00,433:DEBUG:STREAM b'IHDR' 16 13
2019-06-20 02:51:00,433:DEBUG:STREAM b'iCCP' 41 3145
2019-06-20 02:51:00,433:DEBUG:iCCP profile name b'ICC Profile'
2019-06-20 02:51:00,434:DEBUG:Compression method 0
2019-06-20 02:51:00,434:DEBUG:STREAM b'pHYs' 3198 9
2019-06-20 02:51:00,434:DEBUG:STREAM b'iTXt' 3219 411
2019-06-20 02:51:00,434:DEBUG:STREAM b'iDOT' 3642 28
2019-06-20 02:51:00,434:DEBUG:b'iDOT' 3642 28 (unknown)
2019-06-20 02:51:00,434:DEBUG:STREAM b'IDAT' 3682 898
2019-06-20 02:51:00,748:DEBUG:STREAM b'IHDR' 16 13
2019-06-20 02:51:00,749:DEBUG:STREAM b'iCCP' 41 3145
2019-06-20 02:51:00,749:DEBUG:iCCP profile name b'ICC Profile'
2019-06-20 02:51:00,749:DEBUG:Compression method 0
2019-06-20 02:51:00,749:DEBUG:STREAM b'pHYs' 3198 9
2019-06-20 02:51:00,749:DEBUG:STREAM b'iTXt' 3219 415
2019-06-20 02:51:00,749:DEBUG:STREAM b'iDOT' 3646 28
2019-06-20 02:51:00,749:DEBUG:b'iDOT' 3646 28 (unknown)
2019-06-20 02:51:00,749:DEBUG:STREAM b'IDAT' 3686 16384
2019-06-20 02:51:01,721:DEBUG:STREAM b'IHDR' 16 13
2019-06-20 02:51:01,722:DEBUG:STREAM b'iCCP' 41 3093
2019-06-20 02:51:01,722:DEBUG:iCCP profile name b'ICC Profile'
2019-06-20 02:51:01,722:DEBUG:Compression method 0
2019-06-20 02:51:01,722:DEBUG:STREAM b'pHYs' 3146 9
2019-06-20 02:51:01,722:DEBUG:STREAM b'iTXt' 3167 412
2019-06-20 02:51:01,722:DEBUG:STREAM b'iDOT' 3591 28
2019-06-20 02:51:01,722:DEBUG:b'iDOT' 3591 28 (unknown)
2019-06-20 02:51:01,722:DEBUG:STREAM b'IDAT' 3631 3077
2019-06-20 02:51:02,070:DEBUG:STREAM b'IHDR' 16 13
2019-06-20 02:51:02,071:DEBUG:STREAM b'iCCP' 41 3145
2019-06-20 02:51:02,071:DEBUG:iCCP profile name b'ICC Profile'
2019-06-20 02:51:02,071:DEBUG:Compression method 0
2019-06-20 02:51:02,071:DEBUG:STREAM b'pHYs' 3198 9
2019-06-20 02:51:02,071:DEBUG:STREAM b'iTXt' 3219 415
2019-06-20 02:51:02,071:DEBUG:STREAM b'iDOT' 3646 28
2019-06-20 02:51:02,071:DEBUG:b'iDOT' 3646 28 (unknown)
2019-06-20 02:51:02,071:DEBUG:STREAM b'IDAT' 3686 16384
2019-06-20 02:51:03,103:INFO:Playing Game.
2019-06-20 02:51:03,103:DEBUG:STREAM b'IHDR' 16 13
2019-06-20 02:51:03,103:DEBUG:STREAM b'iCCP' 41 3093
2019-06-20 02:51:03,103:DEBUG:iCCP profile name b'ICC Profile'
2019-06-20 02:51:03,103:DEBUG:Compression method 0
2019-06-20 02:51:03,104:DEBUG:STREAM b'pHYs' 3146 9
2019-06-20 02:51:03,104:DEBUG:STREAM b'iTXt' 3167 413
2019-06-20 02:51:03,104:DEBUG:STREAM b'iDOT' 3592 28
2019-06-20 02:51:03,104:DEBUG:b'iDOT' 3592 28 (unknown)
2019-06-20 02:51:03,104:DEBUG:STREAM b'IDAT' 3632 2481
2019-06-20 02:51:03,468:DEBUG:STREAM b'IHDR' 16 13
2019-06-20 02:51:03,468:DEBUG:STREAM b'iCCP' 41 3145
2019-06-20 02:51:03,468:DEBUG:iCCP profile name b'ICC Profile'
2019-06-20 02:51:03,468:DEBUG:Compression method 0
2019-06-20 02:51:03,468:DEBUG:STREAM b'pHYs' 3198 9
2019-06-20 02:51:03,468:DEBUG:STREAM b'iTXt' 3219 415
2019-06-20 02:51:03,469:DEBUG:STREAM b'iDOT' 3646 28
2019-06-20 02:51:03,469:DEBUG:b'iDOT' 3646 28 (unknown)
2019-06-20 02:51:03,469:DEBUG:STREAM b'IDAT' 3686 16384
2019-06-20 02:51:04,513:DEBUG:Collecting Jump Routes.
2019-06-20 02:51:05,390:DEBUG:STREAM b'IHDR' 16 13
2019-06-20 02:51:05,390:DEBUG:STREAM b'iCCP' 41 3145
2019-06-20 02:51:05,390:DEBUG:iCCP profile name b'ICC Profile'
2019-06-20 02:51:05,390:DEBUG:Compression method 0
2019-06-20 02:51:05,390:DEBUG:STREAM b'pHYs' 3198 9
2019-06-20 02:51:05,391:DEBUG:STREAM b'iTXt' 3219 415
2019-06-20 02:51:05,391:DEBUG:STREAM b'iDOT' 3646 28
2019-06-20 02:51:05,391:DEBUG:b'iDOT' 3646 28 (unknown)
2019-06-20 02:51:05,391:DEBUG:STREAM b'IDAT' 3686 16384
2019-06-20 02:51:06,231:DEBUG:STREAM b'IHDR' 16 13
2019-06-20 02:51:06,231:DEBUG:STREAM b'iCCP' 41 3145
2019-06-20 02:51:06,231:DEBUG:iCCP profile name b'ICC Profile'
2019-06-20 02:51:06,232:DEBUG:Compression method 0
2019-06-20 02:51:06,232:DEBUG:STREAM b'pHYs' 3198 9
2019-06-20 02:51:06,232:DEBUG:STREAM b'iTXt' 3219 415
2019-06-20 02:51:06,232:DEBUG:STREAM b'iDOT' 3646 28
2019-06-20 02:51:06,232:DEBUG:b'iDOT' 3646 28 (unknown)
2019-06-20 02:51:06,232:DEBUG:STREAM b'IDAT' 3686 16384
2019-06-20 02:51:07,075:DEBUG:STREAM b'IHDR' 16 13
2019-06-20 02:51:07,076:DEBUG:STREAM b'iCCP' 41 3145
2019-06-20 02:51:07,076:DEBUG:iCCP profile name b'ICC Profile'
2019-06-20 02:51:07,076:DEBUG:Compression method 0
2019-06-20 02:51:07,076:DEBUG:STREAM b'pHYs' 3198 9
2019-06-20 02:51:07,076:DEBUG:STREAM b'iTXt' 3219 415
2019-06-20 02:51:07,076:DEBUG:STREAM b'iDOT' 3646 28
2019-06-20 02:51:07,076:DEBUG:b'iDOT' 3646 28 (unknown)
2019-06-20 02:51:07,076:DEBUG:STREAM b'IDAT' 3686 16384
2019-06-20 02:51:08,347:INFO:[1962, 426] Waypoint Clicked 
2019-06-20 02:51:08,723:DEBUG:STREAM b'IHDR' 16 13
2019-06-20 02:51:08,724:DEBUG:STREAM b'iCCP' 41 3145
2019-06-20 02:51:08,724:DEBUG:iCCP profile name b'ICC Profile'
2019-06-20 02:51:08,724:DEBUG:Compression method 0
2019-06-20 02:51:08,724:DEBUG:STREAM b'pHYs' 3198 9
2019-06-20 02:51:08,724:DEBUG:STREAM b'iTXt' 3219 415
2019-06-20 02:51:08,724:DEBUG:STREAM b'iDOT' 3646 28
2019-06-20 02:51:08,724:DEBUG:b'iDOT' 3646 28 (unknown)
2019-06-20 02:51:08,724:DEBUG:STREAM b'IDAT' 3686 16384
2019-06-20 02:51:09,218:INFO:[1962, 426] Failed Jump. 
2019-06-20 02:51:10,055:INFO:[1963, 426] Waypoint Clicked 
2019-06-20 02:51:10,419:DEBUG:STREAM b'IHDR' 16 13
2019-06-20 02:51:10,420:DEBUG:STREAM b'iCCP' 41 3145
2019-06-20 02:51:10,420:DEBUG:iCCP profile name b'ICC Profile'
2019-06-20 02:51:10,420:DEBUG:Compression method 0
2019-06-20 02:51:10,420:DEBUG:STREAM b'pHYs' 3198 9
2019-06-20 02:51:10,420:DEBUG:STREAM b'iTXt' 3219 415
2019-06-20 02:51:10,420:DEBUG:STREAM b'iDOT' 3646 28
2019-06-20 02:51:10,420:DEBUG:b'iDOT' 3646 28 (unknown)
2019-06-20 02:51:10,420:DEBUG:STREAM b'IDAT' 3686 16384
2019-06-20 02:51:10,918:INFO:[1963, 426] Failed Jump. 
2019-06-20 02:51:11,754:INFO:[1962, 427] Waypoint Clicked 
2019-06-20 02:51:12,143:DEBUG:STREAM b'IHDR' 16 13
2019-06-20 02:51:12,144:DEBUG:STREAM b'iCCP' 41 3145
2019-06-20 02:51:12,144:DEBUG:iCCP profile name b'ICC Profile'
2019-06-20 02:51:12,144:DEBUG:Compression method 0
2019-06-20 02:51:12,144:DEBUG:STREAM b'pHYs' 3198 9
2019-06-20 02:51:12,144:DEBUG:STREAM b'iTXt' 3219 415
2019-06-20 02:51:12,144:DEBUG:STREAM b'iDOT' 3646 28
2019-06-20 02:51:12,144:DEBUG:b'iDOT' 3646 28 (unknown)
2019-06-20 02:51:12,144:DEBUG:STREAM b'IDAT' 3686 16384
2019-06-20 02:51:12,645:INFO:[1962, 427] Failed Jump. 
2019-06-20 02:51:13,482:INFO:[1730, 434] Waypoint Clicked 
2019-06-20 02:51:13,862:DEBUG:STREAM b'IHDR' 16 13
2019-06-20 02:51:13,863:DEBUG:STREAM b'iCCP' 41 3145
2019-06-20 02:51:13,863:DEBUG:iCCP profile name b'ICC Profile'
2019-06-20 02:51:13,863:DEBUG:Compression method 0
2019-06-20 02:51:13,863:DEBUG:STREAM b'pHYs' 3198 9
2019-06-20 02:51:13,863:DEBUG:STREAM b'iTXt' 3219 415
2019-06-20 02:51:13,864:DEBUG:STREAM b'iDOT' 3646 28
2019-06-20 02:51:13,864:DEBUG:b'iDOT' 3646 28 (unknown)
2019-06-20 02:51:13,864:DEBUG:STREAM b'IDAT' 3686 16384
2019-06-20 02:51:14,360:INFO:[1730, 434] Failed Jump. 
2019-06-20 02:51:15,200:INFO:[1731, 434] Waypoint Clicked 
2019-06-20 02:51:15,569:DEBUG:STREAM b'IHDR' 16 13
2019-06-20 02:51:15,570:DEBUG:STREAM b'iCCP' 41 3145
2019-06-20 02:51:15,570:DEBUG:iCCP profile name b'ICC Profile'
2019-06-20 02:51:15,570:DEBUG:Compression method 0
2019-06-20 02:51:15,570:DEBUG:STREAM b'pHYs' 3198 9
2019-06-20 02:51:15,570:DEBUG:STREAM b'iTXt' 3219 415
2019-06-20 02:51:15,570:DEBUG:STREAM b'iDOT' 3646 28
2019-06-20 02:51:15,571:DEBUG:b'iDOT' 3646 28 (unknown)
2019-06-20 02:51:15,571:DEBUG:STREAM b'IDAT' 3686 16384
2019-06-20 02:51:16,077:INFO:[1731, 434] Failed Jump. 
2019-06-20 02:51:16,915:INFO:[1264, 438] Waypoint Clicked 
2019-06-20 02:51:17,284:DEBUG:STREAM b'IHDR' 16 13
2019-06-20 02:51:17,284:DEBUG:STREAM b'iCCP' 41 3145
2019-06-20 02:51:17,284:DEBUG:iCCP profile name b'ICC Profile'
2019-06-20 02:51:17,284:DEBUG:Compression method 0
2019-06-20 02:51:17,284:DEBUG:STREAM b'pHYs' 3198 9
2019-06-20 02:51:17,284:DEBUG:STREAM b'iTXt' 3219 415
2019-06-20 02:51:17,284:DEBUG:STREAM b'iDOT' 3646 28
2019-06-20 02:51:17,284:DEBUG:b'iDOT' 3646 28 (unknown)
2019-06-20 02:51:17,284:DEBUG:STREAM b'IDAT' 3686 16384
2019-06-20 02:51:17,798:INFO:[1264, 438] Failed Jump. 
2019-06-20 02:51:18,636:INFO:[2132, 486] Waypoint Clicked 
2019-06-20 02:51:19,009:DEBUG:STREAM b'IHDR' 16 13
2019-06-20 02:51:19,010:DEBUG:STREAM b'iCCP' 41 3145
2019-06-20 02:51:19,010:DEBUG:iCCP profile name b'ICC Profile'
2019-06-20 02:51:19,010:DEBUG:Compression method 0
2019-06-20 02:51:19,010:DEBUG:STREAM b'pHYs' 3198 9
2019-06-20 02:51:19,010:DEBUG:STREAM b'iTXt' 3219 415
2019-06-20 02:51:19,010:DEBUG:STREAM b'iDOT' 3646 28
2019-06-20 02:51:19,011:DEBUG:b'iDOT' 3646 28 (unknown)
2019-06-20 02:51:19,011:DEBUG:STREAM b'IDAT' 3686 16384
2019-06-20 02:51:19,503:INFO:[2132, 486] Failed Jump. 
2019-06-20 02:51:20,334:INFO:[2133, 486] Waypoint Clicked 
2019-06-20 02:51:20,724:DEBUG:STREAM b'IHDR' 16 13
2019-06-20 02:51:20,725:DEBUG:STREAM b'iCCP' 41 3145
2019-06-20 02:51:20,725:DEBUG:iCCP profile name b'ICC Profile'
2019-06-20 02:51:20,725:DEBUG:Compression method 0
2019-06-20 02:51:20,725:DEBUG:STREAM b'pHYs' 3198 9
2019-06-20 02:51:20,726:DEBUG:STREAM b'iTXt' 3219 415
2019-06-20 02:51:20,726:DEBUG:STREAM b'iDOT' 3646 28
2019-06-20 02:51:20,726:DEBUG:b'iDOT' 3646 28 (unknown)
2019-06-20 02:51:20,726:DEBUG:STREAM b'IDAT' 3686 16384
2019-06-20 02:51:21,220:INFO:[2133, 486] Failed Jump. 
2019-06-20 02:51:22,056:INFO:[2132, 487] Waypoint Clicked 
2019-06-20 02:51:22,421:DEBUG:STREAM b'IHDR' 16 13
2019-06-20 02:51:22,422:DEBUG:STREAM b'iCCP' 41 3145
2019-06-20 02:51:22,422:DEBUG:iCCP profile name b'ICC Profile'
2019-06-20 02:51:22,422:DEBUG:Compression method 0
2019-06-20 02:51:22,422:DEBUG:STREAM b'pHYs' 3198 9
2019-06-20 02:51:22,422:DEBUG:STREAM b'iTXt' 3219 415
2019-06-20 02:51:22,422:DEBUG:STREAM b'iDOT' 3646 28
2019-06-20 02:51:22,422:DEBUG:b'iDOT' 3646 28 (unknown)
2019-06-20 02:51:22,422:DEBUG:STREAM b'IDAT' 3686 16384
2019-06-20 02:51:22,928:INFO:[2132, 487] Failed Jump. 
2019-06-20 02:51:23,757:INFO:[1082, 498] Waypoint Clicked 
2019-06-20 02:51:24,125:DEBUG:STREAM b'IHDR' 16 13
2019-06-20 02:51:24,125:DEBUG:STREAM b'iCCP' 41 3145
2019-06-20 02:51:24,125:DEBUG:iCCP profile name b'ICC Profile'
2019-06-20 02:51:24,125:DEBUG:Compression method 0
2019-06-20 02:51:24,125:DEBUG:STREAM b'pHYs' 3198 9
2019-06-20 02:51:24,125:DEBUG:STREAM b'iTXt' 3219 415
2019-06-20 02:51:24,126:DEBUG:STREAM b'iDOT' 3646 28
2019-06-20 02:51:24,126:DEBUG:b'iDOT' 3646 28 (unknown)
2019-06-20 02:51:24,126:DEBUG:STREAM b'IDAT' 3686 16384
2019-06-20 02:51:24,625:INFO:[1082, 498] Failed Jump. 
2019-06-20 02:51:25,471:INFO:[1083, 498] Waypoint Clicked 
2019-06-20 02:51:25,896:DEBUG:STREAM b'IHDR' 16 13
2019-06-20 02:51:25,896:DEBUG:STREAM b'iCCP' 41 3145
2019-06-20 02:51:25,896:DEBUG:iCCP profile name b'ICC Profile'
2019-06-20 02:51:25,896:DEBUG:Compression method 0
2019-06-20 02:51:25,897:DEBUG:STREAM b'pHYs' 3198 9
2019-06-20 02:51:25,897:DEBUG:STREAM b'iTXt' 3219 415
2019-06-20 02:51:25,897:DEBUG:STREAM b'iDOT' 3646 28
2019-06-20 02:51:25,897:DEBUG:b'iDOT' 3646 28 (unknown)
2019-06-20 02:51:25,897:DEBUG:STREAM b'IDAT' 3686 16384
2019-06-20 02:51:26,535:INFO:[1083, 498] Failed Jump. 
2019-06-20 02:51:27,367:INFO:[1416, 502] Waypoint Clicked 
2019-06-20 02:51:27,755:DEBUG:STREAM b'IHDR' 16 13
2019-06-20 02:51:27,756:DEBUG:STREAM b'iCCP' 41 3145
2019-06-20 02:51:27,756:DEBUG:iCCP profile name b'ICC Profile'
2019-06-20 02:51:27,756:DEBUG:Compression method 0
2019-06-20 02:51:27,756:DEBUG:STREAM b'pHYs' 3198 9
2019-06-20 02:51:27,756:DEBUG:STREAM b'iTXt' 3219 415
2019-06-20 02:51:27,756:DEBUG:STREAM b'iDOT' 3646 28
2019-06-20 02:51:27,756:DEBUG:b'iDOT' 3646 28 (unknown)
2019-06-20 02:51:27,756:DEBUG:STREAM b'IDAT' 3686 16384
2019-06-20 02:51:28,321:INFO:[1416, 502] Failed Jump. 
2019-06-20 02:51:29,152:INFO:[1102, 624] Waypoint Clicked 
2019-06-20 02:51:29,503:DEBUG:STREAM b'IHDR' 16 13
2019-06-20 02:51:29,504:DEBUG:STREAM b'iCCP' 41 3145
2019-06-20 02:51:29,504:DEBUG:iCCP profile name b'ICC Profile'
2019-06-20 02:51:29,504:DEBUG:Compression method 0
2019-06-20 02:51:29,504:DEBUG:STREAM b'pHYs' 3198 9
2019-06-20 02:51:29,504:DEBUG:STREAM b'iTXt' 3219 415
2019-06-20 02:51:29,504:DEBUG:STREAM b'iDOT' 3646 28
2019-06-20 02:51:29,504:DEBUG:b'iDOT' 3646 28 (unknown)
2019-06-20 02:51:29,504:DEBUG:STREAM b'IDAT' 3686 16384
2019-06-20 02:51:30,133:INFO:[1102, 624] Successful Jump! 
2019-06-20 02:51:31,136:INFO:[1102, 624] Assessing encounter.
2019-06-20 02:51:31,532:DEBUG:STREAM b'IHDR' 16 13
2019-06-20 02:51:31,533:DEBUG:STREAM b'iCCP' 41 3145
2019-06-20 02:51:31,533:DEBUG:iCCP profile name b'ICC Profile'
2019-06-20 02:51:31,533:DEBUG:Compression method 0
2019-06-20 02:51:31,533:DEBUG:STREAM b'pHYs' 3198 9
2019-06-20 02:51:31,533:DEBUG:STREAM b'iTXt' 3219 415
2019-06-20 02:51:31,533:DEBUG:STREAM b'iDOT' 3646 28
2019-06-20 02:51:31,533:DEBUG:b'iDOT' 3646 28 (unknown)
2019-06-20 02:51:31,534:DEBUG:STREAM b'IDAT' 3686 16384
2019-06-20 02:51:32,514:DEBUG:STREAM b'IHDR' 16 13
2019-06-20 02:51:32,514:DEBUG:STREAM b'iCCP' 41 3145
2019-06-20 02:51:32,515:DEBUG:iCCP profile name b'ICC Profile'
2019-06-20 02:51:32,515:DEBUG:Compression method 0
2019-06-20 02:51:32,515:DEBUG:STREAM b'pHYs' 3198 9
2019-06-20 02:51:32,515:DEBUG:STREAM b'iTXt' 3219 415
2019-06-20 02:51:32,515:DEBUG:STREAM b'iDOT' 3646 28
2019-06-20 02:51:32,515:DEBUG:b'iDOT' 3646 28 (unknown)
2019-06-20 02:51:32,515:DEBUG:STREAM b'IDAT' 3686 16384
2019-06-20 02:51:33,047:INFO:[1102, 624] No Ship Encountered.
2019-06-20 02:51:33,047:INFO:Restarting Game.
2019-06-20 02:51:33,172:DEBUG:STREAM b'IHDR' 16 13
2019-06-20 02:51:33,172:DEBUG:STREAM b'iCCP' 41 3145
2019-06-20 02:51:33,172:DEBUG:iCCP profile name b'ICC Profile'
2019-06-20 02:51:33,172:DEBUG:Compression method 0
2019-06-20 02:51:33,172:DEBUG:STREAM b'pHYs' 3198 9
2019-06-20 02:51:33,172:DEBUG:STREAM b'iTXt' 3219 412
2019-06-20 02:51:33,172:DEBUG:STREAM b'iDOT' 3643 28
2019-06-20 02:51:33,172:DEBUG:b'iDOT' 3643 28 (unknown)
2019-06-20 02:51:33,173:DEBUG:STREAM b'IDAT' 3683 1285
2019-06-20 02:51:33,505:DEBUG:STREAM b'IHDR' 16 13
2019-06-20 02:51:33,505:DEBUG:STREAM b'iCCP' 41 3145
2019-06-20 02:51:33,505:DEBUG:iCCP profile name b'ICC Profile'
2019-06-20 02:51:33,505:DEBUG:Compression method 0
2019-06-20 02:51:33,505:DEBUG:STREAM b'pHYs' 3198 9
2019-06-20 02:51:33,505:DEBUG:STREAM b'iTXt' 3219 415
2019-06-20 02:51:33,506:DEBUG:STREAM b'iDOT' 3646 28
2019-06-20 02:51:33,506:DEBUG:b'iDOT' 3646 28 (unknown)
2019-06-20 02:51:33,506:DEBUG:STREAM b'IDAT' 3686 16384
2019-06-20 02:51:34,567:DEBUG:STREAM b'IHDR' 16 13
2019-06-20 02:51:34,568:DEBUG:STREAM b'iCCP' 41 3145
2019-06-20 02:51:34,568:DEBUG:iCCP profile name b'ICC Profile'
2019-06-20 02:51:34,568:DEBUG:Compression method 0
2019-06-20 02:51:34,568:DEBUG:STREAM b'pHYs' 3198 9
2019-06-20 02:51:34,568:DEBUG:STREAM b'iTXt' 3219 411
2019-06-20 02:51:34,569:DEBUG:STREAM b'iDOT' 3642 28
2019-06-20 02:51:34,569:DEBUG:b'iDOT' 3642 28 (unknown)
2019-06-20 02:51:34,569:DEBUG:STREAM b'IDAT' 3682 898
2019-06-20 02:51:34,883:DEBUG:STREAM b'IHDR' 16 13
2019-06-20 02:51:34,883:DEBUG:STREAM b'iCCP' 41 3145
2019-06-20 02:51:34,883:DEBUG:iCCP profile name b'ICC Profile'
2019-06-20 02:51:34,883:DEBUG:Compression method 0
2019-06-20 02:51:34,883:DEBUG:STREAM b'pHYs' 3198 9
2019-06-20 02:51:34,883:DEBUG:STREAM b'iTXt' 3219 415
2019-06-20 02:51:34,884:DEBUG:STREAM b'iDOT' 3646 28
2019-06-20 02:51:34,884:DEBUG:b'iDOT' 3646 28 (unknown)
2019-06-20 02:51:34,884:DEBUG:STREAM b'IDAT' 3686 16384
2019-06-20 02:51:35,867:DEBUG:STREAM b'IHDR' 16 13
2019-06-20 02:51:35,867:DEBUG:STREAM b'iCCP' 41 3093
2019-06-20 02:51:35,867:DEBUG:iCCP profile name b'ICC Profile'
2019-06-20 02:51:35,867:DEBUG:Compression method 0
2019-06-20 02:51:35,867:DEBUG:STREAM b'pHYs' 3146 9
2019-06-20 02:51:35,867:DEBUG:STREAM b'iTXt' 3167 412
2019-06-20 02:51:35,867:DEBUG:STREAM b'iDOT' 3591 28
2019-06-20 02:51:35,868:DEBUG:b'iDOT' 3591 28 (unknown)
2019-06-20 02:51:35,868:DEBUG:STREAM b'IDAT' 3631 3077
2019-06-20 02:51:36,209:DEBUG:STREAM b'IHDR' 16 13
2019-06-20 02:51:36,209:DEBUG:STREAM b'iCCP' 41 3145
2019-06-20 02:51:36,209:DEBUG:iCCP profile name b'ICC Profile'
2019-06-20 02:51:36,210:DEBUG:Compression method 0
2019-06-20 02:51:36,210:DEBUG:STREAM b'pHYs' 3198 9
2019-06-20 02:51:36,210:DEBUG:STREAM b'iTXt' 3219 415
2019-06-20 02:51:36,210:DEBUG:STREAM b'iDOT' 3646 28
2019-06-20 02:51:36,210:DEBUG:b'iDOT' 3646 28 (unknown)
2019-06-20 02:51:36,210:DEBUG:STREAM b'IDAT' 3686 16384
2019-06-20 02:51:37,231:INFO:Playing Game.
2019-06-20 02:51:37,231:DEBUG:STREAM b'IHDR' 16 13
2019-06-20 02:51:37,232:DEBUG:STREAM b'iCCP' 41 3093
2019-06-20 02:51:37,232:DEBUG:iCCP profile name b'ICC Profile'
2019-06-20 02:51:37,232:DEBUG:Compression method 0
2019-06-20 02:51:37,232:DEBUG:STREAM b'pHYs' 3146 9
2019-06-20 02:51:37,232:DEBUG:STREAM b'iTXt' 3167 413
2019-06-20 02:51:37,232:DEBUG:STREAM b'iDOT' 3592 28
2019-06-20 02:51:37,232:DEBUG:b'iDOT' 3592 28 (unknown)
2019-06-20 02:51:37,232:DEBUG:STREAM b'IDAT' 3632 2481
2019-06-20 02:51:37,585:DEBUG:STREAM b'IHDR' 16 13
2019-06-20 02:51:37,585:DEBUG:STREAM b'iCCP' 41 3145
2019-06-20 02:51:37,585:DEBUG:iCCP profile name b'ICC Profile'
2019-06-20 02:51:37,585:DEBUG:Compression method 0
2019-06-20 02:51:37,586:DEBUG:STREAM b'pHYs' 3198 9
2019-06-20 02:51:37,586:DEBUG:STREAM b'iTXt' 3219 415
2019-06-20 02:51:37,586:DEBUG:STREAM b'iDOT' 3646 28
2019-06-20 02:51:37,586:DEBUG:b'iDOT' 3646 28 (unknown)
2019-06-20 02:51:37,586:DEBUG:STREAM b'IDAT' 3686 16384
2019-06-20 02:51:38,655:DEBUG:Collecting Jump Routes.
2019-06-20 02:51:39,526:DEBUG:STREAM b'IHDR' 16 13
2019-06-20 02:51:39,526:DEBUG:STREAM b'iCCP' 41 3145
2019-06-20 02:51:39,526:DEBUG:iCCP profile name b'ICC Profile'
2019-06-20 02:51:39,526:DEBUG:Compression method 0
2019-06-20 02:51:39,527:DEBUG:STREAM b'pHYs' 3198 9
2019-06-20 02:51:39,527:DEBUG:STREAM b'iTXt' 3219 415
2019-06-20 02:51:39,527:DEBUG:STREAM b'iDOT' 3646 28
2019-06-20 02:51:39,527:DEBUG:b'iDOT' 3646 28 (unknown)
2019-06-20 02:51:39,527:DEBUG:STREAM b'IDAT' 3686 16384
2019-06-20 02:51:40,371:DEBUG:STREAM b'IHDR' 16 13
2019-06-20 02:51:40,372:DEBUG:STREAM b'iCCP' 41 3145
2019-06-20 02:51:40,372:DEBUG:iCCP profile name b'ICC Profile'
2019-06-20 02:51:40,372:DEBUG:Compression method 0
2019-06-20 02:51:40,373:DEBUG:STREAM b'pHYs' 3198 9
2019-06-20 02:51:40,373:DEBUG:STREAM b'iTXt' 3219 415
2019-06-20 02:51:40,373:DEBUG:STREAM b'iDOT' 3646 28
2019-06-20 02:51:40,373:DEBUG:b'iDOT' 3646 28 (unknown)
2019-06-20 02:51:40,373:DEBUG:STREAM b'IDAT' 3686 16384
2019-06-20 02:51:41,193:DEBUG:STREAM b'IHDR' 16 13
2019-06-20 02:51:41,193:DEBUG:STREAM b'iCCP' 41 3145
2019-06-20 02:51:41,193:DEBUG:iCCP profile name b'ICC Profile'
2019-06-20 02:51:41,194:DEBUG:Compression method 0
2019-06-20 02:51:41,194:DEBUG:STREAM b'pHYs' 3198 9
2019-06-20 02:51:41,194:DEBUG:STREAM b'iTXt' 3219 415
2019-06-20 02:51:41,194:DEBUG:STREAM b'iDOT' 3646 28
2019-06-20 02:51:41,194:DEBUG:b'iDOT' 3646 28 (unknown)
2019-06-20 02:51:41,194:DEBUG:STREAM b'IDAT' 3686 16384
2019-06-20 02:51:42,474:INFO:[1110, 426] Waypoint Clicked 
2019-06-20 02:51:42,839:DEBUG:STREAM b'IHDR' 16 13
2019-06-20 02:51:42,839:DEBUG:STREAM b'iCCP' 41 3145
2019-06-20 02:51:42,839:DEBUG:iCCP profile name b'ICC Profile'
2019-06-20 02:51:42,839:DEBUG:Compression method 0
2019-06-20 02:51:42,840:DEBUG:STREAM b'pHYs' 3198 9
2019-06-20 02:51:42,840:DEBUG:STREAM b'iTXt' 3219 415
2019-06-20 02:51:42,840:DEBUG:STREAM b'iDOT' 3646 28
2019-06-20 02:51:42,840:DEBUG:b'iDOT' 3646 28 (unknown)
2019-06-20 02:51:42,840:DEBUG:STREAM b'IDAT' 3686 16384
2019-06-20 02:51:43,334:INFO:[1110, 426] Successful Jump! 
2019-06-20 02:51:44,335:INFO:[1110, 426] Assessing encounter.
2019-06-20 02:51:44,664:DEBUG:STREAM b'IHDR' 16 13
2019-06-20 02:51:44,665:DEBUG:STREAM b'iCCP' 41 3145
2019-06-20 02:51:44,665:DEBUG:iCCP profile name b'ICC Profile'
2019-06-20 02:51:44,665:DEBUG:Compression method 0
2019-06-20 02:51:44,665:DEBUG:STREAM b'pHYs' 3198 9
2019-06-20 02:51:44,665:DEBUG:STREAM b'iTXt' 3219 415
2019-06-20 02:51:44,665:DEBUG:STREAM b'iDOT' 3646 28
2019-06-20 02:51:44,665:DEBUG:b'iDOT' 3646 28 (unknown)
2019-06-20 02:51:44,665:DEBUG:STREAM b'IDAT' 3686 16384
2019-06-20 02:51:45,438:DEBUG:STREAM b'IHDR' 16 13
2019-06-20 02:51:45,438:DEBUG:STREAM b'iCCP' 41 3145
2019-06-20 02:51:45,438:DEBUG:iCCP profile name b'ICC Profile'
2019-06-20 02:51:45,438:DEBUG:Compression method 0
2019-06-20 02:51:45,438:DEBUG:STREAM b'pHYs' 3198 9
2019-06-20 02:51:45,439:DEBUG:STREAM b'iTXt' 3219 415
2019-06-20 02:51:45,439:DEBUG:STREAM b'iDOT' 3646 28
2019-06-20 02:51:45,439:DEBUG:b'iDOT' 3646 28 (unknown)
2019-06-20 02:51:45,439:DEBUG:STREAM b'IDAT' 3686 16384
2019-06-20 02:51:45,903:INFO:[1110, 426] No Ship Encountered.
2019-06-20 02:51:45,903:INFO:Restarting Game.
2019-06-20 02:51:46,027:DEBUG:STREAM b'IHDR' 16 13
2019-06-20 02:51:46,029:DEBUG:STREAM b'iCCP' 41 3145
2019-06-20 02:51:46,029:DEBUG:iCCP profile name b'ICC Profile'
2019-06-20 02:51:46,033:DEBUG:Compression method 0
2019-06-20 02:51:46,033:DEBUG:STREAM b'pHYs' 3198 9
2019-06-20 02:51:46,033:DEBUG:STREAM b'iTXt' 3219 412
2019-06-20 02:51:46,045:DEBUG:STREAM b'iDOT' 3643 28
2019-06-20 02:51:46,045:DEBUG:b'iDOT' 3643 28 (unknown)
2019-06-20 02:51:46,045:DEBUG:STREAM b'IDAT' 3683 1285
2019-06-20 02:51:46,373:DEBUG:STREAM b'IHDR' 16 13
2019-06-20 02:51:46,373:DEBUG:STREAM b'iCCP' 41 3145
2019-06-20 02:51:46,373:DEBUG:iCCP profile name b'ICC Profile'
2019-06-20 02:51:46,373:DEBUG:Compression method 0
2019-06-20 02:51:46,373:DEBUG:STREAM b'pHYs' 3198 9
2019-06-20 02:51:46,374:DEBUG:STREAM b'iTXt' 3219 415
2019-06-20 02:51:46,374:DEBUG:STREAM b'iDOT' 3646 28
2019-06-20 02:51:46,374:DEBUG:b'iDOT' 3646 28 (unknown)
2019-06-20 02:51:46,374:DEBUG:STREAM b'IDAT' 3686 16384
2019-06-20 02:51:47,394:DEBUG:STREAM b'IHDR' 16 13
2019-06-20 02:51:47,395:DEBUG:STREAM b'iCCP' 41 3145
2019-06-20 02:51:47,395:DEBUG:iCCP profile name b'ICC Profile'
2019-06-20 02:51:47,395:DEBUG:Compression method 0
2019-06-20 02:51:47,395:DEBUG:STREAM b'pHYs' 3198 9
2019-06-20 02:51:47,395:DEBUG:STREAM b'iTXt' 3219 411
2019-06-20 02:51:47,395:DEBUG:STREAM b'iDOT' 3642 28
2019-06-20 02:51:47,395:DEBUG:b'iDOT' 3642 28 (unknown)
2019-06-20 02:51:47,396:DEBUG:STREAM b'IDAT' 3682 898
2019-06-20 02:51:47,776:DEBUG:STREAM b'IHDR' 16 13
2019-06-20 02:51:47,776:DEBUG:STREAM b'iCCP' 41 3145
2019-06-20 02:51:47,776:DEBUG:iCCP profile name b'ICC Profile'
2019-06-20 02:51:47,776:DEBUG:Compression method 0
2019-06-20 02:51:47,777:DEBUG:STREAM b'pHYs' 3198 9
2019-06-20 02:51:47,777:DEBUG:STREAM b'iTXt' 3219 415
2019-06-20 02:51:47,777:DEBUG:STREAM b'iDOT' 3646 28
2019-06-20 02:51:47,777:DEBUG:b'iDOT' 3646 28 (unknown)
2019-06-20 02:51:47,777:DEBUG:STREAM b'IDAT' 3686 16384
2019-06-20 02:51:48,766:DEBUG:STREAM b'IHDR' 16 13
2019-06-20 02:51:48,767:DEBUG:STREAM b'iCCP' 41 3093
2019-06-20 02:51:48,767:DEBUG:iCCP profile name b'ICC Profile'
2019-06-20 02:51:48,767:DEBUG:Compression method 0
2019-06-20 02:51:48,767:DEBUG:STREAM b'pHYs' 3146 9
2019-06-20 02:51:48,767:DEBUG:STREAM b'iTXt' 3167 412
2019-06-20 02:51:48,767:DEBUG:STREAM b'iDOT' 3591 28
2019-06-20 02:51:48,767:DEBUG:b'iDOT' 3591 28 (unknown)
2019-06-20 02:51:48,767:DEBUG:STREAM b'IDAT' 3631 3077
2019-06-20 02:51:49,103:DEBUG:STREAM b'IHDR' 16 13
2019-06-20 02:51:49,104:DEBUG:STREAM b'iCCP' 41 3145
2019-06-20 02:51:49,104:DEBUG:iCCP profile name b'ICC Profile'
2019-06-20 02:51:49,104:DEBUG:Compression method 0
2019-06-20 02:51:49,104:DEBUG:STREAM b'pHYs' 3198 9
2019-06-20 02:51:49,104:DEBUG:STREAM b'iTXt' 3219 415
2019-06-20 02:51:49,104:DEBUG:STREAM b'iDOT' 3646 28
2019-06-20 02:51:49,105:DEBUG:b'iDOT' 3646 28 (unknown)
2019-06-20 02:51:49,105:DEBUG:STREAM b'IDAT' 3686 16384
2019-06-20 02:51:50,118:INFO:Playing Game.
2019-06-20 02:51:50,119:DEBUG:STREAM b'IHDR' 16 13
2019-06-20 02:51:50,119:DEBUG:STREAM b'iCCP' 41 3093
2019-06-20 02:51:50,119:DEBUG:iCCP profile name b'ICC Profile'
2019-06-20 02:51:50,119:DEBUG:Compression method 0
2019-06-20 02:51:50,119:DEBUG:STREAM b'pHYs' 3146 9
2019-06-20 02:51:50,120:DEBUG:STREAM b'iTXt' 3167 413
2019-06-20 02:51:50,120:DEBUG:STREAM b'iDOT' 3592 28
2019-06-20 02:51:50,120:DEBUG:b'iDOT' 3592 28 (unknown)
2019-06-20 02:51:50,120:DEBUG:STREAM b'IDAT' 3632 2481
2019-06-20 02:51:50,459:DEBUG:STREAM b'IHDR' 16 13
2019-06-20 02:51:50,459:DEBUG:STREAM b'iCCP' 41 3145
2019-06-20 02:51:50,459:DEBUG:iCCP profile name b'ICC Profile'
2019-06-20 02:51:50,459:DEBUG:Compression method 0
2019-06-20 02:51:50,460:DEBUG:STREAM b'pHYs' 3198 9
2019-06-20 02:51:50,460:DEBUG:STREAM b'iTXt' 3219 415
2019-06-20 02:51:50,460:DEBUG:STREAM b'iDOT' 3646 28
2019-06-20 02:51:50,460:DEBUG:b'iDOT' 3646 28 (unknown)
2019-06-20 02:51:50,460:DEBUG:STREAM b'IDAT' 3686 16384
2019-06-20 02:51:51,519:DEBUG:Collecting Jump Routes.
2019-06-20 02:51:52,385:DEBUG:STREAM b'IHDR' 16 13
2019-06-20 02:51:52,386:DEBUG:STREAM b'iCCP' 41 3145
2019-06-20 02:51:52,386:DEBUG:iCCP profile name b'ICC Profile'
2019-06-20 02:51:52,386:DEBUG:Compression method 0
2019-06-20 02:51:52,386:DEBUG:STREAM b'pHYs' 3198 9
2019-06-20 02:51:52,386:DEBUG:STREAM b'iTXt' 3219 415
2019-06-20 02:51:52,386:DEBUG:STREAM b'iDOT' 3646 28
2019-06-20 02:51:52,386:DEBUG:b'iDOT' 3646 28 (unknown)
2019-06-20 02:51:52,386:DEBUG:STREAM b'IDAT' 3686 16384
2019-06-20 02:51:53,201:DEBUG:STREAM b'IHDR' 16 13
2019-06-20 02:51:53,202:DEBUG:STREAM b'iCCP' 41 3145
2019-06-20 02:51:53,202:DEBUG:iCCP profile name b'ICC Profile'
2019-06-20 02:51:53,202:DEBUG:Compression method 0
2019-06-20 02:51:53,202:DEBUG:STREAM b'pHYs' 3198 9
2019-06-20 02:51:53,202:DEBUG:STREAM b'iTXt' 3219 415
2019-06-20 02:51:53,202:DEBUG:STREAM b'iDOT' 3646 28
2019-06-20 02:51:53,202:DEBUG:b'iDOT' 3646 28 (unknown)
2019-06-20 02:51:53,202:DEBUG:STREAM b'IDAT' 3686 16384
2019-06-20 02:51:53,992:DEBUG:STREAM b'IHDR' 16 13
2019-06-20 02:51:53,993:DEBUG:STREAM b'iCCP' 41 3145
2019-06-20 02:51:53,993:DEBUG:iCCP profile name b'ICC Profile'
2019-06-20 02:51:53,993:DEBUG:Compression method 0
2019-06-20 02:51:53,993:DEBUG:STREAM b'pHYs' 3198 9
2019-06-20 02:51:53,993:DEBUG:STREAM b'iTXt' 3219 415
2019-06-20 02:51:53,993:DEBUG:STREAM b'iDOT' 3646 28
2019-06-20 02:51:53,993:DEBUG:b'iDOT' 3646 28 (unknown)
2019-06-20 02:51:53,993:DEBUG:STREAM b'IDAT' 3686 16384
2019-06-20 02:51:55,255:INFO:[2160, 442] Waypoint Clicked 
2019-06-20 02:51:55,614:DEBUG:STREAM b'IHDR' 16 13
2019-06-20 02:51:55,615:DEBUG:STREAM b'iCCP' 41 3145
2019-06-20 02:51:55,615:DEBUG:iCCP profile name b'ICC Profile'
2019-06-20 02:51:55,615:DEBUG:Compression method 0
2019-06-20 02:51:55,615:DEBUG:STREAM b'pHYs' 3198 9
2019-06-20 02:51:55,615:DEBUG:STREAM b'iTXt' 3219 415
2019-06-20 02:51:55,616:DEBUG:STREAM b'iDOT' 3646 28
2019-06-20 02:51:55,616:DEBUG:b'iDOT' 3646 28 (unknown)
2019-06-20 02:51:55,616:DEBUG:STREAM b'IDAT' 3686 16384
2019-06-20 02:51:56,109:INFO:[2160, 442] Failed Jump. 
2019-06-20 02:51:56,949:INFO:[2161, 442] Waypoint Clicked 
2019-06-20 02:51:57,309:DEBUG:STREAM b'IHDR' 16 13
2019-06-20 02:51:57,309:DEBUG:STREAM b'iCCP' 41 3145
2019-06-20 02:51:57,309:DEBUG:iCCP profile name b'ICC Profile'
2019-06-20 02:51:57,309:DEBUG:Compression method 0
2019-06-20 02:51:57,309:DEBUG:STREAM b'pHYs' 3198 9
2019-06-20 02:51:57,309:DEBUG:STREAM b'iTXt' 3219 415
2019-06-20 02:51:57,310:DEBUG:STREAM b'iDOT' 3646 28
2019-06-20 02:51:57,310:DEBUG:b'iDOT' 3646 28 (unknown)
2019-06-20 02:51:57,310:DEBUG:STREAM b'IDAT' 3686 16384
2019-06-20 02:51:57,800:INFO:[2161, 442] Failed Jump. 
2019-06-20 02:51:58,640:INFO:[2160, 443] Waypoint Clicked 
2019-06-20 02:51:59,007:DEBUG:STREAM b'IHDR' 16 13
2019-06-20 02:51:59,008:DEBUG:STREAM b'iCCP' 41 3145
2019-06-20 02:51:59,008:DEBUG:iCCP profile name b'ICC Profile'
2019-06-20 02:51:59,008:DEBUG:Compression method 0
2019-06-20 02:51:59,008:DEBUG:STREAM b'pHYs' 3198 9
2019-06-20 02:51:59,008:DEBUG:STREAM b'iTXt' 3219 415
2019-06-20 02:51:59,008:DEBUG:STREAM b'iDOT' 3646 28
2019-06-20 02:51:59,008:DEBUG:b'iDOT' 3646 28 (unknown)
2019-06-20 02:51:59,008:DEBUG:STREAM b'IDAT' 3686 16384
2019-06-20 02:51:59,495:INFO:[2160, 443] Failed Jump. 
2019-06-20 02:52:00,330:INFO:[1846, 480] Waypoint Clicked 
2019-06-20 02:52:00,688:DEBUG:STREAM b'IHDR' 16 13
2019-06-20 02:52:00,688:DEBUG:STREAM b'iCCP' 41 3145
2019-06-20 02:52:00,688:DEBUG:iCCP profile name b'ICC Profile'
2019-06-20 02:52:00,688:DEBUG:Compression method 0
2019-06-20 02:52:00,689:DEBUG:STREAM b'pHYs' 3198 9
2019-06-20 02:52:00,689:DEBUG:STREAM b'iTXt' 3219 415
2019-06-20 02:52:00,689:DEBUG:STREAM b'iDOT' 3646 28
2019-06-20 02:52:00,689:DEBUG:b'iDOT' 3646 28 (unknown)
2019-06-20 02:52:00,689:DEBUG:STREAM b'IDAT' 3686 16384
2019-06-20 02:52:01,175:INFO:[1846, 480] Failed Jump. 
2019-06-20 02:52:02,012:INFO:[1847, 480] Waypoint Clicked 
2019-06-20 02:52:02,373:DEBUG:STREAM b'IHDR' 16 13
2019-06-20 02:52:02,374:DEBUG:STREAM b'iCCP' 41 3145
2019-06-20 02:52:02,374:DEBUG:iCCP profile name b'ICC Profile'
2019-06-20 02:52:02,374:DEBUG:Compression method 0
2019-06-20 02:52:02,374:DEBUG:STREAM b'pHYs' 3198 9
2019-06-20 02:52:02,374:DEBUG:STREAM b'iTXt' 3219 415
2019-06-20 02:52:02,374:DEBUG:STREAM b'iDOT' 3646 28
2019-06-20 02:52:02,374:DEBUG:b'iDOT' 3646 28 (unknown)
2019-06-20 02:52:02,374:DEBUG:STREAM b'IDAT' 3686 16384
2019-06-20 02:52:02,884:INFO:[1847, 480] Failed Jump. 
2019-06-20 02:52:03,722:INFO:[1180, 484] Waypoint Clicked 
2019-06-20 02:52:04,045:DEBUG:STREAM b'IHDR' 16 13
2019-06-20 02:52:04,045:DEBUG:STREAM b'iCCP' 41 3145
2019-06-20 02:52:04,045:DEBUG:iCCP profile name b'ICC Profile'
2019-06-20 02:52:04,045:DEBUG:Compression method 0
2019-06-20 02:52:04,045:DEBUG:STREAM b'pHYs' 3198 9
2019-06-20 02:52:04,046:DEBUG:STREAM b'iTXt' 3219 415
2019-06-20 02:52:04,046:DEBUG:STREAM b'iDOT' 3646 28
2019-06-20 02:52:04,046:DEBUG:b'iDOT' 3646 28 (unknown)
2019-06-20 02:52:04,046:DEBUG:STREAM b'IDAT' 3686 16384
2019-06-20 02:52:04,521:INFO:[1180, 484] Successful Jump! 
2019-06-20 02:52:05,525:INFO:[1180, 484] Assessing encounter.
2019-06-20 02:52:05,885:DEBUG:STREAM b'IHDR' 16 13
2019-06-20 02:52:05,886:DEBUG:STREAM b'iCCP' 41 3145
2019-06-20 02:52:05,886:DEBUG:iCCP profile name b'ICC Profile'
2019-06-20 02:52:05,886:DEBUG:Compression method 0
2019-06-20 02:52:05,886:DEBUG:STREAM b'pHYs' 3198 9
2019-06-20 02:52:05,886:DEBUG:STREAM b'iTXt' 3219 415
2019-06-20 02:52:05,886:DEBUG:STREAM b'iDOT' 3646 28
2019-06-20 02:52:05,886:DEBUG:b'iDOT' 3646 28 (unknown)
2019-06-20 02:52:05,886:DEBUG:STREAM b'IDAT' 3686 16384
2019-06-20 02:52:06,676:DEBUG:STREAM b'IHDR' 16 13
2019-06-20 02:52:06,676:DEBUG:STREAM b'iCCP' 41 3145
2019-06-20 02:52:06,676:DEBUG:iCCP profile name b'ICC Profile'
2019-06-20 02:52:06,676:DEBUG:Compression method 0
2019-06-20 02:52:06,676:DEBUG:STREAM b'pHYs' 3198 9
2019-06-20 02:52:06,677:DEBUG:STREAM b'iTXt' 3219 415
2019-06-20 02:52:06,677:DEBUG:STREAM b'iDOT' 3646 28
2019-06-20 02:52:06,677:DEBUG:b'iDOT' 3646 28 (unknown)
2019-06-20 02:52:06,677:DEBUG:STREAM b'IDAT' 3686 16384
2019-06-20 02:52:07,135:INFO:[1180, 484] No Ship Encountered.
2019-06-20 02:52:07,135:INFO:Restarting Game.
2019-06-20 02:52:07,263:DEBUG:STREAM b'IHDR' 16 13
2019-06-20 02:52:07,264:DEBUG:STREAM b'iCCP' 41 3145
2019-06-20 02:52:07,264:DEBUG:iCCP profile name b'ICC Profile'
2019-06-20 02:52:07,264:DEBUG:Compression method 0
2019-06-20 02:52:07,264:DEBUG:STREAM b'pHYs' 3198 9
2019-06-20 02:52:07,264:DEBUG:STREAM b'iTXt' 3219 412
2019-06-20 02:52:07,264:DEBUG:STREAM b'iDOT' 3643 28
2019-06-20 02:52:07,265:DEBUG:b'iDOT' 3643 28 (unknown)
2019-06-20 02:52:07,265:DEBUG:STREAM b'IDAT' 3683 1285
2019-06-20 02:52:07,542:DEBUG:STREAM b'IHDR' 16 13
2019-06-20 02:52:07,543:DEBUG:STREAM b'iCCP' 41 3145
2019-06-20 02:52:07,543:DEBUG:iCCP profile name b'ICC Profile'
2019-06-20 02:52:07,543:DEBUG:Compression method 0
2019-06-20 02:52:07,543:DEBUG:STREAM b'pHYs' 3198 9
2019-06-20 02:52:07,543:DEBUG:STREAM b'iTXt' 3219 415
2019-06-20 02:52:07,543:DEBUG:STREAM b'iDOT' 3646 28
2019-06-20 02:52:07,543:DEBUG:b'iDOT' 3646 28 (unknown)
2019-06-20 02:52:07,543:DEBUG:STREAM b'IDAT' 3686 16384
2019-06-20 02:52:08,527:DEBUG:STREAM b'IHDR' 16 13
2019-06-20 02:52:08,527:DEBUG:STREAM b'iCCP' 41 3145
2019-06-20 02:52:08,527:DEBUG:iCCP profile name b'ICC Profile'
2019-06-20 02:52:08,527:DEBUG:Compression method 0
2019-06-20 02:52:08,527:DEBUG:STREAM b'pHYs' 3198 9
2019-06-20 02:52:08,527:DEBUG:STREAM b'iTXt' 3219 411
2019-06-20 02:52:08,527:DEBUG:STREAM b'iDOT' 3642 28
2019-06-20 02:52:08,528:DEBUG:b'iDOT' 3642 28 (unknown)
2019-06-20 02:52:08,528:DEBUG:STREAM b'IDAT' 3682 898
2019-06-20 02:52:08,865:DEBUG:STREAM b'IHDR' 16 13
2019-06-20 02:52:08,868:DEBUG:STREAM b'iCCP' 41 3145
2019-06-20 02:52:08,869:DEBUG:iCCP profile name b'ICC Profile'
2019-06-20 02:52:08,870:DEBUG:Compression method 0
2019-06-20 02:52:08,870:DEBUG:STREAM b'pHYs' 3198 9
2019-06-20 02:52:08,870:DEBUG:STREAM b'iTXt' 3219 415
2019-06-20 02:52:08,871:DEBUG:STREAM b'iDOT' 3646 28
2019-06-20 02:52:08,871:DEBUG:b'iDOT' 3646 28 (unknown)
2019-06-20 02:52:08,871:DEBUG:STREAM b'IDAT' 3686 16384
2019-06-20 02:52:10,030:DEBUG:STREAM b'IHDR' 16 13
2019-06-20 02:52:10,030:DEBUG:STREAM b'iCCP' 41 3093
2019-06-20 02:52:10,030:DEBUG:iCCP profile name b'ICC Profile'
2019-06-20 02:52:10,030:DEBUG:Compression method 0
2019-06-20 02:52:10,031:DEBUG:STREAM b'pHYs' 3146 9
2019-06-20 02:52:10,031:DEBUG:STREAM b'iTXt' 3167 412
2019-06-20 02:52:10,031:DEBUG:STREAM b'iDOT' 3591 28
2019-06-20 02:52:10,031:DEBUG:b'iDOT' 3591 28 (unknown)
2019-06-20 02:52:10,031:DEBUG:STREAM b'IDAT' 3631 3077
2019-06-20 02:52:10,251:DEBUG:STREAM b'IHDR' 16 13
2019-06-20 02:52:10,251:DEBUG:STREAM b'iCCP' 41 3145
2019-06-20 02:52:10,251:DEBUG:iCCP profile name b'ICC Profile'
2019-06-20 02:52:10,251:DEBUG:Compression method 0
2019-06-20 02:52:10,251:DEBUG:STREAM b'pHYs' 3198 9
2019-06-20 02:52:10,251:DEBUG:STREAM b'iTXt' 3219 415
2019-06-20 02:52:10,252:DEBUG:STREAM b'iDOT' 3646 28
2019-06-20 02:52:10,252:DEBUG:b'iDOT' 3646 28 (unknown)
2019-06-20 02:52:10,252:DEBUG:STREAM b'IDAT' 3686 16384
2019-06-20 02:52:11,248:INFO:Playing Game.
2019-06-20 02:52:11,248:DEBUG:STREAM b'IHDR' 16 13
2019-06-20 02:52:11,248:DEBUG:STREAM b'iCCP' 41 3093
2019-06-20 02:52:11,248:DEBUG:iCCP profile name b'ICC Profile'
2019-06-20 02:52:11,249:DEBUG:Compression method 0
2019-06-20 02:52:11,249:DEBUG:STREAM b'pHYs' 3146 9
2019-06-20 02:52:11,249:DEBUG:STREAM b'iTXt' 3167 413
2019-06-20 02:52:11,249:DEBUG:STREAM b'iDOT' 3592 28
2019-06-20 02:52:11,249:DEBUG:b'iDOT' 3592 28 (unknown)
2019-06-20 02:52:11,249:DEBUG:STREAM b'IDAT' 3632 2481
2019-06-20 02:52:11,649:DEBUG:STREAM b'IHDR' 16 13
2019-06-20 02:52:11,649:DEBUG:STREAM b'iCCP' 41 3145
2019-06-20 02:52:11,650:DEBUG:iCCP profile name b'ICC Profile'
2019-06-20 02:52:11,650:DEBUG:Compression method 0
2019-06-20 02:52:11,650:DEBUG:STREAM b'pHYs' 3198 9
2019-06-20 02:52:11,650:DEBUG:STREAM b'iTXt' 3219 415
2019-06-20 02:52:11,650:DEBUG:STREAM b'iDOT' 3646 28
2019-06-20 02:52:11,650:DEBUG:b'iDOT' 3646 28 (unknown)
2019-06-20 02:52:11,650:DEBUG:STREAM b'IDAT' 3686 16384
2019-06-20 02:52:12,735:DEBUG:Collecting Jump Routes.
2019-06-20 02:52:13,609:DEBUG:STREAM b'IHDR' 16 13
2019-06-20 02:52:13,609:DEBUG:STREAM b'iCCP' 41 3145
2019-06-20 02:52:13,609:DEBUG:iCCP profile name b'ICC Profile'
2019-06-20 02:52:13,609:DEBUG:Compression method 0
2019-06-20 02:52:13,609:DEBUG:STREAM b'pHYs' 3198 9
2019-06-20 02:52:13,610:DEBUG:STREAM b'iTXt' 3219 415
2019-06-20 02:52:13,610:DEBUG:STREAM b'iDOT' 3646 28
2019-06-20 02:52:13,610:DEBUG:b'iDOT' 3646 28 (unknown)
2019-06-20 02:52:13,610:DEBUG:STREAM b'IDAT' 3686 16384
