2019-06-20 02:54:34,962:DEBUG:STREAM b'IHDR' 16 13
2019-06-20 02:54:34,962:DEBUG:STREAM b'iCCP' 41 3145
2019-06-20 02:54:34,962:DEBUG:iCCP profile name b'ICC Profile'
2019-06-20 02:54:34,962:DEBUG:Compression method 0
2019-06-20 02:54:34,962:DEBUG:STREAM b'pHYs' 3198 9
2019-06-20 02:54:34,962:DEBUG:STREAM b'iTXt' 3219 415
2019-06-20 02:54:34,962:DEBUG:STREAM b'iDOT' 3646 28
2019-06-20 02:54:34,962:DEBUG:b'iDOT' 3646 28 (unknown)
2019-06-20 02:54:34,962:DEBUG:STREAM b'IDAT' 3686 16384
2019-06-20 02:54:35,721:DEBUG:STREAM b'IHDR' 16 13
2019-06-20 02:54:35,722:DEBUG:STREAM b'iCCP' 41 3145
2019-06-20 02:54:35,722:DEBUG:iCCP profile name b'ICC Profile'
2019-06-20 02:54:35,722:DEBUG:Compression method 0
2019-06-20 02:54:35,722:DEBUG:STREAM b'pHYs' 3198 9
2019-06-20 02:54:35,722:DEBUG:STREAM b'iTXt' 3219 415
2019-06-20 02:54:35,722:DEBUG:STREAM b'iDOT' 3646 28
2019-06-20 02:54:35,722:DEBUG:b'iDOT' 3646 28 (unknown)
2019-06-20 02:54:35,723:DEBUG:STREAM b'IDAT' 3686 16384
2019-06-20 02:54:36,621:DEBUG:looking for steam icon
2019-06-20 02:54:36,624:DEBUG:STREAM b'IHDR' 16 13
2019-06-20 02:54:36,624:DEBUG:STREAM b'iCCP' 41 3093
2019-06-20 02:54:36,625:DEBUG:iCCP profile name b'ICC Profile'
2019-06-20 02:54:36,625:DEBUG:Compression method 0
2019-06-20 02:54:36,625:DEBUG:STREAM b'pHYs' 3146 9
2019-06-20 02:54:36,625:DEBUG:STREAM b'iTXt' 3167 413
2019-06-20 02:54:36,625:DEBUG:STREAM b'iDOT' 3592 28
2019-06-20 02:54:36,625:DEBUG:b'iDOT' 3592 28 (unknown)
2019-06-20 02:54:36,625:DEBUG:STREAM b'IDAT' 3632 7390
2019-06-20 02:54:36,963:DEBUG:STREAM b'IHDR' 16 13
2019-06-20 02:54:36,963:DEBUG:STREAM b'iCCP' 41 3145
2019-06-20 02:54:36,963:DEBUG:iCCP profile name b'ICC Profile'
2019-06-20 02:54:36,963:DEBUG:Compression method 0
2019-06-20 02:54:36,964:DEBUG:STREAM b'pHYs' 3198 9
2019-06-20 02:54:36,964:DEBUG:STREAM b'iTXt' 3219 415
2019-06-20 02:54:36,964:DEBUG:STREAM b'iDOT' 3646 28
2019-06-20 02:54:36,964:DEBUG:b'iDOT' 3646 28 (unknown)
2019-06-20 02:54:36,964:DEBUG:STREAM b'IDAT' 3686 16384
2019-06-20 02:54:37,941:DEBUG:looking for steam library
2019-06-20 02:54:37,943:DEBUG:STREAM b'IHDR' 16 13
2019-06-20 02:54:37,943:DEBUG:STREAM b'iCCP' 41 3093
2019-06-20 02:54:37,943:DEBUG:iCCP profile name b'ICC Profile'
2019-06-20 02:54:37,943:DEBUG:Compression method 0
2019-06-20 02:54:37,943:DEBUG:STREAM b'pHYs' 3146 9
2019-06-20 02:54:37,943:DEBUG:STREAM b'iTXt' 3167 412
2019-06-20 02:54:37,944:DEBUG:STREAM b'iDOT' 3591 28
2019-06-20 02:54:37,944:DEBUG:b'iDOT' 3591 28 (unknown)
2019-06-20 02:54:37,944:DEBUG:STREAM b'IDAT' 3631 9220
2019-06-20 02:54:38,298:DEBUG:STREAM b'IHDR' 16 13
2019-06-20 02:54:38,298:DEBUG:STREAM b'iCCP' 41 3145
2019-06-20 02:54:38,298:DEBUG:iCCP profile name b'ICC Profile'
2019-06-20 02:54:38,298:DEBUG:Compression method 0
2019-06-20 02:54:38,298:DEBUG:STREAM b'pHYs' 3198 9
2019-06-20 02:54:38,298:DEBUG:STREAM b'iTXt' 3219 415
2019-06-20 02:54:38,298:DEBUG:STREAM b'iDOT' 3646 28
2019-06-20 02:54:38,298:DEBUG:b'iDOT' 3646 28 (unknown)
2019-06-20 02:54:38,298:DEBUG:STREAM b'IDAT' 3686 16384
2019-06-20 02:54:39,317:DEBUG:looking for ftl in steam
2019-06-20 02:54:39,320:DEBUG:STREAM b'IHDR' 16 13
2019-06-20 02:54:39,320:DEBUG:STREAM b'iCCP' 41 3093
2019-06-20 02:54:39,320:DEBUG:iCCP profile name b'ICC Profile'
2019-06-20 02:54:39,320:DEBUG:Compression method 0
2019-06-20 02:54:39,320:DEBUG:STREAM b'pHYs' 3146 9
2019-06-20 02:54:39,320:DEBUG:STREAM b'iTXt' 3167 412
2019-06-20 02:54:39,320:DEBUG:STREAM b'iDOT' 3591 28
2019-06-20 02:54:39,320:DEBUG:b'iDOT' 3591 28 (unknown)
2019-06-20 02:54:39,320:DEBUG:STREAM b'IDAT' 3631 4924
2019-06-20 02:54:39,697:DEBUG:STREAM b'IHDR' 16 13
2019-06-20 02:54:39,698:DEBUG:STREAM b'iCCP' 41 3145
2019-06-20 02:54:39,698:DEBUG:iCCP profile name b'ICC Profile'
2019-06-20 02:54:39,698:DEBUG:Compression method 0
2019-06-20 02:54:39,698:DEBUG:STREAM b'pHYs' 3198 9
2019-06-20 02:54:39,698:DEBUG:STREAM b'iTXt' 3219 415
2019-06-20 02:54:39,698:DEBUG:STREAM b'iDOT' 3646 28
2019-06-20 02:54:39,698:DEBUG:b'iDOT' 3646 28 (unknown)
2019-06-20 02:54:39,698:DEBUG:STREAM b'IDAT' 3686 16384
2019-06-20 02:54:40,711:DEBUG:looking for play button
2019-06-20 02:54:40,717:DEBUG:STREAM b'IHDR' 16 13
2019-06-20 02:54:40,718:DEBUG:STREAM b'iCCP' 41 3093
2019-06-20 02:54:40,718:DEBUG:iCCP profile name b'ICC Profile'
2019-06-20 02:54:40,718:DEBUG:Compression method 0
2019-06-20 02:54:40,718:DEBUG:STREAM b'pHYs' 3146 9
2019-06-20 02:54:40,718:DEBUG:STREAM b'iTXt' 3167 412
2019-06-20 02:54:40,719:DEBUG:STREAM b'iDOT' 3591 28
2019-06-20 02:54:40,719:DEBUG:b'iDOT' 3591 28 (unknown)
2019-06-20 02:54:40,719:DEBUG:STREAM b'IDAT' 3631 7544
2019-06-20 02:54:41,080:DEBUG:STREAM b'IHDR' 16 13
2019-06-20 02:54:41,081:DEBUG:STREAM b'iCCP' 41 3145
2019-06-20 02:54:41,081:DEBUG:iCCP profile name b'ICC Profile'
2019-06-20 02:54:41,081:DEBUG:Compression method 0
2019-06-20 02:54:41,081:DEBUG:STREAM b'pHYs' 3198 9
2019-06-20 02:54:41,081:DEBUG:STREAM b'iTXt' 3219 415
2019-06-20 02:54:41,081:DEBUG:STREAM b'iDOT' 3646 28
2019-06-20 02:54:41,081:DEBUG:b'iDOT' 3646 28 (unknown)
2019-06-20 02:54:41,081:DEBUG:STREAM b'IDAT' 3686 16384
2019-06-20 02:54:42,085:INFO:Game Start: ftl:2019-06-20 02:54:42.085715
2019-06-20 02:54:42,095:INFO:Starting New Game.
2019-06-20 02:54:47,097:DEBUG:STREAM b'IHDR' 16 13
2019-06-20 02:54:47,098:DEBUG:STREAM b'iCCP' 41 3093
2019-06-20 02:54:47,098:DEBUG:iCCP profile name b'ICC Profile'
2019-06-20 02:54:47,098:DEBUG:Compression method 0
2019-06-20 02:54:47,098:DEBUG:STREAM b'pHYs' 3146 9
2019-06-20 02:54:47,098:DEBUG:STREAM b'iTXt' 3167 412
2019-06-20 02:54:47,098:DEBUG:STREAM b'iDOT' 3591 28
2019-06-20 02:54:47,098:DEBUG:b'iDOT' 3591 28 (unknown)
2019-06-20 02:54:47,098:DEBUG:STREAM b'IDAT' 3631 12055
2019-06-20 02:54:47,453:DEBUG:STREAM b'IHDR' 16 13
2019-06-20 02:54:47,453:DEBUG:STREAM b'iCCP' 41 3145
2019-06-20 02:54:47,453:DEBUG:iCCP profile name b'ICC Profile'
2019-06-20 02:54:47,453:DEBUG:Compression method 0
2019-06-20 02:54:47,454:DEBUG:STREAM b'pHYs' 3198 9
2019-06-20 02:54:47,454:DEBUG:STREAM b'iTXt' 3219 415
2019-06-20 02:54:47,454:DEBUG:STREAM b'iDOT' 3646 28
2019-06-20 02:54:47,454:DEBUG:b'iDOT' 3646 28 (unknown)
2019-06-20 02:54:47,454:DEBUG:STREAM b'IDAT' 3686 16384
2019-06-20 02:54:48,509:DEBUG:STREAM b'IHDR' 16 13
2019-06-20 02:54:48,510:DEBUG:STREAM b'iCCP' 41 3093
2019-06-20 02:54:48,510:DEBUG:iCCP profile name b'ICC Profile'
2019-06-20 02:54:48,510:DEBUG:Compression method 0
2019-06-20 02:54:48,510:DEBUG:STREAM b'pHYs' 3146 9
2019-06-20 02:54:48,510:DEBUG:STREAM b'iTXt' 3167 412
2019-06-20 02:54:48,510:DEBUG:STREAM b'iDOT' 3591 28
2019-06-20 02:54:48,510:DEBUG:b'iDOT' 3591 28 (unknown)
2019-06-20 02:54:48,510:DEBUG:STREAM b'IDAT' 3631 1658
2019-06-20 02:54:48,809:DEBUG:STREAM b'IHDR' 16 13
2019-06-20 02:54:48,809:DEBUG:STREAM b'iCCP' 41 3145
2019-06-20 02:54:48,809:DEBUG:iCCP profile name b'ICC Profile'
2019-06-20 02:54:48,810:DEBUG:Compression method 0
2019-06-20 02:54:48,810:DEBUG:STREAM b'pHYs' 3198 9
2019-06-20 02:54:48,810:DEBUG:STREAM b'iTXt' 3219 415
2019-06-20 02:54:48,810:DEBUG:STREAM b'iDOT' 3646 28
2019-06-20 02:54:48,810:DEBUG:b'iDOT' 3646 28 (unknown)
2019-06-20 02:54:48,810:DEBUG:STREAM b'IDAT' 3686 16384
2019-06-20 02:54:49,821:DEBUG:STREAM b'IHDR' 16 13
2019-06-20 02:54:49,821:DEBUG:STREAM b'iCCP' 41 3093
2019-06-20 02:54:49,821:DEBUG:iCCP profile name b'ICC Profile'
2019-06-20 02:54:49,821:DEBUG:Compression method 0
2019-06-20 02:54:49,821:DEBUG:STREAM b'pHYs' 3146 9
2019-06-20 02:54:49,821:DEBUG:STREAM b'iTXt' 3167 413
2019-06-20 02:54:49,822:DEBUG:STREAM b'iDOT' 3592 28
2019-06-20 02:54:49,822:DEBUG:b'iDOT' 3592 28 (unknown)
2019-06-20 02:54:49,822:DEBUG:STREAM b'IDAT' 3632 3594
2019-06-20 02:54:50,166:DEBUG:STREAM b'IHDR' 16 13
2019-06-20 02:54:50,167:DEBUG:STREAM b'iCCP' 41 3145
2019-06-20 02:54:50,167:DEBUG:iCCP profile name b'ICC Profile'
2019-06-20 02:54:50,167:DEBUG:Compression method 0
2019-06-20 02:54:50,167:DEBUG:STREAM b'pHYs' 3198 9
2019-06-20 02:54:50,167:DEBUG:STREAM b'iTXt' 3219 415
2019-06-20 02:54:50,167:DEBUG:STREAM b'iDOT' 3646 28
2019-06-20 02:54:50,167:DEBUG:b'iDOT' 3646 28 (unknown)
2019-06-20 02:54:50,167:DEBUG:STREAM b'IDAT' 3686 16384
2019-06-20 02:54:51,200:DEBUG:STREAM b'IHDR' 16 13
2019-06-20 02:54:51,201:DEBUG:STREAM b'iCCP' 41 3093
2019-06-20 02:54:51,201:DEBUG:iCCP profile name b'ICC Profile'
2019-06-20 02:54:51,201:DEBUG:Compression method 0
2019-06-20 02:54:51,201:DEBUG:STREAM b'pHYs' 3146 9
2019-06-20 02:54:51,201:DEBUG:STREAM b'iTXt' 3167 412
2019-06-20 02:54:51,201:DEBUG:STREAM b'iDOT' 3591 28
2019-06-20 02:54:51,201:DEBUG:b'iDOT' 3591 28 (unknown)
2019-06-20 02:54:51,201:DEBUG:STREAM b'IDAT' 3631 3077
2019-06-20 02:54:51,566:DEBUG:STREAM b'IHDR' 16 13
2019-06-20 02:54:51,567:DEBUG:STREAM b'iCCP' 41 3145
2019-06-20 02:54:51,567:DEBUG:iCCP profile name b'ICC Profile'
2019-06-20 02:54:51,567:DEBUG:Compression method 0
2019-06-20 02:54:51,567:DEBUG:STREAM b'pHYs' 3198 9
2019-06-20 02:54:51,567:DEBUG:STREAM b'iTXt' 3219 415
2019-06-20 02:54:51,568:DEBUG:STREAM b'iDOT' 3646 28
2019-06-20 02:54:51,568:DEBUG:b'iDOT' 3646 28 (unknown)
2019-06-20 02:54:51,568:DEBUG:STREAM b'IDAT' 3686 16384
2019-06-20 02:54:52,631:INFO:Playing Game.
2019-06-20 02:54:52,632:DEBUG:STREAM b'IHDR' 16 13
2019-06-20 02:54:52,632:DEBUG:STREAM b'iCCP' 41 3093
2019-06-20 02:54:52,632:DEBUG:iCCP profile name b'ICC Profile'
2019-06-20 02:54:52,632:DEBUG:Compression method 0
2019-06-20 02:54:52,632:DEBUG:STREAM b'pHYs' 3146 9
2019-06-20 02:54:52,633:DEBUG:STREAM b'iTXt' 3167 413
2019-06-20 02:54:52,633:DEBUG:STREAM b'iDOT' 3592 28
2019-06-20 02:54:52,633:DEBUG:b'iDOT' 3592 28 (unknown)
2019-06-20 02:54:52,633:DEBUG:STREAM b'IDAT' 3632 2481
2019-06-20 02:54:53,025:DEBUG:STREAM b'IHDR' 16 13
2019-06-20 02:54:53,025:DEBUG:STREAM b'iCCP' 41 3145
2019-06-20 02:54:53,025:DEBUG:iCCP profile name b'ICC Profile'
2019-06-20 02:54:53,025:DEBUG:Compression method 0
2019-06-20 02:54:53,025:DEBUG:STREAM b'pHYs' 3198 9
2019-06-20 02:54:53,025:DEBUG:STREAM b'iTXt' 3219 415
2019-06-20 02:54:53,026:DEBUG:STREAM b'iDOT' 3646 28
2019-06-20 02:54:53,026:DEBUG:b'iDOT' 3646 28 (unknown)
2019-06-20 02:54:53,026:DEBUG:STREAM b'IDAT' 3686 16384
2019-06-20 02:54:54,085:DEBUG:Collecting Jump Routes.
2019-06-20 02:54:54,959:DEBUG:STREAM b'IHDR' 16 13
2019-06-20 02:54:54,960:DEBUG:STREAM b'iCCP' 41 3145
2019-06-20 02:54:54,960:DEBUG:iCCP profile name b'ICC Profile'
2019-06-20 02:54:54,960:DEBUG:Compression method 0
2019-06-20 02:54:54,960:DEBUG:STREAM b'pHYs' 3198 9
2019-06-20 02:54:54,960:DEBUG:STREAM b'iTXt' 3219 415
2019-06-20 02:54:54,960:DEBUG:STREAM b'iDOT' 3646 28
2019-06-20 02:54:54,960:DEBUG:b'iDOT' 3646 28 (unknown)
2019-06-20 02:54:54,960:DEBUG:STREAM b'IDAT' 3686 16384
2019-06-20 02:54:55,780:DEBUG:STREAM b'IHDR' 16 13
2019-06-20 02:54:55,780:DEBUG:STREAM b'iCCP' 41 3145
2019-06-20 02:54:55,780:DEBUG:iCCP profile name b'ICC Profile'
2019-06-20 02:54:55,780:DEBUG:Compression method 0
2019-06-20 02:54:55,780:DEBUG:STREAM b'pHYs' 3198 9
2019-06-20 02:54:55,781:DEBUG:STREAM b'iTXt' 3219 415
2019-06-20 02:54:55,781:DEBUG:STREAM b'iDOT' 3646 28
2019-06-20 02:54:55,781:DEBUG:b'iDOT' 3646 28 (unknown)
2019-06-20 02:54:55,781:DEBUG:STREAM b'IDAT' 3686 16384
2019-06-20 02:54:56,604:DEBUG:STREAM b'IHDR' 16 13
2019-06-20 02:54:56,605:DEBUG:STREAM b'iCCP' 41 3145
2019-06-20 02:54:56,605:DEBUG:iCCP profile name b'ICC Profile'
2019-06-20 02:54:56,605:DEBUG:Compression method 0
2019-06-20 02:54:56,605:DEBUG:STREAM b'pHYs' 3198 9
2019-06-20 02:54:56,605:DEBUG:STREAM b'iTXt' 3219 415
2019-06-20 02:54:56,605:DEBUG:STREAM b'iDOT' 3646 28
2019-06-20 02:54:56,605:DEBUG:b'iDOT' 3646 28 (unknown)
2019-06-20 02:54:56,605:DEBUG:STREAM b'IDAT' 3686 16384
2019-06-20 02:54:57,902:INFO:[2164, 422] Waypoint Clicked 
2019-06-20 02:54:58,281:DEBUG:STREAM b'IHDR' 16 13
2019-06-20 02:54:58,281:DEBUG:STREAM b'iCCP' 41 3145
2019-06-20 02:54:58,281:DEBUG:iCCP profile name b'ICC Profile'
2019-06-20 02:54:58,281:DEBUG:Compression method 0
2019-06-20 02:54:58,282:DEBUG:STREAM b'pHYs' 3198 9
2019-06-20 02:54:58,282:DEBUG:STREAM b'iTXt' 3219 415
2019-06-20 02:54:58,282:DEBUG:STREAM b'iDOT' 3646 28
2019-06-20 02:54:58,282:DEBUG:b'iDOT' 3646 28 (unknown)
2019-06-20 02:54:58,282:DEBUG:STREAM b'IDAT' 3686 16384
2019-06-20 02:54:58,803:INFO:[2164, 422] Failed Jump. 
2019-06-20 02:54:59,641:INFO:[2165, 422] Waypoint Clicked 
2019-06-20 02:55:00,008:DEBUG:STREAM b'IHDR' 16 13
2019-06-20 02:55:00,008:DEBUG:STREAM b'iCCP' 41 3145
2019-06-20 02:55:00,009:DEBUG:iCCP profile name b'ICC Profile'
2019-06-20 02:55:00,009:DEBUG:Compression method 0
2019-06-20 02:55:00,009:DEBUG:STREAM b'pHYs' 3198 9
2019-06-20 02:55:00,009:DEBUG:STREAM b'iTXt' 3219 415
2019-06-20 02:55:00,009:DEBUG:STREAM b'iDOT' 3646 28
2019-06-20 02:55:00,009:DEBUG:b'iDOT' 3646 28 (unknown)
2019-06-20 02:55:00,009:DEBUG:STREAM b'IDAT' 3686 16384
2019-06-20 02:55:00,503:INFO:[2165, 422] Failed Jump. 
2019-06-20 02:55:01,340:INFO:[2164, 423] Waypoint Clicked 
2019-06-20 02:55:01,717:DEBUG:STREAM b'IHDR' 16 13
2019-06-20 02:55:01,717:DEBUG:STREAM b'iCCP' 41 3145
2019-06-20 02:55:01,717:DEBUG:iCCP profile name b'ICC Profile'
2019-06-20 02:55:01,718:DEBUG:Compression method 0
2019-06-20 02:55:01,718:DEBUG:STREAM b'pHYs' 3198 9
2019-06-20 02:55:01,718:DEBUG:STREAM b'iTXt' 3219 415
2019-06-20 02:55:01,718:DEBUG:STREAM b'iDOT' 3646 28
2019-06-20 02:55:01,718:DEBUG:b'iDOT' 3646 28 (unknown)
2019-06-20 02:55:01,718:DEBUG:STREAM b'IDAT' 3686 16384
2019-06-20 02:55:02,216:INFO:[2164, 423] Failed Jump. 
2019-06-20 02:55:03,055:INFO:[996, 426] Waypoint Clicked 
2019-06-20 02:55:03,425:DEBUG:STREAM b'IHDR' 16 13
2019-06-20 02:55:03,426:DEBUG:STREAM b'iCCP' 41 3145
2019-06-20 02:55:03,426:DEBUG:iCCP profile name b'ICC Profile'
2019-06-20 02:55:03,426:DEBUG:Compression method 0
2019-06-20 02:55:03,426:DEBUG:STREAM b'pHYs' 3198 9
2019-06-20 02:55:03,426:DEBUG:STREAM b'iTXt' 3219 415
2019-06-20 02:55:03,426:DEBUG:STREAM b'iDOT' 3646 28
2019-06-20 02:55:03,426:DEBUG:b'iDOT' 3646 28 (unknown)
2019-06-20 02:55:03,426:DEBUG:STREAM b'IDAT' 3686 16384
2019-06-20 02:55:03,933:INFO:[996, 426] Failed Jump. 
2019-06-20 02:55:04,772:INFO:[997, 426] Waypoint Clicked 
2019-06-20 02:55:05,140:DEBUG:STREAM b'IHDR' 16 13
2019-06-20 02:55:05,140:DEBUG:STREAM b'iCCP' 41 3145
2019-06-20 02:55:05,140:DEBUG:iCCP profile name b'ICC Profile'
2019-06-20 02:55:05,140:DEBUG:Compression method 0
2019-06-20 02:55:05,140:DEBUG:STREAM b'pHYs' 3198 9
2019-06-20 02:55:05,141:DEBUG:STREAM b'iTXt' 3219 415
2019-06-20 02:55:05,141:DEBUG:STREAM b'iDOT' 3646 28
2019-06-20 02:55:05,141:DEBUG:b'iDOT' 3646 28 (unknown)
2019-06-20 02:55:05,141:DEBUG:STREAM b'IDAT' 3686 16384
2019-06-20 02:55:05,661:INFO:[997, 426] Failed Jump. 
2019-06-20 02:55:06,496:INFO:[996, 427] Waypoint Clicked 
2019-06-20 02:55:06,884:DEBUG:STREAM b'IHDR' 16 13
2019-06-20 02:55:06,885:DEBUG:STREAM b'iCCP' 41 3145
2019-06-20 02:55:06,885:DEBUG:iCCP profile name b'ICC Profile'
2019-06-20 02:55:06,885:DEBUG:Compression method 0
2019-06-20 02:55:06,885:DEBUG:STREAM b'pHYs' 3198 9
2019-06-20 02:55:06,885:DEBUG:STREAM b'iTXt' 3219 415
2019-06-20 02:55:06,885:DEBUG:STREAM b'iDOT' 3646 28
2019-06-20 02:55:06,886:DEBUG:b'iDOT' 3646 28 (unknown)
2019-06-20 02:55:06,886:DEBUG:STREAM b'IDAT' 3686 16384
2019-06-20 02:55:07,385:INFO:[996, 427] Failed Jump. 
2019-06-20 02:55:08,220:INFO:[1988, 442] Waypoint Clicked 
2019-06-20 02:55:08,590:DEBUG:STREAM b'IHDR' 16 13
2019-06-20 02:55:08,590:DEBUG:STREAM b'iCCP' 41 3145
2019-06-20 02:55:08,590:DEBUG:iCCP profile name b'ICC Profile'
2019-06-20 02:55:08,590:DEBUG:Compression method 0
2019-06-20 02:55:08,590:DEBUG:STREAM b'pHYs' 3198 9
2019-06-20 02:55:08,591:DEBUG:STREAM b'iTXt' 3219 415
2019-06-20 02:55:08,591:DEBUG:STREAM b'iDOT' 3646 28
2019-06-20 02:55:08,591:DEBUG:b'iDOT' 3646 28 (unknown)
2019-06-20 02:55:08,591:DEBUG:STREAM b'IDAT' 3686 16384
2019-06-20 02:55:09,090:INFO:[1988, 442] Failed Jump. 
2019-06-20 02:55:09,927:INFO:[1989, 442] Waypoint Clicked 
2019-06-20 02:55:10,292:DEBUG:STREAM b'IHDR' 16 13
2019-06-20 02:55:10,293:DEBUG:STREAM b'iCCP' 41 3145
2019-06-20 02:55:10,293:DEBUG:iCCP profile name b'ICC Profile'
2019-06-20 02:55:10,293:DEBUG:Compression method 0
2019-06-20 02:55:10,293:DEBUG:STREAM b'pHYs' 3198 9
2019-06-20 02:55:10,293:DEBUG:STREAM b'iTXt' 3219 415
2019-06-20 02:55:10,293:DEBUG:STREAM b'iDOT' 3646 28
2019-06-20 02:55:10,293:DEBUG:b'iDOT' 3646 28 (unknown)
2019-06-20 02:55:10,293:DEBUG:STREAM b'IDAT' 3686 16384
2019-06-20 02:55:10,796:INFO:[1989, 442] Failed Jump. 
2019-06-20 02:55:11,634:INFO:[1988, 443] Waypoint Clicked 
2019-06-20 02:55:12,043:DEBUG:STREAM b'IHDR' 16 13
2019-06-20 02:55:12,043:DEBUG:STREAM b'iCCP' 41 3145
2019-06-20 02:55:12,043:DEBUG:iCCP profile name b'ICC Profile'
2019-06-20 02:55:12,043:DEBUG:Compression method 0
2019-06-20 02:55:12,043:DEBUG:STREAM b'pHYs' 3198 9
2019-06-20 02:55:12,044:DEBUG:STREAM b'iTXt' 3219 415
2019-06-20 02:55:12,044:DEBUG:STREAM b'iDOT' 3646 28
2019-06-20 02:55:12,044:DEBUG:b'iDOT' 3646 28 (unknown)
2019-06-20 02:55:12,044:DEBUG:STREAM b'IDAT' 3686 16384
2019-06-20 02:55:12,534:INFO:[1988, 443] Failed Jump. 
2019-06-20 02:55:13,363:INFO:[1438, 450] Waypoint Clicked 
2019-06-20 02:55:13,801:DEBUG:STREAM b'IHDR' 16 13
2019-06-20 02:55:13,802:DEBUG:STREAM b'iCCP' 41 3145
2019-06-20 02:55:13,802:DEBUG:iCCP profile name b'ICC Profile'
2019-06-20 02:55:13,802:DEBUG:Compression method 0
2019-06-20 02:55:13,802:DEBUG:STREAM b'pHYs' 3198 9
2019-06-20 02:55:13,802:DEBUG:STREAM b'iTXt' 3219 415
2019-06-20 02:55:13,803:DEBUG:STREAM b'iDOT' 3646 28
2019-06-20 02:55:13,803:DEBUG:b'iDOT' 3646 28 (unknown)
2019-06-20 02:55:13,803:DEBUG:STREAM b'IDAT' 3686 16384
2019-06-20 02:55:14,332:INFO:[1438, 450] Failed Jump. 
2019-06-20 02:55:15,168:INFO:[1190, 540] Waypoint Clicked 
2019-06-20 02:55:15,564:DEBUG:STREAM b'IHDR' 16 13
2019-06-20 02:55:15,565:DEBUG:STREAM b'iCCP' 41 3145
2019-06-20 02:55:15,565:DEBUG:iCCP profile name b'ICC Profile'
2019-06-20 02:55:15,565:DEBUG:Compression method 0
2019-06-20 02:55:15,565:DEBUG:STREAM b'pHYs' 3198 9
2019-06-20 02:55:15,565:DEBUG:STREAM b'iTXt' 3219 415
2019-06-20 02:55:15,565:DEBUG:STREAM b'iDOT' 3646 28
2019-06-20 02:55:15,565:DEBUG:b'iDOT' 3646 28 (unknown)
2019-06-20 02:55:15,566:DEBUG:STREAM b'IDAT' 3686 16384
