2019-06-20 02:56:15,871:DEBUG:STREAM b'IHDR' 16 13
2019-06-20 02:56:15,871:DEBUG:STREAM b'iCCP' 41 3145
2019-06-20 02:56:15,871:DEBUG:iCCP profile name b'ICC Profile'
2019-06-20 02:56:15,872:DEBUG:Compression method 0
2019-06-20 02:56:15,872:DEBUG:STREAM b'pHYs' 3198 9
2019-06-20 02:56:15,872:DEBUG:STREAM b'iTXt' 3219 415
2019-06-20 02:56:15,872:DEBUG:STREAM b'iDOT' 3646 28
2019-06-20 02:56:15,872:DEBUG:b'iDOT' 3646 28 (unknown)
2019-06-20 02:56:15,872:DEBUG:STREAM b'IDAT' 3686 16384
2019-06-20 02:56:16,657:DEBUG:STREAM b'IHDR' 16 13
2019-06-20 02:56:16,657:DEBUG:STREAM b'iCCP' 41 3145
2019-06-20 02:56:16,657:DEBUG:iCCP profile name b'ICC Profile'
2019-06-20 02:56:16,658:DEBUG:Compression method 0
2019-06-20 02:56:16,658:DEBUG:STREAM b'pHYs' 3198 9
2019-06-20 02:56:16,658:DEBUG:STREAM b'iTXt' 3219 415
2019-06-20 02:56:16,658:DEBUG:STREAM b'iDOT' 3646 28
2019-06-20 02:56:16,658:DEBUG:b'iDOT' 3646 28 (unknown)
2019-06-20 02:56:16,658:DEBUG:STREAM b'IDAT' 3686 16384
2019-06-20 02:56:17,577:DEBUG:looking for steam icon
2019-06-20 02:56:17,578:DEBUG:STREAM b'IHDR' 16 13
2019-06-20 02:56:17,578:DEBUG:STREAM b'iCCP' 41 3093
2019-06-20 02:56:17,578:DEBUG:iCCP profile name b'ICC Profile'
2019-06-20 02:56:17,578:DEBUG:Compression method 0
2019-06-20 02:56:17,578:DEBUG:STREAM b'pHYs' 3146 9
2019-06-20 02:56:17,578:DEBUG:STREAM b'iTXt' 3167 413
2019-06-20 02:56:17,579:DEBUG:STREAM b'iDOT' 3592 28
2019-06-20 02:56:17,579:DEBUG:b'iDOT' 3592 28 (unknown)
2019-06-20 02:56:17,579:DEBUG:STREAM b'IDAT' 3632 7390
2019-06-20 02:56:17,937:DEBUG:STREAM b'IHDR' 16 13
2019-06-20 02:56:17,937:DEBUG:STREAM b'iCCP' 41 3145
2019-06-20 02:56:17,937:DEBUG:iCCP profile name b'ICC Profile'
2019-06-20 02:56:17,937:DEBUG:Compression method 0
2019-06-20 02:56:17,938:DEBUG:STREAM b'pHYs' 3198 9
2019-06-20 02:56:17,938:DEBUG:STREAM b'iTXt' 3219 415
2019-06-20 02:56:17,938:DEBUG:STREAM b'iDOT' 3646 28
2019-06-20 02:56:17,938:DEBUG:b'iDOT' 3646 28 (unknown)
2019-06-20 02:56:17,938:DEBUG:STREAM b'IDAT' 3686 16384
2019-06-20 02:56:18,961:DEBUG:looking for steam library
2019-06-20 02:56:18,966:DEBUG:STREAM b'IHDR' 16 13
2019-06-20 02:56:18,966:DEBUG:STREAM b'iCCP' 41 3093
2019-06-20 02:56:18,966:DEBUG:iCCP profile name b'ICC Profile'
2019-06-20 02:56:18,966:DEBUG:Compression method 0
2019-06-20 02:56:18,967:DEBUG:STREAM b'pHYs' 3146 9
2019-06-20 02:56:18,967:DEBUG:STREAM b'iTXt' 3167 412
2019-06-20 02:56:18,967:DEBUG:STREAM b'iDOT' 3591 28
2019-06-20 02:56:18,967:DEBUG:b'iDOT' 3591 28 (unknown)
2019-06-20 02:56:18,967:DEBUG:STREAM b'IDAT' 3631 9220
2019-06-20 02:56:19,333:DEBUG:STREAM b'IHDR' 16 13
2019-06-20 02:56:19,333:DEBUG:STREAM b'iCCP' 41 3145
2019-06-20 02:56:19,333:DEBUG:iCCP profile name b'ICC Profile'
2019-06-20 02:56:19,333:DEBUG:Compression method 0
2019-06-20 02:56:19,333:DEBUG:STREAM b'pHYs' 3198 9
2019-06-20 02:56:19,333:DEBUG:STREAM b'iTXt' 3219 415
2019-06-20 02:56:19,333:DEBUG:STREAM b'iDOT' 3646 28
2019-06-20 02:56:19,333:DEBUG:b'iDOT' 3646 28 (unknown)
2019-06-20 02:56:19,334:DEBUG:STREAM b'IDAT' 3686 16384
2019-06-20 02:56:20,346:DEBUG:looking for ftl in steam
2019-06-20 02:56:20,346:DEBUG:STREAM b'IHDR' 16 13
2019-06-20 02:56:20,346:DEBUG:STREAM b'iCCP' 41 3093
2019-06-20 02:56:20,346:DEBUG:iCCP profile name b'ICC Profile'
2019-06-20 02:56:20,346:DEBUG:Compression method 0
2019-06-20 02:56:20,346:DEBUG:STREAM b'pHYs' 3146 9
2019-06-20 02:56:20,347:DEBUG:STREAM b'iTXt' 3167 412
2019-06-20 02:56:20,347:DEBUG:STREAM b'iDOT' 3591 28
2019-06-20 02:56:20,347:DEBUG:b'iDOT' 3591 28 (unknown)
2019-06-20 02:56:20,347:DEBUG:STREAM b'IDAT' 3631 4924
2019-06-20 02:56:20,748:DEBUG:STREAM b'IHDR' 16 13
2019-06-20 02:56:20,748:DEBUG:STREAM b'iCCP' 41 3145
2019-06-20 02:56:20,748:DEBUG:iCCP profile name b'ICC Profile'
2019-06-20 02:56:20,748:DEBUG:Compression method 0
2019-06-20 02:56:20,748:DEBUG:STREAM b'pHYs' 3198 9
2019-06-20 02:56:20,748:DEBUG:STREAM b'iTXt' 3219 415
2019-06-20 02:56:20,748:DEBUG:STREAM b'iDOT' 3646 28
2019-06-20 02:56:20,748:DEBUG:b'iDOT' 3646 28 (unknown)
2019-06-20 02:56:20,749:DEBUG:STREAM b'IDAT' 3686 16384
2019-06-20 02:56:21,763:DEBUG:looking for play button
2019-06-20 02:56:21,763:DEBUG:STREAM b'IHDR' 16 13
2019-06-20 02:56:21,763:DEBUG:STREAM b'iCCP' 41 3093
2019-06-20 02:56:21,763:DEBUG:iCCP profile name b'ICC Profile'
2019-06-20 02:56:21,763:DEBUG:Compression method 0
2019-06-20 02:56:21,764:DEBUG:STREAM b'pHYs' 3146 9
2019-06-20 02:56:21,764:DEBUG:STREAM b'iTXt' 3167 412
2019-06-20 02:56:21,764:DEBUG:STREAM b'iDOT' 3591 28
2019-06-20 02:56:21,764:DEBUG:b'iDOT' 3591 28 (unknown)
2019-06-20 02:56:21,764:DEBUG:STREAM b'IDAT' 3631 7544
2019-06-20 02:56:22,123:DEBUG:STREAM b'IHDR' 16 13
2019-06-20 02:56:22,123:DEBUG:STREAM b'iCCP' 41 3145
2019-06-20 02:56:22,123:DEBUG:iCCP profile name b'ICC Profile'
2019-06-20 02:56:22,123:DEBUG:Compression method 0
2019-06-20 02:56:22,123:DEBUG:STREAM b'pHYs' 3198 9
2019-06-20 02:56:22,123:DEBUG:STREAM b'iTXt' 3219 415
2019-06-20 02:56:22,123:DEBUG:STREAM b'iDOT' 3646 28
2019-06-20 02:56:22,123:DEBUG:b'iDOT' 3646 28 (unknown)
2019-06-20 02:56:22,123:DEBUG:STREAM b'IDAT' 3686 16384
2019-06-20 02:56:23,141:INFO:Game Start: ftl:2019-06-20 02:56:23.141787
2019-06-20 02:56:23,142:INFO:Starting New Game.
2019-06-20 02:56:28,151:DEBUG:STREAM b'IHDR' 16 13
2019-06-20 02:56:28,151:DEBUG:STREAM b'iCCP' 41 3093
2019-06-20 02:56:28,151:DEBUG:iCCP profile name b'ICC Profile'
2019-06-20 02:56:28,151:DEBUG:Compression method 0
2019-06-20 02:56:28,152:DEBUG:STREAM b'pHYs' 3146 9
2019-06-20 02:56:28,152:DEBUG:STREAM b'iTXt' 3167 412
2019-06-20 02:56:28,152:DEBUG:STREAM b'iDOT' 3591 28
2019-06-20 02:56:28,152:DEBUG:b'iDOT' 3591 28 (unknown)
2019-06-20 02:56:28,152:DEBUG:STREAM b'IDAT' 3631 12055
2019-06-20 02:56:28,523:DEBUG:STREAM b'IHDR' 16 13
2019-06-20 02:56:28,524:DEBUG:STREAM b'iCCP' 41 3145
2019-06-20 02:56:28,524:DEBUG:iCCP profile name b'ICC Profile'
2019-06-20 02:56:28,524:DEBUG:Compression method 0
2019-06-20 02:56:28,524:DEBUG:STREAM b'pHYs' 3198 9
2019-06-20 02:56:28,524:DEBUG:STREAM b'iTXt' 3219 415
2019-06-20 02:56:28,524:DEBUG:STREAM b'iDOT' 3646 28
2019-06-20 02:56:28,524:DEBUG:b'iDOT' 3646 28 (unknown)
2019-06-20 02:56:28,524:DEBUG:STREAM b'IDAT' 3686 16384
2019-06-20 02:56:29,601:DEBUG:STREAM b'IHDR' 16 13
2019-06-20 02:56:29,602:DEBUG:STREAM b'iCCP' 41 3093
2019-06-20 02:56:29,602:DEBUG:iCCP profile name b'ICC Profile'
2019-06-20 02:56:29,602:DEBUG:Compression method 0
2019-06-20 02:56:29,602:DEBUG:STREAM b'pHYs' 3146 9
2019-06-20 02:56:29,602:DEBUG:STREAM b'iTXt' 3167 412
2019-06-20 02:56:29,602:DEBUG:STREAM b'iDOT' 3591 28
2019-06-20 02:56:29,603:DEBUG:b'iDOT' 3591 28 (unknown)
2019-06-20 02:56:29,603:DEBUG:STREAM b'IDAT' 3631 1658
2019-06-20 02:56:29,951:DEBUG:STREAM b'IHDR' 16 13
2019-06-20 02:56:29,952:DEBUG:STREAM b'iCCP' 41 3145
2019-06-20 02:56:29,952:DEBUG:iCCP profile name b'ICC Profile'
2019-06-20 02:56:29,952:DEBUG:Compression method 0
2019-06-20 02:56:29,952:DEBUG:STREAM b'pHYs' 3198 9
2019-06-20 02:56:29,952:DEBUG:STREAM b'iTXt' 3219 415
2019-06-20 02:56:29,952:DEBUG:STREAM b'iDOT' 3646 28
2019-06-20 02:56:29,952:DEBUG:b'iDOT' 3646 28 (unknown)
2019-06-20 02:56:29,952:DEBUG:STREAM b'IDAT' 3686 16384
2019-06-20 02:56:30,965:DEBUG:STREAM b'IHDR' 16 13
2019-06-20 02:56:30,965:DEBUG:STREAM b'iCCP' 41 3093
2019-06-20 02:56:30,965:DEBUG:iCCP profile name b'ICC Profile'
2019-06-20 02:56:30,965:DEBUG:Compression method 0
2019-06-20 02:56:30,966:DEBUG:STREAM b'pHYs' 3146 9
2019-06-20 02:56:30,966:DEBUG:STREAM b'iTXt' 3167 413
2019-06-20 02:56:30,966:DEBUG:STREAM b'iDOT' 3592 28
2019-06-20 02:56:30,966:DEBUG:b'iDOT' 3592 28 (unknown)
2019-06-20 02:56:30,966:DEBUG:STREAM b'IDAT' 3632 3594
2019-06-20 02:56:31,307:DEBUG:STREAM b'IHDR' 16 13
2019-06-20 02:56:31,307:DEBUG:STREAM b'iCCP' 41 3145
2019-06-20 02:56:31,308:DEBUG:iCCP profile name b'ICC Profile'
2019-06-20 02:56:31,308:DEBUG:Compression method 0
2019-06-20 02:56:31,308:DEBUG:STREAM b'pHYs' 3198 9
2019-06-20 02:56:31,308:DEBUG:STREAM b'iTXt' 3219 415
2019-06-20 02:56:31,308:DEBUG:STREAM b'iDOT' 3646 28
2019-06-20 02:56:31,308:DEBUG:b'iDOT' 3646 28 (unknown)
2019-06-20 02:56:31,308:DEBUG:STREAM b'IDAT' 3686 16384
2019-06-20 02:56:32,344:DEBUG:STREAM b'IHDR' 16 13
2019-06-20 02:56:32,344:DEBUG:STREAM b'iCCP' 41 3093
2019-06-20 02:56:32,344:DEBUG:iCCP profile name b'ICC Profile'
2019-06-20 02:56:32,344:DEBUG:Compression method 0
2019-06-20 02:56:32,345:DEBUG:STREAM b'pHYs' 3146 9
2019-06-20 02:56:32,345:DEBUG:STREAM b'iTXt' 3167 412
2019-06-20 02:56:32,345:DEBUG:STREAM b'iDOT' 3591 28
2019-06-20 02:56:32,345:DEBUG:b'iDOT' 3591 28 (unknown)
2019-06-20 02:56:32,345:DEBUG:STREAM b'IDAT' 3631 3077
2019-06-20 02:56:32,694:DEBUG:STREAM b'IHDR' 16 13
2019-06-20 02:56:32,695:DEBUG:STREAM b'iCCP' 41 3145
2019-06-20 02:56:32,695:DEBUG:iCCP profile name b'ICC Profile'
2019-06-20 02:56:32,695:DEBUG:Compression method 0
2019-06-20 02:56:32,695:DEBUG:STREAM b'pHYs' 3198 9
2019-06-20 02:56:32,695:DEBUG:STREAM b'iTXt' 3219 415
2019-06-20 02:56:32,695:DEBUG:STREAM b'iDOT' 3646 28
2019-06-20 02:56:32,695:DEBUG:b'iDOT' 3646 28 (unknown)
2019-06-20 02:56:32,695:DEBUG:STREAM b'IDAT' 3686 16384
2019-06-20 02:56:33,728:INFO:Playing Game.
2019-06-20 02:56:33,730:DEBUG:STREAM b'IHDR' 16 13
2019-06-20 02:56:33,731:DEBUG:STREAM b'iCCP' 41 3093
2019-06-20 02:56:33,731:DEBUG:iCCP profile name b'ICC Profile'
2019-06-20 02:56:33,731:DEBUG:Compression method 0
2019-06-20 02:56:33,731:DEBUG:STREAM b'pHYs' 3146 9
2019-06-20 02:56:33,731:DEBUG:STREAM b'iTXt' 3167 413
2019-06-20 02:56:33,731:DEBUG:STREAM b'iDOT' 3592 28
2019-06-20 02:56:33,731:DEBUG:b'iDOT' 3592 28 (unknown)
2019-06-20 02:56:33,731:DEBUG:STREAM b'IDAT' 3632 2481
2019-06-20 02:56:34,077:DEBUG:STREAM b'IHDR' 16 13
2019-06-20 02:56:34,077:DEBUG:STREAM b'iCCP' 41 3145
2019-06-20 02:56:34,077:DEBUG:iCCP profile name b'ICC Profile'
2019-06-20 02:56:34,077:DEBUG:Compression method 0
2019-06-20 02:56:34,078:DEBUG:STREAM b'pHYs' 3198 9
2019-06-20 02:56:34,078:DEBUG:STREAM b'iTXt' 3219 415
2019-06-20 02:56:34,078:DEBUG:STREAM b'iDOT' 3646 28
2019-06-20 02:56:34,078:DEBUG:b'iDOT' 3646 28 (unknown)
2019-06-20 02:56:34,078:DEBUG:STREAM b'IDAT' 3686 16384
2019-06-20 02:56:35,115:DEBUG:Collecting Jump Routes.
2019-06-20 02:56:35,976:DEBUG:STREAM b'IHDR' 16 13
2019-06-20 02:56:35,976:DEBUG:STREAM b'iCCP' 41 3145
2019-06-20 02:56:35,976:DEBUG:iCCP profile name b'ICC Profile'
2019-06-20 02:56:35,976:DEBUG:Compression method 0
2019-06-20 02:56:35,976:DEBUG:STREAM b'pHYs' 3198 9
2019-06-20 02:56:35,977:DEBUG:STREAM b'iTXt' 3219 415
2019-06-20 02:56:35,977:DEBUG:STREAM b'iDOT' 3646 28
2019-06-20 02:56:35,977:DEBUG:b'iDOT' 3646 28 (unknown)
2019-06-20 02:56:35,977:DEBUG:STREAM b'IDAT' 3686 16384
2019-06-20 02:56:36,793:DEBUG:STREAM b'IHDR' 16 13
2019-06-20 02:56:36,793:DEBUG:STREAM b'iCCP' 41 3145
2019-06-20 02:56:36,793:DEBUG:iCCP profile name b'ICC Profile'
2019-06-20 02:56:36,794:DEBUG:Compression method 0
2019-06-20 02:56:36,794:DEBUG:STREAM b'pHYs' 3198 9
2019-06-20 02:56:36,794:DEBUG:STREAM b'iTXt' 3219 415
2019-06-20 02:56:36,794:DEBUG:STREAM b'iDOT' 3646 28
2019-06-20 02:56:36,794:DEBUG:b'iDOT' 3646 28 (unknown)
2019-06-20 02:56:36,794:DEBUG:STREAM b'IDAT' 3686 16384
2019-06-20 02:56:37,607:DEBUG:STREAM b'IHDR' 16 13
2019-06-20 02:56:37,608:DEBUG:STREAM b'iCCP' 41 3145
2019-06-20 02:56:37,608:DEBUG:iCCP profile name b'ICC Profile'
2019-06-20 02:56:37,608:DEBUG:Compression method 0
2019-06-20 02:56:37,608:DEBUG:STREAM b'pHYs' 3198 9
2019-06-20 02:56:37,608:DEBUG:STREAM b'iTXt' 3219 415
2019-06-20 02:56:37,608:DEBUG:STREAM b'iDOT' 3646 28
2019-06-20 02:56:37,608:DEBUG:b'iDOT' 3646 28 (unknown)
2019-06-20 02:56:37,608:DEBUG:STREAM b'IDAT' 3686 16384
