2019-06-20 02:57:42,319:DEBUG:STREAM b'IHDR' 16 13
2019-06-20 02:57:42,319:DEBUG:STREAM b'iCCP' 41 3145
2019-06-20 02:57:42,320:DEBUG:iCCP profile name b'ICC Profile'
2019-06-20 02:57:42,320:DEBUG:Compression method 0
2019-06-20 02:57:42,320:DEBUG:STREAM b'pHYs' 3198 9
2019-06-20 02:57:42,320:DEBUG:STREAM b'iTXt' 3219 415
2019-06-20 02:57:42,320:DEBUG:STREAM b'iDOT' 3646 28
2019-06-20 02:57:42,320:DEBUG:b'iDOT' 3646 28 (unknown)
2019-06-20 02:57:42,320:DEBUG:STREAM b'IDAT' 3686 16384
2019-06-20 02:57:43,078:DEBUG:STREAM b'IHDR' 16 13
2019-06-20 02:57:43,078:DEBUG:STREAM b'iCCP' 41 3145
2019-06-20 02:57:43,078:DEBUG:iCCP profile name b'ICC Profile'
2019-06-20 02:57:43,078:DEBUG:Compression method 0
2019-06-20 02:57:43,079:DEBUG:STREAM b'pHYs' 3198 9
2019-06-20 02:57:43,079:DEBUG:STREAM b'iTXt' 3219 415
2019-06-20 02:57:43,079:DEBUG:STREAM b'iDOT' 3646 28
2019-06-20 02:57:43,079:DEBUG:b'iDOT' 3646 28 (unknown)
2019-06-20 02:57:43,080:DEBUG:STREAM b'IDAT' 3686 16384
2019-06-20 02:57:43,980:DEBUG:looking for steam icon
2019-06-20 02:57:43,986:DEBUG:STREAM b'IHDR' 16 13
2019-06-20 02:57:43,986:DEBUG:STREAM b'iCCP' 41 3093
2019-06-20 02:57:43,986:DEBUG:iCCP profile name b'ICC Profile'
2019-06-20 02:57:43,987:DEBUG:Compression method 0
2019-06-20 02:57:43,987:DEBUG:STREAM b'pHYs' 3146 9
2019-06-20 02:57:43,987:DEBUG:STREAM b'iTXt' 3167 413
2019-06-20 02:57:43,987:DEBUG:STREAM b'iDOT' 3592 28
2019-06-20 02:57:43,987:DEBUG:b'iDOT' 3592 28 (unknown)
2019-06-20 02:57:43,987:DEBUG:STREAM b'IDAT' 3632 7390
2019-06-20 02:57:44,324:DEBUG:STREAM b'IHDR' 16 13
2019-06-20 02:57:44,325:DEBUG:STREAM b'iCCP' 41 3145
2019-06-20 02:57:44,325:DEBUG:iCCP profile name b'ICC Profile'
2019-06-20 02:57:44,325:DEBUG:Compression method 0
2019-06-20 02:57:44,325:DEBUG:STREAM b'pHYs' 3198 9
2019-06-20 02:57:44,325:DEBUG:STREAM b'iTXt' 3219 415
2019-06-20 02:57:44,325:DEBUG:STREAM b'iDOT' 3646 28
2019-06-20 02:57:44,325:DEBUG:b'iDOT' 3646 28 (unknown)
2019-06-20 02:57:44,325:DEBUG:STREAM b'IDAT' 3686 16384
2019-06-20 02:57:45,308:DEBUG:looking for steam library
2019-06-20 02:57:45,311:DEBUG:STREAM b'IHDR' 16 13
2019-06-20 02:57:45,311:DEBUG:STREAM b'iCCP' 41 3093
2019-06-20 02:57:45,311:DEBUG:iCCP profile name b'ICC Profile'
2019-06-20 02:57:45,311:DEBUG:Compression method 0
2019-06-20 02:57:45,311:DEBUG:STREAM b'pHYs' 3146 9
2019-06-20 02:57:45,311:DEBUG:STREAM b'iTXt' 3167 412
2019-06-20 02:57:45,311:DEBUG:STREAM b'iDOT' 3591 28
2019-06-20 02:57:45,311:DEBUG:b'iDOT' 3591 28 (unknown)
2019-06-20 02:57:45,311:DEBUG:STREAM b'IDAT' 3631 9220
2019-06-20 02:57:45,694:DEBUG:STREAM b'IHDR' 16 13
2019-06-20 02:57:45,694:DEBUG:STREAM b'iCCP' 41 3145
2019-06-20 02:57:45,694:DEBUG:iCCP profile name b'ICC Profile'
2019-06-20 02:57:45,695:DEBUG:Compression method 0
2019-06-20 02:57:45,695:DEBUG:STREAM b'pHYs' 3198 9
2019-06-20 02:57:45,695:DEBUG:STREAM b'iTXt' 3219 415
2019-06-20 02:57:45,695:DEBUG:STREAM b'iDOT' 3646 28
2019-06-20 02:57:45,695:DEBUG:b'iDOT' 3646 28 (unknown)
2019-06-20 02:57:45,695:DEBUG:STREAM b'IDAT' 3686 16384
2019-06-20 02:57:46,711:DEBUG:looking for ftl in steam
2019-06-20 02:57:46,711:DEBUG:STREAM b'IHDR' 16 13
2019-06-20 02:57:46,711:DEBUG:STREAM b'iCCP' 41 3093
2019-06-20 02:57:46,711:DEBUG:iCCP profile name b'ICC Profile'
2019-06-20 02:57:46,711:DEBUG:Compression method 0
2019-06-20 02:57:46,711:DEBUG:STREAM b'pHYs' 3146 9
2019-06-20 02:57:46,711:DEBUG:STREAM b'iTXt' 3167 412
2019-06-20 02:57:46,711:DEBUG:STREAM b'iDOT' 3591 28
2019-06-20 02:57:46,712:DEBUG:b'iDOT' 3591 28 (unknown)
2019-06-20 02:57:46,712:DEBUG:STREAM b'IDAT' 3631 4924
2019-06-20 02:57:47,074:DEBUG:STREAM b'IHDR' 16 13
2019-06-20 02:57:47,074:DEBUG:STREAM b'iCCP' 41 3145
2019-06-20 02:57:47,074:DEBUG:iCCP profile name b'ICC Profile'
2019-06-20 02:57:47,074:DEBUG:Compression method 0
2019-06-20 02:57:47,074:DEBUG:STREAM b'pHYs' 3198 9
2019-06-20 02:57:47,074:DEBUG:STREAM b'iTXt' 3219 415
2019-06-20 02:57:47,075:DEBUG:STREAM b'iDOT' 3646 28
2019-06-20 02:57:47,075:DEBUG:b'iDOT' 3646 28 (unknown)
2019-06-20 02:57:47,075:DEBUG:STREAM b'IDAT' 3686 16384
2019-06-20 02:57:48,073:DEBUG:looking for play button
2019-06-20 02:57:48,074:DEBUG:STREAM b'IHDR' 16 13
2019-06-20 02:57:48,074:DEBUG:STREAM b'iCCP' 41 3093
2019-06-20 02:57:48,074:DEBUG:iCCP profile name b'ICC Profile'
2019-06-20 02:57:48,074:DEBUG:Compression method 0
2019-06-20 02:57:48,074:DEBUG:STREAM b'pHYs' 3146 9
2019-06-20 02:57:48,075:DEBUG:STREAM b'iTXt' 3167 412
2019-06-20 02:57:48,075:DEBUG:STREAM b'iDOT' 3591 28
2019-06-20 02:57:48,075:DEBUG:b'iDOT' 3591 28 (unknown)
2019-06-20 02:57:48,075:DEBUG:STREAM b'IDAT' 3631 7544
2019-06-20 02:57:48,432:DEBUG:STREAM b'IHDR' 16 13
2019-06-20 02:57:48,432:DEBUG:STREAM b'iCCP' 41 3145
2019-06-20 02:57:48,432:DEBUG:iCCP profile name b'ICC Profile'
2019-06-20 02:57:48,432:DEBUG:Compression method 0
2019-06-20 02:57:48,432:DEBUG:STREAM b'pHYs' 3198 9
2019-06-20 02:57:48,432:DEBUG:STREAM b'iTXt' 3219 415
2019-06-20 02:57:48,433:DEBUG:STREAM b'iDOT' 3646 28
2019-06-20 02:57:48,433:DEBUG:b'iDOT' 3646 28 (unknown)
2019-06-20 02:57:48,433:DEBUG:STREAM b'IDAT' 3686 16384
2019-06-20 02:57:49,453:INFO:Game Start: ftl:2019-06-20 02:57:49.453285
2019-06-20 02:57:49,453:INFO:Starting New Game.
2019-06-20 02:57:54,463:DEBUG:STREAM b'IHDR' 16 13
2019-06-20 02:57:54,463:DEBUG:STREAM b'iCCP' 41 3093
2019-06-20 02:57:54,463:DEBUG:iCCP profile name b'ICC Profile'
2019-06-20 02:57:54,464:DEBUG:Compression method 0
2019-06-20 02:57:54,464:DEBUG:STREAM b'pHYs' 3146 9
2019-06-20 02:57:54,464:DEBUG:STREAM b'iTXt' 3167 412
2019-06-20 02:57:54,464:DEBUG:STREAM b'iDOT' 3591 28
2019-06-20 02:57:54,464:DEBUG:b'iDOT' 3591 28 (unknown)
2019-06-20 02:57:54,464:DEBUG:STREAM b'IDAT' 3631 12055
2019-06-20 02:57:54,832:DEBUG:STREAM b'IHDR' 16 13
2019-06-20 02:57:54,832:DEBUG:STREAM b'iCCP' 41 3145
2019-06-20 02:57:54,833:DEBUG:iCCP profile name b'ICC Profile'
2019-06-20 02:57:54,833:DEBUG:Compression method 0
2019-06-20 02:57:54,833:DEBUG:STREAM b'pHYs' 3198 9
2019-06-20 02:57:54,833:DEBUG:STREAM b'iTXt' 3219 415
2019-06-20 02:57:54,833:DEBUG:STREAM b'iDOT' 3646 28
2019-06-20 02:57:54,833:DEBUG:b'iDOT' 3646 28 (unknown)
2019-06-20 02:57:54,833:DEBUG:STREAM b'IDAT' 3686 16384
2019-06-20 02:57:55,882:DEBUG:STREAM b'IHDR' 16 13
2019-06-20 02:57:55,882:DEBUG:STREAM b'iCCP' 41 3093
2019-06-20 02:57:55,882:DEBUG:iCCP profile name b'ICC Profile'
2019-06-20 02:57:55,882:DEBUG:Compression method 0
2019-06-20 02:57:55,882:DEBUG:STREAM b'pHYs' 3146 9
2019-06-20 02:57:55,882:DEBUG:STREAM b'iTXt' 3167 412
2019-06-20 02:57:55,882:DEBUG:STREAM b'iDOT' 3591 28
2019-06-20 02:57:55,883:DEBUG:b'iDOT' 3591 28 (unknown)
2019-06-20 02:57:55,883:DEBUG:STREAM b'IDAT' 3631 1658
2019-06-20 02:57:56,170:DEBUG:STREAM b'IHDR' 16 13
2019-06-20 02:57:56,171:DEBUG:STREAM b'iCCP' 41 3145
2019-06-20 02:57:56,171:DEBUG:iCCP profile name b'ICC Profile'
2019-06-20 02:57:56,171:DEBUG:Compression method 0
2019-06-20 02:57:56,171:DEBUG:STREAM b'pHYs' 3198 9
2019-06-20 02:57:56,171:DEBUG:STREAM b'iTXt' 3219 415
2019-06-20 02:57:56,171:DEBUG:STREAM b'iDOT' 3646 28
2019-06-20 02:57:56,171:DEBUG:b'iDOT' 3646 28 (unknown)
2019-06-20 02:57:56,172:DEBUG:STREAM b'IDAT' 3686 16384
2019-06-20 02:57:57,179:DEBUG:STREAM b'IHDR' 16 13
2019-06-20 02:57:57,180:DEBUG:STREAM b'iCCP' 41 3093
2019-06-20 02:57:57,180:DEBUG:iCCP profile name b'ICC Profile'
2019-06-20 02:57:57,180:DEBUG:Compression method 0
2019-06-20 02:57:57,180:DEBUG:STREAM b'pHYs' 3146 9
2019-06-20 02:57:57,180:DEBUG:STREAM b'iTXt' 3167 413
2019-06-20 02:57:57,180:DEBUG:STREAM b'iDOT' 3592 28
2019-06-20 02:57:57,180:DEBUG:b'iDOT' 3592 28 (unknown)
2019-06-20 02:57:57,180:DEBUG:STREAM b'IDAT' 3632 3594
2019-06-20 02:57:57,512:DEBUG:STREAM b'IHDR' 16 13
2019-06-20 02:57:57,512:DEBUG:STREAM b'iCCP' 41 3145
2019-06-20 02:57:57,512:DEBUG:iCCP profile name b'ICC Profile'
2019-06-20 02:57:57,513:DEBUG:Compression method 0
2019-06-20 02:57:57,513:DEBUG:STREAM b'pHYs' 3198 9
2019-06-20 02:57:57,513:DEBUG:STREAM b'iTXt' 3219 415
2019-06-20 02:57:57,513:DEBUG:STREAM b'iDOT' 3646 28
2019-06-20 02:57:57,513:DEBUG:b'iDOT' 3646 28 (unknown)
2019-06-20 02:57:57,513:DEBUG:STREAM b'IDAT' 3686 16384
2019-06-20 02:57:58,584:DEBUG:STREAM b'IHDR' 16 13
2019-06-20 02:57:58,584:DEBUG:STREAM b'iCCP' 41 3093
2019-06-20 02:57:58,584:DEBUG:iCCP profile name b'ICC Profile'
2019-06-20 02:57:58,584:DEBUG:Compression method 0
2019-06-20 02:57:58,584:DEBUG:STREAM b'pHYs' 3146 9
2019-06-20 02:57:58,584:DEBUG:STREAM b'iTXt' 3167 412
2019-06-20 02:57:58,585:DEBUG:STREAM b'iDOT' 3591 28
2019-06-20 02:57:58,585:DEBUG:b'iDOT' 3591 28 (unknown)
2019-06-20 02:57:58,585:DEBUG:STREAM b'IDAT' 3631 3077
2019-06-20 02:57:58,918:DEBUG:STREAM b'IHDR' 16 13
2019-06-20 02:57:58,919:DEBUG:STREAM b'iCCP' 41 3145
2019-06-20 02:57:58,919:DEBUG:iCCP profile name b'ICC Profile'
2019-06-20 02:57:58,919:DEBUG:Compression method 0
2019-06-20 02:57:58,919:DEBUG:STREAM b'pHYs' 3198 9
2019-06-20 02:57:58,919:DEBUG:STREAM b'iTXt' 3219 415
2019-06-20 02:57:58,919:DEBUG:STREAM b'iDOT' 3646 28
2019-06-20 02:57:58,920:DEBUG:b'iDOT' 3646 28 (unknown)
2019-06-20 02:57:58,920:DEBUG:STREAM b'IDAT' 3686 16384
2019-06-20 02:57:59,946:INFO:Playing Game.
2019-06-20 02:57:59,948:DEBUG:STREAM b'IHDR' 16 13
2019-06-20 02:57:59,948:DEBUG:STREAM b'iCCP' 41 3093
2019-06-20 02:57:59,949:DEBUG:iCCP profile name b'ICC Profile'
2019-06-20 02:57:59,949:DEBUG:Compression method 0
2019-06-20 02:57:59,949:DEBUG:STREAM b'pHYs' 3146 9
2019-06-20 02:57:59,949:DEBUG:STREAM b'iTXt' 3167 413
2019-06-20 02:57:59,949:DEBUG:STREAM b'iDOT' 3592 28
2019-06-20 02:57:59,949:DEBUG:b'iDOT' 3592 28 (unknown)
2019-06-20 02:57:59,949:DEBUG:STREAM b'IDAT' 3632 2481
2019-06-20 02:58:00,293:DEBUG:STREAM b'IHDR' 16 13
2019-06-20 02:58:00,293:DEBUG:STREAM b'iCCP' 41 3145
2019-06-20 02:58:00,293:DEBUG:iCCP profile name b'ICC Profile'
2019-06-20 02:58:00,294:DEBUG:Compression method 0
2019-06-20 02:58:00,294:DEBUG:STREAM b'pHYs' 3198 9
2019-06-20 02:58:00,294:DEBUG:STREAM b'iTXt' 3219 415
2019-06-20 02:58:00,294:DEBUG:STREAM b'iDOT' 3646 28
2019-06-20 02:58:00,294:DEBUG:b'iDOT' 3646 28 (unknown)
2019-06-20 02:58:00,294:DEBUG:STREAM b'IDAT' 3686 16384
2019-06-20 02:58:01,348:DEBUG:Collecting Jump Routes.
2019-06-20 02:58:02,214:DEBUG:STREAM b'IHDR' 16 13
2019-06-20 02:58:02,215:DEBUG:STREAM b'iCCP' 41 3145
2019-06-20 02:58:02,215:DEBUG:iCCP profile name b'ICC Profile'
2019-06-20 02:58:02,215:DEBUG:Compression method 0
2019-06-20 02:58:02,215:DEBUG:STREAM b'pHYs' 3198 9
2019-06-20 02:58:02,215:DEBUG:STREAM b'iTXt' 3219 415
2019-06-20 02:58:02,215:DEBUG:STREAM b'iDOT' 3646 28
2019-06-20 02:58:02,215:DEBUG:b'iDOT' 3646 28 (unknown)
2019-06-20 02:58:02,215:DEBUG:STREAM b'IDAT' 3686 16384
2019-06-20 02:58:03,067:DEBUG:STREAM b'IHDR' 16 13
2019-06-20 02:58:03,068:DEBUG:STREAM b'iCCP' 41 3145
2019-06-20 02:58:03,068:DEBUG:iCCP profile name b'ICC Profile'
2019-06-20 02:58:03,068:DEBUG:Compression method 0
2019-06-20 02:58:03,068:DEBUG:STREAM b'pHYs' 3198 9
2019-06-20 02:58:03,068:DEBUG:STREAM b'iTXt' 3219 415
2019-06-20 02:58:03,068:DEBUG:STREAM b'iDOT' 3646 28
2019-06-20 02:58:03,068:DEBUG:b'iDOT' 3646 28 (unknown)
2019-06-20 02:58:03,069:DEBUG:STREAM b'IDAT' 3686 16384
2019-06-20 02:58:03,900:DEBUG:STREAM b'IHDR' 16 13
2019-06-20 02:58:03,900:DEBUG:STREAM b'iCCP' 41 3145
2019-06-20 02:58:03,901:DEBUG:iCCP profile name b'ICC Profile'
2019-06-20 02:58:03,901:DEBUG:Compression method 0
2019-06-20 02:58:03,901:DEBUG:STREAM b'pHYs' 3198 9
2019-06-20 02:58:03,901:DEBUG:STREAM b'iTXt' 3219 415
2019-06-20 02:58:03,901:DEBUG:STREAM b'iDOT' 3646 28
2019-06-20 02:58:03,901:DEBUG:b'iDOT' 3646 28 (unknown)
2019-06-20 02:58:03,901:DEBUG:STREAM b'IDAT' 3686 16384
