2019-06-20 02:58:36,645:DEBUG:STREAM b'IHDR' 16 13
2019-06-20 02:58:36,645:DEBUG:STREAM b'iCCP' 41 3145
2019-06-20 02:58:36,645:DEBUG:iCCP profile name b'ICC Profile'
2019-06-20 02:58:36,645:DEBUG:Compression method 0
2019-06-20 02:58:36,645:DEBUG:STREAM b'pHYs' 3198 9
2019-06-20 02:58:36,645:DEBUG:STREAM b'iTXt' 3219 415
2019-06-20 02:58:36,646:DEBUG:STREAM b'iDOT' 3646 28
2019-06-20 02:58:36,646:DEBUG:b'iDOT' 3646 28 (unknown)
2019-06-20 02:58:36,646:DEBUG:STREAM b'IDAT' 3686 16384
2019-06-20 02:58:37,409:DEBUG:STREAM b'IHDR' 16 13
2019-06-20 02:58:37,410:DEBUG:STREAM b'iCCP' 41 3145
2019-06-20 02:58:37,410:DEBUG:iCCP profile name b'ICC Profile'
2019-06-20 02:58:37,410:DEBUG:Compression method 0
2019-06-20 02:58:37,410:DEBUG:STREAM b'pHYs' 3198 9
2019-06-20 02:58:37,410:DEBUG:STREAM b'iTXt' 3219 415
2019-06-20 02:58:37,410:DEBUG:STREAM b'iDOT' 3646 28
2019-06-20 02:58:37,410:DEBUG:b'iDOT' 3646 28 (unknown)
2019-06-20 02:58:37,410:DEBUG:STREAM b'IDAT' 3686 16384
2019-06-20 02:58:38,348:DEBUG:looking for steam icon
2019-06-20 02:58:38,348:DEBUG:STREAM b'IHDR' 16 13
2019-06-20 02:58:38,348:DEBUG:STREAM b'iCCP' 41 3093
2019-06-20 02:58:38,348:DEBUG:iCCP profile name b'ICC Profile'
2019-06-20 02:58:38,348:DEBUG:Compression method 0
2019-06-20 02:58:38,348:DEBUG:STREAM b'pHYs' 3146 9
2019-06-20 02:58:38,348:DEBUG:STREAM b'iTXt' 3167 413
2019-06-20 02:58:38,348:DEBUG:STREAM b'iDOT' 3592 28
2019-06-20 02:58:38,348:DEBUG:b'iDOT' 3592 28 (unknown)
2019-06-20 02:58:38,348:DEBUG:STREAM b'IDAT' 3632 7390
2019-06-20 02:58:38,687:DEBUG:STREAM b'IHDR' 16 13
2019-06-20 02:58:38,687:DEBUG:STREAM b'iCCP' 41 3145
2019-06-20 02:58:38,688:DEBUG:iCCP profile name b'ICC Profile'
2019-06-20 02:58:38,688:DEBUG:Compression method 0
2019-06-20 02:58:38,688:DEBUG:STREAM b'pHYs' 3198 9
2019-06-20 02:58:38,688:DEBUG:STREAM b'iTXt' 3219 415
2019-06-20 02:58:38,688:DEBUG:STREAM b'iDOT' 3646 28
2019-06-20 02:58:38,688:DEBUG:b'iDOT' 3646 28 (unknown)
2019-06-20 02:58:38,688:DEBUG:STREAM b'IDAT' 3686 16384
2019-06-20 02:58:39,667:DEBUG:looking for steam library
2019-06-20 02:58:39,667:DEBUG:STREAM b'IHDR' 16 13
2019-06-20 02:58:39,667:DEBUG:STREAM b'iCCP' 41 3093
2019-06-20 02:58:39,668:DEBUG:iCCP profile name b'ICC Profile'
2019-06-20 02:58:39,668:DEBUG:Compression method 0
2019-06-20 02:58:39,668:DEBUG:STREAM b'pHYs' 3146 9
2019-06-20 02:58:39,668:DEBUG:STREAM b'iTXt' 3167 412
2019-06-20 02:58:39,668:DEBUG:STREAM b'iDOT' 3591 28
2019-06-20 02:58:39,668:DEBUG:b'iDOT' 3591 28 (unknown)
2019-06-20 02:58:39,668:DEBUG:STREAM b'IDAT' 3631 9220
2019-06-20 02:58:40,035:DEBUG:STREAM b'IHDR' 16 13
2019-06-20 02:58:40,035:DEBUG:STREAM b'iCCP' 41 3145
2019-06-20 02:58:40,035:DEBUG:iCCP profile name b'ICC Profile'
2019-06-20 02:58:40,035:DEBUG:Compression method 0
2019-06-20 02:58:40,035:DEBUG:STREAM b'pHYs' 3198 9
2019-06-20 02:58:40,035:DEBUG:STREAM b'iTXt' 3219 415
2019-06-20 02:58:40,035:DEBUG:STREAM b'iDOT' 3646 28
2019-06-20 02:58:40,035:DEBUG:b'iDOT' 3646 28 (unknown)
2019-06-20 02:58:40,035:DEBUG:STREAM b'IDAT' 3686 16384
2019-06-20 02:58:41,044:DEBUG:looking for ftl in steam
2019-06-20 02:58:41,044:DEBUG:STREAM b'IHDR' 16 13
2019-06-20 02:58:41,045:DEBUG:STREAM b'iCCP' 41 3093
2019-06-20 02:58:41,045:DEBUG:iCCP profile name b'ICC Profile'
2019-06-20 02:58:41,045:DEBUG:Compression method 0
2019-06-20 02:58:41,045:DEBUG:STREAM b'pHYs' 3146 9
2019-06-20 02:58:41,045:DEBUG:STREAM b'iTXt' 3167 412
2019-06-20 02:58:41,045:DEBUG:STREAM b'iDOT' 3591 28
2019-06-20 02:58:41,045:DEBUG:b'iDOT' 3591 28 (unknown)
2019-06-20 02:58:41,045:DEBUG:STREAM b'IDAT' 3631 4924
2019-06-20 02:58:41,422:DEBUG:STREAM b'IHDR' 16 13
2019-06-20 02:58:41,423:DEBUG:STREAM b'iCCP' 41 3145
2019-06-20 02:58:41,423:DEBUG:iCCP profile name b'ICC Profile'
2019-06-20 02:58:41,423:DEBUG:Compression method 0
2019-06-20 02:58:41,423:DEBUG:STREAM b'pHYs' 3198 9
2019-06-20 02:58:41,423:DEBUG:STREAM b'iTXt' 3219 415
2019-06-20 02:58:41,423:DEBUG:STREAM b'iDOT' 3646 28
2019-06-20 02:58:41,423:DEBUG:b'iDOT' 3646 28 (unknown)
2019-06-20 02:58:41,423:DEBUG:STREAM b'IDAT' 3686 16384
2019-06-20 02:58:42,436:DEBUG:looking for play button
2019-06-20 02:58:42,436:DEBUG:STREAM b'IHDR' 16 13
2019-06-20 02:58:42,436:DEBUG:STREAM b'iCCP' 41 3093
2019-06-20 02:58:42,436:DEBUG:iCCP profile name b'ICC Profile'
2019-06-20 02:58:42,436:DEBUG:Compression method 0
2019-06-20 02:58:42,436:DEBUG:STREAM b'pHYs' 3146 9
2019-06-20 02:58:42,436:DEBUG:STREAM b'iTXt' 3167 412
2019-06-20 02:58:42,436:DEBUG:STREAM b'iDOT' 3591 28
2019-06-20 02:58:42,436:DEBUG:b'iDOT' 3591 28 (unknown)
2019-06-20 02:58:42,437:DEBUG:STREAM b'IDAT' 3631 7544
2019-06-20 02:58:42,833:DEBUG:STREAM b'IHDR' 16 13
2019-06-20 02:58:42,834:DEBUG:STREAM b'iCCP' 41 3145
2019-06-20 02:58:42,834:DEBUG:iCCP profile name b'ICC Profile'
2019-06-20 02:58:42,834:DEBUG:Compression method 0
2019-06-20 02:58:42,834:DEBUG:STREAM b'pHYs' 3198 9
2019-06-20 02:58:42,834:DEBUG:STREAM b'iTXt' 3219 415
2019-06-20 02:58:42,834:DEBUG:STREAM b'iDOT' 3646 28
2019-06-20 02:58:42,834:DEBUG:b'iDOT' 3646 28 (unknown)
2019-06-20 02:58:42,834:DEBUG:STREAM b'IDAT' 3686 16384
2019-06-20 02:58:43,846:INFO:Game Start: ftl:2019-06-20 02:58:43.846729
2019-06-20 02:58:43,847:INFO:Starting New Game.
2019-06-20 02:58:48,853:DEBUG:STREAM b'IHDR' 16 13
2019-06-20 02:58:48,854:DEBUG:STREAM b'iCCP' 41 3093
2019-06-20 02:58:48,854:DEBUG:iCCP profile name b'ICC Profile'
2019-06-20 02:58:48,854:DEBUG:Compression method 0
2019-06-20 02:58:48,854:DEBUG:STREAM b'pHYs' 3146 9
2019-06-20 02:58:48,854:DEBUG:STREAM b'iTXt' 3167 412
2019-06-20 02:58:48,855:DEBUG:STREAM b'iDOT' 3591 28
2019-06-20 02:58:48,855:DEBUG:b'iDOT' 3591 28 (unknown)
2019-06-20 02:58:48,855:DEBUG:STREAM b'IDAT' 3631 12055
2019-06-20 02:58:49,228:DEBUG:STREAM b'IHDR' 16 13
2019-06-20 02:58:49,228:DEBUG:STREAM b'iCCP' 41 3145
2019-06-20 02:58:49,228:DEBUG:iCCP profile name b'ICC Profile'
2019-06-20 02:58:49,228:DEBUG:Compression method 0
2019-06-20 02:58:49,229:DEBUG:STREAM b'pHYs' 3198 9
2019-06-20 02:58:49,229:DEBUG:STREAM b'iTXt' 3219 415
2019-06-20 02:58:49,229:DEBUG:STREAM b'iDOT' 3646 28
2019-06-20 02:58:49,229:DEBUG:b'iDOT' 3646 28 (unknown)
2019-06-20 02:58:49,229:DEBUG:STREAM b'IDAT' 3686 16384
2019-06-20 02:58:50,311:DEBUG:STREAM b'IHDR' 16 13
2019-06-20 02:58:50,311:DEBUG:STREAM b'iCCP' 41 3093
2019-06-20 02:58:50,312:DEBUG:iCCP profile name b'ICC Profile'
2019-06-20 02:58:50,312:DEBUG:Compression method 0
2019-06-20 02:58:50,312:DEBUG:STREAM b'pHYs' 3146 9
2019-06-20 02:58:50,312:DEBUG:STREAM b'iTXt' 3167 412
2019-06-20 02:58:50,312:DEBUG:STREAM b'iDOT' 3591 28
2019-06-20 02:58:50,312:DEBUG:b'iDOT' 3591 28 (unknown)
2019-06-20 02:58:50,312:DEBUG:STREAM b'IDAT' 3631 1658
2019-06-20 02:58:50,619:DEBUG:STREAM b'IHDR' 16 13
2019-06-20 02:58:50,620:DEBUG:STREAM b'iCCP' 41 3145
2019-06-20 02:58:50,620:DEBUG:iCCP profile name b'ICC Profile'
2019-06-20 02:58:50,620:DEBUG:Compression method 0
2019-06-20 02:58:50,620:DEBUG:STREAM b'pHYs' 3198 9
2019-06-20 02:58:50,620:DEBUG:STREAM b'iTXt' 3219 415
2019-06-20 02:58:50,620:DEBUG:STREAM b'iDOT' 3646 28
2019-06-20 02:58:50,620:DEBUG:b'iDOT' 3646 28 (unknown)
2019-06-20 02:58:50,620:DEBUG:STREAM b'IDAT' 3686 16384
2019-06-20 02:58:51,629:DEBUG:STREAM b'IHDR' 16 13
2019-06-20 02:58:51,630:DEBUG:STREAM b'iCCP' 41 3093
2019-06-20 02:58:51,630:DEBUG:iCCP profile name b'ICC Profile'
2019-06-20 02:58:51,630:DEBUG:Compression method 0
2019-06-20 02:58:51,630:DEBUG:STREAM b'pHYs' 3146 9
2019-06-20 02:58:51,630:DEBUG:STREAM b'iTXt' 3167 413
2019-06-20 02:58:51,630:DEBUG:STREAM b'iDOT' 3592 28
2019-06-20 02:58:51,630:DEBUG:b'iDOT' 3592 28 (unknown)
2019-06-20 02:58:51,630:DEBUG:STREAM b'IDAT' 3632 3594
2019-06-20 02:58:52,002:DEBUG:STREAM b'IHDR' 16 13
2019-06-20 02:58:52,002:DEBUG:STREAM b'iCCP' 41 3145
2019-06-20 02:58:52,002:DEBUG:iCCP profile name b'ICC Profile'
2019-06-20 02:58:52,002:DEBUG:Compression method 0
2019-06-20 02:58:52,003:DEBUG:STREAM b'pHYs' 3198 9
2019-06-20 02:58:52,003:DEBUG:STREAM b'iTXt' 3219 415
2019-06-20 02:58:52,003:DEBUG:STREAM b'iDOT' 3646 28
2019-06-20 02:58:52,003:DEBUG:b'iDOT' 3646 28 (unknown)
2019-06-20 02:58:52,003:DEBUG:STREAM b'IDAT' 3686 16384
2019-06-20 02:58:53,030:DEBUG:STREAM b'IHDR' 16 13
2019-06-20 02:58:53,030:DEBUG:STREAM b'iCCP' 41 3093
2019-06-20 02:58:53,030:DEBUG:iCCP profile name b'ICC Profile'
2019-06-20 02:58:53,030:DEBUG:Compression method 0
2019-06-20 02:58:53,030:DEBUG:STREAM b'pHYs' 3146 9
2019-06-20 02:58:53,031:DEBUG:STREAM b'iTXt' 3167 412
2019-06-20 02:58:53,031:DEBUG:STREAM b'iDOT' 3591 28
2019-06-20 02:58:53,031:DEBUG:b'iDOT' 3591 28 (unknown)
2019-06-20 02:58:53,031:DEBUG:STREAM b'IDAT' 3631 3077
2019-06-20 02:58:53,358:DEBUG:STREAM b'IHDR' 16 13
2019-06-20 02:58:53,359:DEBUG:STREAM b'iCCP' 41 3145
2019-06-20 02:58:53,359:DEBUG:iCCP profile name b'ICC Profile'
2019-06-20 02:58:53,359:DEBUG:Compression method 0
2019-06-20 02:58:53,359:DEBUG:STREAM b'pHYs' 3198 9
2019-06-20 02:58:53,359:DEBUG:STREAM b'iTXt' 3219 415
2019-06-20 02:58:53,359:DEBUG:STREAM b'iDOT' 3646 28
2019-06-20 02:58:53,359:DEBUG:b'iDOT' 3646 28 (unknown)
2019-06-20 02:58:53,359:DEBUG:STREAM b'IDAT' 3686 16384
2019-06-20 02:58:54,460:INFO:Playing Game.
2019-06-20 02:58:54,462:DEBUG:STREAM b'IHDR' 16 13
2019-06-20 02:58:54,462:DEBUG:STREAM b'iCCP' 41 3093
2019-06-20 02:58:54,462:DEBUG:iCCP profile name b'ICC Profile'
2019-06-20 02:58:54,462:DEBUG:Compression method 0
2019-06-20 02:58:54,463:DEBUG:STREAM b'pHYs' 3146 9
2019-06-20 02:58:54,463:DEBUG:STREAM b'iTXt' 3167 413
2019-06-20 02:58:54,463:DEBUG:STREAM b'iDOT' 3592 28
2019-06-20 02:58:54,463:DEBUG:b'iDOT' 3592 28 (unknown)
2019-06-20 02:58:54,463:DEBUG:STREAM b'IDAT' 3632 2481
2019-06-20 02:58:54,815:DEBUG:STREAM b'IHDR' 16 13
2019-06-20 02:58:54,816:DEBUG:STREAM b'iCCP' 41 3145
2019-06-20 02:58:54,816:DEBUG:iCCP profile name b'ICC Profile'
2019-06-20 02:58:54,816:DEBUG:Compression method 0
2019-06-20 02:58:54,816:DEBUG:STREAM b'pHYs' 3198 9
2019-06-20 02:58:54,816:DEBUG:STREAM b'iTXt' 3219 415
2019-06-20 02:58:54,816:DEBUG:STREAM b'iDOT' 3646 28
2019-06-20 02:58:54,816:DEBUG:b'iDOT' 3646 28 (unknown)
2019-06-20 02:58:54,816:DEBUG:STREAM b'IDAT' 3686 16384
2019-06-20 02:58:55,853:DEBUG:Collecting Jump Routes.
2019-06-20 02:58:56,746:DEBUG:STREAM b'IHDR' 16 13
2019-06-20 02:58:56,747:DEBUG:STREAM b'iCCP' 41 3145
2019-06-20 02:58:56,747:DEBUG:iCCP profile name b'ICC Profile'
2019-06-20 02:58:56,747:DEBUG:Compression method 0
2019-06-20 02:58:56,747:DEBUG:STREAM b'pHYs' 3198 9
2019-06-20 02:58:56,747:DEBUG:STREAM b'iTXt' 3219 415
2019-06-20 02:58:56,747:DEBUG:STREAM b'iDOT' 3646 28
2019-06-20 02:58:56,747:DEBUG:b'iDOT' 3646 28 (unknown)
2019-06-20 02:58:56,748:DEBUG:STREAM b'IDAT' 3686 16384
2019-06-20 02:58:57,558:DEBUG:STREAM b'IHDR' 16 13
2019-06-20 02:58:57,558:DEBUG:STREAM b'iCCP' 41 3145
2019-06-20 02:58:57,558:DEBUG:iCCP profile name b'ICC Profile'
2019-06-20 02:58:57,558:DEBUG:Compression method 0
2019-06-20 02:58:57,558:DEBUG:STREAM b'pHYs' 3198 9
2019-06-20 02:58:57,558:DEBUG:STREAM b'iTXt' 3219 415
2019-06-20 02:58:57,558:DEBUG:STREAM b'iDOT' 3646 28
2019-06-20 02:58:57,559:DEBUG:b'iDOT' 3646 28 (unknown)
2019-06-20 02:58:57,559:DEBUG:STREAM b'IDAT' 3686 16384
2019-06-20 02:58:58,383:DEBUG:STREAM b'IHDR' 16 13
2019-06-20 02:58:58,383:DEBUG:STREAM b'iCCP' 41 3145
2019-06-20 02:58:58,383:DEBUG:iCCP profile name b'ICC Profile'
2019-06-20 02:58:58,383:DEBUG:Compression method 0
2019-06-20 02:58:58,383:DEBUG:STREAM b'pHYs' 3198 9
2019-06-20 02:58:58,383:DEBUG:STREAM b'iTXt' 3219 415
2019-06-20 02:58:58,384:DEBUG:STREAM b'iDOT' 3646 28
2019-06-20 02:58:58,384:DEBUG:b'iDOT' 3646 28 (unknown)
2019-06-20 02:58:58,384:DEBUG:STREAM b'IDAT' 3686 16384
2019-06-20 02:58:59,499:INFO:[1042, 452] Waypoint Clicked 
2019-06-20 02:58:59,888:DEBUG:STREAM b'IHDR' 16 13
2019-06-20 02:58:59,889:DEBUG:STREAM b'iCCP' 41 3145
2019-06-20 02:58:59,889:DEBUG:iCCP profile name b'ICC Profile'
2019-06-20 02:58:59,889:DEBUG:Compression method 0
2019-06-20 02:58:59,889:DEBUG:STREAM b'pHYs' 3198 9
2019-06-20 02:58:59,889:DEBUG:STREAM b'iTXt' 3219 415
2019-06-20 02:58:59,889:DEBUG:STREAM b'iDOT' 3646 28
2019-06-20 02:58:59,889:DEBUG:b'iDOT' 3646 28 (unknown)
2019-06-20 02:58:59,889:DEBUG:STREAM b'IDAT' 3686 16384
2019-06-20 02:59:00,381:INFO:[1042, 452] Failed Jump. 
2019-06-20 02:59:01,031:INFO:[1043, 452] Waypoint Clicked 
2019-06-20 02:59:01,388:DEBUG:STREAM b'IHDR' 16 13
2019-06-20 02:59:01,389:DEBUG:STREAM b'iCCP' 41 3145
2019-06-20 02:59:01,389:DEBUG:iCCP profile name b'ICC Profile'
2019-06-20 02:59:01,389:DEBUG:Compression method 0
2019-06-20 02:59:01,389:DEBUG:STREAM b'pHYs' 3198 9
2019-06-20 02:59:01,389:DEBUG:STREAM b'iTXt' 3219 415
2019-06-20 02:59:01,389:DEBUG:STREAM b'iDOT' 3646 28
2019-06-20 02:59:01,389:DEBUG:b'iDOT' 3646 28 (unknown)
2019-06-20 02:59:01,389:DEBUG:STREAM b'IDAT' 3686 16384
2019-06-20 02:59:01,897:INFO:[1043, 452] Failed Jump. 
2019-06-20 02:59:02,545:INFO:[2084, 466] Waypoint Clicked 
2019-06-20 02:59:02,913:DEBUG:STREAM b'IHDR' 16 13
2019-06-20 02:59:02,913:DEBUG:STREAM b'iCCP' 41 3145
2019-06-20 02:59:02,913:DEBUG:iCCP profile name b'ICC Profile'
2019-06-20 02:59:02,913:DEBUG:Compression method 0
2019-06-20 02:59:02,913:DEBUG:STREAM b'pHYs' 3198 9
2019-06-20 02:59:02,913:DEBUG:STREAM b'iTXt' 3219 415
2019-06-20 02:59:02,913:DEBUG:STREAM b'iDOT' 3646 28
2019-06-20 02:59:02,913:DEBUG:b'iDOT' 3646 28 (unknown)
2019-06-20 02:59:02,914:DEBUG:STREAM b'IDAT' 3686 16384
2019-06-20 02:59:03,408:INFO:[2084, 466] Failed Jump. 
2019-06-20 02:59:04,064:INFO:[2085, 466] Waypoint Clicked 
2019-06-20 02:59:04,423:DEBUG:STREAM b'IHDR' 16 13
2019-06-20 02:59:04,423:DEBUG:STREAM b'iCCP' 41 3145
2019-06-20 02:59:04,423:DEBUG:iCCP profile name b'ICC Profile'
2019-06-20 02:59:04,423:DEBUG:Compression method 0
2019-06-20 02:59:04,424:DEBUG:STREAM b'pHYs' 3198 9
2019-06-20 02:59:04,424:DEBUG:STREAM b'iTXt' 3219 415
2019-06-20 02:59:04,424:DEBUG:STREAM b'iDOT' 3646 28
2019-06-20 02:59:04,424:DEBUG:b'iDOT' 3646 28 (unknown)
2019-06-20 02:59:04,424:DEBUG:STREAM b'IDAT' 3686 16384
2019-06-20 02:59:04,971:INFO:[2085, 466] Failed Jump. 
2019-06-20 02:59:05,626:INFO:[1908, 470] Waypoint Clicked 
2019-06-20 02:59:05,996:DEBUG:STREAM b'IHDR' 16 13
2019-06-20 02:59:05,996:DEBUG:STREAM b'iCCP' 41 3145
2019-06-20 02:59:05,996:DEBUG:iCCP profile name b'ICC Profile'
2019-06-20 02:59:05,996:DEBUG:Compression method 0
2019-06-20 02:59:05,996:DEBUG:STREAM b'pHYs' 3198 9
2019-06-20 02:59:05,997:DEBUG:STREAM b'iTXt' 3219 415
2019-06-20 02:59:05,997:DEBUG:STREAM b'iDOT' 3646 28
2019-06-20 02:59:05,997:DEBUG:b'iDOT' 3646 28 (unknown)
2019-06-20 02:59:05,997:DEBUG:STREAM b'IDAT' 3686 16384
2019-06-20 02:59:06,490:INFO:[1908, 470] Failed Jump. 
2019-06-20 02:59:07,142:INFO:[1909, 470] Waypoint Clicked 
2019-06-20 02:59:07,504:DEBUG:STREAM b'IHDR' 16 13
2019-06-20 02:59:07,504:DEBUG:STREAM b'iCCP' 41 3145
2019-06-20 02:59:07,504:DEBUG:iCCP profile name b'ICC Profile'
2019-06-20 02:59:07,504:DEBUG:Compression method 0
2019-06-20 02:59:07,504:DEBUG:STREAM b'pHYs' 3198 9
2019-06-20 02:59:07,504:DEBUG:STREAM b'iTXt' 3219 415
2019-06-20 02:59:07,504:DEBUG:STREAM b'iDOT' 3646 28
2019-06-20 02:59:07,504:DEBUG:b'iDOT' 3646 28 (unknown)
2019-06-20 02:59:07,504:DEBUG:STREAM b'IDAT' 3686 16384
2019-06-20 02:59:08,012:INFO:[1909, 470] Failed Jump. 
2019-06-20 02:59:08,656:INFO:[1908, 471] Waypoint Clicked 
2019-06-20 02:59:09,022:DEBUG:STREAM b'IHDR' 16 13
2019-06-20 02:59:09,022:DEBUG:STREAM b'iCCP' 41 3145
2019-06-20 02:59:09,022:DEBUG:iCCP profile name b'ICC Profile'
2019-06-20 02:59:09,022:DEBUG:Compression method 0
2019-06-20 02:59:09,023:DEBUG:STREAM b'pHYs' 3198 9
2019-06-20 02:59:09,023:DEBUG:STREAM b'iTXt' 3219 415
2019-06-20 02:59:09,023:DEBUG:STREAM b'iDOT' 3646 28
2019-06-20 02:59:09,023:DEBUG:b'iDOT' 3646 28 (unknown)
2019-06-20 02:59:09,023:DEBUG:STREAM b'IDAT' 3686 16384
2019-06-20 02:59:09,509:INFO:[1908, 471] Failed Jump. 
2019-06-20 02:59:10,165:INFO:[1330, 514] Waypoint Clicked 
2019-06-20 02:59:10,523:DEBUG:STREAM b'IHDR' 16 13
2019-06-20 02:59:10,523:DEBUG:STREAM b'iCCP' 41 3145
2019-06-20 02:59:10,523:DEBUG:iCCP profile name b'ICC Profile'
2019-06-20 02:59:10,523:DEBUG:Compression method 0
2019-06-20 02:59:10,523:DEBUG:STREAM b'pHYs' 3198 9
2019-06-20 02:59:10,523:DEBUG:STREAM b'iTXt' 3219 415
2019-06-20 02:59:10,523:DEBUG:STREAM b'iDOT' 3646 28
2019-06-20 02:59:10,523:DEBUG:b'iDOT' 3646 28 (unknown)
2019-06-20 02:59:10,524:DEBUG:STREAM b'IDAT' 3686 16384
2019-06-20 02:59:11,050:INFO:[1330, 514] Failed Jump. 
2019-06-20 02:59:11,695:INFO:[1382, 530] Waypoint Clicked 
2019-06-20 02:59:12,082:DEBUG:STREAM b'IHDR' 16 13
2019-06-20 02:59:12,082:DEBUG:STREAM b'iCCP' 41 3145
2019-06-20 02:59:12,082:DEBUG:iCCP profile name b'ICC Profile'
2019-06-20 02:59:12,082:DEBUG:Compression method 0
2019-06-20 02:59:12,082:DEBUG:STREAM b'pHYs' 3198 9
2019-06-20 02:59:12,082:DEBUG:STREAM b'iTXt' 3219 415
2019-06-20 02:59:12,082:DEBUG:STREAM b'iDOT' 3646 28
2019-06-20 02:59:12,082:DEBUG:b'iDOT' 3646 28 (unknown)
2019-06-20 02:59:12,082:DEBUG:STREAM b'IDAT' 3686 16384
2019-06-20 02:59:12,574:INFO:[1382, 530] Failed Jump. 
2019-06-20 02:59:13,223:INFO:[1730, 554] Waypoint Clicked 
2019-06-20 02:59:13,601:DEBUG:STREAM b'IHDR' 16 13
2019-06-20 02:59:13,602:DEBUG:STREAM b'iCCP' 41 3145
2019-06-20 02:59:13,602:DEBUG:iCCP profile name b'ICC Profile'
2019-06-20 02:59:13,602:DEBUG:Compression method 0
2019-06-20 02:59:13,602:DEBUG:STREAM b'pHYs' 3198 9
2019-06-20 02:59:13,602:DEBUG:STREAM b'iTXt' 3219 415
2019-06-20 02:59:13,603:DEBUG:STREAM b'iDOT' 3646 28
2019-06-20 02:59:13,603:DEBUG:b'iDOT' 3646 28 (unknown)
2019-06-20 02:59:13,603:DEBUG:STREAM b'IDAT' 3686 16384
2019-06-20 02:59:14,105:INFO:[1730, 554] Failed Jump. 
2019-06-20 02:59:14,745:INFO:[1731, 554] Waypoint Clicked 
2019-06-20 02:59:15,101:DEBUG:STREAM b'IHDR' 16 13
2019-06-20 02:59:15,101:DEBUG:STREAM b'iCCP' 41 3145
2019-06-20 02:59:15,101:DEBUG:iCCP profile name b'ICC Profile'
2019-06-20 02:59:15,102:DEBUG:Compression method 0
2019-06-20 02:59:15,102:DEBUG:STREAM b'pHYs' 3198 9
2019-06-20 02:59:15,102:DEBUG:STREAM b'iTXt' 3219 415
2019-06-20 02:59:15,102:DEBUG:STREAM b'iDOT' 3646 28
2019-06-20 02:59:15,102:DEBUG:b'iDOT' 3646 28 (unknown)
2019-06-20 02:59:15,102:DEBUG:STREAM b'IDAT' 3686 16384
2019-06-20 02:59:15,599:INFO:[1731, 554] Failed Jump. 
2019-06-20 02:59:16,249:INFO:[1264, 652] Waypoint Clicked 
2019-06-20 02:59:16,616:DEBUG:STREAM b'IHDR' 16 13
2019-06-20 02:59:16,617:DEBUG:STREAM b'iCCP' 41 3145
2019-06-20 02:59:16,617:DEBUG:iCCP profile name b'ICC Profile'
2019-06-20 02:59:16,617:DEBUG:Compression method 0
2019-06-20 02:59:16,617:DEBUG:STREAM b'pHYs' 3198 9
2019-06-20 02:59:16,617:DEBUG:STREAM b'iTXt' 3219 415
2019-06-20 02:59:16,617:DEBUG:STREAM b'iDOT' 3646 28
2019-06-20 02:59:16,617:DEBUG:b'iDOT' 3646 28 (unknown)
2019-06-20 02:59:16,617:DEBUG:STREAM b'IDAT' 3686 16384
2019-06-20 02:59:17,132:INFO:[1264, 652] Failed Jump. 
2019-06-20 02:59:17,781:INFO:[2184, 654] Waypoint Clicked 
2019-06-20 02:59:18,144:DEBUG:STREAM b'IHDR' 16 13
2019-06-20 02:59:18,144:DEBUG:STREAM b'iCCP' 41 3145
2019-06-20 02:59:18,144:DEBUG:iCCP profile name b'ICC Profile'
2019-06-20 02:59:18,144:DEBUG:Compression method 0
2019-06-20 02:59:18,145:DEBUG:STREAM b'pHYs' 3198 9
2019-06-20 02:59:18,145:DEBUG:STREAM b'iTXt' 3219 415
2019-06-20 02:59:18,145:DEBUG:STREAM b'iDOT' 3646 28
2019-06-20 02:59:18,145:DEBUG:b'iDOT' 3646 28 (unknown)
2019-06-20 02:59:18,145:DEBUG:STREAM b'IDAT' 3686 16384
2019-06-20 02:59:18,638:INFO:[2184, 654] Failed Jump. 
2019-06-20 02:59:19,278:INFO:[1892, 726] Waypoint Clicked 
2019-06-20 02:59:19,650:DEBUG:STREAM b'IHDR' 16 13
2019-06-20 02:59:19,651:DEBUG:STREAM b'iCCP' 41 3145
2019-06-20 02:59:19,651:DEBUG:iCCP profile name b'ICC Profile'
2019-06-20 02:59:19,651:DEBUG:Compression method 0
2019-06-20 02:59:19,651:DEBUG:STREAM b'pHYs' 3198 9
2019-06-20 02:59:19,651:DEBUG:STREAM b'iTXt' 3219 415
2019-06-20 02:59:19,651:DEBUG:STREAM b'iDOT' 3646 28
2019-06-20 02:59:19,651:DEBUG:b'iDOT' 3646 28 (unknown)
2019-06-20 02:59:19,651:DEBUG:STREAM b'IDAT' 3686 16384
2019-06-20 02:59:20,148:INFO:[1892, 726] Failed Jump. 
2019-06-20 02:59:20,792:INFO:[1893, 726] Waypoint Clicked 
2019-06-20 02:59:21,154:DEBUG:STREAM b'IHDR' 16 13
2019-06-20 02:59:21,154:DEBUG:STREAM b'iCCP' 41 3145
2019-06-20 02:59:21,154:DEBUG:iCCP profile name b'ICC Profile'
2019-06-20 02:59:21,154:DEBUG:Compression method 0
2019-06-20 02:59:21,154:DEBUG:STREAM b'pHYs' 3198 9
2019-06-20 02:59:21,154:DEBUG:STREAM b'iTXt' 3219 415
2019-06-20 02:59:21,154:DEBUG:STREAM b'iDOT' 3646 28
2019-06-20 02:59:21,154:DEBUG:b'iDOT' 3646 28 (unknown)
2019-06-20 02:59:21,154:DEBUG:STREAM b'IDAT' 3686 16384
2019-06-20 02:59:21,666:INFO:[1893, 726] Failed Jump. 
2019-06-20 02:59:22,312:INFO:[1892, 727] Waypoint Clicked 
2019-06-20 02:59:22,678:DEBUG:STREAM b'IHDR' 16 13
2019-06-20 02:59:22,678:DEBUG:STREAM b'iCCP' 41 3145
2019-06-20 02:59:22,678:DEBUG:iCCP profile name b'ICC Profile'
2019-06-20 02:59:22,679:DEBUG:Compression method 0
2019-06-20 02:59:22,679:DEBUG:STREAM b'pHYs' 3198 9
2019-06-20 02:59:22,679:DEBUG:STREAM b'iTXt' 3219 415
2019-06-20 02:59:22,679:DEBUG:STREAM b'iDOT' 3646 28
2019-06-20 02:59:22,679:DEBUG:b'iDOT' 3646 28 (unknown)
2019-06-20 02:59:22,679:DEBUG:STREAM b'IDAT' 3686 16384
2019-06-20 02:59:23,193:INFO:[1892, 727] Failed Jump. 
2019-06-20 02:59:23,843:INFO:[1078, 728] Waypoint Clicked 
2019-06-20 02:59:24,180:DEBUG:STREAM b'IHDR' 16 13
2019-06-20 02:59:24,181:DEBUG:STREAM b'iCCP' 41 3145
2019-06-20 02:59:24,181:DEBUG:iCCP profile name b'ICC Profile'
2019-06-20 02:59:24,181:DEBUG:Compression method 0
2019-06-20 02:59:24,181:DEBUG:STREAM b'pHYs' 3198 9
2019-06-20 02:59:24,181:DEBUG:STREAM b'iTXt' 3219 415
2019-06-20 02:59:24,181:DEBUG:STREAM b'iDOT' 3646 28
2019-06-20 02:59:24,181:DEBUG:b'iDOT' 3646 28 (unknown)
2019-06-20 02:59:24,181:DEBUG:STREAM b'IDAT' 3686 16384
2019-06-20 02:59:24,686:INFO:[1078, 728] Successful Jump! 
2019-06-20 02:59:25,691:INFO:[1078, 728] Assessing encounter.
2019-06-20 02:59:26,034:DEBUG:STREAM b'IHDR' 16 13
2019-06-20 02:59:26,034:DEBUG:STREAM b'iCCP' 41 3145
2019-06-20 02:59:26,034:DEBUG:iCCP profile name b'ICC Profile'
2019-06-20 02:59:26,034:DEBUG:Compression method 0
2019-06-20 02:59:26,034:DEBUG:STREAM b'pHYs' 3198 9
2019-06-20 02:59:26,034:DEBUG:STREAM b'iTXt' 3219 415
2019-06-20 02:59:26,035:DEBUG:STREAM b'iDOT' 3646 28
2019-06-20 02:59:26,035:DEBUG:b'iDOT' 3646 28 (unknown)
2019-06-20 02:59:26,035:DEBUG:STREAM b'IDAT' 3686 16384
2019-06-20 02:59:26,838:DEBUG:STREAM b'IHDR' 16 13
2019-06-20 02:59:26,838:DEBUG:STREAM b'iCCP' 41 3145
2019-06-20 02:59:26,838:DEBUG:iCCP profile name b'ICC Profile'
2019-06-20 02:59:26,838:DEBUG:Compression method 0
2019-06-20 02:59:26,838:DEBUG:STREAM b'pHYs' 3198 9
2019-06-20 02:59:26,839:DEBUG:STREAM b'iTXt' 3219 415
2019-06-20 02:59:26,839:DEBUG:STREAM b'iDOT' 3646 28
2019-06-20 02:59:26,839:DEBUG:b'iDOT' 3646 28 (unknown)
2019-06-20 02:59:26,839:DEBUG:STREAM b'IDAT' 3686 16384
2019-06-20 02:59:27,288:INFO:[1078, 728] No Ship Encountered.
2019-06-20 02:59:27,288:INFO:Restarting Game.
2019-06-20 02:59:27,428:DEBUG:STREAM b'IHDR' 16 13
2019-06-20 02:59:27,428:DEBUG:STREAM b'iCCP' 41 3145
2019-06-20 02:59:27,429:DEBUG:iCCP profile name b'ICC Profile'
2019-06-20 02:59:27,429:DEBUG:Compression method 0
2019-06-20 02:59:27,429:DEBUG:STREAM b'pHYs' 3198 9
2019-06-20 02:59:27,429:DEBUG:STREAM b'iTXt' 3219 412
2019-06-20 02:59:27,429:DEBUG:STREAM b'iDOT' 3643 28
2019-06-20 02:59:27,429:DEBUG:b'iDOT' 3643 28 (unknown)
2019-06-20 02:59:27,429:DEBUG:STREAM b'IDAT' 3683 1285
2019-06-20 02:59:27,793:DEBUG:STREAM b'IHDR' 16 13
2019-06-20 02:59:27,794:DEBUG:STREAM b'iCCP' 41 3145
2019-06-20 02:59:27,794:DEBUG:iCCP profile name b'ICC Profile'
2019-06-20 02:59:27,794:DEBUG:Compression method 0
2019-06-20 02:59:27,795:DEBUG:STREAM b'pHYs' 3198 9
2019-06-20 02:59:27,795:DEBUG:STREAM b'iTXt' 3219 415
2019-06-20 02:59:27,795:DEBUG:STREAM b'iDOT' 3646 28
2019-06-20 02:59:27,795:DEBUG:b'iDOT' 3646 28 (unknown)
2019-06-20 02:59:27,795:DEBUG:STREAM b'IDAT' 3686 16384
2019-06-20 02:59:28,817:DEBUG:STREAM b'IHDR' 16 13
2019-06-20 02:59:28,817:DEBUG:STREAM b'iCCP' 41 3145
2019-06-20 02:59:28,817:DEBUG:iCCP profile name b'ICC Profile'
2019-06-20 02:59:28,817:DEBUG:Compression method 0
2019-06-20 02:59:28,817:DEBUG:STREAM b'pHYs' 3198 9
2019-06-20 02:59:28,818:DEBUG:STREAM b'iTXt' 3219 411
2019-06-20 02:59:28,818:DEBUG:STREAM b'iDOT' 3642 28
2019-06-20 02:59:28,818:DEBUG:b'iDOT' 3642 28 (unknown)
2019-06-20 02:59:28,818:DEBUG:STREAM b'IDAT' 3682 898
2019-06-20 02:59:29,145:DEBUG:STREAM b'IHDR' 16 13
2019-06-20 02:59:29,145:DEBUG:STREAM b'iCCP' 41 3145
2019-06-20 02:59:29,145:DEBUG:iCCP profile name b'ICC Profile'
2019-06-20 02:59:29,145:DEBUG:Compression method 0
2019-06-20 02:59:29,145:DEBUG:STREAM b'pHYs' 3198 9
2019-06-20 02:59:29,145:DEBUG:STREAM b'iTXt' 3219 415
2019-06-20 02:59:29,146:DEBUG:STREAM b'iDOT' 3646 28
2019-06-20 02:59:29,146:DEBUG:b'iDOT' 3646 28 (unknown)
2019-06-20 02:59:29,146:DEBUG:STREAM b'IDAT' 3686 16384
2019-06-20 02:59:30,130:DEBUG:STREAM b'IHDR' 16 13
2019-06-20 02:59:30,130:DEBUG:STREAM b'iCCP' 41 3093
2019-06-20 02:59:30,130:DEBUG:iCCP profile name b'ICC Profile'
2019-06-20 02:59:30,130:DEBUG:Compression method 0
2019-06-20 02:59:30,131:DEBUG:STREAM b'pHYs' 3146 9
2019-06-20 02:59:30,131:DEBUG:STREAM b'iTXt' 3167 412
2019-06-20 02:59:30,131:DEBUG:STREAM b'iDOT' 3591 28
2019-06-20 02:59:30,131:DEBUG:b'iDOT' 3591 28 (unknown)
2019-06-20 02:59:30,131:DEBUG:STREAM b'IDAT' 3631 3077
2019-06-20 02:59:30,466:DEBUG:STREAM b'IHDR' 16 13
2019-06-20 02:59:30,467:DEBUG:STREAM b'iCCP' 41 3145
2019-06-20 02:59:30,467:DEBUG:iCCP profile name b'ICC Profile'
2019-06-20 02:59:30,467:DEBUG:Compression method 0
2019-06-20 02:59:30,467:DEBUG:STREAM b'pHYs' 3198 9
2019-06-20 02:59:30,468:DEBUG:STREAM b'iTXt' 3219 415
2019-06-20 02:59:30,468:DEBUG:STREAM b'iDOT' 3646 28
2019-06-20 02:59:30,468:DEBUG:b'iDOT' 3646 28 (unknown)
2019-06-20 02:59:30,468:DEBUG:STREAM b'IDAT' 3686 16384
2019-06-20 02:59:31,505:INFO:Playing Game.
2019-06-20 02:59:31,505:DEBUG:STREAM b'IHDR' 16 13
2019-06-20 02:59:31,505:DEBUG:STREAM b'iCCP' 41 3093
2019-06-20 02:59:31,505:DEBUG:iCCP profile name b'ICC Profile'
2019-06-20 02:59:31,506:DEBUG:Compression method 0
2019-06-20 02:59:31,506:DEBUG:STREAM b'pHYs' 3146 9
2019-06-20 02:59:31,506:DEBUG:STREAM b'iTXt' 3167 413
2019-06-20 02:59:31,506:DEBUG:STREAM b'iDOT' 3592 28
2019-06-20 02:59:31,506:DEBUG:b'iDOT' 3592 28 (unknown)
2019-06-20 02:59:31,506:DEBUG:STREAM b'IDAT' 3632 2481
2019-06-20 02:59:31,840:DEBUG:STREAM b'IHDR' 16 13
2019-06-20 02:59:31,841:DEBUG:STREAM b'iCCP' 41 3145
2019-06-20 02:59:31,841:DEBUG:iCCP profile name b'ICC Profile'
2019-06-20 02:59:31,841:DEBUG:Compression method 0
2019-06-20 02:59:31,841:DEBUG:STREAM b'pHYs' 3198 9
2019-06-20 02:59:31,841:DEBUG:STREAM b'iTXt' 3219 415
2019-06-20 02:59:31,841:DEBUG:STREAM b'iDOT' 3646 28
2019-06-20 02:59:31,841:DEBUG:b'iDOT' 3646 28 (unknown)
2019-06-20 02:59:31,842:DEBUG:STREAM b'IDAT' 3686 16384
2019-06-20 02:59:32,869:DEBUG:Collecting Jump Routes.
2019-06-20 02:59:33,707:DEBUG:STREAM b'IHDR' 16 13
2019-06-20 02:59:33,708:DEBUG:STREAM b'iCCP' 41 3145
2019-06-20 02:59:33,708:DEBUG:iCCP profile name b'ICC Profile'
2019-06-20 02:59:33,708:DEBUG:Compression method 0
2019-06-20 02:59:33,708:DEBUG:STREAM b'pHYs' 3198 9
2019-06-20 02:59:33,709:DEBUG:STREAM b'iTXt' 3219 415
2019-06-20 02:59:33,709:DEBUG:STREAM b'iDOT' 3646 28
2019-06-20 02:59:33,709:DEBUG:b'iDOT' 3646 28 (unknown)
2019-06-20 02:59:33,709:DEBUG:STREAM b'IDAT' 3686 16384
2019-06-20 02:59:34,473:DEBUG:STREAM b'IHDR' 16 13
2019-06-20 02:59:34,473:DEBUG:STREAM b'iCCP' 41 3145
2019-06-20 02:59:34,473:DEBUG:iCCP profile name b'ICC Profile'
2019-06-20 02:59:34,473:DEBUG:Compression method 0
2019-06-20 02:59:34,473:DEBUG:STREAM b'pHYs' 3198 9
2019-06-20 02:59:34,473:DEBUG:STREAM b'iTXt' 3219 415
2019-06-20 02:59:34,473:DEBUG:STREAM b'iDOT' 3646 28
2019-06-20 02:59:34,474:DEBUG:b'iDOT' 3646 28 (unknown)
2019-06-20 02:59:34,474:DEBUG:STREAM b'IDAT' 3686 16384
