2019-06-20 03:00:01,847:DEBUG:STREAM b'IHDR' 16 13
2019-06-20 03:00:01,847:DEBUG:STREAM b'iCCP' 41 3145
2019-06-20 03:00:01,847:DEBUG:iCCP profile name b'ICC Profile'
2019-06-20 03:00:01,847:DEBUG:Compression method 0
2019-06-20 03:00:01,847:DEBUG:STREAM b'pHYs' 3198 9
2019-06-20 03:00:01,848:DEBUG:STREAM b'iTXt' 3219 415
2019-06-20 03:00:01,848:DEBUG:STREAM b'iDOT' 3646 28
2019-06-20 03:00:01,848:DEBUG:b'iDOT' 3646 28 (unknown)
2019-06-20 03:00:01,848:DEBUG:STREAM b'IDAT' 3686 16384
2019-06-20 03:00:02,611:DEBUG:STREAM b'IHDR' 16 13
2019-06-20 03:00:02,612:DEBUG:STREAM b'iCCP' 41 3145
2019-06-20 03:00:02,612:DEBUG:iCCP profile name b'ICC Profile'
2019-06-20 03:00:02,612:DEBUG:Compression method 0
2019-06-20 03:00:02,612:DEBUG:STREAM b'pHYs' 3198 9
2019-06-20 03:00:02,612:DEBUG:STREAM b'iTXt' 3219 415
2019-06-20 03:00:02,612:DEBUG:STREAM b'iDOT' 3646 28
2019-06-20 03:00:02,612:DEBUG:b'iDOT' 3646 28 (unknown)
2019-06-20 03:00:02,612:DEBUG:STREAM b'IDAT' 3686 16384
2019-06-20 03:00:03,541:DEBUG:looking for steam icon
2019-06-20 03:00:03,548:DEBUG:STREAM b'IHDR' 16 13
2019-06-20 03:00:03,549:DEBUG:STREAM b'iCCP' 41 3093
2019-06-20 03:00:03,549:DEBUG:iCCP profile name b'ICC Profile'
2019-06-20 03:00:03,549:DEBUG:Compression method 0
2019-06-20 03:00:03,549:DEBUG:STREAM b'pHYs' 3146 9
2019-06-20 03:00:03,549:DEBUG:STREAM b'iTXt' 3167 413
2019-06-20 03:00:03,550:DEBUG:STREAM b'iDOT' 3592 28
2019-06-20 03:00:03,550:DEBUG:b'iDOT' 3592 28 (unknown)
2019-06-20 03:00:03,550:DEBUG:STREAM b'IDAT' 3632 7390
2019-06-20 03:00:03,904:DEBUG:STREAM b'IHDR' 16 13
2019-06-20 03:00:03,904:DEBUG:STREAM b'iCCP' 41 3145
2019-06-20 03:00:03,905:DEBUG:iCCP profile name b'ICC Profile'
2019-06-20 03:00:03,905:DEBUG:Compression method 0
2019-06-20 03:00:03,905:DEBUG:STREAM b'pHYs' 3198 9
2019-06-20 03:00:03,905:DEBUG:STREAM b'iTXt' 3219 415
2019-06-20 03:00:03,905:DEBUG:STREAM b'iDOT' 3646 28
2019-06-20 03:00:03,905:DEBUG:b'iDOT' 3646 28 (unknown)
2019-06-20 03:00:03,905:DEBUG:STREAM b'IDAT' 3686 16384
2019-06-20 03:00:04,891:DEBUG:looking for steam library
2019-06-20 03:00:04,894:DEBUG:STREAM b'IHDR' 16 13
2019-06-20 03:00:04,894:DEBUG:STREAM b'iCCP' 41 3093
2019-06-20 03:00:04,894:DEBUG:iCCP profile name b'ICC Profile'
2019-06-20 03:00:04,894:DEBUG:Compression method 0
2019-06-20 03:00:04,894:DEBUG:STREAM b'pHYs' 3146 9
2019-06-20 03:00:04,894:DEBUG:STREAM b'iTXt' 3167 412
2019-06-20 03:00:04,894:DEBUG:STREAM b'iDOT' 3591 28
2019-06-20 03:00:04,894:DEBUG:b'iDOT' 3591 28 (unknown)
2019-06-20 03:00:04,894:DEBUG:STREAM b'IDAT' 3631 9220
2019-06-20 03:00:05,254:DEBUG:STREAM b'IHDR' 16 13
2019-06-20 03:00:05,255:DEBUG:STREAM b'iCCP' 41 3145
2019-06-20 03:00:05,255:DEBUG:iCCP profile name b'ICC Profile'
2019-06-20 03:00:05,255:DEBUG:Compression method 0
2019-06-20 03:00:05,255:DEBUG:STREAM b'pHYs' 3198 9
2019-06-20 03:00:05,255:DEBUG:STREAM b'iTXt' 3219 415
2019-06-20 03:00:05,255:DEBUG:STREAM b'iDOT' 3646 28
2019-06-20 03:00:05,255:DEBUG:b'iDOT' 3646 28 (unknown)
2019-06-20 03:00:05,255:DEBUG:STREAM b'IDAT' 3686 16384
2019-06-20 03:00:06,271:DEBUG:looking for ftl in steam
2019-06-20 03:00:06,273:DEBUG:STREAM b'IHDR' 16 13
2019-06-20 03:00:06,274:DEBUG:STREAM b'iCCP' 41 3093
2019-06-20 03:00:06,274:DEBUG:iCCP profile name b'ICC Profile'
2019-06-20 03:00:06,274:DEBUG:Compression method 0
2019-06-20 03:00:06,274:DEBUG:STREAM b'pHYs' 3146 9
2019-06-20 03:00:06,274:DEBUG:STREAM b'iTXt' 3167 412
2019-06-20 03:00:06,274:DEBUG:STREAM b'iDOT' 3591 28
2019-06-20 03:00:06,274:DEBUG:b'iDOT' 3591 28 (unknown)
2019-06-20 03:00:06,274:DEBUG:STREAM b'IDAT' 3631 4924
2019-06-20 03:00:06,663:DEBUG:STREAM b'IHDR' 16 13
2019-06-20 03:00:06,663:DEBUG:STREAM b'iCCP' 41 3145
2019-06-20 03:00:06,663:DEBUG:iCCP profile name b'ICC Profile'
2019-06-20 03:00:06,664:DEBUG:Compression method 0
2019-06-20 03:00:06,664:DEBUG:STREAM b'pHYs' 3198 9
2019-06-20 03:00:06,664:DEBUG:STREAM b'iTXt' 3219 415
2019-06-20 03:00:06,664:DEBUG:STREAM b'iDOT' 3646 28
2019-06-20 03:00:06,664:DEBUG:b'iDOT' 3646 28 (unknown)
2019-06-20 03:00:06,664:DEBUG:STREAM b'IDAT' 3686 16384
2019-06-20 03:00:07,692:DEBUG:looking for play button
2019-06-20 03:00:07,693:DEBUG:STREAM b'IHDR' 16 13
2019-06-20 03:00:07,693:DEBUG:STREAM b'iCCP' 41 3093
2019-06-20 03:00:07,693:DEBUG:iCCP profile name b'ICC Profile'
2019-06-20 03:00:07,693:DEBUG:Compression method 0
2019-06-20 03:00:07,693:DEBUG:STREAM b'pHYs' 3146 9
2019-06-20 03:00:07,693:DEBUG:STREAM b'iTXt' 3167 412
2019-06-20 03:00:07,693:DEBUG:STREAM b'iDOT' 3591 28
2019-06-20 03:00:07,694:DEBUG:b'iDOT' 3591 28 (unknown)
2019-06-20 03:00:07,694:DEBUG:STREAM b'IDAT' 3631 7544
2019-06-20 03:00:08,054:DEBUG:STREAM b'IHDR' 16 13
2019-06-20 03:00:08,054:DEBUG:STREAM b'iCCP' 41 3145
2019-06-20 03:00:08,054:DEBUG:iCCP profile name b'ICC Profile'
2019-06-20 03:00:08,054:DEBUG:Compression method 0
2019-06-20 03:00:08,055:DEBUG:STREAM b'pHYs' 3198 9
2019-06-20 03:00:08,055:DEBUG:STREAM b'iTXt' 3219 415
2019-06-20 03:00:08,055:DEBUG:STREAM b'iDOT' 3646 28
2019-06-20 03:00:08,055:DEBUG:b'iDOT' 3646 28 (unknown)
2019-06-20 03:00:08,055:DEBUG:STREAM b'IDAT' 3686 16384
2019-06-20 03:00:09,075:INFO:Game Start: ftl:2019-06-20 03:00:09.075151
2019-06-20 03:00:09,075:INFO:Starting New Game.
2019-06-20 03:00:14,082:DEBUG:STREAM b'IHDR' 16 13
2019-06-20 03:00:14,082:DEBUG:STREAM b'iCCP' 41 3093
2019-06-20 03:00:14,082:DEBUG:iCCP profile name b'ICC Profile'
2019-06-20 03:00:14,082:DEBUG:Compression method 0
2019-06-20 03:00:14,082:DEBUG:STREAM b'pHYs' 3146 9
2019-06-20 03:00:14,083:DEBUG:STREAM b'iTXt' 3167 412
2019-06-20 03:00:14,083:DEBUG:STREAM b'iDOT' 3591 28
2019-06-20 03:00:14,083:DEBUG:b'iDOT' 3591 28 (unknown)
2019-06-20 03:00:14,083:DEBUG:STREAM b'IDAT' 3631 12055
2019-06-20 03:00:14,443:DEBUG:STREAM b'IHDR' 16 13
2019-06-20 03:00:14,443:DEBUG:STREAM b'iCCP' 41 3145
2019-06-20 03:00:14,443:DEBUG:iCCP profile name b'ICC Profile'
2019-06-20 03:00:14,444:DEBUG:Compression method 0
2019-06-20 03:00:14,444:DEBUG:STREAM b'pHYs' 3198 9
2019-06-20 03:00:14,444:DEBUG:STREAM b'iTXt' 3219 415
2019-06-20 03:00:14,444:DEBUG:STREAM b'iDOT' 3646 28
2019-06-20 03:00:14,444:DEBUG:b'iDOT' 3646 28 (unknown)
2019-06-20 03:00:14,444:DEBUG:STREAM b'IDAT' 3686 16384
2019-06-20 03:00:15,511:DEBUG:STREAM b'IHDR' 16 13
2019-06-20 03:00:15,511:DEBUG:STREAM b'iCCP' 41 3093
2019-06-20 03:00:15,511:DEBUG:iCCP profile name b'ICC Profile'
2019-06-20 03:00:15,511:DEBUG:Compression method 0
2019-06-20 03:00:15,511:DEBUG:STREAM b'pHYs' 3146 9
2019-06-20 03:00:15,511:DEBUG:STREAM b'iTXt' 3167 412
2019-06-20 03:00:15,511:DEBUG:STREAM b'iDOT' 3591 28
2019-06-20 03:00:15,512:DEBUG:b'iDOT' 3591 28 (unknown)
2019-06-20 03:00:15,512:DEBUG:STREAM b'IDAT' 3631 1658
2019-06-20 03:00:15,809:DEBUG:STREAM b'IHDR' 16 13
2019-06-20 03:00:15,809:DEBUG:STREAM b'iCCP' 41 3145
2019-06-20 03:00:15,809:DEBUG:iCCP profile name b'ICC Profile'
2019-06-20 03:00:15,810:DEBUG:Compression method 0
2019-06-20 03:00:15,810:DEBUG:STREAM b'pHYs' 3198 9
2019-06-20 03:00:15,810:DEBUG:STREAM b'iTXt' 3219 415
2019-06-20 03:00:15,810:DEBUG:STREAM b'iDOT' 3646 28
2019-06-20 03:00:15,810:DEBUG:b'iDOT' 3646 28 (unknown)
2019-06-20 03:00:15,810:DEBUG:STREAM b'IDAT' 3686 16384
2019-06-20 03:00:16,816:DEBUG:STREAM b'IHDR' 16 13
2019-06-20 03:00:16,816:DEBUG:STREAM b'iCCP' 41 3093
2019-06-20 03:00:16,816:DEBUG:iCCP profile name b'ICC Profile'
2019-06-20 03:00:16,816:DEBUG:Compression method 0
2019-06-20 03:00:16,816:DEBUG:STREAM b'pHYs' 3146 9
2019-06-20 03:00:16,816:DEBUG:STREAM b'iTXt' 3167 413
2019-06-20 03:00:16,816:DEBUG:STREAM b'iDOT' 3592 28
2019-06-20 03:00:16,816:DEBUG:b'iDOT' 3592 28 (unknown)
2019-06-20 03:00:16,817:DEBUG:STREAM b'IDAT' 3632 3594
2019-06-20 03:00:17,151:DEBUG:STREAM b'IHDR' 16 13
2019-06-20 03:00:17,151:DEBUG:STREAM b'iCCP' 41 3145
2019-06-20 03:00:17,152:DEBUG:iCCP profile name b'ICC Profile'
2019-06-20 03:00:17,152:DEBUG:Compression method 0
2019-06-20 03:00:17,152:DEBUG:STREAM b'pHYs' 3198 9
2019-06-20 03:00:17,152:DEBUG:STREAM b'iTXt' 3219 415
2019-06-20 03:00:17,152:DEBUG:STREAM b'iDOT' 3646 28
2019-06-20 03:00:17,152:DEBUG:b'iDOT' 3646 28 (unknown)
2019-06-20 03:00:17,152:DEBUG:STREAM b'IDAT' 3686 16384
2019-06-20 03:00:18,194:DEBUG:STREAM b'IHDR' 16 13
2019-06-20 03:00:18,194:DEBUG:STREAM b'iCCP' 41 3093
2019-06-20 03:00:18,195:DEBUG:iCCP profile name b'ICC Profile'
2019-06-20 03:00:18,195:DEBUG:Compression method 0
2019-06-20 03:00:18,195:DEBUG:STREAM b'pHYs' 3146 9
2019-06-20 03:00:18,195:DEBUG:STREAM b'iTXt' 3167 412
2019-06-20 03:00:18,195:DEBUG:STREAM b'iDOT' 3591 28
2019-06-20 03:00:18,195:DEBUG:b'iDOT' 3591 28 (unknown)
2019-06-20 03:00:18,195:DEBUG:STREAM b'IDAT' 3631 3077
2019-06-20 03:00:18,579:DEBUG:STREAM b'IHDR' 16 13
2019-06-20 03:00:18,579:DEBUG:STREAM b'iCCP' 41 3145
2019-06-20 03:00:18,579:DEBUG:iCCP profile name b'ICC Profile'
2019-06-20 03:00:18,579:DEBUG:Compression method 0
2019-06-20 03:00:18,579:DEBUG:STREAM b'pHYs' 3198 9
2019-06-20 03:00:18,580:DEBUG:STREAM b'iTXt' 3219 415
2019-06-20 03:00:18,580:DEBUG:STREAM b'iDOT' 3646 28
2019-06-20 03:00:18,580:DEBUG:b'iDOT' 3646 28 (unknown)
2019-06-20 03:00:18,580:DEBUG:STREAM b'IDAT' 3686 16384
2019-06-20 03:00:19,659:INFO:Playing Game.
2019-06-20 03:00:19,661:DEBUG:STREAM b'IHDR' 16 13
2019-06-20 03:00:19,661:DEBUG:STREAM b'iCCP' 41 3093
2019-06-20 03:00:19,662:DEBUG:iCCP profile name b'ICC Profile'
2019-06-20 03:00:19,662:DEBUG:Compression method 0
2019-06-20 03:00:19,662:DEBUG:STREAM b'pHYs' 3146 9
2019-06-20 03:00:19,662:DEBUG:STREAM b'iTXt' 3167 413
2019-06-20 03:00:19,662:DEBUG:STREAM b'iDOT' 3592 28
2019-06-20 03:00:19,662:DEBUG:b'iDOT' 3592 28 (unknown)
2019-06-20 03:00:19,662:DEBUG:STREAM b'IDAT' 3632 2481
2019-06-20 03:00:20,069:DEBUG:STREAM b'IHDR' 16 13
2019-06-20 03:00:20,070:DEBUG:STREAM b'iCCP' 41 3145
2019-06-20 03:00:20,070:DEBUG:iCCP profile name b'ICC Profile'
2019-06-20 03:00:20,070:DEBUG:Compression method 0
2019-06-20 03:00:20,070:DEBUG:STREAM b'pHYs' 3198 9
2019-06-20 03:00:20,070:DEBUG:STREAM b'iTXt' 3219 415
2019-06-20 03:00:20,070:DEBUG:STREAM b'iDOT' 3646 28
2019-06-20 03:00:20,070:DEBUG:b'iDOT' 3646 28 (unknown)
2019-06-20 03:00:20,070:DEBUG:STREAM b'IDAT' 3686 16384
2019-06-20 03:00:21,137:DEBUG:Collecting Jump Routes.
2019-06-20 03:00:22,011:DEBUG:STREAM b'IHDR' 16 13
2019-06-20 03:00:22,011:DEBUG:STREAM b'iCCP' 41 3145
2019-06-20 03:00:22,011:DEBUG:iCCP profile name b'ICC Profile'
2019-06-20 03:00:22,011:DEBUG:Compression method 0
2019-06-20 03:00:22,011:DEBUG:STREAM b'pHYs' 3198 9
2019-06-20 03:00:22,012:DEBUG:STREAM b'iTXt' 3219 415
2019-06-20 03:00:22,012:DEBUG:STREAM b'iDOT' 3646 28
2019-06-20 03:00:22,012:DEBUG:b'iDOT' 3646 28 (unknown)
2019-06-20 03:00:22,012:DEBUG:STREAM b'IDAT' 3686 16384
2019-06-20 03:00:22,872:DEBUG:STREAM b'IHDR' 16 13
2019-06-20 03:00:22,872:DEBUG:STREAM b'iCCP' 41 3145
2019-06-20 03:00:22,872:DEBUG:iCCP profile name b'ICC Profile'
2019-06-20 03:00:22,872:DEBUG:Compression method 0
2019-06-20 03:00:22,872:DEBUG:STREAM b'pHYs' 3198 9
2019-06-20 03:00:22,872:DEBUG:STREAM b'iTXt' 3219 415
2019-06-20 03:00:22,872:DEBUG:STREAM b'iDOT' 3646 28
2019-06-20 03:00:22,872:DEBUG:b'iDOT' 3646 28 (unknown)
2019-06-20 03:00:22,872:DEBUG:STREAM b'IDAT' 3686 16384
2019-06-20 03:00:23,734:DEBUG:STREAM b'IHDR' 16 13
2019-06-20 03:00:23,734:DEBUG:STREAM b'iCCP' 41 3145
2019-06-20 03:00:23,734:DEBUG:iCCP profile name b'ICC Profile'
2019-06-20 03:00:23,734:DEBUG:Compression method 0
2019-06-20 03:00:23,734:DEBUG:STREAM b'pHYs' 3198 9
2019-06-20 03:00:23,734:DEBUG:STREAM b'iTXt' 3219 415
2019-06-20 03:00:23,735:DEBUG:STREAM b'iDOT' 3646 28
2019-06-20 03:00:23,735:DEBUG:b'iDOT' 3646 28 (unknown)
2019-06-20 03:00:23,735:DEBUG:STREAM b'IDAT' 3686 16384
2019-06-20 03:00:24,841:INFO:[1964, 422] Waypoint Clicked 
2019-06-20 03:00:25,232:DEBUG:STREAM b'IHDR' 16 13
2019-06-20 03:00:25,232:DEBUG:STREAM b'iCCP' 41 3145
2019-06-20 03:00:25,232:DEBUG:iCCP profile name b'ICC Profile'
2019-06-20 03:00:25,232:DEBUG:Compression method 0
2019-06-20 03:00:25,232:DEBUG:STREAM b'pHYs' 3198 9
2019-06-20 03:00:25,233:DEBUG:STREAM b'iTXt' 3219 415
2019-06-20 03:00:25,233:DEBUG:STREAM b'iDOT' 3646 28
2019-06-20 03:00:25,233:DEBUG:b'iDOT' 3646 28 (unknown)
2019-06-20 03:00:25,233:DEBUG:STREAM b'IDAT' 3686 16384
2019-06-20 03:00:25,750:INFO:[1964, 422] Failed Jump. 
2019-06-20 03:00:26,397:INFO:[1965, 422] Waypoint Clicked 
2019-06-20 03:00:26,781:DEBUG:STREAM b'IHDR' 16 13
2019-06-20 03:00:26,781:DEBUG:STREAM b'iCCP' 41 3145
2019-06-20 03:00:26,781:DEBUG:iCCP profile name b'ICC Profile'
2019-06-20 03:00:26,781:DEBUG:Compression method 0
2019-06-20 03:00:26,781:DEBUG:STREAM b'pHYs' 3198 9
2019-06-20 03:00:26,781:DEBUG:STREAM b'iTXt' 3219 415
2019-06-20 03:00:26,781:DEBUG:STREAM b'iDOT' 3646 28
2019-06-20 03:00:26,782:DEBUG:b'iDOT' 3646 28 (unknown)
2019-06-20 03:00:26,782:DEBUG:STREAM b'IDAT' 3686 16384
2019-06-20 03:00:27,292:INFO:[1965, 422] Failed Jump. 
2019-06-20 03:00:27,944:INFO:[1964, 423] Waypoint Clicked 
2019-06-20 03:00:28,331:DEBUG:STREAM b'IHDR' 16 13
2019-06-20 03:00:28,331:DEBUG:STREAM b'iCCP' 41 3145
2019-06-20 03:00:28,331:DEBUG:iCCP profile name b'ICC Profile'
2019-06-20 03:00:28,332:DEBUG:Compression method 0
2019-06-20 03:00:28,332:DEBUG:STREAM b'pHYs' 3198 9
2019-06-20 03:00:28,332:DEBUG:STREAM b'iTXt' 3219 415
2019-06-20 03:00:28,332:DEBUG:STREAM b'iDOT' 3646 28
2019-06-20 03:00:28,332:DEBUG:b'iDOT' 3646 28 (unknown)
2019-06-20 03:00:28,332:DEBUG:STREAM b'IDAT' 3686 16384
2019-06-20 03:00:28,848:INFO:[1964, 423] Failed Jump. 
2019-06-20 03:00:29,494:INFO:[1450, 454] Waypoint Clicked 
2019-06-20 03:00:29,934:DEBUG:STREAM b'IHDR' 16 13
2019-06-20 03:00:29,934:DEBUG:STREAM b'iCCP' 41 3145
2019-06-20 03:00:29,934:DEBUG:iCCP profile name b'ICC Profile'
2019-06-20 03:00:29,934:DEBUG:Compression method 0
2019-06-20 03:00:29,934:DEBUG:STREAM b'pHYs' 3198 9
2019-06-20 03:00:29,934:DEBUG:STREAM b'iTXt' 3219 415
2019-06-20 03:00:29,934:DEBUG:STREAM b'iDOT' 3646 28
2019-06-20 03:00:29,935:DEBUG:b'iDOT' 3646 28 (unknown)
2019-06-20 03:00:29,935:DEBUG:STREAM b'IDAT' 3686 16384
2019-06-20 03:00:30,444:INFO:[1450, 454] Failed Jump. 
2019-06-20 03:00:31,087:INFO:[1730, 468] Waypoint Clicked 
2019-06-20 03:00:31,473:DEBUG:STREAM b'IHDR' 16 13
2019-06-20 03:00:31,473:DEBUG:STREAM b'iCCP' 41 3145
2019-06-20 03:00:31,473:DEBUG:iCCP profile name b'ICC Profile'
2019-06-20 03:00:31,473:DEBUG:Compression method 0
2019-06-20 03:00:31,473:DEBUG:STREAM b'pHYs' 3198 9
2019-06-20 03:00:31,473:DEBUG:STREAM b'iTXt' 3219 415
2019-06-20 03:00:31,473:DEBUG:STREAM b'iDOT' 3646 28
2019-06-20 03:00:31,474:DEBUG:b'iDOT' 3646 28 (unknown)
2019-06-20 03:00:31,474:DEBUG:STREAM b'IDAT' 3686 16384
2019-06-20 03:00:31,986:INFO:[1730, 468] Failed Jump. 
2019-06-20 03:00:32,627:INFO:[1731, 468] Waypoint Clicked 
2019-06-20 03:00:33,010:DEBUG:STREAM b'IHDR' 16 13
2019-06-20 03:00:33,011:DEBUG:STREAM b'iCCP' 41 3145
2019-06-20 03:00:33,011:DEBUG:iCCP profile name b'ICC Profile'
2019-06-20 03:00:33,011:DEBUG:Compression method 0
2019-06-20 03:00:33,012:DEBUG:STREAM b'pHYs' 3198 9
2019-06-20 03:00:33,012:DEBUG:STREAM b'iTXt' 3219 415
2019-06-20 03:00:33,012:DEBUG:STREAM b'iDOT' 3646 28
2019-06-20 03:00:33,012:DEBUG:b'iDOT' 3646 28 (unknown)
2019-06-20 03:00:33,012:DEBUG:STREAM b'IDAT' 3686 16384
2019-06-20 03:00:33,515:INFO:[1731, 468] Failed Jump. 
2019-06-20 03:00:34,151:INFO:[1272, 470] Waypoint Clicked 
2019-06-20 03:00:34,559:DEBUG:STREAM b'IHDR' 16 13
2019-06-20 03:00:34,559:DEBUG:STREAM b'iCCP' 41 3145
2019-06-20 03:00:34,559:DEBUG:iCCP profile name b'ICC Profile'
2019-06-20 03:00:34,559:DEBUG:Compression method 0
2019-06-20 03:00:34,559:DEBUG:STREAM b'pHYs' 3198 9
2019-06-20 03:00:34,559:DEBUG:STREAM b'iTXt' 3219 415
2019-06-20 03:00:34,560:DEBUG:STREAM b'iDOT' 3646 28
2019-06-20 03:00:34,560:DEBUG:b'iDOT' 3646 28 (unknown)
2019-06-20 03:00:34,560:DEBUG:STREAM b'IDAT' 3686 16384
2019-06-20 03:00:35,085:INFO:[1272, 470] Successful Jump! 
2019-06-20 03:00:36,085:INFO:[1272, 470] Assessing encounter.
2019-06-20 03:00:36,425:DEBUG:STREAM b'IHDR' 16 13
2019-06-20 03:00:36,425:DEBUG:STREAM b'iCCP' 41 3145
2019-06-20 03:00:36,425:DEBUG:iCCP profile name b'ICC Profile'
2019-06-20 03:00:36,425:DEBUG:Compression method 0
2019-06-20 03:00:36,426:DEBUG:STREAM b'pHYs' 3198 9
2019-06-20 03:00:36,426:DEBUG:STREAM b'iTXt' 3219 415
2019-06-20 03:00:36,426:DEBUG:STREAM b'iDOT' 3646 28
2019-06-20 03:00:36,426:DEBUG:b'iDOT' 3646 28 (unknown)
2019-06-20 03:00:36,426:DEBUG:STREAM b'IDAT' 3686 16384
2019-06-20 03:00:37,227:DEBUG:STREAM b'IHDR' 16 13
2019-06-20 03:00:37,227:DEBUG:STREAM b'iCCP' 41 3145
2019-06-20 03:00:37,227:DEBUG:iCCP profile name b'ICC Profile'
2019-06-20 03:00:37,228:DEBUG:Compression method 0
2019-06-20 03:00:37,228:DEBUG:STREAM b'pHYs' 3198 9
2019-06-20 03:00:37,228:DEBUG:STREAM b'iTXt' 3219 415
2019-06-20 03:00:37,228:DEBUG:STREAM b'iDOT' 3646 28
2019-06-20 03:00:37,228:DEBUG:b'iDOT' 3646 28 (unknown)
2019-06-20 03:00:37,228:DEBUG:STREAM b'IDAT' 3686 16384
2019-06-20 03:00:37,696:INFO:[1272, 470] No Ship Encountered.
2019-06-20 03:00:37,696:INFO:Restarting Game.
2019-06-20 03:00:37,831:DEBUG:STREAM b'IHDR' 16 13
2019-06-20 03:00:37,831:DEBUG:STREAM b'iCCP' 41 3145
2019-06-20 03:00:37,832:DEBUG:iCCP profile name b'ICC Profile'
2019-06-20 03:00:37,832:DEBUG:Compression method 0
2019-06-20 03:00:37,832:DEBUG:STREAM b'pHYs' 3198 9
2019-06-20 03:00:37,832:DEBUG:STREAM b'iTXt' 3219 412
2019-06-20 03:00:37,832:DEBUG:STREAM b'iDOT' 3643 28
2019-06-20 03:00:37,832:DEBUG:b'iDOT' 3643 28 (unknown)
2019-06-20 03:00:37,832:DEBUG:STREAM b'IDAT' 3683 1285
2019-06-20 03:00:38,179:DEBUG:STREAM b'IHDR' 16 13
2019-06-20 03:00:38,180:DEBUG:STREAM b'iCCP' 41 3145
2019-06-20 03:00:38,180:DEBUG:iCCP profile name b'ICC Profile'
2019-06-20 03:00:38,180:DEBUG:Compression method 0
2019-06-20 03:00:38,180:DEBUG:STREAM b'pHYs' 3198 9
2019-06-20 03:00:38,180:DEBUG:STREAM b'iTXt' 3219 415
2019-06-20 03:00:38,180:DEBUG:STREAM b'iDOT' 3646 28
2019-06-20 03:00:38,180:DEBUG:b'iDOT' 3646 28 (unknown)
2019-06-20 03:00:38,180:DEBUG:STREAM b'IDAT' 3686 16384
2019-06-20 03:00:39,212:DEBUG:STREAM b'IHDR' 16 13
2019-06-20 03:00:39,212:DEBUG:STREAM b'iCCP' 41 3145
2019-06-20 03:00:39,212:DEBUG:iCCP profile name b'ICC Profile'
2019-06-20 03:00:39,212:DEBUG:Compression method 0
2019-06-20 03:00:39,212:DEBUG:STREAM b'pHYs' 3198 9
2019-06-20 03:00:39,213:DEBUG:STREAM b'iTXt' 3219 411
2019-06-20 03:00:39,213:DEBUG:STREAM b'iDOT' 3642 28
2019-06-20 03:00:39,213:DEBUG:b'iDOT' 3642 28 (unknown)
2019-06-20 03:00:39,213:DEBUG:STREAM b'IDAT' 3682 898
2019-06-20 03:00:39,569:DEBUG:STREAM b'IHDR' 16 13
2019-06-20 03:00:39,569:DEBUG:STREAM b'iCCP' 41 3145
2019-06-20 03:00:39,570:DEBUG:iCCP profile name b'ICC Profile'
2019-06-20 03:00:39,570:DEBUG:Compression method 0
2019-06-20 03:00:39,570:DEBUG:STREAM b'pHYs' 3198 9
2019-06-20 03:00:39,570:DEBUG:STREAM b'iTXt' 3219 415
2019-06-20 03:00:39,570:DEBUG:STREAM b'iDOT' 3646 28
2019-06-20 03:00:39,571:DEBUG:b'iDOT' 3646 28 (unknown)
2019-06-20 03:00:39,571:DEBUG:STREAM b'IDAT' 3686 16384
2019-06-20 03:00:40,578:DEBUG:STREAM b'IHDR' 16 13
2019-06-20 03:00:40,578:DEBUG:STREAM b'iCCP' 41 3093
2019-06-20 03:00:40,579:DEBUG:iCCP profile name b'ICC Profile'
2019-06-20 03:00:40,579:DEBUG:Compression method 0
2019-06-20 03:00:40,579:DEBUG:STREAM b'pHYs' 3146 9
2019-06-20 03:00:40,579:DEBUG:STREAM b'iTXt' 3167 412
2019-06-20 03:00:40,579:DEBUG:STREAM b'iDOT' 3591 28
2019-06-20 03:00:40,579:DEBUG:b'iDOT' 3591 28 (unknown)
2019-06-20 03:00:40,579:DEBUG:STREAM b'IDAT' 3631 3077
2019-06-20 03:00:40,936:DEBUG:STREAM b'IHDR' 16 13
2019-06-20 03:00:40,936:DEBUG:STREAM b'iCCP' 41 3145
2019-06-20 03:00:40,936:DEBUG:iCCP profile name b'ICC Profile'
2019-06-20 03:00:40,936:DEBUG:Compression method 0
2019-06-20 03:00:40,936:DEBUG:STREAM b'pHYs' 3198 9
2019-06-20 03:00:40,936:DEBUG:STREAM b'iTXt' 3219 415
2019-06-20 03:00:40,937:DEBUG:STREAM b'iDOT' 3646 28
2019-06-20 03:00:40,937:DEBUG:b'iDOT' 3646 28 (unknown)
2019-06-20 03:00:40,937:DEBUG:STREAM b'IDAT' 3686 16384
2019-06-20 03:00:41,958:INFO:Playing Game.
2019-06-20 03:00:41,958:DEBUG:STREAM b'IHDR' 16 13
2019-06-20 03:00:41,958:DEBUG:STREAM b'iCCP' 41 3093
2019-06-20 03:00:41,959:DEBUG:iCCP profile name b'ICC Profile'
2019-06-20 03:00:41,959:DEBUG:Compression method 0
2019-06-20 03:00:41,959:DEBUG:STREAM b'pHYs' 3146 9
2019-06-20 03:00:41,959:DEBUG:STREAM b'iTXt' 3167 413
2019-06-20 03:00:41,959:DEBUG:STREAM b'iDOT' 3592 28
2019-06-20 03:00:41,959:DEBUG:b'iDOT' 3592 28 (unknown)
2019-06-20 03:00:41,959:DEBUG:STREAM b'IDAT' 3632 2481
2019-06-20 03:00:42,324:DEBUG:STREAM b'IHDR' 16 13
2019-06-20 03:00:42,324:DEBUG:STREAM b'iCCP' 41 3145
2019-06-20 03:00:42,324:DEBUG:iCCP profile name b'ICC Profile'
2019-06-20 03:00:42,325:DEBUG:Compression method 0
2019-06-20 03:00:42,325:DEBUG:STREAM b'pHYs' 3198 9
2019-06-20 03:00:42,325:DEBUG:STREAM b'iTXt' 3219 415
2019-06-20 03:00:42,325:DEBUG:STREAM b'iDOT' 3646 28
2019-06-20 03:00:42,325:DEBUG:b'iDOT' 3646 28 (unknown)
2019-06-20 03:00:42,325:DEBUG:STREAM b'IDAT' 3686 16384
2019-06-20 03:00:43,376:DEBUG:Collecting Jump Routes.
2019-06-20 03:00:44,244:DEBUG:STREAM b'IHDR' 16 13
2019-06-20 03:00:44,245:DEBUG:STREAM b'iCCP' 41 3145
2019-06-20 03:00:44,245:DEBUG:iCCP profile name b'ICC Profile'
2019-06-20 03:00:44,245:DEBUG:Compression method 0
2019-06-20 03:00:44,245:DEBUG:STREAM b'pHYs' 3198 9
2019-06-20 03:00:44,245:DEBUG:STREAM b'iTXt' 3219 415
2019-06-20 03:00:44,245:DEBUG:STREAM b'iDOT' 3646 28
2019-06-20 03:00:44,246:DEBUG:b'iDOT' 3646 28 (unknown)
2019-06-20 03:00:44,246:DEBUG:STREAM b'IDAT' 3686 16384
2019-06-20 03:00:45,073:DEBUG:STREAM b'IHDR' 16 13
2019-06-20 03:00:45,074:DEBUG:STREAM b'iCCP' 41 3145
2019-06-20 03:00:45,074:DEBUG:iCCP profile name b'ICC Profile'
2019-06-20 03:00:45,074:DEBUG:Compression method 0
2019-06-20 03:00:45,075:DEBUG:STREAM b'pHYs' 3198 9
2019-06-20 03:00:45,075:DEBUG:STREAM b'iTXt' 3219 415
2019-06-20 03:00:45,075:DEBUG:STREAM b'iDOT' 3646 28
2019-06-20 03:00:45,075:DEBUG:b'iDOT' 3646 28 (unknown)
2019-06-20 03:00:45,075:DEBUG:STREAM b'IDAT' 3686 16384
2019-06-20 03:00:45,935:DEBUG:STREAM b'IHDR' 16 13
2019-06-20 03:00:45,936:DEBUG:STREAM b'iCCP' 41 3145
2019-06-20 03:00:45,936:DEBUG:iCCP profile name b'ICC Profile'
2019-06-20 03:00:45,936:DEBUG:Compression method 0
2019-06-20 03:00:45,936:DEBUG:STREAM b'pHYs' 3198 9
2019-06-20 03:00:45,936:DEBUG:STREAM b'iTXt' 3219 415
2019-06-20 03:00:45,936:DEBUG:STREAM b'iDOT' 3646 28
2019-06-20 03:00:45,936:DEBUG:b'iDOT' 3646 28 (unknown)
2019-06-20 03:00:45,936:DEBUG:STREAM b'IDAT' 3686 16384
2019-06-20 03:00:47,014:INFO:[1964, 422] Waypoint Clicked 
2019-06-20 03:00:47,389:DEBUG:STREAM b'IHDR' 16 13
2019-06-20 03:00:47,389:DEBUG:STREAM b'iCCP' 41 3145
2019-06-20 03:00:47,389:DEBUG:iCCP profile name b'ICC Profile'
2019-06-20 03:00:47,390:DEBUG:Compression method 0
2019-06-20 03:00:47,390:DEBUG:STREAM b'pHYs' 3198 9
2019-06-20 03:00:47,390:DEBUG:STREAM b'iTXt' 3219 415
2019-06-20 03:00:47,390:DEBUG:STREAM b'iDOT' 3646 28
2019-06-20 03:00:47,390:DEBUG:b'iDOT' 3646 28 (unknown)
2019-06-20 03:00:47,390:DEBUG:STREAM b'IDAT' 3686 16384
2019-06-20 03:00:47,956:INFO:[1964, 422] Failed Jump. 
2019-06-20 03:00:48,607:INFO:[1965, 422] Waypoint Clicked 
2019-06-20 03:00:48,991:DEBUG:STREAM b'IHDR' 16 13
2019-06-20 03:00:48,992:DEBUG:STREAM b'iCCP' 41 3145
2019-06-20 03:00:48,992:DEBUG:iCCP profile name b'ICC Profile'
2019-06-20 03:00:48,992:DEBUG:Compression method 0
2019-06-20 03:00:48,992:DEBUG:STREAM b'pHYs' 3198 9
2019-06-20 03:00:48,992:DEBUG:STREAM b'iTXt' 3219 415
2019-06-20 03:00:48,993:DEBUG:STREAM b'iDOT' 3646 28
2019-06-20 03:00:48,993:DEBUG:b'iDOT' 3646 28 (unknown)
2019-06-20 03:00:48,993:DEBUG:STREAM b'IDAT' 3686 16384
2019-06-20 03:00:49,520:INFO:[1965, 422] Failed Jump. 
2019-06-20 03:00:50,162:INFO:[1964, 423] Waypoint Clicked 
2019-06-20 03:00:50,545:DEBUG:STREAM b'IHDR' 16 13
2019-06-20 03:00:50,546:DEBUG:STREAM b'iCCP' 41 3145
2019-06-20 03:00:50,546:DEBUG:iCCP profile name b'ICC Profile'
2019-06-20 03:00:50,546:DEBUG:Compression method 0
2019-06-20 03:00:50,546:DEBUG:STREAM b'pHYs' 3198 9
2019-06-20 03:00:50,546:DEBUG:STREAM b'iTXt' 3219 415
2019-06-20 03:00:50,546:DEBUG:STREAM b'iDOT' 3646 28
2019-06-20 03:00:50,546:DEBUG:b'iDOT' 3646 28 (unknown)
2019-06-20 03:00:50,546:DEBUG:STREAM b'IDAT' 3686 16384
2019-06-20 03:00:51,067:INFO:[1964, 423] Failed Jump. 
2019-06-20 03:00:51,725:INFO:[1450, 454] Waypoint Clicked 
2019-06-20 03:00:52,105:DEBUG:STREAM b'IHDR' 16 13
2019-06-20 03:00:52,105:DEBUG:STREAM b'iCCP' 41 3145
2019-06-20 03:00:52,105:DEBUG:iCCP profile name b'ICC Profile'
2019-06-20 03:00:52,105:DEBUG:Compression method 0
2019-06-20 03:00:52,106:DEBUG:STREAM b'pHYs' 3198 9
2019-06-20 03:00:52,106:DEBUG:STREAM b'iTXt' 3219 415
2019-06-20 03:00:52,106:DEBUG:STREAM b'iDOT' 3646 28
2019-06-20 03:00:52,106:DEBUG:b'iDOT' 3646 28 (unknown)
2019-06-20 03:00:52,106:DEBUG:STREAM b'IDAT' 3686 16384
2019-06-20 03:00:52,694:INFO:[1450, 454] Failed Jump. 
2019-06-20 03:00:53,341:INFO:[1730, 468] Waypoint Clicked 
2019-06-20 03:00:53,744:DEBUG:STREAM b'IHDR' 16 13
2019-06-20 03:00:53,745:DEBUG:STREAM b'iCCP' 41 3145
2019-06-20 03:00:53,745:DEBUG:iCCP profile name b'ICC Profile'
2019-06-20 03:00:53,745:DEBUG:Compression method 0
2019-06-20 03:00:53,746:DEBUG:STREAM b'pHYs' 3198 9
2019-06-20 03:00:53,746:DEBUG:STREAM b'iTXt' 3219 415
2019-06-20 03:00:53,746:DEBUG:STREAM b'iDOT' 3646 28
2019-06-20 03:00:53,746:DEBUG:b'iDOT' 3646 28 (unknown)
2019-06-20 03:00:53,746:DEBUG:STREAM b'IDAT' 3686 16384
2019-06-20 03:00:54,264:INFO:[1730, 468] Failed Jump. 
2019-06-20 03:00:54,912:INFO:[1731, 468] Waypoint Clicked 
2019-06-20 03:00:55,312:DEBUG:STREAM b'IHDR' 16 13
2019-06-20 03:00:55,313:DEBUG:STREAM b'iCCP' 41 3145
2019-06-20 03:00:55,313:DEBUG:iCCP profile name b'ICC Profile'
2019-06-20 03:00:55,313:DEBUG:Compression method 0
2019-06-20 03:00:55,313:DEBUG:STREAM b'pHYs' 3198 9
2019-06-20 03:00:55,313:DEBUG:STREAM b'iTXt' 3219 415
2019-06-20 03:00:55,313:DEBUG:STREAM b'iDOT' 3646 28
2019-06-20 03:00:55,313:DEBUG:b'iDOT' 3646 28 (unknown)
2019-06-20 03:00:55,313:DEBUG:STREAM b'IDAT' 3686 16384
2019-06-20 03:00:55,942:INFO:[1731, 468] Failed Jump. 
2019-06-20 03:00:56,591:INFO:[2144, 558] Waypoint Clicked 
2019-06-20 03:00:56,994:DEBUG:STREAM b'IHDR' 16 13
2019-06-20 03:00:56,994:DEBUG:STREAM b'iCCP' 41 3145
2019-06-20 03:00:56,994:DEBUG:iCCP profile name b'ICC Profile'
2019-06-20 03:00:56,994:DEBUG:Compression method 0
2019-06-20 03:00:56,994:DEBUG:STREAM b'pHYs' 3198 9
2019-06-20 03:00:56,995:DEBUG:STREAM b'iTXt' 3219 415
2019-06-20 03:00:56,995:DEBUG:STREAM b'iDOT' 3646 28
2019-06-20 03:00:56,995:DEBUG:b'iDOT' 3646 28 (unknown)
2019-06-20 03:00:56,995:DEBUG:STREAM b'IDAT' 3686 16384
2019-06-20 03:00:57,535:INFO:[2144, 558] Failed Jump. 
2019-06-20 03:00:58,182:INFO:[2145, 558] Waypoint Clicked 
2019-06-20 03:00:58,579:DEBUG:STREAM b'IHDR' 16 13
2019-06-20 03:00:58,580:DEBUG:STREAM b'iCCP' 41 3145
2019-06-20 03:00:58,580:DEBUG:iCCP profile name b'ICC Profile'
2019-06-20 03:00:58,580:DEBUG:Compression method 0
2019-06-20 03:00:58,581:DEBUG:STREAM b'pHYs' 3198 9
2019-06-20 03:00:58,581:DEBUG:STREAM b'iTXt' 3219 415
2019-06-20 03:00:58,581:DEBUG:STREAM b'iDOT' 3646 28
2019-06-20 03:00:58,581:DEBUG:b'iDOT' 3646 28 (unknown)
2019-06-20 03:00:58,581:DEBUG:STREAM b'IDAT' 3686 16384
2019-06-20 03:00:59,158:INFO:[2145, 558] Failed Jump. 
2019-06-20 03:00:59,817:INFO:[1922, 616] Waypoint Clicked 
2019-06-20 03:01:00,254:DEBUG:STREAM b'IHDR' 16 13
2019-06-20 03:01:00,255:DEBUG:STREAM b'iCCP' 41 3145
2019-06-20 03:01:00,255:DEBUG:iCCP profile name b'ICC Profile'
2019-06-20 03:01:00,255:DEBUG:Compression method 0
2019-06-20 03:01:00,255:DEBUG:STREAM b'pHYs' 3198 9
2019-06-20 03:01:00,255:DEBUG:STREAM b'iTXt' 3219 415
2019-06-20 03:01:00,255:DEBUG:STREAM b'iDOT' 3646 28
2019-06-20 03:01:00,256:DEBUG:b'iDOT' 3646 28 (unknown)
2019-06-20 03:01:00,256:DEBUG:STREAM b'IDAT' 3686 16384
2019-06-20 03:01:00,787:INFO:[1922, 616] Failed Jump. 
