2019-06-10 04:09:08,070:INFO:[1234, 464] Waypoint Clicked 
2019-06-10 04:09:08,842:INFO:[1234, 464] Successful Jump! 
2019-06-10 04:09:15,848:INFO:[1234, 464] Looking for Target.
2019-06-10 04:09:16,604:INFO:[1234, 464] Ship Encountered. 
2019-06-10 04:09:18,068:INFO:Clicking Exit.
2019-06-10 04:09:43,933:INFO:[1258, 382] Waypoint Clicked 
2019-06-10 04:09:44,571:INFO:[1258, 382] Failed Jump. 
2019-06-10 04:09:45,291:INFO:[1512, 400] Waypoint Clicked 
2019-06-10 04:09:46,026:INFO:[1512, 400] Failed Jump. 
2019-06-10 04:09:46,743:INFO:[2092, 422] Waypoint Clicked 
2019-06-10 04:09:47,457:INFO:[2092, 422] Failed Jump. 
2019-06-10 04:09:48,183:INFO:[1898, 474] Waypoint Clicked 
2019-06-10 04:09:48,944:INFO:[1898, 474] Failed Jump. 
2019-06-10 04:09:49,662:INFO:[1728, 542] Waypoint Clicked 
2019-06-10 04:09:50,409:INFO:[1728, 542] Failed Jump. 
2019-06-10 04:09:51,126:INFO:[1382, 608] Waypoint Clicked 
2019-06-10 04:09:51,870:INFO:[1382, 608] Failed Jump. 
2019-06-10 04:09:52,592:INFO:[1306, 614] Waypoint Clicked 
2019-06-10 04:09:53,302:INFO:[1306, 614] Failed Jump. 
2019-06-10 04:09:54,030:INFO:[2174, 712] Waypoint Clicked 
2019-06-10 04:09:54,739:INFO:[2174, 712] Failed Jump. 
2019-06-10 04:09:55,459:INFO:[1706, 714] Waypoint Clicked 
2019-06-10 04:09:56,124:INFO:[1706, 714] Failed Jump. 
2019-06-10 04:09:56,845:INFO:[1054, 738] Waypoint Clicked 
2019-06-10 04:09:57,545:INFO:[1054, 738] Successful Jump! 
2019-06-10 04:10:04,547:INFO:[1054, 738] Looking for Target.
2019-06-10 04:10:05,285:INFO:[1054, 738] Ship Encountered. 
2019-06-10 04:10:06,801:INFO:Clicking Exit.
2019-06-10 04:10:33,402:INFO:[1634, 416] Waypoint Clicked 
2019-06-10 04:10:34,154:INFO:[1634, 416] Failed Jump. 
2019-06-10 04:10:34,876:INFO:[1914, 422] Waypoint Clicked 
2019-06-10 04:10:35,637:INFO:[1914, 422] Failed Jump. 
2019-06-10 04:10:36,358:INFO:[2174, 422] Waypoint Clicked 
2019-06-10 04:10:37,172:INFO:[2174, 422] Failed Jump. 
2019-06-10 04:10:37,891:INFO:[1246, 470] Waypoint Clicked 
2019-06-10 04:10:38,664:INFO:[1246, 470] Failed Jump. 
2019-06-10 04:10:39,387:INFO:[1490, 484] Waypoint Clicked 
2019-06-10 04:10:40,122:INFO:[1490, 484] Failed Jump. 
2019-06-10 04:10:40,836:INFO:[1002, 510] Waypoint Clicked 
2019-06-10 04:10:41,653:INFO:[1002, 510] Failed Jump. 
2019-06-10 04:10:42,373:INFO:[1432, 602] Waypoint Clicked 
2019-06-10 04:10:43,121:INFO:[1432, 602] Failed Jump. 
2019-06-10 04:10:43,841:INFO:[1862, 620] Waypoint Clicked 
2019-06-10 04:10:44,626:INFO:[1862, 620] Failed Jump. 
2019-06-10 04:10:45,349:INFO:[1108, 750] Waypoint Clicked 
2019-06-10 04:10:46,148:INFO:[1108, 750] Successful Jump! 
2019-06-10 04:10:52,153:INFO:[1108, 750] Looking for Target.
2019-06-10 04:10:52,860:INFO:[1108, 750] Ship Encountered. 
2019-06-10 04:10:54,303:INFO:Clicking Exit.
