2019-06-20 03:01:27,073:DEBUG:STREAM b'IHDR' 16 13
2019-06-20 03:01:27,073:DEBUG:STREAM b'iCCP' 41 3145
2019-06-20 03:01:27,073:DEBUG:iCCP profile name b'ICC Profile'
2019-06-20 03:01:27,073:DEBUG:Compression method 0
2019-06-20 03:01:27,074:DEBUG:STREAM b'pHYs' 3198 9
2019-06-20 03:01:27,074:DEBUG:STREAM b'iTXt' 3219 415
2019-06-20 03:01:27,074:DEBUG:STREAM b'iDOT' 3646 28
2019-06-20 03:01:27,074:DEBUG:b'iDOT' 3646 28 (unknown)
2019-06-20 03:01:27,074:DEBUG:STREAM b'IDAT' 3686 16384
2019-06-20 03:01:27,871:DEBUG:STREAM b'IHDR' 16 13
2019-06-20 03:01:27,871:DEBUG:STREAM b'iCCP' 41 3145
2019-06-20 03:01:27,871:DEBUG:iCCP profile name b'ICC Profile'
2019-06-20 03:01:27,871:DEBUG:Compression method 0
2019-06-20 03:01:27,871:DEBUG:STREAM b'pHYs' 3198 9
2019-06-20 03:01:27,872:DEBUG:STREAM b'iTXt' 3219 415
2019-06-20 03:01:27,872:DEBUG:STREAM b'iDOT' 3646 28
2019-06-20 03:01:27,872:DEBUG:b'iDOT' 3646 28 (unknown)
2019-06-20 03:01:27,872:DEBUG:STREAM b'IDAT' 3686 16384
2019-06-20 03:01:28,786:DEBUG:looking for steam icon
2019-06-20 03:01:28,792:DEBUG:STREAM b'IHDR' 16 13
2019-06-20 03:01:28,793:DEBUG:STREAM b'iCCP' 41 3093
2019-06-20 03:01:28,793:DEBUG:iCCP profile name b'ICC Profile'
2019-06-20 03:01:28,793:DEBUG:Compression method 0
2019-06-20 03:01:28,793:DEBUG:STREAM b'pHYs' 3146 9
2019-06-20 03:01:28,793:DEBUG:STREAM b'iTXt' 3167 413
2019-06-20 03:01:28,793:DEBUG:STREAM b'iDOT' 3592 28
2019-06-20 03:01:28,794:DEBUG:b'iDOT' 3592 28 (unknown)
2019-06-20 03:01:28,794:DEBUG:STREAM b'IDAT' 3632 7390
2019-06-20 03:01:29,145:DEBUG:STREAM b'IHDR' 16 13
2019-06-20 03:01:29,145:DEBUG:STREAM b'iCCP' 41 3145
2019-06-20 03:01:29,145:DEBUG:iCCP profile name b'ICC Profile'
2019-06-20 03:01:29,145:DEBUG:Compression method 0
2019-06-20 03:01:29,145:DEBUG:STREAM b'pHYs' 3198 9
2019-06-20 03:01:29,145:DEBUG:STREAM b'iTXt' 3219 415
2019-06-20 03:01:29,145:DEBUG:STREAM b'iDOT' 3646 28
2019-06-20 03:01:29,146:DEBUG:b'iDOT' 3646 28 (unknown)
2019-06-20 03:01:29,146:DEBUG:STREAM b'IDAT' 3686 16384
2019-06-20 03:01:30,110:DEBUG:looking for steam library
2019-06-20 03:01:30,112:DEBUG:STREAM b'IHDR' 16 13
2019-06-20 03:01:30,112:DEBUG:STREAM b'iCCP' 41 3093
2019-06-20 03:01:30,113:DEBUG:iCCP profile name b'ICC Profile'
2019-06-20 03:01:30,113:DEBUG:Compression method 0
2019-06-20 03:01:30,113:DEBUG:STREAM b'pHYs' 3146 9
2019-06-20 03:01:30,113:DEBUG:STREAM b'iTXt' 3167 412
2019-06-20 03:01:30,113:DEBUG:STREAM b'iDOT' 3591 28
2019-06-20 03:01:30,113:DEBUG:b'iDOT' 3591 28 (unknown)
2019-06-20 03:01:30,113:DEBUG:STREAM b'IDAT' 3631 9220
2019-06-20 03:01:30,476:DEBUG:STREAM b'IHDR' 16 13
2019-06-20 03:01:30,476:DEBUG:STREAM b'iCCP' 41 3145
2019-06-20 03:01:30,476:DEBUG:iCCP profile name b'ICC Profile'
2019-06-20 03:01:30,476:DEBUG:Compression method 0
2019-06-20 03:01:30,477:DEBUG:STREAM b'pHYs' 3198 9
2019-06-20 03:01:30,477:DEBUG:STREAM b'iTXt' 3219 415
2019-06-20 03:01:30,477:DEBUG:STREAM b'iDOT' 3646 28
2019-06-20 03:01:30,477:DEBUG:b'iDOT' 3646 28 (unknown)
2019-06-20 03:01:30,477:DEBUG:STREAM b'IDAT' 3686 16384
2019-06-20 03:01:31,508:DEBUG:looking for ftl in steam
2019-06-20 03:01:31,511:DEBUG:STREAM b'IHDR' 16 13
2019-06-20 03:01:31,511:DEBUG:STREAM b'iCCP' 41 3093
2019-06-20 03:01:31,511:DEBUG:iCCP profile name b'ICC Profile'
2019-06-20 03:01:31,511:DEBUG:Compression method 0
2019-06-20 03:01:31,511:DEBUG:STREAM b'pHYs' 3146 9
2019-06-20 03:01:31,511:DEBUG:STREAM b'iTXt' 3167 412
2019-06-20 03:01:31,511:DEBUG:STREAM b'iDOT' 3591 28
2019-06-20 03:01:31,511:DEBUG:b'iDOT' 3591 28 (unknown)
2019-06-20 03:01:31,511:DEBUG:STREAM b'IDAT' 3631 4924
2019-06-20 03:01:31,929:DEBUG:STREAM b'IHDR' 16 13
2019-06-20 03:01:31,930:DEBUG:STREAM b'iCCP' 41 3145
2019-06-20 03:01:31,930:DEBUG:iCCP profile name b'ICC Profile'
2019-06-20 03:01:31,930:DEBUG:Compression method 0
2019-06-20 03:01:31,930:DEBUG:STREAM b'pHYs' 3198 9
2019-06-20 03:01:31,931:DEBUG:STREAM b'iTXt' 3219 415
2019-06-20 03:01:31,931:DEBUG:STREAM b'iDOT' 3646 28
2019-06-20 03:01:31,931:DEBUG:b'iDOT' 3646 28 (unknown)
2019-06-20 03:01:31,931:DEBUG:STREAM b'IDAT' 3686 16384
2019-06-20 03:01:33,004:DEBUG:looking for play button
2019-06-20 03:01:33,005:DEBUG:STREAM b'IHDR' 16 13
2019-06-20 03:01:33,005:DEBUG:STREAM b'iCCP' 41 3093
2019-06-20 03:01:33,005:DEBUG:iCCP profile name b'ICC Profile'
2019-06-20 03:01:33,005:DEBUG:Compression method 0
2019-06-20 03:01:33,005:DEBUG:STREAM b'pHYs' 3146 9
2019-06-20 03:01:33,005:DEBUG:STREAM b'iTXt' 3167 412
2019-06-20 03:01:33,005:DEBUG:STREAM b'iDOT' 3591 28
2019-06-20 03:01:33,005:DEBUG:b'iDOT' 3591 28 (unknown)
2019-06-20 03:01:33,005:DEBUG:STREAM b'IDAT' 3631 7544
2019-06-20 03:01:33,395:DEBUG:STREAM b'IHDR' 16 13
2019-06-20 03:01:33,396:DEBUG:STREAM b'iCCP' 41 3145
2019-06-20 03:01:33,396:DEBUG:iCCP profile name b'ICC Profile'
2019-06-20 03:01:33,396:DEBUG:Compression method 0
2019-06-20 03:01:33,396:DEBUG:STREAM b'pHYs' 3198 9
2019-06-20 03:01:33,396:DEBUG:STREAM b'iTXt' 3219 415
2019-06-20 03:01:33,396:DEBUG:STREAM b'iDOT' 3646 28
2019-06-20 03:01:33,396:DEBUG:b'iDOT' 3646 28 (unknown)
2019-06-20 03:01:33,396:DEBUG:STREAM b'IDAT' 3686 16384
2019-06-20 03:01:34,830:INFO:Game Start: ftl:2019-06-20 03:01:34.830717
2019-06-20 03:01:34,830:INFO:Starting New Game.
2019-06-20 03:01:39,832:DEBUG:STREAM b'IHDR' 16 13
2019-06-20 03:01:39,832:DEBUG:STREAM b'iCCP' 41 3093
2019-06-20 03:01:39,832:DEBUG:iCCP profile name b'ICC Profile'
2019-06-20 03:01:39,832:DEBUG:Compression method 0
2019-06-20 03:01:39,832:DEBUG:STREAM b'pHYs' 3146 9
2019-06-20 03:01:39,832:DEBUG:STREAM b'iTXt' 3167 412
2019-06-20 03:01:39,832:DEBUG:STREAM b'iDOT' 3591 28
2019-06-20 03:01:39,832:DEBUG:b'iDOT' 3591 28 (unknown)
2019-06-20 03:01:39,832:DEBUG:STREAM b'IDAT' 3631 12055
2019-06-20 03:01:40,090:DEBUG:STREAM b'IHDR' 16 13
2019-06-20 03:01:40,090:DEBUG:STREAM b'iCCP' 41 3145
2019-06-20 03:01:40,090:DEBUG:iCCP profile name b'ICC Profile'
2019-06-20 03:01:40,091:DEBUG:Compression method 0
2019-06-20 03:01:40,091:DEBUG:STREAM b'pHYs' 3198 9
2019-06-20 03:01:40,091:DEBUG:STREAM b'iTXt' 3219 415
2019-06-20 03:01:40,091:DEBUG:STREAM b'iDOT' 3646 28
2019-06-20 03:01:40,091:DEBUG:b'iDOT' 3646 28 (unknown)
2019-06-20 03:01:40,091:DEBUG:STREAM b'IDAT' 3686 16384
2019-06-20 03:01:41,059:DEBUG:STREAM b'IHDR' 16 13
2019-06-20 03:01:41,059:DEBUG:STREAM b'iCCP' 41 3093
2019-06-20 03:01:41,060:DEBUG:iCCP profile name b'ICC Profile'
2019-06-20 03:01:41,060:DEBUG:Compression method 0
2019-06-20 03:01:41,060:DEBUG:STREAM b'pHYs' 3146 9
2019-06-20 03:01:41,060:DEBUG:STREAM b'iTXt' 3167 412
2019-06-20 03:01:41,060:DEBUG:STREAM b'iDOT' 3591 28
2019-06-20 03:01:41,060:DEBUG:b'iDOT' 3591 28 (unknown)
2019-06-20 03:01:41,060:DEBUG:STREAM b'IDAT' 3631 1658
2019-06-20 03:01:41,305:DEBUG:STREAM b'IHDR' 16 13
2019-06-20 03:01:41,305:DEBUG:STREAM b'iCCP' 41 3145
2019-06-20 03:01:41,305:DEBUG:iCCP profile name b'ICC Profile'
2019-06-20 03:01:41,305:DEBUG:Compression method 0
2019-06-20 03:01:41,305:DEBUG:STREAM b'pHYs' 3198 9
2019-06-20 03:01:41,305:DEBUG:STREAM b'iTXt' 3219 415
2019-06-20 03:01:41,305:DEBUG:STREAM b'iDOT' 3646 28
2019-06-20 03:01:41,306:DEBUG:b'iDOT' 3646 28 (unknown)
2019-06-20 03:01:41,306:DEBUG:STREAM b'IDAT' 3686 16384
2019-06-20 03:01:42,261:DEBUG:STREAM b'IHDR' 16 13
2019-06-20 03:01:42,262:DEBUG:STREAM b'iCCP' 41 3093
2019-06-20 03:01:42,262:DEBUG:iCCP profile name b'ICC Profile'
2019-06-20 03:01:42,262:DEBUG:Compression method 0
2019-06-20 03:01:42,262:DEBUG:STREAM b'pHYs' 3146 9
2019-06-20 03:01:42,262:DEBUG:STREAM b'iTXt' 3167 413
2019-06-20 03:01:42,262:DEBUG:STREAM b'iDOT' 3592 28
2019-06-20 03:01:42,262:DEBUG:b'iDOT' 3592 28 (unknown)
2019-06-20 03:01:42,262:DEBUG:STREAM b'IDAT' 3632 3594
2019-06-20 03:01:42,650:DEBUG:STREAM b'IHDR' 16 13
2019-06-20 03:01:42,651:DEBUG:STREAM b'iCCP' 41 3145
2019-06-20 03:01:42,651:DEBUG:iCCP profile name b'ICC Profile'
2019-06-20 03:01:42,651:DEBUG:Compression method 0
2019-06-20 03:01:42,651:DEBUG:STREAM b'pHYs' 3198 9
2019-06-20 03:01:42,651:DEBUG:STREAM b'iTXt' 3219 415
2019-06-20 03:01:42,651:DEBUG:STREAM b'iDOT' 3646 28
2019-06-20 03:01:42,651:DEBUG:b'iDOT' 3646 28 (unknown)
2019-06-20 03:01:42,651:DEBUG:STREAM b'IDAT' 3686 16384
2019-06-20 03:01:43,741:DEBUG:STREAM b'IHDR' 16 13
2019-06-20 03:01:43,741:DEBUG:STREAM b'iCCP' 41 3093
2019-06-20 03:01:43,741:DEBUG:iCCP profile name b'ICC Profile'
2019-06-20 03:01:43,741:DEBUG:Compression method 0
2019-06-20 03:01:43,741:DEBUG:STREAM b'pHYs' 3146 9
2019-06-20 03:01:43,741:DEBUG:STREAM b'iTXt' 3167 412
2019-06-20 03:01:43,741:DEBUG:STREAM b'iDOT' 3591 28
2019-06-20 03:01:43,742:DEBUG:b'iDOT' 3591 28 (unknown)
2019-06-20 03:01:43,742:DEBUG:STREAM b'IDAT' 3631 3077
2019-06-20 03:01:44,108:DEBUG:STREAM b'IHDR' 16 13
2019-06-20 03:01:44,109:DEBUG:STREAM b'iCCP' 41 3145
2019-06-20 03:01:44,109:DEBUG:iCCP profile name b'ICC Profile'
2019-06-20 03:01:44,109:DEBUG:Compression method 0
2019-06-20 03:01:44,109:DEBUG:STREAM b'pHYs' 3198 9
2019-06-20 03:01:44,109:DEBUG:STREAM b'iTXt' 3219 415
2019-06-20 03:01:44,109:DEBUG:STREAM b'iDOT' 3646 28
2019-06-20 03:01:44,109:DEBUG:b'iDOT' 3646 28 (unknown)
2019-06-20 03:01:44,109:DEBUG:STREAM b'IDAT' 3686 16384
2019-06-20 03:01:45,155:INFO:Playing Game.
2019-06-20 03:01:45,156:DEBUG:STREAM b'IHDR' 16 13
2019-06-20 03:01:45,156:DEBUG:STREAM b'iCCP' 41 3093
2019-06-20 03:01:45,157:DEBUG:iCCP profile name b'ICC Profile'
2019-06-20 03:01:45,157:DEBUG:Compression method 0
2019-06-20 03:01:45,157:DEBUG:STREAM b'pHYs' 3146 9
2019-06-20 03:01:45,157:DEBUG:STREAM b'iTXt' 3167 413
2019-06-20 03:01:45,157:DEBUG:STREAM b'iDOT' 3592 28
2019-06-20 03:01:45,157:DEBUG:b'iDOT' 3592 28 (unknown)
2019-06-20 03:01:45,157:DEBUG:STREAM b'IDAT' 3632 2481
2019-06-20 03:01:45,633:DEBUG:STREAM b'IHDR' 16 13
2019-06-20 03:01:45,633:DEBUG:STREAM b'iCCP' 41 3145
2019-06-20 03:01:45,633:DEBUG:iCCP profile name b'ICC Profile'
2019-06-20 03:01:45,634:DEBUG:Compression method 0
2019-06-20 03:01:45,634:DEBUG:STREAM b'pHYs' 3198 9
2019-06-20 03:01:45,634:DEBUG:STREAM b'iTXt' 3219 415
2019-06-20 03:01:45,634:DEBUG:STREAM b'iDOT' 3646 28
2019-06-20 03:01:45,634:DEBUG:b'iDOT' 3646 28 (unknown)
2019-06-20 03:01:45,634:DEBUG:STREAM b'IDAT' 3686 16384
2019-06-20 03:01:46,760:DEBUG:Collecting Jump Routes.
2019-06-20 03:01:47,779:DEBUG:STREAM b'IHDR' 16 13
2019-06-20 03:01:47,779:DEBUG:STREAM b'iCCP' 41 3145
2019-06-20 03:01:47,780:DEBUG:iCCP profile name b'ICC Profile'
2019-06-20 03:01:47,780:DEBUG:Compression method 0
2019-06-20 03:01:47,780:DEBUG:STREAM b'pHYs' 3198 9
2019-06-20 03:01:47,780:DEBUG:STREAM b'iTXt' 3219 415
2019-06-20 03:01:47,780:DEBUG:STREAM b'iDOT' 3646 28
2019-06-20 03:01:47,780:DEBUG:b'iDOT' 3646 28 (unknown)
2019-06-20 03:01:47,781:DEBUG:STREAM b'IDAT' 3686 16384
2019-06-20 03:01:48,686:DEBUG:STREAM b'IHDR' 16 13
2019-06-20 03:01:48,686:DEBUG:STREAM b'iCCP' 41 3145
2019-06-20 03:01:48,687:DEBUG:iCCP profile name b'ICC Profile'
2019-06-20 03:01:48,687:DEBUG:Compression method 0
2019-06-20 03:01:48,687:DEBUG:STREAM b'pHYs' 3198 9
2019-06-20 03:01:48,687:DEBUG:STREAM b'iTXt' 3219 415
2019-06-20 03:01:48,688:DEBUG:STREAM b'iDOT' 3646 28
2019-06-20 03:01:48,688:DEBUG:b'iDOT' 3646 28 (unknown)
2019-06-20 03:01:48,688:DEBUG:STREAM b'IDAT' 3686 16384
