2019-06-20 03:02:44,045:DEBUG:STREAM b'IHDR' 16 13
2019-06-20 03:02:44,045:DEBUG:STREAM b'iCCP' 41 3145
2019-06-20 03:02:44,045:DEBUG:iCCP profile name b'ICC Profile'
2019-06-20 03:02:44,045:DEBUG:Compression method 0
2019-06-20 03:02:44,045:DEBUG:STREAM b'pHYs' 3198 9
2019-06-20 03:02:44,045:DEBUG:STREAM b'iTXt' 3219 415
2019-06-20 03:02:44,046:DEBUG:STREAM b'iDOT' 3646 28
2019-06-20 03:02:44,046:DEBUG:b'iDOT' 3646 28 (unknown)
2019-06-20 03:02:44,046:DEBUG:STREAM b'IDAT' 3686 16384
2019-06-20 03:02:44,771:DEBUG:STREAM b'IHDR' 16 13
2019-06-20 03:02:44,772:DEBUG:STREAM b'iCCP' 41 3145
2019-06-20 03:02:44,772:DEBUG:iCCP profile name b'ICC Profile'
2019-06-20 03:02:44,772:DEBUG:Compression method 0
2019-06-20 03:02:44,772:DEBUG:STREAM b'pHYs' 3198 9
2019-06-20 03:02:44,772:DEBUG:STREAM b'iTXt' 3219 415
2019-06-20 03:02:44,772:DEBUG:STREAM b'iDOT' 3646 28
2019-06-20 03:02:44,772:DEBUG:b'iDOT' 3646 28 (unknown)
2019-06-20 03:02:44,772:DEBUG:STREAM b'IDAT' 3686 16384
2019-06-20 03:02:45,675:DEBUG:looking for steam icon
2019-06-20 03:02:45,675:DEBUG:STREAM b'IHDR' 16 13
2019-06-20 03:02:45,676:DEBUG:STREAM b'iCCP' 41 3093
2019-06-20 03:02:45,676:DEBUG:iCCP profile name b'ICC Profile'
2019-06-20 03:02:45,676:DEBUG:Compression method 0
2019-06-20 03:02:45,676:DEBUG:STREAM b'pHYs' 3146 9
2019-06-20 03:02:45,676:DEBUG:STREAM b'iTXt' 3167 413
2019-06-20 03:02:45,676:DEBUG:STREAM b'iDOT' 3592 28
2019-06-20 03:02:45,676:DEBUG:b'iDOT' 3592 28 (unknown)
2019-06-20 03:02:45,676:DEBUG:STREAM b'IDAT' 3632 7390
2019-06-20 03:02:45,989:DEBUG:STREAM b'IHDR' 16 13
2019-06-20 03:02:45,990:DEBUG:STREAM b'iCCP' 41 3145
2019-06-20 03:02:45,990:DEBUG:iCCP profile name b'ICC Profile'
2019-06-20 03:02:45,990:DEBUG:Compression method 0
2019-06-20 03:02:45,990:DEBUG:STREAM b'pHYs' 3198 9
2019-06-20 03:02:45,990:DEBUG:STREAM b'iTXt' 3219 415
2019-06-20 03:02:45,990:DEBUG:STREAM b'iDOT' 3646 28
2019-06-20 03:02:45,990:DEBUG:b'iDOT' 3646 28 (unknown)
2019-06-20 03:02:45,990:DEBUG:STREAM b'IDAT' 3686 16384
2019-06-20 03:02:46,946:DEBUG:looking for steam library
2019-06-20 03:02:46,952:DEBUG:STREAM b'IHDR' 16 13
2019-06-20 03:02:46,952:DEBUG:STREAM b'iCCP' 41 3093
2019-06-20 03:02:46,952:DEBUG:iCCP profile name b'ICC Profile'
2019-06-20 03:02:46,952:DEBUG:Compression method 0
2019-06-20 03:02:46,952:DEBUG:STREAM b'pHYs' 3146 9
2019-06-20 03:02:46,952:DEBUG:STREAM b'iTXt' 3167 412
2019-06-20 03:02:46,952:DEBUG:STREAM b'iDOT' 3591 28
2019-06-20 03:02:46,952:DEBUG:b'iDOT' 3591 28 (unknown)
2019-06-20 03:02:46,952:DEBUG:STREAM b'IDAT' 3631 9220
2019-06-20 03:02:47,340:DEBUG:STREAM b'IHDR' 16 13
2019-06-20 03:02:47,340:DEBUG:STREAM b'iCCP' 41 3145
2019-06-20 03:02:47,340:DEBUG:iCCP profile name b'ICC Profile'
2019-06-20 03:02:47,341:DEBUG:Compression method 0
2019-06-20 03:02:47,341:DEBUG:STREAM b'pHYs' 3198 9
2019-06-20 03:02:47,341:DEBUG:STREAM b'iTXt' 3219 415
2019-06-20 03:02:47,341:DEBUG:STREAM b'iDOT' 3646 28
2019-06-20 03:02:47,341:DEBUG:b'iDOT' 3646 28 (unknown)
2019-06-20 03:02:47,341:DEBUG:STREAM b'IDAT' 3686 16384
2019-06-20 03:02:48,366:DEBUG:looking for ftl in steam
2019-06-20 03:02:48,369:DEBUG:STREAM b'IHDR' 16 13
2019-06-20 03:02:48,369:DEBUG:STREAM b'iCCP' 41 3093
2019-06-20 03:02:48,369:DEBUG:iCCP profile name b'ICC Profile'
2019-06-20 03:02:48,369:DEBUG:Compression method 0
2019-06-20 03:02:48,369:DEBUG:STREAM b'pHYs' 3146 9
2019-06-20 03:02:48,369:DEBUG:STREAM b'iTXt' 3167 412
2019-06-20 03:02:48,369:DEBUG:STREAM b'iDOT' 3591 28
2019-06-20 03:02:48,370:DEBUG:b'iDOT' 3591 28 (unknown)
2019-06-20 03:02:48,370:DEBUG:STREAM b'IDAT' 3631 4924
2019-06-20 03:02:48,760:DEBUG:STREAM b'IHDR' 16 13
2019-06-20 03:02:48,760:DEBUG:STREAM b'iCCP' 41 3145
2019-06-20 03:02:48,760:DEBUG:iCCP profile name b'ICC Profile'
2019-06-20 03:02:48,760:DEBUG:Compression method 0
2019-06-20 03:02:48,760:DEBUG:STREAM b'pHYs' 3198 9
2019-06-20 03:02:48,760:DEBUG:STREAM b'iTXt' 3219 415
2019-06-20 03:02:48,760:DEBUG:STREAM b'iDOT' 3646 28
2019-06-20 03:02:48,760:DEBUG:b'iDOT' 3646 28 (unknown)
2019-06-20 03:02:48,760:DEBUG:STREAM b'IDAT' 3686 16384
2019-06-20 03:02:49,771:DEBUG:looking for play button
2019-06-20 03:02:49,777:DEBUG:STREAM b'IHDR' 16 13
2019-06-20 03:02:49,777:DEBUG:STREAM b'iCCP' 41 3093
2019-06-20 03:02:49,777:DEBUG:iCCP profile name b'ICC Profile'
2019-06-20 03:02:49,777:DEBUG:Compression method 0
2019-06-20 03:02:49,777:DEBUG:STREAM b'pHYs' 3146 9
2019-06-20 03:02:49,777:DEBUG:STREAM b'iTXt' 3167 412
2019-06-20 03:02:49,777:DEBUG:STREAM b'iDOT' 3591 28
2019-06-20 03:02:49,777:DEBUG:b'iDOT' 3591 28 (unknown)
2019-06-20 03:02:49,777:DEBUG:STREAM b'IDAT' 3631 7544
2019-06-20 03:02:50,143:DEBUG:STREAM b'IHDR' 16 13
2019-06-20 03:02:50,143:DEBUG:STREAM b'iCCP' 41 3145
2019-06-20 03:02:50,143:DEBUG:iCCP profile name b'ICC Profile'
2019-06-20 03:02:50,143:DEBUG:Compression method 0
2019-06-20 03:02:50,144:DEBUG:STREAM b'pHYs' 3198 9
2019-06-20 03:02:50,144:DEBUG:STREAM b'iTXt' 3219 415
2019-06-20 03:02:50,144:DEBUG:STREAM b'iDOT' 3646 28
2019-06-20 03:02:50,144:DEBUG:b'iDOT' 3646 28 (unknown)
2019-06-20 03:02:50,144:DEBUG:STREAM b'IDAT' 3686 16384
2019-06-20 03:02:51,151:INFO:Game Start: ftl:2019-06-20 03:02:51.151888
2019-06-20 03:02:51,152:INFO:Starting New Game.
2019-06-20 03:02:56,159:DEBUG:STREAM b'IHDR' 16 13
2019-06-20 03:02:56,160:DEBUG:STREAM b'iCCP' 41 3093
2019-06-20 03:02:56,160:DEBUG:iCCP profile name b'ICC Profile'
2019-06-20 03:02:56,160:DEBUG:Compression method 0
2019-06-20 03:02:56,160:DEBUG:STREAM b'pHYs' 3146 9
2019-06-20 03:02:56,161:DEBUG:STREAM b'iTXt' 3167 412
2019-06-20 03:02:56,161:DEBUG:STREAM b'iDOT' 3591 28
2019-06-20 03:02:56,161:DEBUG:b'iDOT' 3591 28 (unknown)
2019-06-20 03:02:56,161:DEBUG:STREAM b'IDAT' 3631 12055
2019-06-20 03:02:56,551:DEBUG:STREAM b'IHDR' 16 13
2019-06-20 03:02:56,552:DEBUG:STREAM b'iCCP' 41 3145
2019-06-20 03:02:56,552:DEBUG:iCCP profile name b'ICC Profile'
2019-06-20 03:02:56,552:DEBUG:Compression method 0
2019-06-20 03:02:56,552:DEBUG:STREAM b'pHYs' 3198 9
2019-06-20 03:02:56,552:DEBUG:STREAM b'iTXt' 3219 415
2019-06-20 03:02:56,552:DEBUG:STREAM b'iDOT' 3646 28
2019-06-20 03:02:56,552:DEBUG:b'iDOT' 3646 28 (unknown)
2019-06-20 03:02:56,552:DEBUG:STREAM b'IDAT' 3686 16384
2019-06-20 03:02:57,636:DEBUG:STREAM b'IHDR' 16 13
2019-06-20 03:02:57,636:DEBUG:STREAM b'iCCP' 41 3093
2019-06-20 03:02:57,636:DEBUG:iCCP profile name b'ICC Profile'
2019-06-20 03:02:57,637:DEBUG:Compression method 0
2019-06-20 03:02:57,637:DEBUG:STREAM b'pHYs' 3146 9
2019-06-20 03:02:57,637:DEBUG:STREAM b'iTXt' 3167 412
2019-06-20 03:02:57,637:DEBUG:STREAM b'iDOT' 3591 28
2019-06-20 03:02:57,637:DEBUG:b'iDOT' 3591 28 (unknown)
2019-06-20 03:02:57,637:DEBUG:STREAM b'IDAT' 3631 1658
2019-06-20 03:02:57,950:DEBUG:STREAM b'IHDR' 16 13
2019-06-20 03:02:57,951:DEBUG:STREAM b'iCCP' 41 3145
2019-06-20 03:02:57,951:DEBUG:iCCP profile name b'ICC Profile'
2019-06-20 03:02:57,951:DEBUG:Compression method 0
2019-06-20 03:02:57,951:DEBUG:STREAM b'pHYs' 3198 9
2019-06-20 03:02:57,951:DEBUG:STREAM b'iTXt' 3219 415
2019-06-20 03:02:57,951:DEBUG:STREAM b'iDOT' 3646 28
2019-06-20 03:02:57,951:DEBUG:b'iDOT' 3646 28 (unknown)
2019-06-20 03:02:57,951:DEBUG:STREAM b'IDAT' 3686 16384
2019-06-20 03:02:58,953:DEBUG:STREAM b'IHDR' 16 13
2019-06-20 03:02:58,954:DEBUG:STREAM b'iCCP' 41 3093
2019-06-20 03:02:58,954:DEBUG:iCCP profile name b'ICC Profile'
2019-06-20 03:02:58,954:DEBUG:Compression method 0
2019-06-20 03:02:58,954:DEBUG:STREAM b'pHYs' 3146 9
2019-06-20 03:02:58,954:DEBUG:STREAM b'iTXt' 3167 413
2019-06-20 03:02:58,954:DEBUG:STREAM b'iDOT' 3592 28
2019-06-20 03:02:58,954:DEBUG:b'iDOT' 3592 28 (unknown)
2019-06-20 03:02:58,954:DEBUG:STREAM b'IDAT' 3632 3594
2019-06-20 03:02:59,342:DEBUG:STREAM b'IHDR' 16 13
2019-06-20 03:02:59,342:DEBUG:STREAM b'iCCP' 41 3145
2019-06-20 03:02:59,343:DEBUG:iCCP profile name b'ICC Profile'
2019-06-20 03:02:59,343:DEBUG:Compression method 0
2019-06-20 03:02:59,343:DEBUG:STREAM b'pHYs' 3198 9
2019-06-20 03:02:59,343:DEBUG:STREAM b'iTXt' 3219 415
2019-06-20 03:02:59,343:DEBUG:STREAM b'iDOT' 3646 28
2019-06-20 03:02:59,343:DEBUG:b'iDOT' 3646 28 (unknown)
2019-06-20 03:02:59,343:DEBUG:STREAM b'IDAT' 3686 16384
2019-06-20 03:03:00,377:DEBUG:STREAM b'IHDR' 16 13
2019-06-20 03:03:00,377:DEBUG:STREAM b'iCCP' 41 3093
2019-06-20 03:03:00,377:DEBUG:iCCP profile name b'ICC Profile'
2019-06-20 03:03:00,377:DEBUG:Compression method 0
2019-06-20 03:03:00,377:DEBUG:STREAM b'pHYs' 3146 9
2019-06-20 03:03:00,377:DEBUG:STREAM b'iTXt' 3167 412
2019-06-20 03:03:00,378:DEBUG:STREAM b'iDOT' 3591 28
2019-06-20 03:03:00,378:DEBUG:b'iDOT' 3591 28 (unknown)
2019-06-20 03:03:00,378:DEBUG:STREAM b'IDAT' 3631 3077
2019-06-20 03:03:00,713:DEBUG:STREAM b'IHDR' 16 13
2019-06-20 03:03:00,714:DEBUG:STREAM b'iCCP' 41 3145
2019-06-20 03:03:00,714:DEBUG:iCCP profile name b'ICC Profile'
2019-06-20 03:03:00,714:DEBUG:Compression method 0
2019-06-20 03:03:00,714:DEBUG:STREAM b'pHYs' 3198 9
2019-06-20 03:03:00,714:DEBUG:STREAM b'iTXt' 3219 415
2019-06-20 03:03:00,714:DEBUG:STREAM b'iDOT' 3646 28
2019-06-20 03:03:00,714:DEBUG:b'iDOT' 3646 28 (unknown)
2019-06-20 03:03:00,714:DEBUG:STREAM b'IDAT' 3686 16384
2019-06-20 03:03:01,760:INFO:Playing Game.
2019-06-20 03:03:01,761:DEBUG:STREAM b'IHDR' 16 13
2019-06-20 03:03:01,761:DEBUG:STREAM b'iCCP' 41 3093
2019-06-20 03:03:01,761:DEBUG:iCCP profile name b'ICC Profile'
2019-06-20 03:03:01,762:DEBUG:Compression method 0
2019-06-20 03:03:01,762:DEBUG:STREAM b'pHYs' 3146 9
2019-06-20 03:03:01,762:DEBUG:STREAM b'iTXt' 3167 413
2019-06-20 03:03:01,762:DEBUG:STREAM b'iDOT' 3592 28
2019-06-20 03:03:01,762:DEBUG:b'iDOT' 3592 28 (unknown)
2019-06-20 03:03:01,762:DEBUG:STREAM b'IDAT' 3632 2481
2019-06-20 03:03:02,106:DEBUG:STREAM b'IHDR' 16 13
2019-06-20 03:03:02,106:DEBUG:STREAM b'iCCP' 41 3145
2019-06-20 03:03:02,107:DEBUG:iCCP profile name b'ICC Profile'
2019-06-20 03:03:02,107:DEBUG:Compression method 0
2019-06-20 03:03:02,107:DEBUG:STREAM b'pHYs' 3198 9
2019-06-20 03:03:02,107:DEBUG:STREAM b'iTXt' 3219 415
2019-06-20 03:03:02,107:DEBUG:STREAM b'iDOT' 3646 28
2019-06-20 03:03:02,107:DEBUG:b'iDOT' 3646 28 (unknown)
2019-06-20 03:03:02,107:DEBUG:STREAM b'IDAT' 3686 16384
2019-06-20 03:03:03,159:DEBUG:Collecting Jump Routes.
2019-06-20 03:03:04,042:DEBUG:STREAM b'IHDR' 16 13
2019-06-20 03:03:04,042:DEBUG:STREAM b'iCCP' 41 3145
2019-06-20 03:03:04,042:DEBUG:iCCP profile name b'ICC Profile'
2019-06-20 03:03:04,042:DEBUG:Compression method 0
2019-06-20 03:03:04,043:DEBUG:STREAM b'pHYs' 3198 9
2019-06-20 03:03:04,043:DEBUG:STREAM b'iTXt' 3219 415
2019-06-20 03:03:04,043:DEBUG:STREAM b'iDOT' 3646 28
2019-06-20 03:03:04,043:DEBUG:b'iDOT' 3646 28 (unknown)
2019-06-20 03:03:04,043:DEBUG:STREAM b'IDAT' 3686 16384
2019-06-20 03:03:04,869:DEBUG:STREAM b'IHDR' 16 13
2019-06-20 03:03:04,869:DEBUG:STREAM b'iCCP' 41 3145
2019-06-20 03:03:04,869:DEBUG:iCCP profile name b'ICC Profile'
2019-06-20 03:03:04,869:DEBUG:Compression method 0
2019-06-20 03:03:04,870:DEBUG:STREAM b'pHYs' 3198 9
2019-06-20 03:03:04,870:DEBUG:STREAM b'iTXt' 3219 415
2019-06-20 03:03:04,870:DEBUG:STREAM b'iDOT' 3646 28
2019-06-20 03:03:04,870:DEBUG:b'iDOT' 3646 28 (unknown)
2019-06-20 03:03:04,870:DEBUG:STREAM b'IDAT' 3686 16384
2019-06-20 03:03:05,699:DEBUG:STREAM b'IHDR' 16 13
2019-06-20 03:03:05,700:DEBUG:STREAM b'iCCP' 41 3145
2019-06-20 03:03:05,700:DEBUG:iCCP profile name b'ICC Profile'
2019-06-20 03:03:05,700:DEBUG:Compression method 0
2019-06-20 03:03:05,701:DEBUG:STREAM b'pHYs' 3198 9
2019-06-20 03:03:05,701:DEBUG:STREAM b'iTXt' 3219 415
2019-06-20 03:03:05,701:DEBUG:STREAM b'iDOT' 3646 28
2019-06-20 03:03:05,701:DEBUG:b'iDOT' 3646 28 (unknown)
2019-06-20 03:03:05,701:DEBUG:STREAM b'IDAT' 3686 16384
2019-06-20 03:03:06,787:INFO:[2100, 422] Waypoint Clicked 
2019-06-20 03:03:07,153:DEBUG:STREAM b'IHDR' 16 13
2019-06-20 03:03:07,153:DEBUG:STREAM b'iCCP' 41 3145
2019-06-20 03:03:07,153:DEBUG:iCCP profile name b'ICC Profile'
2019-06-20 03:03:07,153:DEBUG:Compression method 0
2019-06-20 03:03:07,153:DEBUG:STREAM b'pHYs' 3198 9
2019-06-20 03:03:07,153:DEBUG:STREAM b'iTXt' 3219 415
2019-06-20 03:03:07,154:DEBUG:STREAM b'iDOT' 3646 28
2019-06-20 03:03:07,154:DEBUG:b'iDOT' 3646 28 (unknown)
2019-06-20 03:03:07,154:DEBUG:STREAM b'IDAT' 3686 16384
2019-06-20 03:03:07,682:INFO:[2100, 422] Failed Jump. 
2019-06-20 03:03:08,337:INFO:[2101, 422] Waypoint Clicked 
2019-06-20 03:03:08,719:DEBUG:STREAM b'IHDR' 16 13
2019-06-20 03:03:08,719:DEBUG:STREAM b'iCCP' 41 3145
2019-06-20 03:03:08,719:DEBUG:iCCP profile name b'ICC Profile'
2019-06-20 03:03:08,719:DEBUG:Compression method 0
2019-06-20 03:03:08,720:DEBUG:STREAM b'pHYs' 3198 9
2019-06-20 03:03:08,720:DEBUG:STREAM b'iTXt' 3219 415
2019-06-20 03:03:08,720:DEBUG:STREAM b'iDOT' 3646 28
2019-06-20 03:03:08,720:DEBUG:b'iDOT' 3646 28 (unknown)
2019-06-20 03:03:08,720:DEBUG:STREAM b'IDAT' 3686 16384
2019-06-20 03:03:09,225:INFO:[2101, 422] Failed Jump. 
2019-06-20 03:03:09,874:INFO:[2100, 423] Waypoint Clicked 
2019-06-20 03:03:10,242:DEBUG:STREAM b'IHDR' 16 13
2019-06-20 03:03:10,242:DEBUG:STREAM b'iCCP' 41 3145
2019-06-20 03:03:10,242:DEBUG:iCCP profile name b'ICC Profile'
2019-06-20 03:03:10,242:DEBUG:Compression method 0
2019-06-20 03:03:10,243:DEBUG:STREAM b'pHYs' 3198 9
2019-06-20 03:03:10,243:DEBUG:STREAM b'iTXt' 3219 415
2019-06-20 03:03:10,243:DEBUG:STREAM b'iDOT' 3646 28
2019-06-20 03:03:10,243:DEBUG:b'iDOT' 3646 28 (unknown)
2019-06-20 03:03:10,243:DEBUG:STREAM b'IDAT' 3686 16384
2019-06-20 03:03:10,742:INFO:[2100, 423] Failed Jump. 
2019-06-20 03:03:11,395:INFO:[1400, 426] Waypoint Clicked 
2019-06-20 03:03:11,812:DEBUG:STREAM b'IHDR' 16 13
2019-06-20 03:03:11,813:DEBUG:STREAM b'iCCP' 41 3145
2019-06-20 03:03:11,813:DEBUG:iCCP profile name b'ICC Profile'
2019-06-20 03:03:11,813:DEBUG:Compression method 0
2019-06-20 03:03:11,813:DEBUG:STREAM b'pHYs' 3198 9
2019-06-20 03:03:11,813:DEBUG:STREAM b'iTXt' 3219 415
2019-06-20 03:03:11,813:DEBUG:STREAM b'iDOT' 3646 28
2019-06-20 03:03:11,813:DEBUG:b'iDOT' 3646 28 (unknown)
2019-06-20 03:03:11,813:DEBUG:STREAM b'IDAT' 3686 16384
2019-06-20 03:03:12,323:INFO:[1400, 426] Failed Jump. 
2019-06-20 03:03:12,983:INFO:[1994, 472] Waypoint Clicked 
2019-06-20 03:03:13,342:DEBUG:STREAM b'IHDR' 16 13
2019-06-20 03:03:13,342:DEBUG:STREAM b'iCCP' 41 3145
2019-06-20 03:03:13,342:DEBUG:iCCP profile name b'ICC Profile'
2019-06-20 03:03:13,343:DEBUG:Compression method 0
2019-06-20 03:03:13,343:DEBUG:STREAM b'pHYs' 3198 9
2019-06-20 03:03:13,343:DEBUG:STREAM b'iTXt' 3219 415
2019-06-20 03:03:13,343:DEBUG:STREAM b'iDOT' 3646 28
2019-06-20 03:03:13,343:DEBUG:b'iDOT' 3646 28 (unknown)
2019-06-20 03:03:13,343:DEBUG:STREAM b'IDAT' 3686 16384
2019-06-20 03:03:13,885:INFO:[1994, 472] Failed Jump. 
2019-06-20 03:03:14,551:INFO:[1995, 472] Waypoint Clicked 
2019-06-20 03:03:14,918:DEBUG:STREAM b'IHDR' 16 13
2019-06-20 03:03:14,919:DEBUG:STREAM b'iCCP' 41 3145
2019-06-20 03:03:14,919:DEBUG:iCCP profile name b'ICC Profile'
2019-06-20 03:03:14,919:DEBUG:Compression method 0
2019-06-20 03:03:14,919:DEBUG:STREAM b'pHYs' 3198 9
2019-06-20 03:03:14,919:DEBUG:STREAM b'iTXt' 3219 415
2019-06-20 03:03:14,919:DEBUG:STREAM b'iDOT' 3646 28
2019-06-20 03:03:14,919:DEBUG:b'iDOT' 3646 28 (unknown)
2019-06-20 03:03:14,919:DEBUG:STREAM b'IDAT' 3686 16384
2019-06-20 03:03:15,421:INFO:[1995, 472] Failed Jump. 
2019-06-20 03:03:16,083:INFO:[1994, 473] Waypoint Clicked 
2019-06-20 03:03:16,448:DEBUG:STREAM b'IHDR' 16 13
2019-06-20 03:03:16,449:DEBUG:STREAM b'iCCP' 41 3145
2019-06-20 03:03:16,449:DEBUG:iCCP profile name b'ICC Profile'
2019-06-20 03:03:16,449:DEBUG:Compression method 0
2019-06-20 03:03:16,449:DEBUG:STREAM b'pHYs' 3198 9
2019-06-20 03:03:16,449:DEBUG:STREAM b'iTXt' 3219 415
2019-06-20 03:03:16,449:DEBUG:STREAM b'iDOT' 3646 28
2019-06-20 03:03:16,450:DEBUG:b'iDOT' 3646 28 (unknown)
2019-06-20 03:03:16,450:DEBUG:STREAM b'IDAT' 3686 16384
2019-06-20 03:03:16,963:INFO:[1994, 473] Failed Jump. 
2019-06-20 03:03:17,612:INFO:[1060, 478] Waypoint Clicked 
2019-06-20 03:03:17,968:DEBUG:STREAM b'IHDR' 16 13
2019-06-20 03:03:17,969:DEBUG:STREAM b'iCCP' 41 3145
2019-06-20 03:03:17,969:DEBUG:iCCP profile name b'ICC Profile'
2019-06-20 03:03:17,969:DEBUG:Compression method 0
2019-06-20 03:03:17,969:DEBUG:STREAM b'pHYs' 3198 9
2019-06-20 03:03:17,969:DEBUG:STREAM b'iTXt' 3219 415
2019-06-20 03:03:17,969:DEBUG:STREAM b'iDOT' 3646 28
2019-06-20 03:03:17,969:DEBUG:b'iDOT' 3646 28 (unknown)
2019-06-20 03:03:17,969:DEBUG:STREAM b'IDAT' 3686 16384
2019-06-20 03:03:18,461:INFO:[1060, 478] Successful Jump! 
2019-06-20 03:03:18,461:INFO:[1060, 478] Assessing encounter.
2019-06-20 03:03:18,817:DEBUG:STREAM b'IHDR' 16 13
2019-06-20 03:03:18,817:DEBUG:STREAM b'iCCP' 41 3145
2019-06-20 03:03:18,817:DEBUG:iCCP profile name b'ICC Profile'
2019-06-20 03:03:18,817:DEBUG:Compression method 0
2019-06-20 03:03:18,818:DEBUG:STREAM b'pHYs' 3198 9
2019-06-20 03:03:18,818:DEBUG:STREAM b'iTXt' 3219 415
2019-06-20 03:03:18,818:DEBUG:STREAM b'iDOT' 3646 28
2019-06-20 03:03:18,818:DEBUG:b'iDOT' 3646 28 (unknown)
2019-06-20 03:03:18,818:DEBUG:STREAM b'IDAT' 3686 16384
2019-06-20 03:03:19,645:DEBUG:STREAM b'IHDR' 16 13
2019-06-20 03:03:19,646:DEBUG:STREAM b'iCCP' 41 3145
2019-06-20 03:03:19,646:DEBUG:iCCP profile name b'ICC Profile'
2019-06-20 03:03:19,646:DEBUG:Compression method 0
2019-06-20 03:03:19,646:DEBUG:STREAM b'pHYs' 3198 9
2019-06-20 03:03:19,646:DEBUG:STREAM b'iTXt' 3219 415
2019-06-20 03:03:19,647:DEBUG:STREAM b'iDOT' 3646 28
2019-06-20 03:03:19,647:DEBUG:b'iDOT' 3646 28 (unknown)
2019-06-20 03:03:19,647:DEBUG:STREAM b'IDAT' 3686 16384
2019-06-20 03:03:20,118:INFO:[1060, 478] No Ship Encountered.
2019-06-20 03:03:20,119:INFO:Restarting Game.
2019-06-20 03:03:20,255:DEBUG:STREAM b'IHDR' 16 13
2019-06-20 03:03:20,256:DEBUG:STREAM b'iCCP' 41 3145
2019-06-20 03:03:20,256:DEBUG:iCCP profile name b'ICC Profile'
2019-06-20 03:03:20,256:DEBUG:Compression method 0
2019-06-20 03:03:20,256:DEBUG:STREAM b'pHYs' 3198 9
2019-06-20 03:03:20,256:DEBUG:STREAM b'iTXt' 3219 412
2019-06-20 03:03:20,256:DEBUG:STREAM b'iDOT' 3643 28
2019-06-20 03:03:20,256:DEBUG:b'iDOT' 3643 28 (unknown)
2019-06-20 03:03:20,256:DEBUG:STREAM b'IDAT' 3683 1285
2019-06-20 03:03:20,668:DEBUG:STREAM b'IHDR' 16 13
2019-06-20 03:03:20,668:DEBUG:STREAM b'iCCP' 41 3145
2019-06-20 03:03:20,668:DEBUG:iCCP profile name b'ICC Profile'
2019-06-20 03:03:20,668:DEBUG:Compression method 0
2019-06-20 03:03:20,668:DEBUG:STREAM b'pHYs' 3198 9
2019-06-20 03:03:20,669:DEBUG:STREAM b'iTXt' 3219 415
2019-06-20 03:03:20,669:DEBUG:STREAM b'iDOT' 3646 28
2019-06-20 03:03:20,669:DEBUG:b'iDOT' 3646 28 (unknown)
2019-06-20 03:03:20,669:DEBUG:STREAM b'IDAT' 3686 16384
2019-06-20 03:03:21,726:DEBUG:STREAM b'IHDR' 16 13
2019-06-20 03:03:21,726:DEBUG:STREAM b'iCCP' 41 3145
2019-06-20 03:03:21,726:DEBUG:iCCP profile name b'ICC Profile'
2019-06-20 03:03:21,726:DEBUG:Compression method 0
2019-06-20 03:03:21,726:DEBUG:STREAM b'pHYs' 3198 9
2019-06-20 03:03:21,727:DEBUG:STREAM b'iTXt' 3219 411
2019-06-20 03:03:21,727:DEBUG:STREAM b'iDOT' 3642 28
2019-06-20 03:03:21,727:DEBUG:b'iDOT' 3642 28 (unknown)
2019-06-20 03:03:21,727:DEBUG:STREAM b'IDAT' 3682 898
2019-06-20 03:03:22,144:DEBUG:STREAM b'IHDR' 16 13
2019-06-20 03:03:22,145:DEBUG:STREAM b'iCCP' 41 3145
2019-06-20 03:03:22,145:DEBUG:iCCP profile name b'ICC Profile'
2019-06-20 03:03:22,145:DEBUG:Compression method 0
2019-06-20 03:03:22,145:DEBUG:STREAM b'pHYs' 3198 9
2019-06-20 03:03:22,145:DEBUG:STREAM b'iTXt' 3219 415
2019-06-20 03:03:22,145:DEBUG:STREAM b'iDOT' 3646 28
2019-06-20 03:03:22,145:DEBUG:b'iDOT' 3646 28 (unknown)
2019-06-20 03:03:22,145:DEBUG:STREAM b'IDAT' 3686 16384
2019-06-20 03:03:23,168:DEBUG:STREAM b'IHDR' 16 13
2019-06-20 03:03:23,168:DEBUG:STREAM b'iCCP' 41 3093
2019-06-20 03:03:23,168:DEBUG:iCCP profile name b'ICC Profile'
2019-06-20 03:03:23,168:DEBUG:Compression method 0
2019-06-20 03:03:23,168:DEBUG:STREAM b'pHYs' 3146 9
2019-06-20 03:03:23,168:DEBUG:STREAM b'iTXt' 3167 412
2019-06-20 03:03:23,168:DEBUG:STREAM b'iDOT' 3591 28
2019-06-20 03:03:23,168:DEBUG:b'iDOT' 3591 28 (unknown)
2019-06-20 03:03:23,169:DEBUG:STREAM b'IDAT' 3631 3077
2019-06-20 03:03:23,573:DEBUG:STREAM b'IHDR' 16 13
2019-06-20 03:03:23,573:DEBUG:STREAM b'iCCP' 41 3145
2019-06-20 03:03:23,573:DEBUG:iCCP profile name b'ICC Profile'
2019-06-20 03:03:23,573:DEBUG:Compression method 0
2019-06-20 03:03:23,574:DEBUG:STREAM b'pHYs' 3198 9
2019-06-20 03:03:23,574:DEBUG:STREAM b'iTXt' 3219 415
2019-06-20 03:03:23,574:DEBUG:STREAM b'iDOT' 3646 28
2019-06-20 03:03:23,574:DEBUG:b'iDOT' 3646 28 (unknown)
2019-06-20 03:03:23,574:DEBUG:STREAM b'IDAT' 3686 16384
2019-06-20 03:03:24,638:INFO:Playing Game.
2019-06-20 03:03:24,638:DEBUG:STREAM b'IHDR' 16 13
2019-06-20 03:03:24,638:DEBUG:STREAM b'iCCP' 41 3093
2019-06-20 03:03:24,639:DEBUG:iCCP profile name b'ICC Profile'
2019-06-20 03:03:24,639:DEBUG:Compression method 0
2019-06-20 03:03:24,639:DEBUG:STREAM b'pHYs' 3146 9
2019-06-20 03:03:24,639:DEBUG:STREAM b'iTXt' 3167 413
2019-06-20 03:03:24,639:DEBUG:STREAM b'iDOT' 3592 28
2019-06-20 03:03:24,639:DEBUG:b'iDOT' 3592 28 (unknown)
2019-06-20 03:03:24,639:DEBUG:STREAM b'IDAT' 3632 2481
2019-06-20 03:03:25,059:DEBUG:STREAM b'IHDR' 16 13
2019-06-20 03:03:25,059:DEBUG:STREAM b'iCCP' 41 3145
2019-06-20 03:03:25,060:DEBUG:iCCP profile name b'ICC Profile'
2019-06-20 03:03:25,060:DEBUG:Compression method 0
2019-06-20 03:03:25,060:DEBUG:STREAM b'pHYs' 3198 9
2019-06-20 03:03:25,060:DEBUG:STREAM b'iTXt' 3219 415
2019-06-20 03:03:25,060:DEBUG:STREAM b'iDOT' 3646 28
2019-06-20 03:03:25,060:DEBUG:b'iDOT' 3646 28 (unknown)
2019-06-20 03:03:25,060:DEBUG:STREAM b'IDAT' 3686 16384
2019-06-20 03:03:26,143:DEBUG:Collecting Jump Routes.
2019-06-20 03:03:27,095:DEBUG:STREAM b'IHDR' 16 13
2019-06-20 03:03:27,096:DEBUG:STREAM b'iCCP' 41 3145
2019-06-20 03:03:27,096:DEBUG:iCCP profile name b'ICC Profile'
2019-06-20 03:03:27,096:DEBUG:Compression method 0
2019-06-20 03:03:27,096:DEBUG:STREAM b'pHYs' 3198 9
2019-06-20 03:03:27,097:DEBUG:STREAM b'iTXt' 3219 415
2019-06-20 03:03:27,097:DEBUG:STREAM b'iDOT' 3646 28
2019-06-20 03:03:27,097:DEBUG:b'iDOT' 3646 28 (unknown)
2019-06-20 03:03:27,097:DEBUG:STREAM b'IDAT' 3686 16384
2019-06-20 03:03:28,004:DEBUG:STREAM b'IHDR' 16 13
2019-06-20 03:03:28,005:DEBUG:STREAM b'iCCP' 41 3145
2019-06-20 03:03:28,005:DEBUG:iCCP profile name b'ICC Profile'
2019-06-20 03:03:28,005:DEBUG:Compression method 0
2019-06-20 03:03:28,005:DEBUG:STREAM b'pHYs' 3198 9
2019-06-20 03:03:28,005:DEBUG:STREAM b'iTXt' 3219 415
2019-06-20 03:03:28,005:DEBUG:STREAM b'iDOT' 3646 28
2019-06-20 03:03:28,005:DEBUG:b'iDOT' 3646 28 (unknown)
2019-06-20 03:03:28,006:DEBUG:STREAM b'IDAT' 3686 16384
