2019-06-20 21:43:36,332:DEBUG:STREAM b'IHDR' 16 13
2019-06-20 21:43:36,332:DEBUG:STREAM b'iCCP' 41 3145
2019-06-20 21:43:36,332:DEBUG:iCCP profile name b'ICC Profile'
2019-06-20 21:43:36,333:DEBUG:Compression method 0
2019-06-20 21:43:36,333:DEBUG:STREAM b'pHYs' 3198 9
2019-06-20 21:43:36,333:DEBUG:STREAM b'iTXt' 3219 415
2019-06-20 21:43:36,333:DEBUG:STREAM b'iDOT' 3646 28
2019-06-20 21:43:36,333:DEBUG:b'iDOT' 3646 28 (unknown)
2019-06-20 21:43:36,333:DEBUG:STREAM b'IDAT' 3686 16384
2019-06-20 21:43:37,139:DEBUG:STREAM b'IHDR' 16 13
2019-06-20 21:43:37,139:DEBUG:STREAM b'iCCP' 41 3145
2019-06-20 21:43:37,139:DEBUG:iCCP profile name b'ICC Profile'
2019-06-20 21:43:37,139:DEBUG:Compression method 0
2019-06-20 21:43:37,139:DEBUG:STREAM b'pHYs' 3198 9
2019-06-20 21:43:37,139:DEBUG:STREAM b'iTXt' 3219 415
2019-06-20 21:43:37,139:DEBUG:STREAM b'iDOT' 3646 28
2019-06-20 21:43:37,139:DEBUG:b'iDOT' 3646 28 (unknown)
2019-06-20 21:43:37,140:DEBUG:STREAM b'IDAT' 3686 16384
2019-06-20 21:43:38,101:DEBUG:looking for steam icon
2019-06-20 21:43:38,103:DEBUG:STREAM b'IHDR' 16 13
2019-06-20 21:43:38,103:DEBUG:STREAM b'iCCP' 41 3093
2019-06-20 21:43:38,103:DEBUG:iCCP profile name b'ICC Profile'
2019-06-20 21:43:38,103:DEBUG:Compression method 0
2019-06-20 21:43:38,103:DEBUG:STREAM b'pHYs' 3146 9
2019-06-20 21:43:38,103:DEBUG:STREAM b'iTXt' 3167 413
2019-06-20 21:43:38,103:DEBUG:STREAM b'iDOT' 3592 28
2019-06-20 21:43:38,104:DEBUG:b'iDOT' 3592 28 (unknown)
2019-06-20 21:43:38,104:DEBUG:STREAM b'IDAT' 3632 7390
2019-06-20 21:43:38,448:DEBUG:STREAM b'IHDR' 16 13
2019-06-20 21:43:38,449:DEBUG:STREAM b'iCCP' 41 3145
2019-06-20 21:43:38,449:DEBUG:iCCP profile name b'ICC Profile'
2019-06-20 21:43:38,449:DEBUG:Compression method 0
2019-06-20 21:43:38,449:DEBUG:STREAM b'pHYs' 3198 9
2019-06-20 21:43:38,449:DEBUG:STREAM b'iTXt' 3219 415
2019-06-20 21:43:38,449:DEBUG:STREAM b'iDOT' 3646 28
2019-06-20 21:43:38,449:DEBUG:b'iDOT' 3646 28 (unknown)
2019-06-20 21:43:38,449:DEBUG:STREAM b'IDAT' 3686 16384
2019-06-20 21:43:39,422:DEBUG:looking for steam library
2019-06-20 21:43:39,422:DEBUG:STREAM b'IHDR' 16 13
2019-06-20 21:43:39,422:DEBUG:STREAM b'iCCP' 41 3093
2019-06-20 21:43:39,422:DEBUG:iCCP profile name b'ICC Profile'
2019-06-20 21:43:39,423:DEBUG:Compression method 0
2019-06-20 21:43:39,423:DEBUG:STREAM b'pHYs' 3146 9
2019-06-20 21:43:39,423:DEBUG:STREAM b'iTXt' 3167 412
2019-06-20 21:43:39,423:DEBUG:STREAM b'iDOT' 3591 28
2019-06-20 21:43:39,423:DEBUG:b'iDOT' 3591 28 (unknown)
2019-06-20 21:43:39,423:DEBUG:STREAM b'IDAT' 3631 9220
2019-06-20 21:43:39,796:DEBUG:STREAM b'IHDR' 16 13
2019-06-20 21:43:39,796:DEBUG:STREAM b'iCCP' 41 3145
2019-06-20 21:43:39,796:DEBUG:iCCP profile name b'ICC Profile'
2019-06-20 21:43:39,796:DEBUG:Compression method 0
2019-06-20 21:43:39,797:DEBUG:STREAM b'pHYs' 3198 9
2019-06-20 21:43:39,797:DEBUG:STREAM b'iTXt' 3219 415
2019-06-20 21:43:39,797:DEBUG:STREAM b'iDOT' 3646 28
2019-06-20 21:43:39,797:DEBUG:b'iDOT' 3646 28 (unknown)
2019-06-20 21:43:39,797:DEBUG:STREAM b'IDAT' 3686 16384
2019-06-20 21:43:40,811:DEBUG:looking for ftl in steam
2019-06-20 21:43:40,812:DEBUG:STREAM b'IHDR' 16 13
2019-06-20 21:43:40,812:DEBUG:STREAM b'iCCP' 41 3093
2019-06-20 21:43:40,812:DEBUG:iCCP profile name b'ICC Profile'
2019-06-20 21:43:40,812:DEBUG:Compression method 0
2019-06-20 21:43:40,812:DEBUG:STREAM b'pHYs' 3146 9
2019-06-20 21:43:40,812:DEBUG:STREAM b'iTXt' 3167 412
2019-06-20 21:43:40,812:DEBUG:STREAM b'iDOT' 3591 28
2019-06-20 21:43:40,812:DEBUG:b'iDOT' 3591 28 (unknown)
2019-06-20 21:43:40,812:DEBUG:STREAM b'IDAT' 3631 4924
2019-06-20 21:43:41,174:DEBUG:STREAM b'IHDR' 16 13
2019-06-20 21:43:41,175:DEBUG:STREAM b'iCCP' 41 3145
2019-06-20 21:43:41,175:DEBUG:iCCP profile name b'ICC Profile'
2019-06-20 21:43:41,175:DEBUG:Compression method 0
2019-06-20 21:43:41,175:DEBUG:STREAM b'pHYs' 3198 9
2019-06-20 21:43:41,175:DEBUG:STREAM b'iTXt' 3219 415
2019-06-20 21:43:41,175:DEBUG:STREAM b'iDOT' 3646 28
2019-06-20 21:43:41,175:DEBUG:b'iDOT' 3646 28 (unknown)
2019-06-20 21:43:41,175:DEBUG:STREAM b'IDAT' 3686 16384
2019-06-20 21:43:42,176:DEBUG:looking for play button
2019-06-20 21:43:42,176:DEBUG:STREAM b'IHDR' 16 13
2019-06-20 21:43:42,177:DEBUG:STREAM b'iCCP' 41 3093
2019-06-20 21:43:42,177:DEBUG:iCCP profile name b'ICC Profile'
2019-06-20 21:43:42,177:DEBUG:Compression method 0
2019-06-20 21:43:42,177:DEBUG:STREAM b'pHYs' 3146 9
2019-06-20 21:43:42,177:DEBUG:STREAM b'iTXt' 3167 412
2019-06-20 21:43:42,177:DEBUG:STREAM b'iDOT' 3591 28
2019-06-20 21:43:42,177:DEBUG:b'iDOT' 3591 28 (unknown)
2019-06-20 21:43:42,177:DEBUG:STREAM b'IDAT' 3631 7544
2019-06-20 21:43:42,588:DEBUG:STREAM b'IHDR' 16 13
2019-06-20 21:43:42,588:DEBUG:STREAM b'iCCP' 41 3145
2019-06-20 21:43:42,588:DEBUG:iCCP profile name b'ICC Profile'
2019-06-20 21:43:42,588:DEBUG:Compression method 0
2019-06-20 21:43:42,588:DEBUG:STREAM b'pHYs' 3198 9
2019-06-20 21:43:42,588:DEBUG:STREAM b'iTXt' 3219 415
2019-06-20 21:43:42,588:DEBUG:STREAM b'iDOT' 3646 28
2019-06-20 21:43:42,588:DEBUG:b'iDOT' 3646 28 (unknown)
2019-06-20 21:43:42,588:DEBUG:STREAM b'IDAT' 3686 16384
2019-06-20 21:43:43,601:INFO:Game Start: ftl:2019-06-20 21:43:43.601710
2019-06-20 21:43:43,602:INFO:Starting New Game.
2019-06-20 21:43:48,664:DEBUG:STREAM b'IHDR' 16 13
2019-06-20 21:43:48,664:DEBUG:STREAM b'iCCP' 41 3093
2019-06-20 21:43:48,664:DEBUG:iCCP profile name b'ICC Profile'
2019-06-20 21:43:48,664:DEBUG:Compression method 0
2019-06-20 21:43:48,664:DEBUG:STREAM b'pHYs' 3146 9
2019-06-20 21:43:48,664:DEBUG:STREAM b'iTXt' 3167 412
2019-06-20 21:43:48,664:DEBUG:STREAM b'iDOT' 3591 28
2019-06-20 21:43:48,664:DEBUG:b'iDOT' 3591 28 (unknown)
2019-06-20 21:43:48,664:DEBUG:STREAM b'IDAT' 3631 12055
2019-06-20 21:43:49,043:DEBUG:STREAM b'IHDR' 16 13
2019-06-20 21:43:49,043:DEBUG:STREAM b'iCCP' 41 3145
2019-06-20 21:43:49,043:DEBUG:iCCP profile name b'ICC Profile'
2019-06-20 21:43:49,043:DEBUG:Compression method 0
2019-06-20 21:43:49,044:DEBUG:STREAM b'pHYs' 3198 9
2019-06-20 21:43:49,044:DEBUG:STREAM b'iTXt' 3219 415
2019-06-20 21:43:49,044:DEBUG:STREAM b'iDOT' 3646 28
2019-06-20 21:43:49,044:DEBUG:b'iDOT' 3646 28 (unknown)
2019-06-20 21:43:49,044:DEBUG:STREAM b'IDAT' 3686 16384
2019-06-20 21:43:50,377:DEBUG:STREAM b'IHDR' 16 13
2019-06-20 21:43:50,378:DEBUG:STREAM b'iCCP' 41 3093
2019-06-20 21:43:50,378:DEBUG:iCCP profile name b'ICC Profile'
2019-06-20 21:43:50,378:DEBUG:Compression method 0
2019-06-20 21:43:50,378:DEBUG:STREAM b'pHYs' 3146 9
2019-06-20 21:43:50,378:DEBUG:STREAM b'iTXt' 3167 412
2019-06-20 21:43:50,378:DEBUG:STREAM b'iDOT' 3591 28
2019-06-20 21:43:50,378:DEBUG:b'iDOT' 3591 28 (unknown)
2019-06-20 21:43:50,378:DEBUG:STREAM b'IDAT' 3631 1658
2019-06-20 21:43:50,690:DEBUG:STREAM b'IHDR' 16 13
2019-06-20 21:43:50,690:DEBUG:STREAM b'iCCP' 41 3145
2019-06-20 21:43:50,690:DEBUG:iCCP profile name b'ICC Profile'
2019-06-20 21:43:50,690:DEBUG:Compression method 0
2019-06-20 21:43:50,690:DEBUG:STREAM b'pHYs' 3198 9
2019-06-20 21:43:50,690:DEBUG:STREAM b'iTXt' 3219 415
2019-06-20 21:43:50,691:DEBUG:STREAM b'iDOT' 3646 28
2019-06-20 21:43:50,691:DEBUG:b'iDOT' 3646 28 (unknown)
2019-06-20 21:43:50,691:DEBUG:STREAM b'IDAT' 3686 16384
2019-06-20 21:43:51,715:DEBUG:STREAM b'IHDR' 16 13
2019-06-20 21:43:51,715:DEBUG:STREAM b'iCCP' 41 3093
2019-06-20 21:43:51,715:DEBUG:iCCP profile name b'ICC Profile'
2019-06-20 21:43:51,715:DEBUG:Compression method 0
2019-06-20 21:43:51,715:DEBUG:STREAM b'pHYs' 3146 9
2019-06-20 21:43:51,715:DEBUG:STREAM b'iTXt' 3167 413
2019-06-20 21:43:51,716:DEBUG:STREAM b'iDOT' 3592 28
2019-06-20 21:43:51,716:DEBUG:b'iDOT' 3592 28 (unknown)
2019-06-20 21:43:51,716:DEBUG:STREAM b'IDAT' 3632 3594
2019-06-20 21:43:52,053:DEBUG:STREAM b'IHDR' 16 13
2019-06-20 21:43:52,053:DEBUG:STREAM b'iCCP' 41 3145
2019-06-20 21:43:52,053:DEBUG:iCCP profile name b'ICC Profile'
2019-06-20 21:43:52,053:DEBUG:Compression method 0
2019-06-20 21:43:52,054:DEBUG:STREAM b'pHYs' 3198 9
2019-06-20 21:43:52,054:DEBUG:STREAM b'iTXt' 3219 415
2019-06-20 21:43:52,054:DEBUG:STREAM b'iDOT' 3646 28
2019-06-20 21:43:52,054:DEBUG:b'iDOT' 3646 28 (unknown)
2019-06-20 21:43:52,054:DEBUG:STREAM b'IDAT' 3686 16384
2019-06-20 21:43:53,163:DEBUG:STREAM b'IHDR' 16 13
2019-06-20 21:43:53,163:DEBUG:STREAM b'iCCP' 41 3093
2019-06-20 21:43:53,163:DEBUG:iCCP profile name b'ICC Profile'
2019-06-20 21:43:53,163:DEBUG:Compression method 0
2019-06-20 21:43:53,163:DEBUG:STREAM b'pHYs' 3146 9
2019-06-20 21:43:53,163:DEBUG:STREAM b'iTXt' 3167 412
2019-06-20 21:43:53,163:DEBUG:STREAM b'iDOT' 3591 28
2019-06-20 21:43:53,164:DEBUG:b'iDOT' 3591 28 (unknown)
2019-06-20 21:43:53,164:DEBUG:STREAM b'IDAT' 3631 3077
2019-06-20 21:43:53,534:DEBUG:STREAM b'IHDR' 16 13
2019-06-20 21:43:53,534:DEBUG:STREAM b'iCCP' 41 3145
2019-06-20 21:43:53,534:DEBUG:iCCP profile name b'ICC Profile'
2019-06-20 21:43:53,534:DEBUG:Compression method 0
2019-06-20 21:43:53,535:DEBUG:STREAM b'pHYs' 3198 9
2019-06-20 21:43:53,535:DEBUG:STREAM b'iTXt' 3219 415
2019-06-20 21:43:53,535:DEBUG:STREAM b'iDOT' 3646 28
2019-06-20 21:43:53,535:DEBUG:b'iDOT' 3646 28 (unknown)
2019-06-20 21:43:53,535:DEBUG:STREAM b'IDAT' 3686 16384
2019-06-20 21:43:54,564:INFO:Playing Game.
2019-06-20 21:43:54,567:DEBUG:STREAM b'IHDR' 16 13
2019-06-20 21:43:54,567:DEBUG:STREAM b'iCCP' 41 3093
2019-06-20 21:43:54,568:DEBUG:iCCP profile name b'ICC Profile'
2019-06-20 21:43:54,568:DEBUG:Compression method 0
2019-06-20 21:43:54,568:DEBUG:STREAM b'pHYs' 3146 9
2019-06-20 21:43:54,568:DEBUG:STREAM b'iTXt' 3167 413
2019-06-20 21:43:54,568:DEBUG:STREAM b'iDOT' 3592 28
2019-06-20 21:43:54,568:DEBUG:b'iDOT' 3592 28 (unknown)
2019-06-20 21:43:54,568:DEBUG:STREAM b'IDAT' 3632 2481
2019-06-20 21:43:54,916:DEBUG:STREAM b'IHDR' 16 13
2019-06-20 21:43:54,917:DEBUG:STREAM b'iCCP' 41 3145
2019-06-20 21:43:54,917:DEBUG:iCCP profile name b'ICC Profile'
2019-06-20 21:43:54,917:DEBUG:Compression method 0
2019-06-20 21:43:54,917:DEBUG:STREAM b'pHYs' 3198 9
2019-06-20 21:43:54,917:DEBUG:STREAM b'iTXt' 3219 415
2019-06-20 21:43:54,917:DEBUG:STREAM b'iDOT' 3646 28
2019-06-20 21:43:54,917:DEBUG:b'iDOT' 3646 28 (unknown)
2019-06-20 21:43:54,917:DEBUG:STREAM b'IDAT' 3686 16384
2019-06-20 21:43:55,960:DEBUG:Collecting Jump Routes.
2019-06-20 21:43:56,838:DEBUG:STREAM b'IHDR' 16 13
2019-06-20 21:43:56,838:DEBUG:STREAM b'iCCP' 41 3145
2019-06-20 21:43:56,838:DEBUG:iCCP profile name b'ICC Profile'
2019-06-20 21:43:56,838:DEBUG:Compression method 0
2019-06-20 21:43:56,838:DEBUG:STREAM b'pHYs' 3198 9
2019-06-20 21:43:56,838:DEBUG:STREAM b'iTXt' 3219 415
2019-06-20 21:43:56,838:DEBUG:STREAM b'iDOT' 3646 28
2019-06-20 21:43:56,838:DEBUG:b'iDOT' 3646 28 (unknown)
2019-06-20 21:43:56,838:DEBUG:STREAM b'IDAT' 3686 16384
2019-06-20 21:43:57,683:DEBUG:STREAM b'IHDR' 16 13
2019-06-20 21:43:57,683:DEBUG:STREAM b'iCCP' 41 3145
2019-06-20 21:43:57,683:DEBUG:iCCP profile name b'ICC Profile'
2019-06-20 21:43:57,683:DEBUG:Compression method 0
2019-06-20 21:43:57,683:DEBUG:STREAM b'pHYs' 3198 9
2019-06-20 21:43:57,684:DEBUG:STREAM b'iTXt' 3219 415
2019-06-20 21:43:57,684:DEBUG:STREAM b'iDOT' 3646 28
2019-06-20 21:43:57,684:DEBUG:b'iDOT' 3646 28 (unknown)
2019-06-20 21:43:57,684:DEBUG:STREAM b'IDAT' 3686 16384
2019-06-20 21:43:58,526:DEBUG:STREAM b'IHDR' 16 13
2019-06-20 21:43:58,527:DEBUG:STREAM b'iCCP' 41 3145
2019-06-20 21:43:58,527:DEBUG:iCCP profile name b'ICC Profile'
2019-06-20 21:43:58,527:DEBUG:Compression method 0
2019-06-20 21:43:58,527:DEBUG:STREAM b'pHYs' 3198 9
2019-06-20 21:43:58,527:DEBUG:STREAM b'iTXt' 3219 415
2019-06-20 21:43:58,527:DEBUG:STREAM b'iDOT' 3646 28
2019-06-20 21:43:58,527:DEBUG:b'iDOT' 3646 28 (unknown)
2019-06-20 21:43:58,527:DEBUG:STREAM b'IDAT' 3686 16384
2019-06-20 21:43:59,617:INFO:[1234, 402] Waypoint Clicked 
