2019-06-21 00:36:32,749:DEBUG:STREAM b'IHDR' 16 13
2019-06-21 00:36:32,749:DEBUG:STREAM b'iCCP' 41 3145
2019-06-21 00:36:32,749:DEBUG:iCCP profile name b'ICC Profile'
2019-06-21 00:36:32,749:DEBUG:Compression method 0
2019-06-21 00:36:32,750:DEBUG:STREAM b'pHYs' 3198 9
2019-06-21 00:36:32,750:DEBUG:STREAM b'iTXt' 3219 415
2019-06-21 00:36:32,750:DEBUG:STREAM b'iDOT' 3646 28
2019-06-21 00:36:32,750:DEBUG:b'iDOT' 3646 28 (unknown)
2019-06-21 00:36:32,750:DEBUG:STREAM b'IDAT' 3686 16384
2019-06-21 00:36:33,668:DEBUG:STREAM b'IHDR' 16 13
2019-06-21 00:36:33,669:DEBUG:STREAM b'iCCP' 41 3145
2019-06-21 00:36:33,669:DEBUG:iCCP profile name b'ICC Profile'
2019-06-21 00:36:33,669:DEBUG:Compression method 0
2019-06-21 00:36:33,669:DEBUG:STREAM b'pHYs' 3198 9
2019-06-21 00:36:33,669:DEBUG:STREAM b'iTXt' 3219 415
2019-06-21 00:36:33,669:DEBUG:STREAM b'iDOT' 3646 28
2019-06-21 00:36:33,669:DEBUG:b'iDOT' 3646 28 (unknown)
2019-06-21 00:36:33,670:DEBUG:STREAM b'IDAT' 3686 16384
2019-06-21 00:36:34,572:DEBUG:looking for steam icon
2019-06-21 00:36:34,579:DEBUG:STREAM b'IHDR' 16 13
2019-06-21 00:36:34,579:DEBUG:STREAM b'iCCP' 41 3093
2019-06-21 00:36:34,579:DEBUG:iCCP profile name b'ICC Profile'
2019-06-21 00:36:34,579:DEBUG:Compression method 0
2019-06-21 00:36:34,580:DEBUG:STREAM b'pHYs' 3146 9
2019-06-21 00:36:34,580:DEBUG:STREAM b'iTXt' 3167 413
2019-06-21 00:36:34,580:DEBUG:STREAM b'iDOT' 3592 28
2019-06-21 00:36:34,580:DEBUG:b'iDOT' 3592 28 (unknown)
2019-06-21 00:36:34,580:DEBUG:STREAM b'IDAT' 3632 7390
2019-06-21 00:36:34,890:DEBUG:STREAM b'IHDR' 16 13
2019-06-21 00:36:34,891:DEBUG:STREAM b'iCCP' 41 3145
2019-06-21 00:36:34,891:DEBUG:iCCP profile name b'ICC Profile'
2019-06-21 00:36:34,891:DEBUG:Compression method 0
2019-06-21 00:36:34,891:DEBUG:STREAM b'pHYs' 3198 9
2019-06-21 00:36:34,891:DEBUG:STREAM b'iTXt' 3219 415
2019-06-21 00:36:34,891:DEBUG:STREAM b'iDOT' 3646 28
2019-06-21 00:36:34,891:DEBUG:b'iDOT' 3646 28 (unknown)
2019-06-21 00:36:34,891:DEBUG:STREAM b'IDAT' 3686 16384
2019-06-21 00:36:35,857:DEBUG:looking for steam library
2019-06-21 00:36:35,860:DEBUG:STREAM b'IHDR' 16 13
2019-06-21 00:36:35,860:DEBUG:STREAM b'iCCP' 41 3093
2019-06-21 00:36:35,860:DEBUG:iCCP profile name b'ICC Profile'
2019-06-21 00:36:35,860:DEBUG:Compression method 0
2019-06-21 00:36:35,860:DEBUG:STREAM b'pHYs' 3146 9
2019-06-21 00:36:35,860:DEBUG:STREAM b'iTXt' 3167 412
2019-06-21 00:36:35,860:DEBUG:STREAM b'iDOT' 3591 28
2019-06-21 00:36:35,860:DEBUG:b'iDOT' 3591 28 (unknown)
2019-06-21 00:36:35,860:DEBUG:STREAM b'IDAT' 3631 9220
2019-06-21 00:36:36,200:DEBUG:STREAM b'IHDR' 16 13
2019-06-21 00:36:36,200:DEBUG:STREAM b'iCCP' 41 3145
2019-06-21 00:36:36,200:DEBUG:iCCP profile name b'ICC Profile'
2019-06-21 00:36:36,201:DEBUG:Compression method 0
2019-06-21 00:36:36,201:DEBUG:STREAM b'pHYs' 3198 9
2019-06-21 00:36:36,201:DEBUG:STREAM b'iTXt' 3219 415
2019-06-21 00:36:36,201:DEBUG:STREAM b'iDOT' 3646 28
2019-06-21 00:36:36,201:DEBUG:b'iDOT' 3646 28 (unknown)
2019-06-21 00:36:36,201:DEBUG:STREAM b'IDAT' 3686 16384
2019-06-21 00:36:37,220:DEBUG:looking for ftl in steam
2019-06-21 00:36:37,222:DEBUG:STREAM b'IHDR' 16 13
2019-06-21 00:36:37,223:DEBUG:STREAM b'iCCP' 41 3093
2019-06-21 00:36:37,223:DEBUG:iCCP profile name b'ICC Profile'
2019-06-21 00:36:37,223:DEBUG:Compression method 0
2019-06-21 00:36:37,223:DEBUG:STREAM b'pHYs' 3146 9
2019-06-21 00:36:37,223:DEBUG:STREAM b'iTXt' 3167 412
2019-06-21 00:36:37,223:DEBUG:STREAM b'iDOT' 3591 28
2019-06-21 00:36:37,223:DEBUG:b'iDOT' 3591 28 (unknown)
2019-06-21 00:36:37,223:DEBUG:STREAM b'IDAT' 3631 4924
2019-06-21 00:36:37,601:DEBUG:STREAM b'IHDR' 16 13
2019-06-21 00:36:37,601:DEBUG:STREAM b'iCCP' 41 3145
2019-06-21 00:36:37,601:DEBUG:iCCP profile name b'ICC Profile'
2019-06-21 00:36:37,602:DEBUG:Compression method 0
2019-06-21 00:36:37,602:DEBUG:STREAM b'pHYs' 3198 9
2019-06-21 00:36:37,602:DEBUG:STREAM b'iTXt' 3219 415
2019-06-21 00:36:37,602:DEBUG:STREAM b'iDOT' 3646 28
2019-06-21 00:36:37,602:DEBUG:b'iDOT' 3646 28 (unknown)
2019-06-21 00:36:37,602:DEBUG:STREAM b'IDAT' 3686 16384
2019-06-21 00:36:38,588:DEBUG:looking for play button
2019-06-21 00:36:38,591:DEBUG:STREAM b'IHDR' 16 13
2019-06-21 00:36:38,591:DEBUG:STREAM b'iCCP' 41 3093
2019-06-21 00:36:38,591:DEBUG:iCCP profile name b'ICC Profile'
2019-06-21 00:36:38,591:DEBUG:Compression method 0
2019-06-21 00:36:38,591:DEBUG:STREAM b'pHYs' 3146 9
2019-06-21 00:36:38,592:DEBUG:STREAM b'iTXt' 3167 412
2019-06-21 00:36:38,592:DEBUG:STREAM b'iDOT' 3591 28
2019-06-21 00:36:38,592:DEBUG:b'iDOT' 3591 28 (unknown)
2019-06-21 00:36:38,592:DEBUG:STREAM b'IDAT' 3631 7544
2019-06-21 00:36:38,937:DEBUG:STREAM b'IHDR' 16 13
2019-06-21 00:36:38,938:DEBUG:STREAM b'iCCP' 41 3145
2019-06-21 00:36:38,938:DEBUG:iCCP profile name b'ICC Profile'
2019-06-21 00:36:38,938:DEBUG:Compression method 0
2019-06-21 00:36:38,938:DEBUG:STREAM b'pHYs' 3198 9
2019-06-21 00:36:38,938:DEBUG:STREAM b'iTXt' 3219 415
2019-06-21 00:36:38,938:DEBUG:STREAM b'iDOT' 3646 28
2019-06-21 00:36:38,938:DEBUG:b'iDOT' 3646 28 (unknown)
2019-06-21 00:36:38,938:DEBUG:STREAM b'IDAT' 3686 16384
2019-06-21 00:36:39,968:INFO:Game Start: ftl:2019-06-21 00:36:39.967858
2019-06-21 00:36:39,968:INFO:Starting New Game.
2019-06-21 00:36:45,012:DEBUG:STREAM b'IHDR' 16 13
2019-06-21 00:36:45,013:DEBUG:STREAM b'iCCP' 41 3093
2019-06-21 00:36:45,013:DEBUG:iCCP profile name b'ICC Profile'
2019-06-21 00:36:45,013:DEBUG:Compression method 0
2019-06-21 00:36:45,013:DEBUG:STREAM b'pHYs' 3146 9
2019-06-21 00:36:45,013:DEBUG:STREAM b'iTXt' 3167 412
2019-06-21 00:36:45,014:DEBUG:STREAM b'iDOT' 3591 28
2019-06-21 00:36:45,014:DEBUG:b'iDOT' 3591 28 (unknown)
2019-06-21 00:36:45,014:DEBUG:STREAM b'IDAT' 3631 12055
2019-06-21 00:36:45,396:DEBUG:STREAM b'IHDR' 16 13
2019-06-21 00:36:45,396:DEBUG:STREAM b'iCCP' 41 3145
2019-06-21 00:36:45,396:DEBUG:iCCP profile name b'ICC Profile'
2019-06-21 00:36:45,396:DEBUG:Compression method 0
2019-06-21 00:36:45,397:DEBUG:STREAM b'pHYs' 3198 9
2019-06-21 00:36:45,397:DEBUG:STREAM b'iTXt' 3219 415
2019-06-21 00:36:45,397:DEBUG:STREAM b'iDOT' 3646 28
2019-06-21 00:36:45,397:DEBUG:b'iDOT' 3646 28 (unknown)
2019-06-21 00:36:45,397:DEBUG:STREAM b'IDAT' 3686 16384
2019-06-21 00:36:46,575:DEBUG:STREAM b'IHDR' 16 13
2019-06-21 00:36:46,575:DEBUG:STREAM b'iCCP' 41 3093
2019-06-21 00:36:46,576:DEBUG:iCCP profile name b'ICC Profile'
2019-06-21 00:36:46,576:DEBUG:Compression method 0
2019-06-21 00:36:46,576:DEBUG:STREAM b'pHYs' 3146 9
2019-06-21 00:36:46,576:DEBUG:STREAM b'iTXt' 3167 412
2019-06-21 00:36:46,576:DEBUG:STREAM b'iDOT' 3591 28
2019-06-21 00:36:46,576:DEBUG:b'iDOT' 3591 28 (unknown)
2019-06-21 00:36:46,576:DEBUG:STREAM b'IDAT' 3631 1658
2019-06-21 00:36:46,877:DEBUG:STREAM b'IHDR' 16 13
2019-06-21 00:36:46,878:DEBUG:STREAM b'iCCP' 41 3145
2019-06-21 00:36:46,878:DEBUG:iCCP profile name b'ICC Profile'
2019-06-21 00:36:46,878:DEBUG:Compression method 0
2019-06-21 00:36:46,878:DEBUG:STREAM b'pHYs' 3198 9
2019-06-21 00:36:46,878:DEBUG:STREAM b'iTXt' 3219 415
2019-06-21 00:36:46,878:DEBUG:STREAM b'iDOT' 3646 28
2019-06-21 00:36:46,879:DEBUG:b'iDOT' 3646 28 (unknown)
2019-06-21 00:36:46,879:DEBUG:STREAM b'IDAT' 3686 16384
2019-06-21 00:36:47,909:DEBUG:STREAM b'IHDR' 16 13
2019-06-21 00:36:47,909:DEBUG:STREAM b'iCCP' 41 3093
2019-06-21 00:36:47,909:DEBUG:iCCP profile name b'ICC Profile'
2019-06-21 00:36:47,909:DEBUG:Compression method 0
2019-06-21 00:36:47,909:DEBUG:STREAM b'pHYs' 3146 9
2019-06-21 00:36:47,909:DEBUG:STREAM b'iTXt' 3167 413
2019-06-21 00:36:47,910:DEBUG:STREAM b'iDOT' 3592 28
2019-06-21 00:36:47,910:DEBUG:b'iDOT' 3592 28 (unknown)
2019-06-21 00:36:47,910:DEBUG:STREAM b'IDAT' 3632 3594
2019-06-21 00:36:48,218:DEBUG:STREAM b'IHDR' 16 13
2019-06-21 00:36:48,218:DEBUG:STREAM b'iCCP' 41 3145
2019-06-21 00:36:48,218:DEBUG:iCCP profile name b'ICC Profile'
2019-06-21 00:36:48,218:DEBUG:Compression method 0
2019-06-21 00:36:48,218:DEBUG:STREAM b'pHYs' 3198 9
2019-06-21 00:36:48,218:DEBUG:STREAM b'iTXt' 3219 415
2019-06-21 00:36:48,218:DEBUG:STREAM b'iDOT' 3646 28
2019-06-21 00:36:48,218:DEBUG:b'iDOT' 3646 28 (unknown)
2019-06-21 00:36:48,219:DEBUG:STREAM b'IDAT' 3686 16384
2019-06-21 00:36:49,280:DEBUG:STREAM b'IHDR' 16 13
2019-06-21 00:36:49,280:DEBUG:STREAM b'iCCP' 41 3093
2019-06-21 00:36:49,281:DEBUG:iCCP profile name b'ICC Profile'
2019-06-21 00:36:49,281:DEBUG:Compression method 0
2019-06-21 00:36:49,281:DEBUG:STREAM b'pHYs' 3146 9
2019-06-21 00:36:49,281:DEBUG:STREAM b'iTXt' 3167 412
2019-06-21 00:36:49,281:DEBUG:STREAM b'iDOT' 3591 28
2019-06-21 00:36:49,281:DEBUG:b'iDOT' 3591 28 (unknown)
2019-06-21 00:36:49,281:DEBUG:STREAM b'IDAT' 3631 3077
2019-06-21 00:36:49,631:DEBUG:STREAM b'IHDR' 16 13
2019-06-21 00:36:49,632:DEBUG:STREAM b'iCCP' 41 3145
2019-06-21 00:36:49,632:DEBUG:iCCP profile name b'ICC Profile'
2019-06-21 00:36:49,632:DEBUG:Compression method 0
2019-06-21 00:36:49,632:DEBUG:STREAM b'pHYs' 3198 9
2019-06-21 00:36:49,632:DEBUG:STREAM b'iTXt' 3219 415
2019-06-21 00:36:49,632:DEBUG:STREAM b'iDOT' 3646 28
2019-06-21 00:36:49,632:DEBUG:b'iDOT' 3646 28 (unknown)
2019-06-21 00:36:49,633:DEBUG:STREAM b'IDAT' 3686 16384
2019-06-21 00:36:50,655:INFO:Playing Game.
2019-06-21 00:36:50,658:DEBUG:STREAM b'IHDR' 16 13
2019-06-21 00:36:50,658:DEBUG:STREAM b'iCCP' 41 3093
2019-06-21 00:36:50,658:DEBUG:iCCP profile name b'ICC Profile'
2019-06-21 00:36:50,658:DEBUG:Compression method 0
2019-06-21 00:36:50,658:DEBUG:STREAM b'pHYs' 3146 9
2019-06-21 00:36:50,658:DEBUG:STREAM b'iTXt' 3167 413
2019-06-21 00:36:50,659:DEBUG:STREAM b'iDOT' 3592 28
2019-06-21 00:36:50,659:DEBUG:b'iDOT' 3592 28 (unknown)
2019-06-21 00:36:50,659:DEBUG:STREAM b'IDAT' 3632 2481
2019-06-21 00:36:51,030:DEBUG:STREAM b'IHDR' 16 13
2019-06-21 00:36:51,031:DEBUG:STREAM b'iCCP' 41 3145
2019-06-21 00:36:51,031:DEBUG:iCCP profile name b'ICC Profile'
2019-06-21 00:36:51,031:DEBUG:Compression method 0
2019-06-21 00:36:51,031:DEBUG:STREAM b'pHYs' 3198 9
2019-06-21 00:36:51,031:DEBUG:STREAM b'iTXt' 3219 415
2019-06-21 00:36:51,031:DEBUG:STREAM b'iDOT' 3646 28
2019-06-21 00:36:51,031:DEBUG:b'iDOT' 3646 28 (unknown)
2019-06-21 00:36:51,031:DEBUG:STREAM b'IDAT' 3686 16384
2019-06-21 00:36:52,097:DEBUG:Collecting Jump Routes.
2019-06-21 00:36:52,948:DEBUG:STREAM b'IHDR' 16 13
2019-06-21 00:36:52,948:DEBUG:STREAM b'iCCP' 41 3145
2019-06-21 00:36:52,949:DEBUG:iCCP profile name b'ICC Profile'
2019-06-21 00:36:52,949:DEBUG:Compression method 0
2019-06-21 00:36:52,949:DEBUG:STREAM b'pHYs' 3198 9
2019-06-21 00:36:52,949:DEBUG:STREAM b'iTXt' 3219 415
2019-06-21 00:36:52,949:DEBUG:STREAM b'iDOT' 3646 28
2019-06-21 00:36:52,949:DEBUG:b'iDOT' 3646 28 (unknown)
2019-06-21 00:36:52,949:DEBUG:STREAM b'IDAT' 3686 16384
2019-06-21 00:36:53,785:DEBUG:STREAM b'IHDR' 16 13
2019-06-21 00:36:53,785:DEBUG:STREAM b'iCCP' 41 3145
2019-06-21 00:36:53,785:DEBUG:iCCP profile name b'ICC Profile'
2019-06-21 00:36:53,785:DEBUG:Compression method 0
2019-06-21 00:36:53,786:DEBUG:STREAM b'pHYs' 3198 9
2019-06-21 00:36:53,786:DEBUG:STREAM b'iTXt' 3219 415
2019-06-21 00:36:53,786:DEBUG:STREAM b'iDOT' 3646 28
2019-06-21 00:36:53,786:DEBUG:b'iDOT' 3646 28 (unknown)
2019-06-21 00:36:53,786:DEBUG:STREAM b'IDAT' 3686 16384
2019-06-21 00:36:54,584:DEBUG:STREAM b'IHDR' 16 13
2019-06-21 00:36:54,584:DEBUG:STREAM b'iCCP' 41 3145
2019-06-21 00:36:54,585:DEBUG:iCCP profile name b'ICC Profile'
2019-06-21 00:36:54,585:DEBUG:Compression method 0
2019-06-21 00:36:54,585:DEBUG:STREAM b'pHYs' 3198 9
2019-06-21 00:36:54,585:DEBUG:STREAM b'iTXt' 3219 415
2019-06-21 00:36:54,585:DEBUG:STREAM b'iDOT' 3646 28
2019-06-21 00:36:54,585:DEBUG:b'iDOT' 3646 28 (unknown)
2019-06-21 00:36:54,585:DEBUG:STREAM b'IDAT' 3686 16384
2019-06-21 00:36:55,648:INFO:[1216, 384] Waypoint Clicked 
2019-06-21 00:36:56,013:DEBUG:STREAM b'IHDR' 16 13
2019-06-21 00:36:56,014:DEBUG:STREAM b'iCCP' 41 3145
2019-06-21 00:36:56,014:DEBUG:iCCP profile name b'ICC Profile'
2019-06-21 00:36:56,014:DEBUG:Compression method 0
2019-06-21 00:36:56,014:DEBUG:STREAM b'pHYs' 3198 9
2019-06-21 00:36:56,014:DEBUG:STREAM b'iTXt' 3219 415
2019-06-21 00:36:56,014:DEBUG:STREAM b'iDOT' 3646 28
2019-06-21 00:36:56,015:DEBUG:b'iDOT' 3646 28 (unknown)
2019-06-21 00:36:56,015:DEBUG:STREAM b'IDAT' 3686 16384
2019-06-21 00:36:56,537:INFO:[1216, 384] Failed Jump. 
2019-06-21 00:36:57,198:INFO:[1704, 390] Waypoint Clicked 
2019-06-21 00:36:57,575:DEBUG:STREAM b'IHDR' 16 13
2019-06-21 00:36:57,576:DEBUG:STREAM b'iCCP' 41 3145
2019-06-21 00:36:57,576:DEBUG:iCCP profile name b'ICC Profile'
2019-06-21 00:36:57,576:DEBUG:Compression method 0
2019-06-21 00:36:57,576:DEBUG:STREAM b'pHYs' 3198 9
2019-06-21 00:36:57,576:DEBUG:STREAM b'iTXt' 3219 415
2019-06-21 00:36:57,576:DEBUG:STREAM b'iDOT' 3646 28
2019-06-21 00:36:57,576:DEBUG:b'iDOT' 3646 28 (unknown)
2019-06-21 00:36:57,576:DEBUG:STREAM b'IDAT' 3686 16384
2019-06-21 00:36:58,056:INFO:[1704, 390] Failed Jump. 
2019-06-21 00:36:58,714:INFO:[1705, 390] Waypoint Clicked 
2019-06-21 00:36:59,051:DEBUG:STREAM b'IHDR' 16 13
2019-06-21 00:36:59,052:DEBUG:STREAM b'iCCP' 41 3145
2019-06-21 00:36:59,052:DEBUG:iCCP profile name b'ICC Profile'
2019-06-21 00:36:59,052:DEBUG:Compression method 0
2019-06-21 00:36:59,052:DEBUG:STREAM b'pHYs' 3198 9
2019-06-21 00:36:59,052:DEBUG:STREAM b'iTXt' 3219 415
2019-06-21 00:36:59,052:DEBUG:STREAM b'iDOT' 3646 28
2019-06-21 00:36:59,052:DEBUG:b'iDOT' 3646 28 (unknown)
2019-06-21 00:36:59,052:DEBUG:STREAM b'IDAT' 3686 16384
2019-06-21 00:36:59,566:INFO:[1705, 390] Failed Jump. 
2019-06-21 00:37:00,205:INFO:[1998, 422] Waypoint Clicked 
2019-06-21 00:37:00,556:DEBUG:STREAM b'IHDR' 16 13
2019-06-21 00:37:00,556:DEBUG:STREAM b'iCCP' 41 3145
2019-06-21 00:37:00,556:DEBUG:iCCP profile name b'ICC Profile'
2019-06-21 00:37:00,556:DEBUG:Compression method 0
2019-06-21 00:37:00,556:DEBUG:STREAM b'pHYs' 3198 9
2019-06-21 00:37:00,556:DEBUG:STREAM b'iTXt' 3219 415
2019-06-21 00:37:00,557:DEBUG:STREAM b'iDOT' 3646 28
2019-06-21 00:37:00,557:DEBUG:b'iDOT' 3646 28 (unknown)
2019-06-21 00:37:00,557:DEBUG:STREAM b'IDAT' 3686 16384
2019-06-21 00:37:01,038:INFO:[1998, 422] Failed Jump. 
2019-06-21 00:37:01,678:INFO:[1999, 422] Waypoint Clicked 
2019-06-21 00:37:02,027:DEBUG:STREAM b'IHDR' 16 13
2019-06-21 00:37:02,027:DEBUG:STREAM b'iCCP' 41 3145
2019-06-21 00:37:02,027:DEBUG:iCCP profile name b'ICC Profile'
2019-06-21 00:37:02,027:DEBUG:Compression method 0
2019-06-21 00:37:02,028:DEBUG:STREAM b'pHYs' 3198 9
2019-06-21 00:37:02,028:DEBUG:STREAM b'iTXt' 3219 415
2019-06-21 00:37:02,028:DEBUG:STREAM b'iDOT' 3646 28
2019-06-21 00:37:02,028:DEBUG:b'iDOT' 3646 28 (unknown)
2019-06-21 00:37:02,028:DEBUG:STREAM b'IDAT' 3686 16384
2019-06-21 00:37:02,531:INFO:[1999, 422] Failed Jump. 
2019-06-21 00:37:03,184:INFO:[1998, 423] Waypoint Clicked 
2019-06-21 00:37:03,556:DEBUG:STREAM b'IHDR' 16 13
2019-06-21 00:37:03,557:DEBUG:STREAM b'iCCP' 41 3145
2019-06-21 00:37:03,557:DEBUG:iCCP profile name b'ICC Profile'
2019-06-21 00:37:03,557:DEBUG:Compression method 0
2019-06-21 00:37:03,558:DEBUG:STREAM b'pHYs' 3198 9
2019-06-21 00:37:03,558:DEBUG:STREAM b'iTXt' 3219 415
2019-06-21 00:37:03,558:DEBUG:STREAM b'iDOT' 3646 28
2019-06-21 00:37:03,558:DEBUG:b'iDOT' 3646 28 (unknown)
2019-06-21 00:37:03,558:DEBUG:STREAM b'IDAT' 3686 16384
2019-06-21 00:37:04,041:INFO:[1998, 423] Failed Jump. 
2019-06-21 00:37:04,680:INFO:[1456, 436] Waypoint Clicked 
2019-06-21 00:37:05,025:DEBUG:STREAM b'IHDR' 16 13
2019-06-21 00:37:05,026:DEBUG:STREAM b'iCCP' 41 3145
2019-06-21 00:37:05,026:DEBUG:iCCP profile name b'ICC Profile'
2019-06-21 00:37:05,026:DEBUG:Compression method 0
2019-06-21 00:37:05,026:DEBUG:STREAM b'pHYs' 3198 9
2019-06-21 00:37:05,026:DEBUG:STREAM b'iTXt' 3219 415
2019-06-21 00:37:05,026:DEBUG:STREAM b'iDOT' 3646 28
2019-06-21 00:37:05,026:DEBUG:b'iDOT' 3646 28 (unknown)
2019-06-21 00:37:05,026:DEBUG:STREAM b'IDAT' 3686 16384
2019-06-21 00:37:05,524:INFO:[1456, 436] Failed Jump. 
2019-06-21 00:37:06,173:INFO:[1028, 508] Waypoint Clicked 
2019-06-21 00:37:06,532:DEBUG:STREAM b'IHDR' 16 13
2019-06-21 00:37:06,532:DEBUG:STREAM b'iCCP' 41 3145
2019-06-21 00:37:06,532:DEBUG:iCCP profile name b'ICC Profile'
2019-06-21 00:37:06,532:DEBUG:Compression method 0
2019-06-21 00:37:06,532:DEBUG:STREAM b'pHYs' 3198 9
2019-06-21 00:37:06,532:DEBUG:STREAM b'iTXt' 3219 415
2019-06-21 00:37:06,532:DEBUG:STREAM b'iDOT' 3646 28
2019-06-21 00:37:06,532:DEBUG:b'iDOT' 3646 28 (unknown)
2019-06-21 00:37:06,532:DEBUG:STREAM b'IDAT' 3686 16384
2019-06-21 00:37:07,028:INFO:[1028, 508] Failed Jump. 
2019-06-21 00:37:07,673:INFO:[1029, 508] Waypoint Clicked 
2019-06-21 00:37:08,026:DEBUG:STREAM b'IHDR' 16 13
2019-06-21 00:37:08,026:DEBUG:STREAM b'iCCP' 41 3145
2019-06-21 00:37:08,027:DEBUG:iCCP profile name b'ICC Profile'
2019-06-21 00:37:08,027:DEBUG:Compression method 0
2019-06-21 00:37:08,027:DEBUG:STREAM b'pHYs' 3198 9
2019-06-21 00:37:08,027:DEBUG:STREAM b'iTXt' 3219 415
2019-06-21 00:37:08,027:DEBUG:STREAM b'iDOT' 3646 28
2019-06-21 00:37:08,027:DEBUG:b'iDOT' 3646 28 (unknown)
2019-06-21 00:37:08,027:DEBUG:STREAM b'IDAT' 3686 16384
2019-06-21 00:37:08,534:INFO:[1029, 508] Failed Jump. 
2019-06-21 00:37:09,195:INFO:[2062, 518] Waypoint Clicked 
2019-06-21 00:37:09,548:DEBUG:STREAM b'IHDR' 16 13
2019-06-21 00:37:09,549:DEBUG:STREAM b'iCCP' 41 3145
2019-06-21 00:37:09,549:DEBUG:iCCP profile name b'ICC Profile'
2019-06-21 00:37:09,549:DEBUG:Compression method 0
2019-06-21 00:37:09,549:DEBUG:STREAM b'pHYs' 3198 9
2019-06-21 00:37:09,549:DEBUG:STREAM b'iTXt' 3219 415
2019-06-21 00:37:09,549:DEBUG:STREAM b'iDOT' 3646 28
2019-06-21 00:37:09,549:DEBUG:b'iDOT' 3646 28 (unknown)
2019-06-21 00:37:09,549:DEBUG:STREAM b'IDAT' 3686 16384
2019-06-21 00:37:10,031:INFO:[2062, 518] Failed Jump. 
2019-06-21 00:37:10,673:INFO:[2063, 518] Waypoint Clicked 
2019-06-21 00:37:11,020:DEBUG:STREAM b'IHDR' 16 13
2019-06-21 00:37:11,021:DEBUG:STREAM b'iCCP' 41 3145
2019-06-21 00:37:11,021:DEBUG:iCCP profile name b'ICC Profile'
2019-06-21 00:37:11,021:DEBUG:Compression method 0
2019-06-21 00:37:11,021:DEBUG:STREAM b'pHYs' 3198 9
2019-06-21 00:37:11,021:DEBUG:STREAM b'iTXt' 3219 415
2019-06-21 00:37:11,021:DEBUG:STREAM b'iDOT' 3646 28
2019-06-21 00:37:11,021:DEBUG:b'iDOT' 3646 28 (unknown)
2019-06-21 00:37:11,021:DEBUG:STREAM b'IDAT' 3686 16384
2019-06-21 00:37:11,516:INFO:[2063, 518] Failed Jump. 
2019-06-21 00:37:12,165:INFO:[2192, 606] Waypoint Clicked 
2019-06-21 00:37:12,540:DEBUG:STREAM b'IHDR' 16 13
2019-06-21 00:37:12,540:DEBUG:STREAM b'iCCP' 41 3145
2019-06-21 00:37:12,540:DEBUG:iCCP profile name b'ICC Profile'
2019-06-21 00:37:12,540:DEBUG:Compression method 0
2019-06-21 00:37:12,541:DEBUG:STREAM b'pHYs' 3198 9
2019-06-21 00:37:12,541:DEBUG:STREAM b'iTXt' 3219 415
2019-06-21 00:37:12,541:DEBUG:STREAM b'iDOT' 3646 28
2019-06-21 00:37:12,541:DEBUG:b'iDOT' 3646 28 (unknown)
2019-06-21 00:37:12,541:DEBUG:STREAM b'IDAT' 3686 16384
2019-06-21 00:37:13,026:INFO:[2192, 606] Failed Jump. 
2019-06-21 00:37:13,675:INFO:[1196, 666] Waypoint Clicked 
2019-06-21 00:37:14,035:DEBUG:STREAM b'IHDR' 16 13
2019-06-21 00:37:14,036:DEBUG:STREAM b'iCCP' 41 3145
2019-06-21 00:37:14,036:DEBUG:iCCP profile name b'ICC Profile'
2019-06-21 00:37:14,036:DEBUG:Compression method 0
2019-06-21 00:37:14,036:DEBUG:STREAM b'pHYs' 3198 9
2019-06-21 00:37:14,036:DEBUG:STREAM b'iTXt' 3219 415
2019-06-21 00:37:14,036:DEBUG:STREAM b'iDOT' 3646 28
2019-06-21 00:37:14,036:DEBUG:b'iDOT' 3646 28 (unknown)
2019-06-21 00:37:14,036:DEBUG:STREAM b'IDAT' 3686 16384
2019-06-21 00:37:14,548:INFO:[1196, 666] Failed Jump. 
2019-06-21 00:37:15,191:INFO:[992, 688] Waypoint Clicked 
2019-06-21 00:37:15,568:DEBUG:STREAM b'IHDR' 16 13
2019-06-21 00:37:15,569:DEBUG:STREAM b'iCCP' 41 3145
2019-06-21 00:37:15,569:DEBUG:iCCP profile name b'ICC Profile'
2019-06-21 00:37:15,569:DEBUG:Compression method 0
2019-06-21 00:37:15,569:DEBUG:STREAM b'pHYs' 3198 9
2019-06-21 00:37:15,569:DEBUG:STREAM b'iTXt' 3219 415
2019-06-21 00:37:15,569:DEBUG:STREAM b'iDOT' 3646 28
2019-06-21 00:37:15,569:DEBUG:b'iDOT' 3646 28 (unknown)
2019-06-21 00:37:15,569:DEBUG:STREAM b'IDAT' 3686 16384
2019-06-21 00:37:16,052:INFO:[992, 688] Failed Jump. 
2019-06-21 00:37:16,718:INFO:[993, 688] Waypoint Clicked 
2019-06-21 00:37:17,072:DEBUG:STREAM b'IHDR' 16 13
2019-06-21 00:37:17,072:DEBUG:STREAM b'iCCP' 41 3145
2019-06-21 00:37:17,072:DEBUG:iCCP profile name b'ICC Profile'
2019-06-21 00:37:17,073:DEBUG:Compression method 0
2019-06-21 00:37:17,073:DEBUG:STREAM b'pHYs' 3198 9
2019-06-21 00:37:17,073:DEBUG:STREAM b'iTXt' 3219 415
2019-06-21 00:37:17,073:DEBUG:STREAM b'iDOT' 3646 28
2019-06-21 00:37:17,073:DEBUG:b'iDOT' 3646 28 (unknown)
2019-06-21 00:37:17,073:DEBUG:STREAM b'IDAT' 3686 16384
2019-06-21 00:37:17,562:INFO:[993, 688] Failed Jump. 
