2019-06-19 23:25:09,108:DEBUG:STREAM b'IHDR' 16 13
2019-06-19 23:25:09,108:DEBUG:STREAM b'iCCP' 41 3145
2019-06-19 23:25:09,108:DEBUG:iCCP profile name b'ICC Profile'
2019-06-19 23:25:09,108:DEBUG:Compression method 0
2019-06-19 23:25:09,108:DEBUG:STREAM b'pHYs' 3198 9
2019-06-19 23:25:09,108:DEBUG:STREAM b'iTXt' 3219 415
2019-06-19 23:25:09,108:DEBUG:STREAM b'iDOT' 3646 28
2019-06-19 23:25:09,109:DEBUG:b'iDOT' 3646 28 (unknown)
2019-06-19 23:25:09,109:DEBUG:STREAM b'IDAT' 3686 16384
2019-06-19 23:25:09,869:DEBUG:STREAM b'IHDR' 16 13
2019-06-19 23:25:09,869:DEBUG:STREAM b'iCCP' 41 3145
2019-06-19 23:25:09,869:DEBUG:iCCP profile name b'ICC Profile'
2019-06-19 23:25:09,869:DEBUG:Compression method 0
2019-06-19 23:25:09,870:DEBUG:STREAM b'pHYs' 3198 9
2019-06-19 23:25:09,870:DEBUG:STREAM b'iTXt' 3219 415
2019-06-19 23:25:09,870:DEBUG:STREAM b'iDOT' 3646 28
2019-06-19 23:25:09,870:DEBUG:b'iDOT' 3646 28 (unknown)
2019-06-19 23:25:09,870:DEBUG:STREAM b'IDAT' 3686 16384
2019-06-19 23:25:10,856:DEBUG:looking for steam icon
2019-06-19 23:25:10,857:DEBUG:STREAM b'IHDR' 16 13
2019-06-19 23:25:10,857:DEBUG:STREAM b'iCCP' 41 3093
2019-06-19 23:25:10,857:DEBUG:iCCP profile name b'ICC Profile'
2019-06-19 23:25:10,857:DEBUG:Compression method 0
2019-06-19 23:25:10,857:DEBUG:STREAM b'pHYs' 3146 9
2019-06-19 23:25:10,857:DEBUG:STREAM b'iTXt' 3167 413
2019-06-19 23:25:10,857:DEBUG:STREAM b'iDOT' 3592 28
2019-06-19 23:25:10,857:DEBUG:b'iDOT' 3592 28 (unknown)
2019-06-19 23:25:10,858:DEBUG:STREAM b'IDAT' 3632 7390
2019-06-19 23:25:11,197:DEBUG:STREAM b'IHDR' 16 13
2019-06-19 23:25:11,198:DEBUG:STREAM b'iCCP' 41 3145
2019-06-19 23:25:11,198:DEBUG:iCCP profile name b'ICC Profile'
2019-06-19 23:25:11,198:DEBUG:Compression method 0
2019-06-19 23:25:11,198:DEBUG:STREAM b'pHYs' 3198 9
2019-06-19 23:25:11,198:DEBUG:STREAM b'iTXt' 3219 415
2019-06-19 23:25:11,198:DEBUG:STREAM b'iDOT' 3646 28
2019-06-19 23:25:11,198:DEBUG:b'iDOT' 3646 28 (unknown)
2019-06-19 23:25:11,198:DEBUG:STREAM b'IDAT' 3686 16384
2019-06-19 23:25:12,179:DEBUG:looking for steam library
2019-06-19 23:25:12,180:DEBUG:STREAM b'IHDR' 16 13
2019-06-19 23:25:12,180:DEBUG:STREAM b'iCCP' 41 3093
2019-06-19 23:25:12,180:DEBUG:iCCP profile name b'ICC Profile'
2019-06-19 23:25:12,180:DEBUG:Compression method 0
2019-06-19 23:25:12,180:DEBUG:STREAM b'pHYs' 3146 9
2019-06-19 23:25:12,180:DEBUG:STREAM b'iTXt' 3167 412
2019-06-19 23:25:12,180:DEBUG:STREAM b'iDOT' 3591 28
2019-06-19 23:25:12,180:DEBUG:b'iDOT' 3591 28 (unknown)
2019-06-19 23:25:12,180:DEBUG:STREAM b'IDAT' 3631 9220
2019-06-19 23:25:12,569:DEBUG:STREAM b'IHDR' 16 13
2019-06-19 23:25:12,570:DEBUG:STREAM b'iCCP' 41 3145
2019-06-19 23:25:12,570:DEBUG:iCCP profile name b'ICC Profile'
2019-06-19 23:25:12,570:DEBUG:Compression method 0
2019-06-19 23:25:12,570:DEBUG:STREAM b'pHYs' 3198 9
2019-06-19 23:25:12,570:DEBUG:STREAM b'iTXt' 3219 415
2019-06-19 23:25:12,570:DEBUG:STREAM b'iDOT' 3646 28
2019-06-19 23:25:12,570:DEBUG:b'iDOT' 3646 28 (unknown)
2019-06-19 23:25:12,570:DEBUG:STREAM b'IDAT' 3686 16384
2019-06-19 23:25:13,606:DEBUG:looking for ftl in steam
2019-06-19 23:25:13,607:DEBUG:STREAM b'IHDR' 16 13
2019-06-19 23:25:13,607:DEBUG:STREAM b'iCCP' 41 3093
2019-06-19 23:25:13,607:DEBUG:iCCP profile name b'ICC Profile'
2019-06-19 23:25:13,607:DEBUG:Compression method 0
2019-06-19 23:25:13,607:DEBUG:STREAM b'pHYs' 3146 9
2019-06-19 23:25:13,607:DEBUG:STREAM b'iTXt' 3167 412
2019-06-19 23:25:13,607:DEBUG:STREAM b'iDOT' 3591 28
2019-06-19 23:25:13,607:DEBUG:b'iDOT' 3591 28 (unknown)
2019-06-19 23:25:13,607:DEBUG:STREAM b'IDAT' 3631 4924
2019-06-19 23:25:14,030:DEBUG:STREAM b'IHDR' 16 13
2019-06-19 23:25:14,031:DEBUG:STREAM b'iCCP' 41 3145
2019-06-19 23:25:14,031:DEBUG:iCCP profile name b'ICC Profile'
2019-06-19 23:25:14,031:DEBUG:Compression method 0
2019-06-19 23:25:14,031:DEBUG:STREAM b'pHYs' 3198 9
2019-06-19 23:25:14,031:DEBUG:STREAM b'iTXt' 3219 415
2019-06-19 23:25:14,031:DEBUG:STREAM b'iDOT' 3646 28
2019-06-19 23:25:14,031:DEBUG:b'iDOT' 3646 28 (unknown)
2019-06-19 23:25:14,031:DEBUG:STREAM b'IDAT' 3686 16384
2019-06-19 23:25:15,074:DEBUG:looking for play button
2019-06-19 23:25:15,074:DEBUG:STREAM b'IHDR' 16 13
2019-06-19 23:25:15,074:DEBUG:STREAM b'iCCP' 41 3093
2019-06-19 23:25:15,075:DEBUG:iCCP profile name b'ICC Profile'
2019-06-19 23:25:15,075:DEBUG:Compression method 0
2019-06-19 23:25:15,075:DEBUG:STREAM b'pHYs' 3146 9
2019-06-19 23:25:15,075:DEBUG:STREAM b'iTXt' 3167 412
2019-06-19 23:25:15,075:DEBUG:STREAM b'iDOT' 3591 28
2019-06-19 23:25:15,075:DEBUG:b'iDOT' 3591 28 (unknown)
2019-06-19 23:25:15,075:DEBUG:STREAM b'IDAT' 3631 7544
2019-06-19 23:25:15,469:DEBUG:STREAM b'IHDR' 16 13
2019-06-19 23:25:15,470:DEBUG:STREAM b'iCCP' 41 3145
2019-06-19 23:25:15,470:DEBUG:iCCP profile name b'ICC Profile'
2019-06-19 23:25:15,470:DEBUG:Compression method 0
2019-06-19 23:25:15,470:DEBUG:STREAM b'pHYs' 3198 9
2019-06-19 23:25:15,470:DEBUG:STREAM b'iTXt' 3219 415
2019-06-19 23:25:15,470:DEBUG:STREAM b'iDOT' 3646 28
2019-06-19 23:25:15,470:DEBUG:b'iDOT' 3646 28 (unknown)
2019-06-19 23:25:15,470:DEBUG:STREAM b'IDAT' 3686 16384
2019-06-19 23:25:16,488:INFO:Game Start: ftl:2019-06-19 23:25:16.488173
2019-06-19 23:25:16,488:INFO:Starting New Game.
2019-06-19 23:25:21,489:DEBUG:STREAM b'IHDR' 16 13
2019-06-19 23:25:21,489:DEBUG:STREAM b'iCCP' 41 3093
2019-06-19 23:25:21,489:DEBUG:iCCP profile name b'ICC Profile'
2019-06-19 23:25:21,489:DEBUG:Compression method 0
2019-06-19 23:25:21,489:DEBUG:STREAM b'pHYs' 3146 9
2019-06-19 23:25:21,489:DEBUG:STREAM b'iTXt' 3167 412
2019-06-19 23:25:21,490:DEBUG:STREAM b'iDOT' 3591 28
2019-06-19 23:25:21,490:DEBUG:b'iDOT' 3591 28 (unknown)
2019-06-19 23:25:21,490:DEBUG:STREAM b'IDAT' 3631 12055
2019-06-19 23:25:21,704:DEBUG:STREAM b'IHDR' 16 13
2019-06-19 23:25:21,705:DEBUG:STREAM b'iCCP' 41 3145
2019-06-19 23:25:21,705:DEBUG:iCCP profile name b'ICC Profile'
2019-06-19 23:25:21,705:DEBUG:Compression method 0
2019-06-19 23:25:21,705:DEBUG:STREAM b'pHYs' 3198 9
2019-06-19 23:25:21,705:DEBUG:STREAM b'iTXt' 3219 415
2019-06-19 23:25:21,705:DEBUG:STREAM b'iDOT' 3646 28
2019-06-19 23:25:21,705:DEBUG:b'iDOT' 3646 28 (unknown)
2019-06-19 23:25:21,705:DEBUG:STREAM b'IDAT' 3686 16384
2019-06-19 23:25:22,790:DEBUG:STREAM b'IHDR' 16 13
2019-06-19 23:25:22,791:DEBUG:STREAM b'iCCP' 41 3093
2019-06-19 23:25:22,791:DEBUG:iCCP profile name b'ICC Profile'
2019-06-19 23:25:22,791:DEBUG:Compression method 0
2019-06-19 23:25:22,791:DEBUG:STREAM b'pHYs' 3146 9
2019-06-19 23:25:22,791:DEBUG:STREAM b'iTXt' 3167 412
2019-06-19 23:25:22,791:DEBUG:STREAM b'iDOT' 3591 28
2019-06-19 23:25:22,791:DEBUG:b'iDOT' 3591 28 (unknown)
2019-06-19 23:25:22,791:DEBUG:STREAM b'IDAT' 3631 1658
2019-06-19 23:25:23,034:DEBUG:STREAM b'IHDR' 16 13
2019-06-19 23:25:23,035:DEBUG:STREAM b'iCCP' 41 3145
2019-06-19 23:25:23,035:DEBUG:iCCP profile name b'ICC Profile'
2019-06-19 23:25:23,036:DEBUG:Compression method 0
2019-06-19 23:25:23,038:DEBUG:STREAM b'pHYs' 3198 9
2019-06-19 23:25:23,038:DEBUG:STREAM b'iTXt' 3219 415
2019-06-19 23:25:23,038:DEBUG:STREAM b'iDOT' 3646 28
2019-06-19 23:25:23,039:DEBUG:b'iDOT' 3646 28 (unknown)
2019-06-19 23:25:23,039:DEBUG:STREAM b'IDAT' 3686 16384
2019-06-19 23:25:24,204:DEBUG:STREAM b'IHDR' 16 13
2019-06-19 23:25:24,204:DEBUG:STREAM b'iCCP' 41 3093
2019-06-19 23:25:24,204:DEBUG:iCCP profile name b'ICC Profile'
2019-06-19 23:25:24,205:DEBUG:Compression method 0
2019-06-19 23:25:24,205:DEBUG:STREAM b'pHYs' 3146 9
2019-06-19 23:25:24,205:DEBUG:STREAM b'iTXt' 3167 413
2019-06-19 23:25:24,205:DEBUG:STREAM b'iDOT' 3592 28
2019-06-19 23:25:24,205:DEBUG:b'iDOT' 3592 28 (unknown)
2019-06-19 23:25:24,205:DEBUG:STREAM b'IDAT' 3632 3594
2019-06-19 23:25:24,396:DEBUG:STREAM b'IHDR' 16 13
2019-06-19 23:25:24,397:DEBUG:STREAM b'iCCP' 41 3145
2019-06-19 23:25:24,397:DEBUG:iCCP profile name b'ICC Profile'
2019-06-19 23:25:24,397:DEBUG:Compression method 0
2019-06-19 23:25:24,397:DEBUG:STREAM b'pHYs' 3198 9
2019-06-19 23:25:24,397:DEBUG:STREAM b'iTXt' 3219 415
2019-06-19 23:25:24,397:DEBUG:STREAM b'iDOT' 3646 28
2019-06-19 23:25:24,397:DEBUG:b'iDOT' 3646 28 (unknown)
2019-06-19 23:25:24,397:DEBUG:STREAM b'IDAT' 3686 16384
2019-06-19 23:25:25,355:DEBUG:STREAM b'IHDR' 16 13
2019-06-19 23:25:25,355:DEBUG:STREAM b'iCCP' 41 3093
2019-06-19 23:25:25,355:DEBUG:iCCP profile name b'ICC Profile'
2019-06-19 23:25:25,356:DEBUG:Compression method 0
2019-06-19 23:25:25,356:DEBUG:STREAM b'pHYs' 3146 9
2019-06-19 23:25:25,356:DEBUG:STREAM b'iTXt' 3167 412
2019-06-19 23:25:25,356:DEBUG:STREAM b'iDOT' 3591 28
2019-06-19 23:25:25,356:DEBUG:b'iDOT' 3591 28 (unknown)
2019-06-19 23:25:25,356:DEBUG:STREAM b'IDAT' 3631 3077
2019-06-19 23:25:25,547:DEBUG:STREAM b'IHDR' 16 13
2019-06-19 23:25:25,548:DEBUG:STREAM b'iCCP' 41 3145
2019-06-19 23:25:25,548:DEBUG:iCCP profile name b'ICC Profile'
2019-06-19 23:25:25,548:DEBUG:Compression method 0
2019-06-19 23:25:25,548:DEBUG:STREAM b'pHYs' 3198 9
2019-06-19 23:25:25,548:DEBUG:STREAM b'iTXt' 3219 415
2019-06-19 23:25:25,548:DEBUG:STREAM b'iDOT' 3646 28
2019-06-19 23:25:25,548:DEBUG:b'iDOT' 3646 28 (unknown)
2019-06-19 23:25:25,548:DEBUG:STREAM b'IDAT' 3686 16384
2019-06-19 23:25:26,487:INFO:Playing Game.
2019-06-19 23:25:26,488:DEBUG:STREAM b'IHDR' 16 13
2019-06-19 23:25:26,488:DEBUG:STREAM b'iCCP' 41 3093
2019-06-19 23:25:26,488:DEBUG:iCCP profile name b'ICC Profile'
2019-06-19 23:25:26,488:DEBUG:Compression method 0
2019-06-19 23:25:26,488:DEBUG:STREAM b'pHYs' 3146 9
2019-06-19 23:25:26,488:DEBUG:STREAM b'iTXt' 3167 413
2019-06-19 23:25:26,489:DEBUG:STREAM b'iDOT' 3592 28
2019-06-19 23:25:26,489:DEBUG:b'iDOT' 3592 28 (unknown)
2019-06-19 23:25:26,489:DEBUG:STREAM b'IDAT' 3632 2481
2019-06-19 23:25:26,695:DEBUG:STREAM b'IHDR' 16 13
2019-06-19 23:25:26,696:DEBUG:STREAM b'iCCP' 41 3145
2019-06-19 23:25:26,696:DEBUG:iCCP profile name b'ICC Profile'
2019-06-19 23:25:26,696:DEBUG:Compression method 0
2019-06-19 23:25:26,696:DEBUG:STREAM b'pHYs' 3198 9
2019-06-19 23:25:26,696:DEBUG:STREAM b'iTXt' 3219 415
2019-06-19 23:25:26,696:DEBUG:STREAM b'iDOT' 3646 28
2019-06-19 23:25:26,696:DEBUG:b'iDOT' 3646 28 (unknown)
2019-06-19 23:25:26,696:DEBUG:STREAM b'IDAT' 3686 16384
2019-06-19 23:25:27,670:DEBUG:Collecting Jump Routes.
2019-06-19 23:25:28,597:DEBUG:STREAM b'IHDR' 16 13
2019-06-19 23:25:28,598:DEBUG:STREAM b'iCCP' 41 3145
2019-06-19 23:25:28,598:DEBUG:iCCP profile name b'ICC Profile'
2019-06-19 23:25:28,598:DEBUG:Compression method 0
2019-06-19 23:25:28,598:DEBUG:STREAM b'pHYs' 3198 9
2019-06-19 23:25:28,598:DEBUG:STREAM b'iTXt' 3219 415
2019-06-19 23:25:28,598:DEBUG:STREAM b'iDOT' 3646 28
2019-06-19 23:25:28,598:DEBUG:b'iDOT' 3646 28 (unknown)
2019-06-19 23:25:28,598:DEBUG:STREAM b'IDAT' 3686 16384
