2019-06-19 23:25:54,489:DEBUG:STREAM b'IHDR' 16 13
2019-06-19 23:25:54,490:DEBUG:STREAM b'iCCP' 41 3145
2019-06-19 23:25:54,490:DEBUG:iCCP profile name b'ICC Profile'
2019-06-19 23:25:54,490:DEBUG:Compression method 0
2019-06-19 23:25:54,490:DEBUG:STREAM b'pHYs' 3198 9
2019-06-19 23:25:54,490:DEBUG:STREAM b'iTXt' 3219 415
2019-06-19 23:25:54,490:DEBUG:STREAM b'iDOT' 3646 28
2019-06-19 23:25:54,490:DEBUG:b'iDOT' 3646 28 (unknown)
2019-06-19 23:25:54,490:DEBUG:STREAM b'IDAT' 3686 16384
2019-06-19 23:25:55,262:DEBUG:STREAM b'IHDR' 16 13
2019-06-19 23:25:55,262:DEBUG:STREAM b'iCCP' 41 3145
2019-06-19 23:25:55,262:DEBUG:iCCP profile name b'ICC Profile'
2019-06-19 23:25:55,262:DEBUG:Compression method 0
2019-06-19 23:25:55,262:DEBUG:STREAM b'pHYs' 3198 9
2019-06-19 23:25:55,262:DEBUG:STREAM b'iTXt' 3219 415
2019-06-19 23:25:55,263:DEBUG:STREAM b'iDOT' 3646 28
2019-06-19 23:25:55,263:DEBUG:b'iDOT' 3646 28 (unknown)
2019-06-19 23:25:55,263:DEBUG:STREAM b'IDAT' 3686 16384
2019-06-19 23:25:56,169:DEBUG:looking for steam icon
2019-06-19 23:25:56,170:DEBUG:STREAM b'IHDR' 16 13
2019-06-19 23:25:56,170:DEBUG:STREAM b'iCCP' 41 3093
2019-06-19 23:25:56,170:DEBUG:iCCP profile name b'ICC Profile'
2019-06-19 23:25:56,170:DEBUG:Compression method 0
2019-06-19 23:25:56,170:DEBUG:STREAM b'pHYs' 3146 9
2019-06-19 23:25:56,170:DEBUG:STREAM b'iTXt' 3167 413
2019-06-19 23:25:56,170:DEBUG:STREAM b'iDOT' 3592 28
2019-06-19 23:25:56,171:DEBUG:b'iDOT' 3592 28 (unknown)
2019-06-19 23:25:56,171:DEBUG:STREAM b'IDAT' 3632 7390
2019-06-19 23:25:56,508:DEBUG:STREAM b'IHDR' 16 13
2019-06-19 23:25:56,509:DEBUG:STREAM b'iCCP' 41 3145
2019-06-19 23:25:56,509:DEBUG:iCCP profile name b'ICC Profile'
2019-06-19 23:25:56,509:DEBUG:Compression method 0
2019-06-19 23:25:56,509:DEBUG:STREAM b'pHYs' 3198 9
2019-06-19 23:25:56,509:DEBUG:STREAM b'iTXt' 3219 415
2019-06-19 23:25:56,509:DEBUG:STREAM b'iDOT' 3646 28
2019-06-19 23:25:56,509:DEBUG:b'iDOT' 3646 28 (unknown)
2019-06-19 23:25:56,509:DEBUG:STREAM b'IDAT' 3686 16384
2019-06-19 23:25:57,485:DEBUG:looking for steam library
2019-06-19 23:25:57,486:DEBUG:STREAM b'IHDR' 16 13
2019-06-19 23:25:57,486:DEBUG:STREAM b'iCCP' 41 3093
2019-06-19 23:25:57,486:DEBUG:iCCP profile name b'ICC Profile'
2019-06-19 23:25:57,486:DEBUG:Compression method 0
2019-06-19 23:25:57,486:DEBUG:STREAM b'pHYs' 3146 9
2019-06-19 23:25:57,487:DEBUG:STREAM b'iTXt' 3167 412
2019-06-19 23:25:57,487:DEBUG:STREAM b'iDOT' 3591 28
2019-06-19 23:25:57,487:DEBUG:b'iDOT' 3591 28 (unknown)
2019-06-19 23:25:57,487:DEBUG:STREAM b'IDAT' 3631 9220
2019-06-19 23:25:57,861:DEBUG:STREAM b'IHDR' 16 13
2019-06-19 23:25:57,862:DEBUG:STREAM b'iCCP' 41 3145
2019-06-19 23:25:57,862:DEBUG:iCCP profile name b'ICC Profile'
2019-06-19 23:25:57,862:DEBUG:Compression method 0
2019-06-19 23:25:57,862:DEBUG:STREAM b'pHYs' 3198 9
2019-06-19 23:25:57,862:DEBUG:STREAM b'iTXt' 3219 415
2019-06-19 23:25:57,862:DEBUG:STREAM b'iDOT' 3646 28
2019-06-19 23:25:57,862:DEBUG:b'iDOT' 3646 28 (unknown)
2019-06-19 23:25:57,862:DEBUG:STREAM b'IDAT' 3686 16384
2019-06-19 23:25:58,885:DEBUG:looking for ftl in steam
2019-06-19 23:25:58,887:DEBUG:STREAM b'IHDR' 16 13
2019-06-19 23:25:58,888:DEBUG:STREAM b'iCCP' 41 3093
2019-06-19 23:25:58,888:DEBUG:iCCP profile name b'ICC Profile'
2019-06-19 23:25:58,888:DEBUG:Compression method 0
2019-06-19 23:25:58,888:DEBUG:STREAM b'pHYs' 3146 9
2019-06-19 23:25:58,888:DEBUG:STREAM b'iTXt' 3167 412
2019-06-19 23:25:58,888:DEBUG:STREAM b'iDOT' 3591 28
2019-06-19 23:25:58,888:DEBUG:b'iDOT' 3591 28 (unknown)
2019-06-19 23:25:58,888:DEBUG:STREAM b'IDAT' 3631 4924
2019-06-19 23:25:59,272:DEBUG:STREAM b'IHDR' 16 13
2019-06-19 23:25:59,273:DEBUG:STREAM b'iCCP' 41 3145
2019-06-19 23:25:59,273:DEBUG:iCCP profile name b'ICC Profile'
2019-06-19 23:25:59,273:DEBUG:Compression method 0
2019-06-19 23:25:59,273:DEBUG:STREAM b'pHYs' 3198 9
2019-06-19 23:25:59,273:DEBUG:STREAM b'iTXt' 3219 415
2019-06-19 23:25:59,273:DEBUG:STREAM b'iDOT' 3646 28
2019-06-19 23:25:59,273:DEBUG:b'iDOT' 3646 28 (unknown)
2019-06-19 23:25:59,273:DEBUG:STREAM b'IDAT' 3686 16384
2019-06-19 23:26:00,287:DEBUG:looking for play button
2019-06-19 23:26:00,287:DEBUG:STREAM b'IHDR' 16 13
2019-06-19 23:26:00,288:DEBUG:STREAM b'iCCP' 41 3093
2019-06-19 23:26:00,288:DEBUG:iCCP profile name b'ICC Profile'
2019-06-19 23:26:00,288:DEBUG:Compression method 0
2019-06-19 23:26:00,288:DEBUG:STREAM b'pHYs' 3146 9
2019-06-19 23:26:00,288:DEBUG:STREAM b'iTXt' 3167 412
2019-06-19 23:26:00,288:DEBUG:STREAM b'iDOT' 3591 28
2019-06-19 23:26:00,288:DEBUG:b'iDOT' 3591 28 (unknown)
2019-06-19 23:26:00,288:DEBUG:STREAM b'IDAT' 3631 7544
2019-06-19 23:26:00,683:DEBUG:STREAM b'IHDR' 16 13
2019-06-19 23:26:00,683:DEBUG:STREAM b'iCCP' 41 3145
2019-06-19 23:26:00,683:DEBUG:iCCP profile name b'ICC Profile'
2019-06-19 23:26:00,683:DEBUG:Compression method 0
2019-06-19 23:26:00,684:DEBUG:STREAM b'pHYs' 3198 9
2019-06-19 23:26:00,684:DEBUG:STREAM b'iTXt' 3219 415
2019-06-19 23:26:00,684:DEBUG:STREAM b'iDOT' 3646 28
2019-06-19 23:26:00,684:DEBUG:b'iDOT' 3646 28 (unknown)
2019-06-19 23:26:00,684:DEBUG:STREAM b'IDAT' 3686 16384
2019-06-19 23:26:01,695:INFO:Game Start: ftl:2019-06-19 23:26:01.695560
2019-06-19 23:26:01,695:INFO:Starting New Game.
