2019-06-19 23:26:14,763:DEBUG:STREAM b'IHDR' 16 13
2019-06-19 23:26:14,763:DEBUG:STREAM b'iCCP' 41 3145
2019-06-19 23:26:14,763:DEBUG:iCCP profile name b'ICC Profile'
2019-06-19 23:26:14,763:DEBUG:Compression method 0
2019-06-19 23:26:14,764:DEBUG:STREAM b'pHYs' 3198 9
2019-06-19 23:26:14,764:DEBUG:STREAM b'iTXt' 3219 415
2019-06-19 23:26:14,764:DEBUG:STREAM b'iDOT' 3646 28
2019-06-19 23:26:14,764:DEBUG:b'iDOT' 3646 28 (unknown)
2019-06-19 23:26:14,764:DEBUG:STREAM b'IDAT' 3686 16384
2019-06-19 23:26:15,609:DEBUG:STREAM b'IHDR' 16 13
2019-06-19 23:26:15,609:DEBUG:STREAM b'iCCP' 41 3145
2019-06-19 23:26:15,610:DEBUG:iCCP profile name b'ICC Profile'
2019-06-19 23:26:15,610:DEBUG:Compression method 0
2019-06-19 23:26:15,610:DEBUG:STREAM b'pHYs' 3198 9
2019-06-19 23:26:15,610:DEBUG:STREAM b'iTXt' 3219 415
2019-06-19 23:26:15,610:DEBUG:STREAM b'iDOT' 3646 28
2019-06-19 23:26:15,610:DEBUG:b'iDOT' 3646 28 (unknown)
2019-06-19 23:26:15,610:DEBUG:STREAM b'IDAT' 3686 16384
2019-06-19 23:26:16,561:DEBUG:looking for steam icon
2019-06-19 23:26:16,561:DEBUG:STREAM b'IHDR' 16 13
2019-06-19 23:26:16,562:DEBUG:STREAM b'iCCP' 41 3093
2019-06-19 23:26:16,562:DEBUG:iCCP profile name b'ICC Profile'
2019-06-19 23:26:16,562:DEBUG:Compression method 0
2019-06-19 23:26:16,562:DEBUG:STREAM b'pHYs' 3146 9
2019-06-19 23:26:16,562:DEBUG:STREAM b'iTXt' 3167 413
2019-06-19 23:26:16,562:DEBUG:STREAM b'iDOT' 3592 28
2019-06-19 23:26:16,562:DEBUG:b'iDOT' 3592 28 (unknown)
2019-06-19 23:26:16,562:DEBUG:STREAM b'IDAT' 3632 7390
2019-06-19 23:26:16,984:DEBUG:STREAM b'IHDR' 16 13
2019-06-19 23:26:16,985:DEBUG:STREAM b'iCCP' 41 3145
2019-06-19 23:26:16,985:DEBUG:iCCP profile name b'ICC Profile'
2019-06-19 23:26:16,985:DEBUG:Compression method 0
2019-06-19 23:26:16,985:DEBUG:STREAM b'pHYs' 3198 9
2019-06-19 23:26:16,985:DEBUG:STREAM b'iTXt' 3219 415
2019-06-19 23:26:16,985:DEBUG:STREAM b'iDOT' 3646 28
2019-06-19 23:26:16,985:DEBUG:b'iDOT' 3646 28 (unknown)
2019-06-19 23:26:16,985:DEBUG:STREAM b'IDAT' 3686 16384
2019-06-19 23:26:17,998:DEBUG:looking for steam library
2019-06-19 23:26:17,999:DEBUG:STREAM b'IHDR' 16 13
2019-06-19 23:26:17,999:DEBUG:STREAM b'iCCP' 41 3093
2019-06-19 23:26:17,999:DEBUG:iCCP profile name b'ICC Profile'
2019-06-19 23:26:17,999:DEBUG:Compression method 0
2019-06-19 23:26:17,999:DEBUG:STREAM b'pHYs' 3146 9
2019-06-19 23:26:17,999:DEBUG:STREAM b'iTXt' 3167 412
2019-06-19 23:26:17,999:DEBUG:STREAM b'iDOT' 3591 28
2019-06-19 23:26:17,999:DEBUG:b'iDOT' 3591 28 (unknown)
2019-06-19 23:26:17,999:DEBUG:STREAM b'IDAT' 3631 9220
2019-06-19 23:26:18,387:DEBUG:STREAM b'IHDR' 16 13
2019-06-19 23:26:18,388:DEBUG:STREAM b'iCCP' 41 3145
2019-06-19 23:26:18,388:DEBUG:iCCP profile name b'ICC Profile'
2019-06-19 23:26:18,388:DEBUG:Compression method 0
2019-06-19 23:26:18,388:DEBUG:STREAM b'pHYs' 3198 9
2019-06-19 23:26:18,388:DEBUG:STREAM b'iTXt' 3219 415
2019-06-19 23:26:18,388:DEBUG:STREAM b'iDOT' 3646 28
2019-06-19 23:26:18,388:DEBUG:b'iDOT' 3646 28 (unknown)
2019-06-19 23:26:18,388:DEBUG:STREAM b'IDAT' 3686 16384
2019-06-19 23:26:19,406:DEBUG:looking for ftl in steam
2019-06-19 23:26:19,406:DEBUG:STREAM b'IHDR' 16 13
2019-06-19 23:26:19,406:DEBUG:STREAM b'iCCP' 41 3093
2019-06-19 23:26:19,406:DEBUG:iCCP profile name b'ICC Profile'
2019-06-19 23:26:19,406:DEBUG:Compression method 0
2019-06-19 23:26:19,406:DEBUG:STREAM b'pHYs' 3146 9
2019-06-19 23:26:19,406:DEBUG:STREAM b'iTXt' 3167 412
2019-06-19 23:26:19,406:DEBUG:STREAM b'iDOT' 3591 28
2019-06-19 23:26:19,406:DEBUG:b'iDOT' 3591 28 (unknown)
2019-06-19 23:26:19,407:DEBUG:STREAM b'IDAT' 3631 4924
2019-06-19 23:26:19,831:DEBUG:STREAM b'IHDR' 16 13
2019-06-19 23:26:19,832:DEBUG:STREAM b'iCCP' 41 3145
2019-06-19 23:26:19,832:DEBUG:iCCP profile name b'ICC Profile'
2019-06-19 23:26:19,832:DEBUG:Compression method 0
2019-06-19 23:26:19,832:DEBUG:STREAM b'pHYs' 3198 9
2019-06-19 23:26:19,832:DEBUG:STREAM b'iTXt' 3219 415
2019-06-19 23:26:19,832:DEBUG:STREAM b'iDOT' 3646 28
2019-06-19 23:26:19,832:DEBUG:b'iDOT' 3646 28 (unknown)
2019-06-19 23:26:19,832:DEBUG:STREAM b'IDAT' 3686 16384
2019-06-19 23:26:20,832:DEBUG:looking for play button
2019-06-19 23:26:20,833:DEBUG:STREAM b'IHDR' 16 13
2019-06-19 23:26:20,833:DEBUG:STREAM b'iCCP' 41 3093
2019-06-19 23:26:20,833:DEBUG:iCCP profile name b'ICC Profile'
2019-06-19 23:26:20,833:DEBUG:Compression method 0
2019-06-19 23:26:20,833:DEBUG:STREAM b'pHYs' 3146 9
2019-06-19 23:26:20,833:DEBUG:STREAM b'iTXt' 3167 412
2019-06-19 23:26:20,833:DEBUG:STREAM b'iDOT' 3591 28
2019-06-19 23:26:20,833:DEBUG:b'iDOT' 3591 28 (unknown)
2019-06-19 23:26:20,833:DEBUG:STREAM b'IDAT' 3631 7544
2019-06-19 23:26:21,221:DEBUG:STREAM b'IHDR' 16 13
2019-06-19 23:26:21,221:DEBUG:STREAM b'iCCP' 41 3145
2019-06-19 23:26:21,222:DEBUG:iCCP profile name b'ICC Profile'
2019-06-19 23:26:21,222:DEBUG:Compression method 0
2019-06-19 23:26:21,222:DEBUG:STREAM b'pHYs' 3198 9
2019-06-19 23:26:21,222:DEBUG:STREAM b'iTXt' 3219 415
2019-06-19 23:26:21,222:DEBUG:STREAM b'iDOT' 3646 28
2019-06-19 23:26:21,222:DEBUG:b'iDOT' 3646 28 (unknown)
2019-06-19 23:26:21,223:DEBUG:STREAM b'IDAT' 3686 16384
2019-06-19 23:26:22,231:INFO:Game Start: ftl:2019-06-19 23:26:22.230999
2019-06-19 23:26:22,231:INFO:Starting New Game.
2019-06-19 23:26:27,236:DEBUG:STREAM b'IHDR' 16 13
2019-06-19 23:26:27,236:DEBUG:STREAM b'iCCP' 41 3093
2019-06-19 23:26:27,236:DEBUG:iCCP profile name b'ICC Profile'
2019-06-19 23:26:27,236:DEBUG:Compression method 0
2019-06-19 23:26:27,236:DEBUG:STREAM b'pHYs' 3146 9
2019-06-19 23:26:27,236:DEBUG:STREAM b'iTXt' 3167 412
2019-06-19 23:26:27,236:DEBUG:STREAM b'iDOT' 3591 28
2019-06-19 23:26:27,237:DEBUG:b'iDOT' 3591 28 (unknown)
2019-06-19 23:26:27,237:DEBUG:STREAM b'IDAT' 3631 12055
2019-06-19 23:26:27,610:DEBUG:STREAM b'IHDR' 16 13
2019-06-19 23:26:27,610:DEBUG:STREAM b'iCCP' 41 3145
2019-06-19 23:26:27,610:DEBUG:iCCP profile name b'ICC Profile'
2019-06-19 23:26:27,610:DEBUG:Compression method 0
2019-06-19 23:26:27,611:DEBUG:STREAM b'pHYs' 3198 9
2019-06-19 23:26:27,611:DEBUG:STREAM b'iTXt' 3219 415
2019-06-19 23:26:27,611:DEBUG:STREAM b'iDOT' 3646 28
2019-06-19 23:26:27,611:DEBUG:b'iDOT' 3646 28 (unknown)
2019-06-19 23:26:27,611:DEBUG:STREAM b'IDAT' 3686 16384
2019-06-19 23:26:28,648:DEBUG:STREAM b'IHDR' 16 13
2019-06-19 23:26:28,648:DEBUG:STREAM b'iCCP' 41 3093
2019-06-19 23:26:28,648:DEBUG:iCCP profile name b'ICC Profile'
2019-06-19 23:26:28,648:DEBUG:Compression method 0
2019-06-19 23:26:28,649:DEBUG:STREAM b'pHYs' 3146 9
2019-06-19 23:26:28,649:DEBUG:STREAM b'iTXt' 3167 412
2019-06-19 23:26:28,649:DEBUG:STREAM b'iDOT' 3591 28
2019-06-19 23:26:28,649:DEBUG:b'iDOT' 3591 28 (unknown)
2019-06-19 23:26:28,649:DEBUG:STREAM b'IDAT' 3631 1658
2019-06-19 23:26:28,946:DEBUG:STREAM b'IHDR' 16 13
2019-06-19 23:26:28,946:DEBUG:STREAM b'iCCP' 41 3145
2019-06-19 23:26:28,946:DEBUG:iCCP profile name b'ICC Profile'
2019-06-19 23:26:28,947:DEBUG:Compression method 0
2019-06-19 23:26:28,947:DEBUG:STREAM b'pHYs' 3198 9
2019-06-19 23:26:28,947:DEBUG:STREAM b'iTXt' 3219 415
2019-06-19 23:26:28,947:DEBUG:STREAM b'iDOT' 3646 28
2019-06-19 23:26:28,947:DEBUG:b'iDOT' 3646 28 (unknown)
2019-06-19 23:26:28,947:DEBUG:STREAM b'IDAT' 3686 16384
2019-06-19 23:26:29,945:DEBUG:STREAM b'IHDR' 16 13
2019-06-19 23:26:29,945:DEBUG:STREAM b'iCCP' 41 3093
2019-06-19 23:26:29,945:DEBUG:iCCP profile name b'ICC Profile'
2019-06-19 23:26:29,945:DEBUG:Compression method 0
2019-06-19 23:26:29,945:DEBUG:STREAM b'pHYs' 3146 9
2019-06-19 23:26:29,945:DEBUG:STREAM b'iTXt' 3167 413
2019-06-19 23:26:29,945:DEBUG:STREAM b'iDOT' 3592 28
2019-06-19 23:26:29,945:DEBUG:b'iDOT' 3592 28 (unknown)
2019-06-19 23:26:29,945:DEBUG:STREAM b'IDAT' 3632 3594
2019-06-19 23:26:30,283:DEBUG:STREAM b'IHDR' 16 13
2019-06-19 23:26:30,284:DEBUG:STREAM b'iCCP' 41 3145
2019-06-19 23:26:30,284:DEBUG:iCCP profile name b'ICC Profile'
2019-06-19 23:26:30,284:DEBUG:Compression method 0
2019-06-19 23:26:30,284:DEBUG:STREAM b'pHYs' 3198 9
2019-06-19 23:26:30,284:DEBUG:STREAM b'iTXt' 3219 415
2019-06-19 23:26:30,284:DEBUG:STREAM b'iDOT' 3646 28
2019-06-19 23:26:30,284:DEBUG:b'iDOT' 3646 28 (unknown)
2019-06-19 23:26:30,284:DEBUG:STREAM b'IDAT' 3686 16384
2019-06-19 23:26:31,313:DEBUG:STREAM b'IHDR' 16 13
2019-06-19 23:26:31,313:DEBUG:STREAM b'iCCP' 41 3093
2019-06-19 23:26:31,313:DEBUG:iCCP profile name b'ICC Profile'
2019-06-19 23:26:31,313:DEBUG:Compression method 0
2019-06-19 23:26:31,314:DEBUG:STREAM b'pHYs' 3146 9
2019-06-19 23:26:31,314:DEBUG:STREAM b'iTXt' 3167 412
2019-06-19 23:26:31,314:DEBUG:STREAM b'iDOT' 3591 28
2019-06-19 23:26:31,314:DEBUG:b'iDOT' 3591 28 (unknown)
2019-06-19 23:26:31,314:DEBUG:STREAM b'IDAT' 3631 3077
2019-06-19 23:26:31,665:DEBUG:STREAM b'IHDR' 16 13
2019-06-19 23:26:31,665:DEBUG:STREAM b'iCCP' 41 3145
2019-06-19 23:26:31,665:DEBUG:iCCP profile name b'ICC Profile'
2019-06-19 23:26:31,666:DEBUG:Compression method 0
2019-06-19 23:26:31,666:DEBUG:STREAM b'pHYs' 3198 9
2019-06-19 23:26:31,666:DEBUG:STREAM b'iTXt' 3219 415
2019-06-19 23:26:31,666:DEBUG:STREAM b'iDOT' 3646 28
2019-06-19 23:26:31,666:DEBUG:b'iDOT' 3646 28 (unknown)
2019-06-19 23:26:31,666:DEBUG:STREAM b'IDAT' 3686 16384
2019-06-19 23:26:32,707:INFO:Playing Game.
2019-06-19 23:26:32,710:DEBUG:STREAM b'IHDR' 16 13
2019-06-19 23:26:32,710:DEBUG:STREAM b'iCCP' 41 3093
2019-06-19 23:26:32,710:DEBUG:iCCP profile name b'ICC Profile'
2019-06-19 23:26:32,710:DEBUG:Compression method 0
2019-06-19 23:26:32,710:DEBUG:STREAM b'pHYs' 3146 9
2019-06-19 23:26:32,710:DEBUG:STREAM b'iTXt' 3167 413
2019-06-19 23:26:32,710:DEBUG:STREAM b'iDOT' 3592 28
2019-06-19 23:26:32,711:DEBUG:b'iDOT' 3592 28 (unknown)
2019-06-19 23:26:32,711:DEBUG:STREAM b'IDAT' 3632 2481
2019-06-19 23:26:33,064:DEBUG:STREAM b'IHDR' 16 13
2019-06-19 23:26:33,064:DEBUG:STREAM b'iCCP' 41 3145
2019-06-19 23:26:33,065:DEBUG:iCCP profile name b'ICC Profile'
2019-06-19 23:26:33,065:DEBUG:Compression method 0
2019-06-19 23:26:33,065:DEBUG:STREAM b'pHYs' 3198 9
2019-06-19 23:26:33,065:DEBUG:STREAM b'iTXt' 3219 415
2019-06-19 23:26:33,065:DEBUG:STREAM b'iDOT' 3646 28
2019-06-19 23:26:33,065:DEBUG:b'iDOT' 3646 28 (unknown)
2019-06-19 23:26:33,065:DEBUG:STREAM b'IDAT' 3686 16384
2019-06-19 23:26:34,121:DEBUG:Collecting Jump Routes.
2019-06-19 23:26:34,986:DEBUG:STREAM b'IHDR' 16 13
2019-06-19 23:26:34,986:DEBUG:STREAM b'iCCP' 41 3145
2019-06-19 23:26:34,986:DEBUG:iCCP profile name b'ICC Profile'
2019-06-19 23:26:34,987:DEBUG:Compression method 0
2019-06-19 23:26:34,987:DEBUG:STREAM b'pHYs' 3198 9
2019-06-19 23:26:34,987:DEBUG:STREAM b'iTXt' 3219 415
2019-06-19 23:26:34,987:DEBUG:STREAM b'iDOT' 3646 28
2019-06-19 23:26:34,987:DEBUG:b'iDOT' 3646 28 (unknown)
2019-06-19 23:26:34,987:DEBUG:STREAM b'IDAT' 3686 16384
2019-06-19 23:26:35,799:DEBUG:STREAM b'IHDR' 16 13
2019-06-19 23:26:35,799:DEBUG:STREAM b'iCCP' 41 3145
2019-06-19 23:26:35,799:DEBUG:iCCP profile name b'ICC Profile'
2019-06-19 23:26:35,799:DEBUG:Compression method 0
2019-06-19 23:26:35,799:DEBUG:STREAM b'pHYs' 3198 9
2019-06-19 23:26:35,799:DEBUG:STREAM b'iTXt' 3219 415
2019-06-19 23:26:35,800:DEBUG:STREAM b'iDOT' 3646 28
2019-06-19 23:26:35,800:DEBUG:b'iDOT' 3646 28 (unknown)
2019-06-19 23:26:35,800:DEBUG:STREAM b'IDAT' 3686 16384
2019-06-19 23:26:36,613:DEBUG:STREAM b'IHDR' 16 13
2019-06-19 23:26:36,614:DEBUG:STREAM b'iCCP' 41 3145
2019-06-19 23:26:36,614:DEBUG:iCCP profile name b'ICC Profile'
2019-06-19 23:26:36,614:DEBUG:Compression method 0
2019-06-19 23:26:36,614:DEBUG:STREAM b'pHYs' 3198 9
2019-06-19 23:26:36,614:DEBUG:STREAM b'iTXt' 3219 415
2019-06-19 23:26:36,614:DEBUG:STREAM b'iDOT' 3646 28
2019-06-19 23:26:36,614:DEBUG:b'iDOT' 3646 28 (unknown)
2019-06-19 23:26:36,614:DEBUG:STREAM b'IDAT' 3686 16384
2019-06-19 23:26:37,768:INFO:[1470, 388] Waypoint Clicked 
2019-06-19 23:26:38,120:DEBUG:STREAM b'IHDR' 16 13
2019-06-19 23:26:38,120:DEBUG:STREAM b'iCCP' 41 3145
2019-06-19 23:26:38,120:DEBUG:iCCP profile name b'ICC Profile'
2019-06-19 23:26:38,120:DEBUG:Compression method 0
2019-06-19 23:26:38,120:DEBUG:STREAM b'pHYs' 3198 9
2019-06-19 23:26:38,120:DEBUG:STREAM b'iTXt' 3219 415
2019-06-19 23:26:38,120:DEBUG:STREAM b'iDOT' 3646 28
2019-06-19 23:26:38,120:DEBUG:b'iDOT' 3646 28 (unknown)
2019-06-19 23:26:38,120:DEBUG:STREAM b'IDAT' 3686 16384
2019-06-19 23:26:38,610:INFO:[1470, 388] Failed Jump. 
2019-06-19 23:26:39,331:INFO:[1984, 440] Waypoint Clicked 
2019-06-19 23:26:39,707:DEBUG:STREAM b'IHDR' 16 13
2019-06-19 23:26:39,708:DEBUG:STREAM b'iCCP' 41 3145
2019-06-19 23:26:39,708:DEBUG:iCCP profile name b'ICC Profile'
2019-06-19 23:26:39,708:DEBUG:Compression method 0
2019-06-19 23:26:39,708:DEBUG:STREAM b'pHYs' 3198 9
2019-06-19 23:26:39,708:DEBUG:STREAM b'iTXt' 3219 415
2019-06-19 23:26:39,708:DEBUG:STREAM b'iDOT' 3646 28
2019-06-19 23:26:39,709:DEBUG:b'iDOT' 3646 28 (unknown)
2019-06-19 23:26:39,709:DEBUG:STREAM b'IDAT' 3686 16384
2019-06-19 23:26:40,202:INFO:[1984, 440] Failed Jump. 
2019-06-19 23:26:40,922:INFO:[1985, 440] Waypoint Clicked 
2019-06-19 23:26:41,294:DEBUG:STREAM b'IHDR' 16 13
2019-06-19 23:26:41,294:DEBUG:STREAM b'iCCP' 41 3145
2019-06-19 23:26:41,294:DEBUG:iCCP profile name b'ICC Profile'
2019-06-19 23:26:41,294:DEBUG:Compression method 0
2019-06-19 23:26:41,294:DEBUG:STREAM b'pHYs' 3198 9
2019-06-19 23:26:41,294:DEBUG:STREAM b'iTXt' 3219 415
2019-06-19 23:26:41,294:DEBUG:STREAM b'iDOT' 3646 28
2019-06-19 23:26:41,294:DEBUG:b'iDOT' 3646 28 (unknown)
2019-06-19 23:26:41,295:DEBUG:STREAM b'IDAT' 3686 16384
2019-06-19 23:26:41,808:INFO:[1985, 440] Failed Jump. 
2019-06-19 23:26:42,527:INFO:[1984, 441] Waypoint Clicked 
2019-06-19 23:26:42,922:DEBUG:STREAM b'IHDR' 16 13
2019-06-19 23:26:42,922:DEBUG:STREAM b'iCCP' 41 3145
2019-06-19 23:26:42,922:DEBUG:iCCP profile name b'ICC Profile'
2019-06-19 23:26:42,922:DEBUG:Compression method 0
2019-06-19 23:26:42,922:DEBUG:STREAM b'pHYs' 3198 9
2019-06-19 23:26:42,922:DEBUG:STREAM b'iTXt' 3219 415
2019-06-19 23:26:42,922:DEBUG:STREAM b'iDOT' 3646 28
2019-06-19 23:26:42,923:DEBUG:b'iDOT' 3646 28 (unknown)
2019-06-19 23:26:42,923:DEBUG:STREAM b'IDAT' 3686 16384
2019-06-19 23:26:43,417:INFO:[1984, 441] Failed Jump. 
2019-06-19 23:26:44,139:INFO:[1230, 464] Waypoint Clicked 
2019-06-19 23:26:44,510:DEBUG:STREAM b'IHDR' 16 13
2019-06-19 23:26:44,510:DEBUG:STREAM b'iCCP' 41 3145
2019-06-19 23:26:44,510:DEBUG:iCCP profile name b'ICC Profile'
2019-06-19 23:26:44,510:DEBUG:Compression method 0
2019-06-19 23:26:44,511:DEBUG:STREAM b'pHYs' 3198 9
2019-06-19 23:26:44,511:DEBUG:STREAM b'iTXt' 3219 415
2019-06-19 23:26:44,511:DEBUG:STREAM b'iDOT' 3646 28
2019-06-19 23:26:44,511:DEBUG:b'iDOT' 3646 28 (unknown)
2019-06-19 23:26:44,511:DEBUG:STREAM b'IDAT' 3686 16384
2019-06-19 23:26:45,017:INFO:[1230, 464] Failed Jump. 
2019-06-19 23:26:45,734:INFO:[988, 466] Waypoint Clicked 
2019-06-19 23:26:46,118:DEBUG:STREAM b'IHDR' 16 13
2019-06-19 23:26:46,118:DEBUG:STREAM b'iCCP' 41 3145
2019-06-19 23:26:46,118:DEBUG:iCCP profile name b'ICC Profile'
2019-06-19 23:26:46,119:DEBUG:Compression method 0
2019-06-19 23:26:46,119:DEBUG:STREAM b'pHYs' 3198 9
2019-06-19 23:26:46,119:DEBUG:STREAM b'iTXt' 3219 415
2019-06-19 23:26:46,119:DEBUG:STREAM b'iDOT' 3646 28
2019-06-19 23:26:46,119:DEBUG:b'iDOT' 3646 28 (unknown)
2019-06-19 23:26:46,119:DEBUG:STREAM b'IDAT' 3686 16384
2019-06-19 23:26:46,624:INFO:[988, 466] Failed Jump. 
2019-06-19 23:26:47,345:INFO:[1746, 490] Waypoint Clicked 
2019-06-19 23:26:47,714:DEBUG:STREAM b'IHDR' 16 13
2019-06-19 23:26:47,715:DEBUG:STREAM b'iCCP' 41 3145
2019-06-19 23:26:47,715:DEBUG:iCCP profile name b'ICC Profile'
2019-06-19 23:26:47,715:DEBUG:Compression method 0
2019-06-19 23:26:47,715:DEBUG:STREAM b'pHYs' 3198 9
2019-06-19 23:26:47,715:DEBUG:STREAM b'iTXt' 3219 415
2019-06-19 23:26:47,715:DEBUG:STREAM b'iDOT' 3646 28
2019-06-19 23:26:47,715:DEBUG:b'iDOT' 3646 28 (unknown)
2019-06-19 23:26:47,715:DEBUG:STREAM b'IDAT' 3686 16384
2019-06-19 23:26:48,215:INFO:[1746, 490] Failed Jump. 
2019-06-19 23:26:48,934:INFO:[1747, 490] Waypoint Clicked 
2019-06-19 23:26:49,300:DEBUG:STREAM b'IHDR' 16 13
2019-06-19 23:26:49,300:DEBUG:STREAM b'iCCP' 41 3145
2019-06-19 23:26:49,300:DEBUG:iCCP profile name b'ICC Profile'
2019-06-19 23:26:49,300:DEBUG:Compression method 0
2019-06-19 23:26:49,300:DEBUG:STREAM b'pHYs' 3198 9
2019-06-19 23:26:49,301:DEBUG:STREAM b'iTXt' 3219 415
2019-06-19 23:26:49,301:DEBUG:STREAM b'iDOT' 3646 28
2019-06-19 23:26:49,301:DEBUG:b'iDOT' 3646 28 (unknown)
2019-06-19 23:26:49,301:DEBUG:STREAM b'IDAT' 3686 16384
2019-06-19 23:26:49,809:INFO:[1747, 490] Failed Jump. 
2019-06-19 23:26:50,527:INFO:[2192, 538] Waypoint Clicked 
2019-06-19 23:26:50,913:DEBUG:STREAM b'IHDR' 16 13
2019-06-19 23:26:50,913:DEBUG:STREAM b'iCCP' 41 3145
2019-06-19 23:26:50,913:DEBUG:iCCP profile name b'ICC Profile'
2019-06-19 23:26:50,913:DEBUG:Compression method 0
2019-06-19 23:26:50,913:DEBUG:STREAM b'pHYs' 3198 9
2019-06-19 23:26:50,913:DEBUG:STREAM b'iTXt' 3219 415
2019-06-19 23:26:50,914:DEBUG:STREAM b'iDOT' 3646 28
2019-06-19 23:26:50,914:DEBUG:b'iDOT' 3646 28 (unknown)
2019-06-19 23:26:50,914:DEBUG:STREAM b'IDAT' 3686 16384
2019-06-19 23:26:51,409:INFO:[2192, 538] Failed Jump. 
2019-06-19 23:26:52,128:INFO:[2193, 538] Waypoint Clicked 
2019-06-19 23:26:52,492:DEBUG:STREAM b'IHDR' 16 13
2019-06-19 23:26:52,493:DEBUG:STREAM b'iCCP' 41 3145
2019-06-19 23:26:52,493:DEBUG:iCCP profile name b'ICC Profile'
2019-06-19 23:26:52,493:DEBUG:Compression method 0
2019-06-19 23:26:52,493:DEBUG:STREAM b'pHYs' 3198 9
2019-06-19 23:26:52,493:DEBUG:STREAM b'iTXt' 3219 415
2019-06-19 23:26:52,493:DEBUG:STREAM b'iDOT' 3646 28
2019-06-19 23:26:52,493:DEBUG:b'iDOT' 3646 28 (unknown)
2019-06-19 23:26:52,493:DEBUG:STREAM b'IDAT' 3686 16384
2019-06-19 23:26:52,993:INFO:[2193, 538] Failed Jump. 
2019-06-19 23:26:53,711:INFO:[2072, 672] Waypoint Clicked 
2019-06-19 23:26:54,078:DEBUG:STREAM b'IHDR' 16 13
2019-06-19 23:26:54,079:DEBUG:STREAM b'iCCP' 41 3145
2019-06-19 23:26:54,079:DEBUG:iCCP profile name b'ICC Profile'
2019-06-19 23:26:54,079:DEBUG:Compression method 0
2019-06-19 23:26:54,079:DEBUG:STREAM b'pHYs' 3198 9
2019-06-19 23:26:54,079:DEBUG:STREAM b'iTXt' 3219 415
2019-06-19 23:26:54,079:DEBUG:STREAM b'iDOT' 3646 28
2019-06-19 23:26:54,079:DEBUG:b'iDOT' 3646 28 (unknown)
2019-06-19 23:26:54,079:DEBUG:STREAM b'IDAT' 3686 16384
2019-06-19 23:26:54,575:INFO:[2072, 672] Failed Jump. 
2019-06-19 23:26:55,292:INFO:[2073, 672] Waypoint Clicked 
2019-06-19 23:26:55,663:DEBUG:STREAM b'IHDR' 16 13
2019-06-19 23:26:55,663:DEBUG:STREAM b'iCCP' 41 3145
2019-06-19 23:26:55,663:DEBUG:iCCP profile name b'ICC Profile'
2019-06-19 23:26:55,663:DEBUG:Compression method 0
2019-06-19 23:26:55,663:DEBUG:STREAM b'pHYs' 3198 9
2019-06-19 23:26:55,664:DEBUG:STREAM b'iTXt' 3219 415
2019-06-19 23:26:55,664:DEBUG:STREAM b'iDOT' 3646 28
2019-06-19 23:26:55,664:DEBUG:b'iDOT' 3646 28 (unknown)
2019-06-19 23:26:55,664:DEBUG:STREAM b'IDAT' 3686 16384
2019-06-19 23:26:56,154:INFO:[2073, 672] Failed Jump. 
2019-06-19 23:26:56,869:INFO:[1774, 676] Waypoint Clicked 
2019-06-19 23:26:57,237:DEBUG:STREAM b'IHDR' 16 13
2019-06-19 23:26:57,237:DEBUG:STREAM b'iCCP' 41 3145
2019-06-19 23:26:57,237:DEBUG:iCCP profile name b'ICC Profile'
2019-06-19 23:26:57,237:DEBUG:Compression method 0
2019-06-19 23:26:57,237:DEBUG:STREAM b'pHYs' 3198 9
2019-06-19 23:26:57,237:DEBUG:STREAM b'iTXt' 3219 415
2019-06-19 23:26:57,237:DEBUG:STREAM b'iDOT' 3646 28
2019-06-19 23:26:57,237:DEBUG:b'iDOT' 3646 28 (unknown)
2019-06-19 23:26:57,237:DEBUG:STREAM b'IDAT' 3686 16384
2019-06-19 23:26:57,754:INFO:[1774, 676] Failed Jump. 
2019-06-19 23:26:58,467:INFO:[1775, 676] Waypoint Clicked 
2019-06-19 23:26:58,852:DEBUG:STREAM b'IHDR' 16 13
2019-06-19 23:26:58,852:DEBUG:STREAM b'iCCP' 41 3145
2019-06-19 23:26:58,852:DEBUG:iCCP profile name b'ICC Profile'
2019-06-19 23:26:58,852:DEBUG:Compression method 0
2019-06-19 23:26:58,852:DEBUG:STREAM b'pHYs' 3198 9
2019-06-19 23:26:58,852:DEBUG:STREAM b'iTXt' 3219 415
2019-06-19 23:26:58,852:DEBUG:STREAM b'iDOT' 3646 28
2019-06-19 23:26:58,852:DEBUG:b'iDOT' 3646 28 (unknown)
2019-06-19 23:26:58,853:DEBUG:STREAM b'IDAT' 3686 16384
2019-06-19 23:26:59,343:INFO:[1775, 676] Failed Jump. 
2019-06-19 23:27:00,058:INFO:[1442, 688] Waypoint Clicked 
2019-06-19 23:27:00,423:DEBUG:STREAM b'IHDR' 16 13
2019-06-19 23:27:00,423:DEBUG:STREAM b'iCCP' 41 3145
2019-06-19 23:27:00,423:DEBUG:iCCP profile name b'ICC Profile'
2019-06-19 23:27:00,423:DEBUG:Compression method 0
2019-06-19 23:27:00,423:DEBUG:STREAM b'pHYs' 3198 9
2019-06-19 23:27:00,423:DEBUG:STREAM b'iTXt' 3219 415
2019-06-19 23:27:00,423:DEBUG:STREAM b'iDOT' 3646 28
2019-06-19 23:27:00,424:DEBUG:b'iDOT' 3646 28 (unknown)
2019-06-19 23:27:00,424:DEBUG:STREAM b'IDAT' 3686 16384
2019-06-19 23:27:00,932:INFO:[1442, 688] Failed Jump. 
2019-06-19 23:27:01,648:INFO:[1058, 700] Waypoint Clicked 
2019-06-19 23:27:02,009:DEBUG:STREAM b'IHDR' 16 13
2019-06-19 23:27:02,010:DEBUG:STREAM b'iCCP' 41 3145
2019-06-19 23:27:02,010:DEBUG:iCCP profile name b'ICC Profile'
2019-06-19 23:27:02,010:DEBUG:Compression method 0
2019-06-19 23:27:02,010:DEBUG:STREAM b'pHYs' 3198 9
2019-06-19 23:27:02,010:DEBUG:STREAM b'iTXt' 3219 415
2019-06-19 23:27:02,010:DEBUG:STREAM b'iDOT' 3646 28
2019-06-19 23:27:02,010:DEBUG:b'iDOT' 3646 28 (unknown)
2019-06-19 23:27:02,010:DEBUG:STREAM b'IDAT' 3686 16384
2019-06-19 23:27:02,495:INFO:[1058, 700] Failed Jump. 
2019-06-19 23:27:03,215:INFO:[1908, 734] Waypoint Clicked 
2019-06-19 23:27:03,556:DEBUG:STREAM b'IHDR' 16 13
2019-06-19 23:27:03,556:DEBUG:STREAM b'iCCP' 41 3145
2019-06-19 23:27:03,556:DEBUG:iCCP profile name b'ICC Profile'
2019-06-19 23:27:03,556:DEBUG:Compression method 0
2019-06-19 23:27:03,556:DEBUG:STREAM b'pHYs' 3198 9
2019-06-19 23:27:03,556:DEBUG:STREAM b'iTXt' 3219 415
2019-06-19 23:27:03,556:DEBUG:STREAM b'iDOT' 3646 28
2019-06-19 23:27:03,556:DEBUG:b'iDOT' 3646 28 (unknown)
2019-06-19 23:27:03,557:DEBUG:STREAM b'IDAT' 3686 16384
2019-06-19 23:27:04,037:INFO:[1908, 734] Successful Jump! 
2019-06-19 23:27:07,041:INFO:[1908, 734] Assessing encounter.
2019-06-19 23:27:07,388:DEBUG:STREAM b'IHDR' 16 13
2019-06-19 23:27:07,389:DEBUG:STREAM b'iCCP' 41 3145
2019-06-19 23:27:07,389:DEBUG:iCCP profile name b'ICC Profile'
2019-06-19 23:27:07,389:DEBUG:Compression method 0
2019-06-19 23:27:07,389:DEBUG:STREAM b'pHYs' 3198 9
2019-06-19 23:27:07,389:DEBUG:STREAM b'iTXt' 3219 415
2019-06-19 23:27:07,389:DEBUG:STREAM b'iDOT' 3646 28
2019-06-19 23:27:07,389:DEBUG:b'iDOT' 3646 28 (unknown)
2019-06-19 23:27:07,389:DEBUG:STREAM b'IDAT' 3686 16384
2019-06-19 23:27:08,196:DEBUG:STREAM b'IHDR' 16 13
2019-06-19 23:27:08,197:DEBUG:STREAM b'iCCP' 41 3145
2019-06-19 23:27:08,197:DEBUG:iCCP profile name b'ICC Profile'
2019-06-19 23:27:08,197:DEBUG:Compression method 0
2019-06-19 23:27:08,197:DEBUG:STREAM b'pHYs' 3198 9
2019-06-19 23:27:08,197:DEBUG:STREAM b'iTXt' 3219 415
2019-06-19 23:27:08,197:DEBUG:STREAM b'iDOT' 3646 28
2019-06-19 23:27:08,197:DEBUG:b'iDOT' 3646 28 (unknown)
2019-06-19 23:27:08,197:DEBUG:STREAM b'IDAT' 3686 16384
2019-06-19 23:27:08,675:INFO:[1908, 734] No Ship Encountered.
2019-06-19 23:27:08,676:INFO:Restarting Game.
2019-06-19 23:27:08,818:DEBUG:STREAM b'IHDR' 16 13
2019-06-19 23:27:08,818:DEBUG:STREAM b'iCCP' 41 3145
2019-06-19 23:27:08,818:DEBUG:iCCP profile name b'ICC Profile'
2019-06-19 23:27:08,818:DEBUG:Compression method 0
2019-06-19 23:27:08,818:DEBUG:STREAM b'pHYs' 3198 9
2019-06-19 23:27:08,819:DEBUG:STREAM b'iTXt' 3219 412
2019-06-19 23:27:08,819:DEBUG:STREAM b'iDOT' 3643 28
2019-06-19 23:27:08,819:DEBUG:b'iDOT' 3643 28 (unknown)
2019-06-19 23:27:08,819:DEBUG:STREAM b'IDAT' 3683 1285
2019-06-19 23:27:09,113:DEBUG:STREAM b'IHDR' 16 13
2019-06-19 23:27:09,113:DEBUG:STREAM b'iCCP' 41 3145
2019-06-19 23:27:09,113:DEBUG:iCCP profile name b'ICC Profile'
2019-06-19 23:27:09,113:DEBUG:Compression method 0
2019-06-19 23:27:09,113:DEBUG:STREAM b'pHYs' 3198 9
2019-06-19 23:27:09,113:DEBUG:STREAM b'iTXt' 3219 415
2019-06-19 23:27:09,113:DEBUG:STREAM b'iDOT' 3646 28
2019-06-19 23:27:09,114:DEBUG:b'iDOT' 3646 28 (unknown)
2019-06-19 23:27:09,114:DEBUG:STREAM b'IDAT' 3686 16384
2019-06-19 23:27:10,100:DEBUG:STREAM b'IHDR' 16 13
2019-06-19 23:27:10,100:DEBUG:STREAM b'iCCP' 41 3145
2019-06-19 23:27:10,100:DEBUG:iCCP profile name b'ICC Profile'
2019-06-19 23:27:10,100:DEBUG:Compression method 0
2019-06-19 23:27:10,101:DEBUG:STREAM b'pHYs' 3198 9
2019-06-19 23:27:10,101:DEBUG:STREAM b'iTXt' 3219 411
2019-06-19 23:27:10,101:DEBUG:STREAM b'iDOT' 3642 28
2019-06-19 23:27:10,101:DEBUG:b'iDOT' 3642 28 (unknown)
2019-06-19 23:27:10,101:DEBUG:STREAM b'IDAT' 3682 898
2019-06-19 23:27:10,400:DEBUG:STREAM b'IHDR' 16 13
2019-06-19 23:27:10,400:DEBUG:STREAM b'iCCP' 41 3145
2019-06-19 23:27:10,400:DEBUG:iCCP profile name b'ICC Profile'
2019-06-19 23:27:10,400:DEBUG:Compression method 0
2019-06-19 23:27:10,401:DEBUG:STREAM b'pHYs' 3198 9
2019-06-19 23:27:10,401:DEBUG:STREAM b'iTXt' 3219 415
2019-06-19 23:27:10,401:DEBUG:STREAM b'iDOT' 3646 28
2019-06-19 23:27:10,401:DEBUG:b'iDOT' 3646 28 (unknown)
2019-06-19 23:27:10,401:DEBUG:STREAM b'IDAT' 3686 16384
2019-06-19 23:27:11,390:DEBUG:STREAM b'IHDR' 16 13
2019-06-19 23:27:11,390:DEBUG:STREAM b'iCCP' 41 3093
2019-06-19 23:27:11,390:DEBUG:iCCP profile name b'ICC Profile'
2019-06-19 23:27:11,390:DEBUG:Compression method 0
2019-06-19 23:27:11,390:DEBUG:STREAM b'pHYs' 3146 9
2019-06-19 23:27:11,390:DEBUG:STREAM b'iTXt' 3167 412
2019-06-19 23:27:11,391:DEBUG:STREAM b'iDOT' 3591 28
2019-06-19 23:27:11,391:DEBUG:b'iDOT' 3591 28 (unknown)
2019-06-19 23:27:11,391:DEBUG:STREAM b'IDAT' 3631 3077
2019-06-19 23:27:11,737:DEBUG:STREAM b'IHDR' 16 13
2019-06-19 23:27:11,737:DEBUG:STREAM b'iCCP' 41 3145
2019-06-19 23:27:11,737:DEBUG:iCCP profile name b'ICC Profile'
2019-06-19 23:27:11,737:DEBUG:Compression method 0
2019-06-19 23:27:11,737:DEBUG:STREAM b'pHYs' 3198 9
2019-06-19 23:27:11,737:DEBUG:STREAM b'iTXt' 3219 415
2019-06-19 23:27:11,738:DEBUG:STREAM b'iDOT' 3646 28
2019-06-19 23:27:11,738:DEBUG:b'iDOT' 3646 28 (unknown)
2019-06-19 23:27:11,738:DEBUG:STREAM b'IDAT' 3686 16384
2019-06-19 23:27:12,766:INFO:Playing Game.
2019-06-19 23:27:12,767:DEBUG:STREAM b'IHDR' 16 13
2019-06-19 23:27:12,767:DEBUG:STREAM b'iCCP' 41 3093
2019-06-19 23:27:12,767:DEBUG:iCCP profile name b'ICC Profile'
2019-06-19 23:27:12,767:DEBUG:Compression method 0
2019-06-19 23:27:12,767:DEBUG:STREAM b'pHYs' 3146 9
2019-06-19 23:27:12,767:DEBUG:STREAM b'iTXt' 3167 413
2019-06-19 23:27:12,767:DEBUG:STREAM b'iDOT' 3592 28
2019-06-19 23:27:12,767:DEBUG:b'iDOT' 3592 28 (unknown)
2019-06-19 23:27:12,767:DEBUG:STREAM b'IDAT' 3632 2481
2019-06-19 23:27:13,112:DEBUG:STREAM b'IHDR' 16 13
2019-06-19 23:27:13,112:DEBUG:STREAM b'iCCP' 41 3145
2019-06-19 23:27:13,112:DEBUG:iCCP profile name b'ICC Profile'
2019-06-19 23:27:13,112:DEBUG:Compression method 0
2019-06-19 23:27:13,113:DEBUG:STREAM b'pHYs' 3198 9
2019-06-19 23:27:13,113:DEBUG:STREAM b'iTXt' 3219 415
2019-06-19 23:27:13,113:DEBUG:STREAM b'iDOT' 3646 28
2019-06-19 23:27:13,113:DEBUG:b'iDOT' 3646 28 (unknown)
2019-06-19 23:27:13,113:DEBUG:STREAM b'IDAT' 3686 16384
2019-06-19 23:27:14,134:DEBUG:Collecting Jump Routes.
2019-06-19 23:27:15,004:DEBUG:STREAM b'IHDR' 16 13
2019-06-19 23:27:15,004:DEBUG:STREAM b'iCCP' 41 3145
2019-06-19 23:27:15,005:DEBUG:iCCP profile name b'ICC Profile'
2019-06-19 23:27:15,005:DEBUG:Compression method 0
2019-06-19 23:27:15,005:DEBUG:STREAM b'pHYs' 3198 9
2019-06-19 23:27:15,005:DEBUG:STREAM b'iTXt' 3219 415
2019-06-19 23:27:15,005:DEBUG:STREAM b'iDOT' 3646 28
2019-06-19 23:27:15,005:DEBUG:b'iDOT' 3646 28 (unknown)
2019-06-19 23:27:15,005:DEBUG:STREAM b'IDAT' 3686 16384
2019-06-19 23:27:15,810:DEBUG:STREAM b'IHDR' 16 13
2019-06-19 23:27:15,810:DEBUG:STREAM b'iCCP' 41 3145
2019-06-19 23:27:15,810:DEBUG:iCCP profile name b'ICC Profile'
2019-06-19 23:27:15,810:DEBUG:Compression method 0
2019-06-19 23:27:15,811:DEBUG:STREAM b'pHYs' 3198 9
2019-06-19 23:27:15,811:DEBUG:STREAM b'iTXt' 3219 415
2019-06-19 23:27:15,811:DEBUG:STREAM b'iDOT' 3646 28
2019-06-19 23:27:15,811:DEBUG:b'iDOT' 3646 28 (unknown)
2019-06-19 23:27:15,811:DEBUG:STREAM b'IDAT' 3686 16384
2019-06-19 23:27:16,610:DEBUG:STREAM b'IHDR' 16 13
2019-06-19 23:27:16,611:DEBUG:STREAM b'iCCP' 41 3145
2019-06-19 23:27:16,611:DEBUG:iCCP profile name b'ICC Profile'
2019-06-19 23:27:16,611:DEBUG:Compression method 0
2019-06-19 23:27:16,611:DEBUG:STREAM b'pHYs' 3198 9
2019-06-19 23:27:16,611:DEBUG:STREAM b'iTXt' 3219 415
2019-06-19 23:27:16,611:DEBUG:STREAM b'iDOT' 3646 28
2019-06-19 23:27:16,612:DEBUG:b'iDOT' 3646 28 (unknown)
2019-06-19 23:27:16,612:DEBUG:STREAM b'IDAT' 3686 16384
2019-06-19 23:27:17,758:INFO:[1394, 396] Waypoint Clicked 
2019-06-19 23:27:18,139:DEBUG:STREAM b'IHDR' 16 13
2019-06-19 23:27:18,140:DEBUG:STREAM b'iCCP' 41 3145
2019-06-19 23:27:18,140:DEBUG:iCCP profile name b'ICC Profile'
2019-06-19 23:27:18,140:DEBUG:Compression method 0
2019-06-19 23:27:18,140:DEBUG:STREAM b'pHYs' 3198 9
2019-06-19 23:27:18,140:DEBUG:STREAM b'iTXt' 3219 415
2019-06-19 23:27:18,141:DEBUG:STREAM b'iDOT' 3646 28
2019-06-19 23:27:18,141:DEBUG:b'iDOT' 3646 28 (unknown)
2019-06-19 23:27:18,141:DEBUG:STREAM b'IDAT' 3686 16384
2019-06-19 23:27:18,648:INFO:[1394, 396] Failed Jump. 
2019-06-19 23:27:19,368:INFO:[1054, 452] Waypoint Clicked 
