2019-06-20 00:53:57,439:DEBUG:STREAM b'IHDR' 16 13
2019-06-20 00:53:57,440:DEBUG:STREAM b'iCCP' 41 3145
2019-06-20 00:53:57,440:DEBUG:iCCP profile name b'ICC Profile'
2019-06-20 00:53:57,440:DEBUG:Compression method 0
2019-06-20 00:53:57,440:DEBUG:STREAM b'pHYs' 3198 9
2019-06-20 00:53:57,440:DEBUG:STREAM b'iTXt' 3219 415
2019-06-20 00:53:57,441:DEBUG:STREAM b'iDOT' 3646 28
2019-06-20 00:53:57,441:DEBUG:b'iDOT' 3646 28 (unknown)
2019-06-20 00:53:57,441:DEBUG:STREAM b'IDAT' 3686 16384
2019-06-20 00:53:58,446:DEBUG:STREAM b'IHDR' 16 13
2019-06-20 00:53:58,446:DEBUG:STREAM b'iCCP' 41 3145
2019-06-20 00:53:58,447:DEBUG:iCCP profile name b'ICC Profile'
2019-06-20 00:53:58,447:DEBUG:Compression method 0
2019-06-20 00:53:58,447:DEBUG:STREAM b'pHYs' 3198 9
2019-06-20 00:53:58,447:DEBUG:STREAM b'iTXt' 3219 415
2019-06-20 00:53:58,447:DEBUG:STREAM b'iDOT' 3646 28
2019-06-20 00:53:58,448:DEBUG:b'iDOT' 3646 28 (unknown)
2019-06-20 00:53:58,448:DEBUG:STREAM b'IDAT' 3686 16384
2019-06-20 00:53:59,460:DEBUG:looking for steam icon
2019-06-20 00:53:59,466:DEBUG:STREAM b'IHDR' 16 13
2019-06-20 00:53:59,466:DEBUG:STREAM b'iCCP' 41 3093
2019-06-20 00:53:59,467:DEBUG:iCCP profile name b'ICC Profile'
2019-06-20 00:53:59,467:DEBUG:Compression method 0
2019-06-20 00:53:59,467:DEBUG:STREAM b'pHYs' 3146 9
2019-06-20 00:53:59,467:DEBUG:STREAM b'iTXt' 3167 413
2019-06-20 00:53:59,467:DEBUG:STREAM b'iDOT' 3592 28
2019-06-20 00:53:59,467:DEBUG:b'iDOT' 3592 28 (unknown)
2019-06-20 00:53:59,467:DEBUG:STREAM b'IDAT' 3632 7390
2019-06-20 00:53:59,843:DEBUG:STREAM b'IHDR' 16 13
2019-06-20 00:53:59,844:DEBUG:STREAM b'iCCP' 41 3145
2019-06-20 00:53:59,844:DEBUG:iCCP profile name b'ICC Profile'
2019-06-20 00:53:59,844:DEBUG:Compression method 0
2019-06-20 00:53:59,844:DEBUG:STREAM b'pHYs' 3198 9
2019-06-20 00:53:59,845:DEBUG:STREAM b'iTXt' 3219 415
2019-06-20 00:53:59,845:DEBUG:STREAM b'iDOT' 3646 28
2019-06-20 00:53:59,845:DEBUG:b'iDOT' 3646 28 (unknown)
2019-06-20 00:53:59,845:DEBUG:STREAM b'IDAT' 3686 16384
2019-06-20 00:54:00,847:DEBUG:looking for steam library
2019-06-20 00:54:00,848:DEBUG:STREAM b'IHDR' 16 13
2019-06-20 00:54:00,848:DEBUG:STREAM b'iCCP' 41 3093
2019-06-20 00:54:00,848:DEBUG:iCCP profile name b'ICC Profile'
2019-06-20 00:54:00,848:DEBUG:Compression method 0
2019-06-20 00:54:00,848:DEBUG:STREAM b'pHYs' 3146 9
2019-06-20 00:54:00,849:DEBUG:STREAM b'iTXt' 3167 412
2019-06-20 00:54:00,849:DEBUG:STREAM b'iDOT' 3591 28
2019-06-20 00:54:00,849:DEBUG:b'iDOT' 3591 28 (unknown)
2019-06-20 00:54:00,849:DEBUG:STREAM b'IDAT' 3631 9220
2019-06-20 00:54:01,492:DEBUG:STREAM b'IHDR' 16 13
2019-06-20 00:54:01,492:DEBUG:STREAM b'iCCP' 41 3145
2019-06-20 00:54:01,493:DEBUG:iCCP profile name b'ICC Profile'
2019-06-20 00:54:01,493:DEBUG:Compression method 0
2019-06-20 00:54:01,493:DEBUG:STREAM b'pHYs' 3198 9
2019-06-20 00:54:01,493:DEBUG:STREAM b'iTXt' 3219 415
2019-06-20 00:54:01,493:DEBUG:STREAM b'iDOT' 3646 28
2019-06-20 00:54:01,493:DEBUG:b'iDOT' 3646 28 (unknown)
2019-06-20 00:54:01,493:DEBUG:STREAM b'IDAT' 3686 16384
2019-06-20 00:54:02,684:DEBUG:looking for ftl in steam
2019-06-20 00:54:02,685:DEBUG:STREAM b'IHDR' 16 13
2019-06-20 00:54:02,685:DEBUG:STREAM b'iCCP' 41 3093
2019-06-20 00:54:02,685:DEBUG:iCCP profile name b'ICC Profile'
2019-06-20 00:54:02,685:DEBUG:Compression method 0
2019-06-20 00:54:02,685:DEBUG:STREAM b'pHYs' 3146 9
2019-06-20 00:54:02,685:DEBUG:STREAM b'iTXt' 3167 412
2019-06-20 00:54:02,685:DEBUG:STREAM b'iDOT' 3591 28
2019-06-20 00:54:02,685:DEBUG:b'iDOT' 3591 28 (unknown)
2019-06-20 00:54:02,685:DEBUG:STREAM b'IDAT' 3631 4924
2019-06-20 00:54:03,113:DEBUG:STREAM b'IHDR' 16 13
2019-06-20 00:54:03,113:DEBUG:STREAM b'iCCP' 41 3145
2019-06-20 00:54:03,113:DEBUG:iCCP profile name b'ICC Profile'
2019-06-20 00:54:03,113:DEBUG:Compression method 0
2019-06-20 00:54:03,114:DEBUG:STREAM b'pHYs' 3198 9
2019-06-20 00:54:03,114:DEBUG:STREAM b'iTXt' 3219 415
2019-06-20 00:54:03,114:DEBUG:STREAM b'iDOT' 3646 28
2019-06-20 00:54:03,114:DEBUG:b'iDOT' 3646 28 (unknown)
2019-06-20 00:54:03,114:DEBUG:STREAM b'IDAT' 3686 16384
2019-06-20 00:54:04,176:DEBUG:looking for play button
2019-06-20 00:54:04,182:DEBUG:STREAM b'IHDR' 16 13
2019-06-20 00:54:04,183:DEBUG:STREAM b'iCCP' 41 3093
2019-06-20 00:54:04,183:DEBUG:iCCP profile name b'ICC Profile'
2019-06-20 00:54:04,183:DEBUG:Compression method 0
2019-06-20 00:54:04,183:DEBUG:STREAM b'pHYs' 3146 9
2019-06-20 00:54:04,183:DEBUG:STREAM b'iTXt' 3167 412
2019-06-20 00:54:04,183:DEBUG:STREAM b'iDOT' 3591 28
2019-06-20 00:54:04,183:DEBUG:b'iDOT' 3591 28 (unknown)
2019-06-20 00:54:04,183:DEBUG:STREAM b'IDAT' 3631 7544
2019-06-20 00:54:04,574:DEBUG:STREAM b'IHDR' 16 13
2019-06-20 00:54:04,574:DEBUG:STREAM b'iCCP' 41 3145
2019-06-20 00:54:04,574:DEBUG:iCCP profile name b'ICC Profile'
2019-06-20 00:54:04,574:DEBUG:Compression method 0
2019-06-20 00:54:04,574:DEBUG:STREAM b'pHYs' 3198 9
2019-06-20 00:54:04,574:DEBUG:STREAM b'iTXt' 3219 415
2019-06-20 00:54:04,574:DEBUG:STREAM b'iDOT' 3646 28
2019-06-20 00:54:04,575:DEBUG:b'iDOT' 3646 28 (unknown)
2019-06-20 00:54:04,575:DEBUG:STREAM b'IDAT' 3686 16384
2019-06-20 00:54:05,665:INFO:Game Start: ftl:2019-06-20 00:54:05.665143
2019-06-20 00:54:05,665:INFO:Starting New Game.
2019-06-20 00:54:10,670:DEBUG:STREAM b'IHDR' 16 13
2019-06-20 00:54:10,670:DEBUG:STREAM b'iCCP' 41 3093
2019-06-20 00:54:10,670:DEBUG:iCCP profile name b'ICC Profile'
2019-06-20 00:54:10,670:DEBUG:Compression method 0
2019-06-20 00:54:10,671:DEBUG:STREAM b'pHYs' 3146 9
2019-06-20 00:54:10,671:DEBUG:STREAM b'iTXt' 3167 412
2019-06-20 00:54:10,671:DEBUG:STREAM b'iDOT' 3591 28
2019-06-20 00:54:10,671:DEBUG:b'iDOT' 3591 28 (unknown)
2019-06-20 00:54:10,671:DEBUG:STREAM b'IDAT' 3631 12055
2019-06-20 00:54:11,039:DEBUG:STREAM b'IHDR' 16 13
2019-06-20 00:54:11,040:DEBUG:STREAM b'iCCP' 41 3145
2019-06-20 00:54:11,040:DEBUG:iCCP profile name b'ICC Profile'
2019-06-20 00:54:11,040:DEBUG:Compression method 0
2019-06-20 00:54:11,040:DEBUG:STREAM b'pHYs' 3198 9
2019-06-20 00:54:11,040:DEBUG:STREAM b'iTXt' 3219 415
2019-06-20 00:54:11,040:DEBUG:STREAM b'iDOT' 3646 28
2019-06-20 00:54:11,040:DEBUG:b'iDOT' 3646 28 (unknown)
2019-06-20 00:54:11,040:DEBUG:STREAM b'IDAT' 3686 16384
2019-06-20 00:54:12,139:DEBUG:STREAM b'IHDR' 16 13
2019-06-20 00:54:12,139:DEBUG:STREAM b'iCCP' 41 3093
2019-06-20 00:54:12,139:DEBUG:iCCP profile name b'ICC Profile'
2019-06-20 00:54:12,139:DEBUG:Compression method 0
2019-06-20 00:54:12,139:DEBUG:STREAM b'pHYs' 3146 9
2019-06-20 00:54:12,140:DEBUG:STREAM b'iTXt' 3167 412
2019-06-20 00:54:12,140:DEBUG:STREAM b'iDOT' 3591 28
2019-06-20 00:54:12,140:DEBUG:b'iDOT' 3591 28 (unknown)
2019-06-20 00:54:12,140:DEBUG:STREAM b'IDAT' 3631 1658
2019-06-20 00:54:12,434:DEBUG:STREAM b'IHDR' 16 13
2019-06-20 00:54:12,435:DEBUG:STREAM b'iCCP' 41 3145
2019-06-20 00:54:12,435:DEBUG:iCCP profile name b'ICC Profile'
2019-06-20 00:54:12,435:DEBUG:Compression method 0
2019-06-20 00:54:12,435:DEBUG:STREAM b'pHYs' 3198 9
2019-06-20 00:54:12,435:DEBUG:STREAM b'iTXt' 3219 415
2019-06-20 00:54:12,435:DEBUG:STREAM b'iDOT' 3646 28
2019-06-20 00:54:12,435:DEBUG:b'iDOT' 3646 28 (unknown)
2019-06-20 00:54:12,435:DEBUG:STREAM b'IDAT' 3686 16384
2019-06-20 00:54:13,511:DEBUG:STREAM b'IHDR' 16 13
2019-06-20 00:54:13,511:DEBUG:STREAM b'iCCP' 41 3093
2019-06-20 00:54:13,511:DEBUG:iCCP profile name b'ICC Profile'
2019-06-20 00:54:13,511:DEBUG:Compression method 0
2019-06-20 00:54:13,511:DEBUG:STREAM b'pHYs' 3146 9
2019-06-20 00:54:13,511:DEBUG:STREAM b'iTXt' 3167 413
2019-06-20 00:54:13,511:DEBUG:STREAM b'iDOT' 3592 28
2019-06-20 00:54:13,511:DEBUG:b'iDOT' 3592 28 (unknown)
2019-06-20 00:54:13,511:DEBUG:STREAM b'IDAT' 3632 3594
2019-06-20 00:54:13,897:DEBUG:STREAM b'IHDR' 16 13
2019-06-20 00:54:13,897:DEBUG:STREAM b'iCCP' 41 3145
2019-06-20 00:54:13,897:DEBUG:iCCP profile name b'ICC Profile'
2019-06-20 00:54:13,898:DEBUG:Compression method 0
2019-06-20 00:54:13,898:DEBUG:STREAM b'pHYs' 3198 9
2019-06-20 00:54:13,898:DEBUG:STREAM b'iTXt' 3219 415
2019-06-20 00:54:13,898:DEBUG:STREAM b'iDOT' 3646 28
2019-06-20 00:54:13,898:DEBUG:b'iDOT' 3646 28 (unknown)
2019-06-20 00:54:13,898:DEBUG:STREAM b'IDAT' 3686 16384
2019-06-20 00:54:14,995:DEBUG:STREAM b'IHDR' 16 13
2019-06-20 00:54:14,995:DEBUG:STREAM b'iCCP' 41 3093
2019-06-20 00:54:14,995:DEBUG:iCCP profile name b'ICC Profile'
2019-06-20 00:54:14,995:DEBUG:Compression method 0
2019-06-20 00:54:14,995:DEBUG:STREAM b'pHYs' 3146 9
2019-06-20 00:54:14,995:DEBUG:STREAM b'iTXt' 3167 412
2019-06-20 00:54:14,995:DEBUG:STREAM b'iDOT' 3591 28
2019-06-20 00:54:14,995:DEBUG:b'iDOT' 3591 28 (unknown)
2019-06-20 00:54:14,995:DEBUG:STREAM b'IDAT' 3631 3077
2019-06-20 00:54:15,335:DEBUG:STREAM b'IHDR' 16 13
2019-06-20 00:54:15,336:DEBUG:STREAM b'iCCP' 41 3145
2019-06-20 00:54:15,336:DEBUG:iCCP profile name b'ICC Profile'
2019-06-20 00:54:15,336:DEBUG:Compression method 0
2019-06-20 00:54:15,336:DEBUG:STREAM b'pHYs' 3198 9
2019-06-20 00:54:15,337:DEBUG:STREAM b'iTXt' 3219 415
2019-06-20 00:54:15,337:DEBUG:STREAM b'iDOT' 3646 28
2019-06-20 00:54:15,337:DEBUG:b'iDOT' 3646 28 (unknown)
2019-06-20 00:54:15,337:DEBUG:STREAM b'IDAT' 3686 16384
2019-06-20 00:54:16,515:INFO:Playing Game.
2019-06-20 00:54:16,518:DEBUG:STREAM b'IHDR' 16 13
2019-06-20 00:54:16,518:DEBUG:STREAM b'iCCP' 41 3093
2019-06-20 00:54:16,518:DEBUG:iCCP profile name b'ICC Profile'
2019-06-20 00:54:16,518:DEBUG:Compression method 0
2019-06-20 00:54:16,519:DEBUG:STREAM b'pHYs' 3146 9
2019-06-20 00:54:16,519:DEBUG:STREAM b'iTXt' 3167 413
2019-06-20 00:54:16,519:DEBUG:STREAM b'iDOT' 3592 28
2019-06-20 00:54:16,519:DEBUG:b'iDOT' 3592 28 (unknown)
2019-06-20 00:54:16,519:DEBUG:STREAM b'IDAT' 3632 2481
2019-06-20 00:54:16,917:DEBUG:STREAM b'IHDR' 16 13
2019-06-20 00:54:16,918:DEBUG:STREAM b'iCCP' 41 3145
2019-06-20 00:54:16,918:DEBUG:iCCP profile name b'ICC Profile'
2019-06-20 00:54:16,918:DEBUG:Compression method 0
2019-06-20 00:54:16,918:DEBUG:STREAM b'pHYs' 3198 9
2019-06-20 00:54:16,918:DEBUG:STREAM b'iTXt' 3219 415
2019-06-20 00:54:16,918:DEBUG:STREAM b'iDOT' 3646 28
2019-06-20 00:54:16,918:DEBUG:b'iDOT' 3646 28 (unknown)
2019-06-20 00:54:16,918:DEBUG:STREAM b'IDAT' 3686 16384
2019-06-20 00:54:18,022:DEBUG:Collecting Jump Routes.
2019-06-20 00:54:18,921:DEBUG:STREAM b'IHDR' 16 13
2019-06-20 00:54:18,921:DEBUG:STREAM b'iCCP' 41 3145
2019-06-20 00:54:18,921:DEBUG:iCCP profile name b'ICC Profile'
2019-06-20 00:54:18,921:DEBUG:Compression method 0
2019-06-20 00:54:18,922:DEBUG:STREAM b'pHYs' 3198 9
2019-06-20 00:54:18,922:DEBUG:STREAM b'iTXt' 3219 415
2019-06-20 00:54:18,922:DEBUG:STREAM b'iDOT' 3646 28
2019-06-20 00:54:18,922:DEBUG:b'iDOT' 3646 28 (unknown)
2019-06-20 00:54:18,922:DEBUG:STREAM b'IDAT' 3686 16384
2019-06-20 00:54:19,823:DEBUG:STREAM b'IHDR' 16 13
2019-06-20 00:54:19,823:DEBUG:STREAM b'iCCP' 41 3145
2019-06-20 00:54:19,823:DEBUG:iCCP profile name b'ICC Profile'
2019-06-20 00:54:19,823:DEBUG:Compression method 0
2019-06-20 00:54:19,824:DEBUG:STREAM b'pHYs' 3198 9
2019-06-20 00:54:19,824:DEBUG:STREAM b'iTXt' 3219 415
2019-06-20 00:54:19,824:DEBUG:STREAM b'iDOT' 3646 28
2019-06-20 00:54:19,824:DEBUG:b'iDOT' 3646 28 (unknown)
2019-06-20 00:54:19,824:DEBUG:STREAM b'IDAT' 3686 16384
2019-06-20 00:54:20,747:DEBUG:STREAM b'IHDR' 16 13
2019-06-20 00:54:20,747:DEBUG:STREAM b'iCCP' 41 3145
2019-06-20 00:54:20,747:DEBUG:iCCP profile name b'ICC Profile'
2019-06-20 00:54:20,747:DEBUG:Compression method 0
2019-06-20 00:54:20,747:DEBUG:STREAM b'pHYs' 3198 9
2019-06-20 00:54:20,747:DEBUG:STREAM b'iTXt' 3219 415
2019-06-20 00:54:20,748:DEBUG:STREAM b'iDOT' 3646 28
2019-06-20 00:54:20,748:DEBUG:b'iDOT' 3646 28 (unknown)
2019-06-20 00:54:20,748:DEBUG:STREAM b'IDAT' 3686 16384
2019-06-20 00:54:21,970:INFO:[1918, 422] Waypoint Clicked 
2019-06-20 00:54:22,351:DEBUG:STREAM b'IHDR' 16 13
2019-06-20 00:54:22,351:DEBUG:STREAM b'iCCP' 41 3145
2019-06-20 00:54:22,351:DEBUG:iCCP profile name b'ICC Profile'
2019-06-20 00:54:22,351:DEBUG:Compression method 0
2019-06-20 00:54:22,352:DEBUG:STREAM b'pHYs' 3198 9
2019-06-20 00:54:22,352:DEBUG:STREAM b'iTXt' 3219 415
2019-06-20 00:54:22,352:DEBUG:STREAM b'iDOT' 3646 28
2019-06-20 00:54:22,352:DEBUG:b'iDOT' 3646 28 (unknown)
2019-06-20 00:54:22,352:DEBUG:STREAM b'IDAT' 3686 16384
2019-06-20 00:54:22,956:INFO:[1918, 422] Failed Jump. 
2019-06-20 00:54:23,676:INFO:[1919, 422] Waypoint Clicked 
2019-06-20 00:54:24,047:DEBUG:STREAM b'IHDR' 16 13
2019-06-20 00:54:24,047:DEBUG:STREAM b'iCCP' 41 3145
2019-06-20 00:54:24,047:DEBUG:iCCP profile name b'ICC Profile'
2019-06-20 00:54:24,048:DEBUG:Compression method 0
2019-06-20 00:54:24,048:DEBUG:STREAM b'pHYs' 3198 9
2019-06-20 00:54:24,048:DEBUG:STREAM b'iTXt' 3219 415
2019-06-20 00:54:24,048:DEBUG:STREAM b'iDOT' 3646 28
2019-06-20 00:54:24,048:DEBUG:b'iDOT' 3646 28 (unknown)
2019-06-20 00:54:24,048:DEBUG:STREAM b'IDAT' 3686 16384
2019-06-20 00:54:24,616:INFO:[1919, 422] Failed Jump. 
2019-06-20 00:54:25,334:INFO:[1918, 423] Waypoint Clicked 
2019-06-20 00:54:25,718:DEBUG:STREAM b'IHDR' 16 13
2019-06-20 00:54:25,718:DEBUG:STREAM b'iCCP' 41 3145
2019-06-20 00:54:25,718:DEBUG:iCCP profile name b'ICC Profile'
2019-06-20 00:54:25,718:DEBUG:Compression method 0
2019-06-20 00:54:25,719:DEBUG:STREAM b'pHYs' 3198 9
2019-06-20 00:54:25,719:DEBUG:STREAM b'iTXt' 3219 415
2019-06-20 00:54:25,719:DEBUG:STREAM b'iDOT' 3646 28
2019-06-20 00:54:25,719:DEBUG:b'iDOT' 3646 28 (unknown)
2019-06-20 00:54:25,719:DEBUG:STREAM b'IDAT' 3686 16384
2019-06-20 00:54:26,287:INFO:[1918, 423] Failed Jump. 
2019-06-20 00:54:27,008:INFO:[1300, 438] Waypoint Clicked 
2019-06-20 00:54:27,366:DEBUG:STREAM b'IHDR' 16 13
2019-06-20 00:54:27,366:DEBUG:STREAM b'iCCP' 41 3145
2019-06-20 00:54:27,366:DEBUG:iCCP profile name b'ICC Profile'
2019-06-20 00:54:27,367:DEBUG:Compression method 0
2019-06-20 00:54:27,367:DEBUG:STREAM b'pHYs' 3198 9
2019-06-20 00:54:27,367:DEBUG:STREAM b'iTXt' 3219 415
2019-06-20 00:54:27,367:DEBUG:STREAM b'iDOT' 3646 28
2019-06-20 00:54:27,367:DEBUG:b'iDOT' 3646 28 (unknown)
2019-06-20 00:54:27,367:DEBUG:STREAM b'IDAT' 3686 16384
2019-06-20 00:54:27,962:INFO:[1300, 438] Successful Jump! 
2019-06-20 00:54:30,967:INFO:[1300, 438] Assessing encounter.
2019-06-20 00:54:31,347:DEBUG:STREAM b'IHDR' 16 13
2019-06-20 00:54:31,348:DEBUG:STREAM b'iCCP' 41 3145
2019-06-20 00:54:31,348:DEBUG:iCCP profile name b'ICC Profile'
2019-06-20 00:54:31,348:DEBUG:Compression method 0
2019-06-20 00:54:31,348:DEBUG:STREAM b'pHYs' 3198 9
2019-06-20 00:54:31,348:DEBUG:STREAM b'iTXt' 3219 415
2019-06-20 00:54:31,348:DEBUG:STREAM b'iDOT' 3646 28
2019-06-20 00:54:31,348:DEBUG:b'iDOT' 3646 28 (unknown)
2019-06-20 00:54:31,348:DEBUG:STREAM b'IDAT' 3686 16384
2019-06-20 00:54:32,323:DEBUG:STREAM b'IHDR' 16 13
2019-06-20 00:54:32,323:DEBUG:STREAM b'iCCP' 41 3145
2019-06-20 00:54:32,323:DEBUG:iCCP profile name b'ICC Profile'
2019-06-20 00:54:32,324:DEBUG:Compression method 0
2019-06-20 00:54:32,324:DEBUG:STREAM b'pHYs' 3198 9
2019-06-20 00:54:32,324:DEBUG:STREAM b'iTXt' 3219 415
2019-06-20 00:54:32,324:DEBUG:STREAM b'iDOT' 3646 28
2019-06-20 00:54:32,324:DEBUG:b'iDOT' 3646 28 (unknown)
2019-06-20 00:54:32,324:DEBUG:STREAM b'IDAT' 3686 16384
2019-06-20 00:54:32,906:INFO:[1300, 438] No Ship Encountered.
2019-06-20 00:54:32,907:INFO:Restarting Game.
2019-06-20 00:54:33,056:DEBUG:STREAM b'IHDR' 16 13
2019-06-20 00:54:33,056:DEBUG:STREAM b'iCCP' 41 3145
2019-06-20 00:54:33,056:DEBUG:iCCP profile name b'ICC Profile'
2019-06-20 00:54:33,057:DEBUG:Compression method 0
2019-06-20 00:54:33,057:DEBUG:STREAM b'pHYs' 3198 9
2019-06-20 00:54:33,057:DEBUG:STREAM b'iTXt' 3219 412
2019-06-20 00:54:33,057:DEBUG:STREAM b'iDOT' 3643 28
2019-06-20 00:54:33,057:DEBUG:b'iDOT' 3643 28 (unknown)
2019-06-20 00:54:33,057:DEBUG:STREAM b'IDAT' 3683 1285
2019-06-20 00:54:33,366:DEBUG:STREAM b'IHDR' 16 13
2019-06-20 00:54:33,366:DEBUG:STREAM b'iCCP' 41 3145
2019-06-20 00:54:33,366:DEBUG:iCCP profile name b'ICC Profile'
2019-06-20 00:54:33,367:DEBUG:Compression method 0
2019-06-20 00:54:33,367:DEBUG:STREAM b'pHYs' 3198 9
2019-06-20 00:54:33,367:DEBUG:STREAM b'iTXt' 3219 415
2019-06-20 00:54:33,367:DEBUG:STREAM b'iDOT' 3646 28
2019-06-20 00:54:33,367:DEBUG:b'iDOT' 3646 28 (unknown)
2019-06-20 00:54:33,367:DEBUG:STREAM b'IDAT' 3686 16384
2019-06-20 00:54:34,428:DEBUG:STREAM b'IHDR' 16 13
2019-06-20 00:54:34,428:DEBUG:STREAM b'iCCP' 41 3145
2019-06-20 00:54:34,429:DEBUG:iCCP profile name b'ICC Profile'
2019-06-20 00:54:34,429:DEBUG:Compression method 0
2019-06-20 00:54:34,429:DEBUG:STREAM b'pHYs' 3198 9
2019-06-20 00:54:34,429:DEBUG:STREAM b'iTXt' 3219 411
2019-06-20 00:54:34,429:DEBUG:STREAM b'iDOT' 3642 28
2019-06-20 00:54:34,429:DEBUG:b'iDOT' 3642 28 (unknown)
2019-06-20 00:54:34,429:DEBUG:STREAM b'IDAT' 3682 898
2019-06-20 00:54:34,742:DEBUG:STREAM b'IHDR' 16 13
2019-06-20 00:54:34,742:DEBUG:STREAM b'iCCP' 41 3145
2019-06-20 00:54:34,742:DEBUG:iCCP profile name b'ICC Profile'
2019-06-20 00:54:34,742:DEBUG:Compression method 0
2019-06-20 00:54:34,743:DEBUG:STREAM b'pHYs' 3198 9
2019-06-20 00:54:34,743:DEBUG:STREAM b'iTXt' 3219 415
2019-06-20 00:54:34,743:DEBUG:STREAM b'iDOT' 3646 28
2019-06-20 00:54:34,743:DEBUG:b'iDOT' 3646 28 (unknown)
2019-06-20 00:54:34,743:DEBUG:STREAM b'IDAT' 3686 16384
2019-06-20 00:54:35,752:DEBUG:STREAM b'IHDR' 16 13
2019-06-20 00:54:35,753:DEBUG:STREAM b'iCCP' 41 3093
2019-06-20 00:54:35,753:DEBUG:iCCP profile name b'ICC Profile'
2019-06-20 00:54:35,753:DEBUG:Compression method 0
2019-06-20 00:54:35,753:DEBUG:STREAM b'pHYs' 3146 9
2019-06-20 00:54:35,753:DEBUG:STREAM b'iTXt' 3167 412
2019-06-20 00:54:35,753:DEBUG:STREAM b'iDOT' 3591 28
2019-06-20 00:54:35,753:DEBUG:b'iDOT' 3591 28 (unknown)
2019-06-20 00:54:35,753:DEBUG:STREAM b'IDAT' 3631 3077
2019-06-20 00:54:36,159:DEBUG:STREAM b'IHDR' 16 13
2019-06-20 00:54:36,159:DEBUG:STREAM b'iCCP' 41 3145
2019-06-20 00:54:36,159:DEBUG:iCCP profile name b'ICC Profile'
2019-06-20 00:54:36,160:DEBUG:Compression method 0
2019-06-20 00:54:36,160:DEBUG:STREAM b'pHYs' 3198 9
2019-06-20 00:54:36,160:DEBUG:STREAM b'iTXt' 3219 415
2019-06-20 00:54:36,160:DEBUG:STREAM b'iDOT' 3646 28
2019-06-20 00:54:36,160:DEBUG:b'iDOT' 3646 28 (unknown)
2019-06-20 00:54:36,160:DEBUG:STREAM b'IDAT' 3686 16384
2019-06-20 00:54:37,277:INFO:Playing Game.
2019-06-20 00:54:37,279:DEBUG:STREAM b'IHDR' 16 13
2019-06-20 00:54:37,279:DEBUG:STREAM b'iCCP' 41 3093
2019-06-20 00:54:37,279:DEBUG:iCCP profile name b'ICC Profile'
2019-06-20 00:54:37,279:DEBUG:Compression method 0
2019-06-20 00:54:37,279:DEBUG:STREAM b'pHYs' 3146 9
2019-06-20 00:54:37,279:DEBUG:STREAM b'iTXt' 3167 413
2019-06-20 00:54:37,280:DEBUG:STREAM b'iDOT' 3592 28
2019-06-20 00:54:37,280:DEBUG:b'iDOT' 3592 28 (unknown)
2019-06-20 00:54:37,280:DEBUG:STREAM b'IDAT' 3632 2481
2019-06-20 00:54:37,768:DEBUG:STREAM b'IHDR' 16 13
2019-06-20 00:54:37,768:DEBUG:STREAM b'iCCP' 41 3145
2019-06-20 00:54:37,768:DEBUG:iCCP profile name b'ICC Profile'
2019-06-20 00:54:37,769:DEBUG:Compression method 0
2019-06-20 00:54:37,769:DEBUG:STREAM b'pHYs' 3198 9
2019-06-20 00:54:37,769:DEBUG:STREAM b'iTXt' 3219 415
2019-06-20 00:54:37,769:DEBUG:STREAM b'iDOT' 3646 28
2019-06-20 00:54:37,769:DEBUG:b'iDOT' 3646 28 (unknown)
2019-06-20 00:54:37,769:DEBUG:STREAM b'IDAT' 3686 16384
2019-06-20 00:54:38,908:DEBUG:Collecting Jump Routes.
2019-06-20 00:54:39,829:DEBUG:STREAM b'IHDR' 16 13
2019-06-20 00:54:39,830:DEBUG:STREAM b'iCCP' 41 3145
2019-06-20 00:54:39,830:DEBUG:iCCP profile name b'ICC Profile'
2019-06-20 00:54:39,830:DEBUG:Compression method 0
2019-06-20 00:54:39,830:DEBUG:STREAM b'pHYs' 3198 9
2019-06-20 00:54:39,831:DEBUG:STREAM b'iTXt' 3219 415
2019-06-20 00:54:39,831:DEBUG:STREAM b'iDOT' 3646 28
2019-06-20 00:54:39,831:DEBUG:b'iDOT' 3646 28 (unknown)
2019-06-20 00:54:39,831:DEBUG:STREAM b'IDAT' 3686 16384
2019-06-20 00:54:40,732:DEBUG:STREAM b'IHDR' 16 13
2019-06-20 00:54:40,733:DEBUG:STREAM b'iCCP' 41 3145
2019-06-20 00:54:40,733:DEBUG:iCCP profile name b'ICC Profile'
2019-06-20 00:54:40,733:DEBUG:Compression method 0
2019-06-20 00:54:40,733:DEBUG:STREAM b'pHYs' 3198 9
2019-06-20 00:54:40,733:DEBUG:STREAM b'iTXt' 3219 415
2019-06-20 00:54:40,733:DEBUG:STREAM b'iDOT' 3646 28
2019-06-20 00:54:40,733:DEBUG:b'iDOT' 3646 28 (unknown)
2019-06-20 00:54:40,733:DEBUG:STREAM b'IDAT' 3686 16384
2019-06-20 00:54:41,654:DEBUG:STREAM b'IHDR' 16 13
2019-06-20 00:54:41,654:DEBUG:STREAM b'iCCP' 41 3145
2019-06-20 00:54:41,655:DEBUG:iCCP profile name b'ICC Profile'
2019-06-20 00:54:41,655:DEBUG:Compression method 0
2019-06-20 00:54:41,655:DEBUG:STREAM b'pHYs' 3198 9
2019-06-20 00:54:41,655:DEBUG:STREAM b'iTXt' 3219 415
2019-06-20 00:54:41,656:DEBUG:STREAM b'iDOT' 3646 28
2019-06-20 00:54:41,656:DEBUG:b'iDOT' 3646 28 (unknown)
2019-06-20 00:54:41,656:DEBUG:STREAM b'IDAT' 3686 16384
2019-06-20 00:54:42,890:INFO:[1192, 390] Waypoint Clicked 
2019-06-20 00:54:43,285:DEBUG:STREAM b'IHDR' 16 13
2019-06-20 00:54:43,285:DEBUG:STREAM b'iCCP' 41 3145
2019-06-20 00:54:43,285:DEBUG:iCCP profile name b'ICC Profile'
2019-06-20 00:54:43,286:DEBUG:Compression method 0
2019-06-20 00:54:43,286:DEBUG:STREAM b'pHYs' 3198 9
2019-06-20 00:54:43,286:DEBUG:STREAM b'iTXt' 3219 415
2019-06-20 00:54:43,286:DEBUG:STREAM b'iDOT' 3646 28
2019-06-20 00:54:43,286:DEBUG:b'iDOT' 3646 28 (unknown)
2019-06-20 00:54:43,286:DEBUG:STREAM b'IDAT' 3686 16384
2019-06-20 00:54:43,942:INFO:[1192, 390] Failed Jump. 
2019-06-20 00:54:44,657:INFO:[1193, 390] Waypoint Clicked 
2019-06-20 00:54:45,043:DEBUG:STREAM b'IHDR' 16 13
2019-06-20 00:54:45,044:DEBUG:STREAM b'iCCP' 41 3145
2019-06-20 00:54:45,044:DEBUG:iCCP profile name b'ICC Profile'
2019-06-20 00:54:45,044:DEBUG:Compression method 0
2019-06-20 00:54:45,044:DEBUG:STREAM b'pHYs' 3198 9
2019-06-20 00:54:45,044:DEBUG:STREAM b'iTXt' 3219 415
2019-06-20 00:54:45,045:DEBUG:STREAM b'iDOT' 3646 28
2019-06-20 00:54:45,045:DEBUG:b'iDOT' 3646 28 (unknown)
2019-06-20 00:54:45,045:DEBUG:STREAM b'IDAT' 3686 16384
2019-06-20 00:54:45,623:INFO:[1193, 390] Failed Jump. 
2019-06-20 00:54:46,338:INFO:[2144, 428] Waypoint Clicked 
2019-06-20 00:54:46,735:DEBUG:STREAM b'IHDR' 16 13
2019-06-20 00:54:46,735:DEBUG:STREAM b'iCCP' 41 3145
2019-06-20 00:54:46,735:DEBUG:iCCP profile name b'ICC Profile'
2019-06-20 00:54:46,735:DEBUG:Compression method 0
2019-06-20 00:54:46,736:DEBUG:STREAM b'pHYs' 3198 9
2019-06-20 00:54:46,736:DEBUG:STREAM b'iTXt' 3219 415
2019-06-20 00:54:46,736:DEBUG:STREAM b'iDOT' 3646 28
2019-06-20 00:54:46,736:DEBUG:b'iDOT' 3646 28 (unknown)
2019-06-20 00:54:46,736:DEBUG:STREAM b'IDAT' 3686 16384
2019-06-20 00:54:47,303:INFO:[2144, 428] Failed Jump. 
2019-06-20 00:54:48,024:INFO:[2145, 428] Waypoint Clicked 
2019-06-20 00:54:48,420:DEBUG:STREAM b'IHDR' 16 13
2019-06-20 00:54:48,421:DEBUG:STREAM b'iCCP' 41 3145
2019-06-20 00:54:48,421:DEBUG:iCCP profile name b'ICC Profile'
2019-06-20 00:54:48,421:DEBUG:Compression method 0
2019-06-20 00:54:48,422:DEBUG:STREAM b'pHYs' 3198 9
2019-06-20 00:54:48,422:DEBUG:STREAM b'iTXt' 3219 415
2019-06-20 00:54:48,422:DEBUG:STREAM b'iDOT' 3646 28
2019-06-20 00:54:48,422:DEBUG:b'iDOT' 3646 28 (unknown)
2019-06-20 00:54:48,422:DEBUG:STREAM b'IDAT' 3686 16384
2019-06-20 00:54:49,041:INFO:[2145, 428] Failed Jump. 
2019-06-20 00:54:49,764:INFO:[2144, 429] Waypoint Clicked 
2019-06-20 00:54:50,158:DEBUG:STREAM b'IHDR' 16 13
2019-06-20 00:54:50,158:DEBUG:STREAM b'iCCP' 41 3145
2019-06-20 00:54:50,158:DEBUG:iCCP profile name b'ICC Profile'
2019-06-20 00:54:50,158:DEBUG:Compression method 0
2019-06-20 00:54:50,159:DEBUG:STREAM b'pHYs' 3198 9
2019-06-20 00:54:50,159:DEBUG:STREAM b'iTXt' 3219 415
2019-06-20 00:54:50,159:DEBUG:STREAM b'iDOT' 3646 28
2019-06-20 00:54:50,159:DEBUG:b'iDOT' 3646 28 (unknown)
2019-06-20 00:54:50,159:DEBUG:STREAM b'IDAT' 3686 16384
2019-06-20 00:54:50,747:INFO:[2144, 429] Failed Jump. 
2019-06-20 00:54:51,470:INFO:[1530, 434] Waypoint Clicked 
2019-06-20 00:54:51,885:DEBUG:STREAM b'IHDR' 16 13
2019-06-20 00:54:51,886:DEBUG:STREAM b'iCCP' 41 3145
2019-06-20 00:54:51,886:DEBUG:iCCP profile name b'ICC Profile'
2019-06-20 00:54:51,886:DEBUG:Compression method 0
2019-06-20 00:54:51,886:DEBUG:STREAM b'pHYs' 3198 9
2019-06-20 00:54:51,886:DEBUG:STREAM b'iTXt' 3219 415
2019-06-20 00:54:51,886:DEBUG:STREAM b'iDOT' 3646 28
2019-06-20 00:54:51,886:DEBUG:b'iDOT' 3646 28 (unknown)
2019-06-20 00:54:51,887:DEBUG:STREAM b'IDAT' 3686 16384
2019-06-20 00:54:52,445:INFO:[1530, 434] Failed Jump. 
2019-06-20 00:54:53,165:INFO:[1926, 454] Waypoint Clicked 
2019-06-20 00:54:53,563:DEBUG:STREAM b'IHDR' 16 13
2019-06-20 00:54:53,564:DEBUG:STREAM b'iCCP' 41 3145
2019-06-20 00:54:53,564:DEBUG:iCCP profile name b'ICC Profile'
2019-06-20 00:54:53,564:DEBUG:Compression method 0
2019-06-20 00:54:53,564:DEBUG:STREAM b'pHYs' 3198 9
2019-06-20 00:54:53,564:DEBUG:STREAM b'iTXt' 3219 415
2019-06-20 00:54:53,565:DEBUG:STREAM b'iDOT' 3646 28
2019-06-20 00:54:53,565:DEBUG:b'iDOT' 3646 28 (unknown)
2019-06-20 00:54:53,565:DEBUG:STREAM b'IDAT' 3686 16384
2019-06-20 00:54:54,163:INFO:[1926, 454] Failed Jump. 
2019-06-20 00:54:54,884:INFO:[1702, 498] Waypoint Clicked 
2019-06-20 00:54:55,275:DEBUG:STREAM b'IHDR' 16 13
2019-06-20 00:54:55,275:DEBUG:STREAM b'iCCP' 41 3145
2019-06-20 00:54:55,276:DEBUG:iCCP profile name b'ICC Profile'
2019-06-20 00:54:55,276:DEBUG:Compression method 0
2019-06-20 00:54:55,276:DEBUG:STREAM b'pHYs' 3198 9
2019-06-20 00:54:55,276:DEBUG:STREAM b'iTXt' 3219 415
2019-06-20 00:54:55,276:DEBUG:STREAM b'iDOT' 3646 28
2019-06-20 00:54:55,276:DEBUG:b'iDOT' 3646 28 (unknown)
2019-06-20 00:54:55,276:DEBUG:STREAM b'IDAT' 3686 16384
2019-06-20 00:54:55,875:INFO:[1702, 498] Failed Jump. 
2019-06-20 00:54:56,590:INFO:[1120, 506] Waypoint Clicked 
2019-06-20 00:54:56,990:DEBUG:STREAM b'IHDR' 16 13
2019-06-20 00:54:56,990:DEBUG:STREAM b'iCCP' 41 3145
2019-06-20 00:54:56,991:DEBUG:iCCP profile name b'ICC Profile'
2019-06-20 00:54:56,991:DEBUG:Compression method 0
2019-06-20 00:54:56,991:DEBUG:STREAM b'pHYs' 3198 9
2019-06-20 00:54:56,991:DEBUG:STREAM b'iTXt' 3219 415
2019-06-20 00:54:56,991:DEBUG:STREAM b'iDOT' 3646 28
2019-06-20 00:54:56,991:DEBUG:b'iDOT' 3646 28 (unknown)
2019-06-20 00:54:56,992:DEBUG:STREAM b'IDAT' 3686 16384
2019-06-20 00:54:57,585:INFO:[1120, 506] Failed Jump. 
2019-06-20 00:54:58,308:INFO:[1121, 506] Waypoint Clicked 
2019-06-20 00:54:58,710:DEBUG:STREAM b'IHDR' 16 13
2019-06-20 00:54:58,711:DEBUG:STREAM b'iCCP' 41 3145
2019-06-20 00:54:58,711:DEBUG:iCCP profile name b'ICC Profile'
2019-06-20 00:54:58,711:DEBUG:Compression method 0
2019-06-20 00:54:58,712:DEBUG:STREAM b'pHYs' 3198 9
2019-06-20 00:54:58,712:DEBUG:STREAM b'iTXt' 3219 415
2019-06-20 00:54:58,712:DEBUG:STREAM b'iDOT' 3646 28
2019-06-20 00:54:58,712:DEBUG:b'iDOT' 3646 28 (unknown)
2019-06-20 00:54:58,712:DEBUG:STREAM b'IDAT' 3686 16384
2019-06-20 00:54:59,295:INFO:[1121, 506] Failed Jump. 
2019-06-20 00:55:00,018:INFO:[1412, 680] Waypoint Clicked 
2019-06-20 00:55:00,403:DEBUG:STREAM b'IHDR' 16 13
2019-06-20 00:55:00,403:DEBUG:STREAM b'iCCP' 41 3145
2019-06-20 00:55:00,403:DEBUG:iCCP profile name b'ICC Profile'
2019-06-20 00:55:00,403:DEBUG:Compression method 0
2019-06-20 00:55:00,403:DEBUG:STREAM b'pHYs' 3198 9
2019-06-20 00:55:00,403:DEBUG:STREAM b'iTXt' 3219 415
2019-06-20 00:55:00,404:DEBUG:STREAM b'iDOT' 3646 28
2019-06-20 00:55:00,404:DEBUG:b'iDOT' 3646 28 (unknown)
2019-06-20 00:55:00,404:DEBUG:STREAM b'IDAT' 3686 16384
2019-06-20 00:55:00,991:INFO:[1412, 680] Failed Jump. 
2019-06-20 00:55:01,712:INFO:[1044, 720] Waypoint Clicked 
2019-06-20 00:55:02,142:DEBUG:STREAM b'IHDR' 16 13
2019-06-20 00:55:02,142:DEBUG:STREAM b'iCCP' 41 3145
2019-06-20 00:55:02,142:DEBUG:iCCP profile name b'ICC Profile'
2019-06-20 00:55:02,142:DEBUG:Compression method 0
2019-06-20 00:55:02,143:DEBUG:STREAM b'pHYs' 3198 9
2019-06-20 00:55:02,143:DEBUG:STREAM b'iTXt' 3219 415
2019-06-20 00:55:02,143:DEBUG:STREAM b'iDOT' 3646 28
2019-06-20 00:55:02,143:DEBUG:b'iDOT' 3646 28 (unknown)
2019-06-20 00:55:02,143:DEBUG:STREAM b'IDAT' 3686 16384
2019-06-20 00:55:02,740:INFO:[1044, 720] Successful Jump! 
2019-06-20 00:55:05,743:INFO:[1044, 720] Assessing encounter.
2019-06-20 00:55:06,187:DEBUG:STREAM b'IHDR' 16 13
2019-06-20 00:55:06,187:DEBUG:STREAM b'iCCP' 41 3145
2019-06-20 00:55:06,188:DEBUG:iCCP profile name b'ICC Profile'
2019-06-20 00:55:06,188:DEBUG:Compression method 0
2019-06-20 00:55:06,188:DEBUG:STREAM b'pHYs' 3198 9
2019-06-20 00:55:06,188:DEBUG:STREAM b'iTXt' 3219 415
2019-06-20 00:55:06,189:DEBUG:STREAM b'iDOT' 3646 28
2019-06-20 00:55:06,189:DEBUG:b'iDOT' 3646 28 (unknown)
2019-06-20 00:55:06,189:DEBUG:STREAM b'IDAT' 3686 16384
2019-06-20 00:55:06,780:INFO:[1044, 720] Ship Encountered.
2019-06-20 00:55:06,780:INFO:Dialog loop started
2019-06-20 00:55:06,782:DEBUG:STREAM b'IHDR' 16 13
2019-06-20 00:55:06,782:DEBUG:STREAM b'iCCP' 41 3093
2019-06-20 00:55:06,782:DEBUG:iCCP profile name b'ICC Profile'
2019-06-20 00:55:06,782:DEBUG:Compression method 0
2019-06-20 00:55:06,782:DEBUG:STREAM b'pHYs' 3146 9
2019-06-20 00:55:06,782:DEBUG:STREAM b'iTXt' 3167 412
2019-06-20 00:55:06,782:DEBUG:STREAM b'iDOT' 3591 28
2019-06-20 00:55:06,782:DEBUG:b'iDOT' 3591 28 (unknown)
2019-06-20 00:55:06,783:DEBUG:STREAM b'IDAT' 3631 3077
2019-06-20 00:55:07,153:DEBUG:STREAM b'IHDR' 16 13
2019-06-20 00:55:07,153:DEBUG:STREAM b'iCCP' 41 3145
2019-06-20 00:55:07,153:DEBUG:iCCP profile name b'ICC Profile'
2019-06-20 00:55:07,153:DEBUG:Compression method 0
2019-06-20 00:55:07,153:DEBUG:STREAM b'pHYs' 3198 9
2019-06-20 00:55:07,154:DEBUG:STREAM b'iTXt' 3219 415
2019-06-20 00:55:07,154:DEBUG:STREAM b'iDOT' 3646 28
2019-06-20 00:55:07,154:DEBUG:b'iDOT' 3646 28 (unknown)
2019-06-20 00:55:07,154:DEBUG:STREAM b'IDAT' 3686 16384
2019-06-20 00:55:08,276:INFO:Search For: Try_to_be_a_hero_attack_the_pirate.png
2019-06-20 00:55:08,698:DEBUG:STREAM b'IHDR' 16 13
2019-06-20 00:55:08,698:DEBUG:STREAM b'iCCP' 41 3145
2019-06-20 00:55:08,698:DEBUG:iCCP profile name b'ICC Profile'
2019-06-20 00:55:08,699:DEBUG:Compression method 0
2019-06-20 00:55:08,699:DEBUG:STREAM b'pHYs' 3198 9
2019-06-20 00:55:08,699:DEBUG:STREAM b'iTXt' 3219 415
2019-06-20 00:55:08,699:DEBUG:STREAM b'iDOT' 3646 28
2019-06-20 00:55:08,699:DEBUG:b'iDOT' 3646 28 (unknown)
2019-06-20 00:55:08,700:DEBUG:STREAM b'IDAT' 3686 16384
2019-06-20 00:55:09,263:INFO:Search For: fight_the_ship.png
2019-06-20 00:55:09,693:DEBUG:STREAM b'IHDR' 16 13
2019-06-20 00:55:09,693:DEBUG:STREAM b'iCCP' 41 3145
2019-06-20 00:55:09,693:DEBUG:iCCP profile name b'ICC Profile'
2019-06-20 00:55:09,694:DEBUG:Compression method 0
2019-06-20 00:55:09,694:DEBUG:STREAM b'pHYs' 3198 9
2019-06-20 00:55:09,694:DEBUG:STREAM b'iTXt' 3219 415
2019-06-20 00:55:09,694:DEBUG:STREAM b'iDOT' 3646 28
2019-06-20 00:55:09,694:DEBUG:b'iDOT' 3646 28 (unknown)
2019-06-20 00:55:09,694:DEBUG:STREAM b'IDAT' 3686 16384
2019-06-20 00:55:10,244:INFO:Search For: attack_the_pirate.png
2019-06-20 00:55:10,657:DEBUG:STREAM b'IHDR' 16 13
2019-06-20 00:55:10,657:DEBUG:STREAM b'iCCP' 41 3145
2019-06-20 00:55:10,657:DEBUG:iCCP profile name b'ICC Profile'
2019-06-20 00:55:10,657:DEBUG:Compression method 0
2019-06-20 00:55:10,657:DEBUG:STREAM b'pHYs' 3198 9
2019-06-20 00:55:10,657:DEBUG:STREAM b'iTXt' 3219 415
2019-06-20 00:55:10,657:DEBUG:STREAM b'iDOT' 3646 28
2019-06-20 00:55:10,657:DEBUG:b'iDOT' 3646 28 (unknown)
2019-06-20 00:55:10,658:DEBUG:STREAM b'IDAT' 3686 16384
2019-06-20 00:55:11,190:INFO:Search For: attack_the_slaver_scum.png
2019-06-20 00:55:11,583:DEBUG:STREAM b'IHDR' 16 13
2019-06-20 00:55:11,584:DEBUG:STREAM b'iCCP' 41 3145
2019-06-20 00:55:11,584:DEBUG:iCCP profile name b'ICC Profile'
2019-06-20 00:55:11,585:DEBUG:Compression method 0
2019-06-20 00:55:11,585:DEBUG:STREAM b'pHYs' 3198 9
2019-06-20 00:55:11,585:DEBUG:STREAM b'iTXt' 3219 415
2019-06-20 00:55:11,585:DEBUG:STREAM b'iDOT' 3646 28
2019-06-20 00:55:11,585:DEBUG:b'iDOT' 3646 28 (unknown)
2019-06-20 00:55:11,585:DEBUG:STREAM b'IDAT' 3686 16384
2019-06-20 00:55:12,189:INFO:Search For: intervene_to_defend_the_outpost.png
2019-06-20 00:55:12,606:DEBUG:STREAM b'IHDR' 16 13
2019-06-20 00:55:12,606:DEBUG:STREAM b'iCCP' 41 3145
2019-06-20 00:55:12,606:DEBUG:iCCP profile name b'ICC Profile'
2019-06-20 00:55:12,607:DEBUG:Compression method 0
2019-06-20 00:55:12,607:DEBUG:STREAM b'pHYs' 3198 9
2019-06-20 00:55:12,607:DEBUG:STREAM b'iTXt' 3219 415
2019-06-20 00:55:12,607:DEBUG:STREAM b'iDOT' 3646 28
2019-06-20 00:55:12,607:DEBUG:b'iDOT' 3646 28 (unknown)
2019-06-20 00:55:12,607:DEBUG:STREAM b'IDAT' 3686 16384
2019-06-20 00:55:13,159:INFO:Search For: attack_the_automated_ship.png
2019-06-20 00:55:13,591:DEBUG:STREAM b'IHDR' 16 13
2019-06-20 00:55:13,591:DEBUG:STREAM b'iCCP' 41 3145
2019-06-20 00:55:13,592:DEBUG:iCCP profile name b'ICC Profile'
2019-06-20 00:55:13,592:DEBUG:Compression method 0
2019-06-20 00:55:13,592:DEBUG:STREAM b'pHYs' 3198 9
2019-06-20 00:55:13,592:DEBUG:STREAM b'iTXt' 3219 415
2019-06-20 00:55:13,593:DEBUG:STREAM b'iDOT' 3646 28
2019-06-20 00:55:13,593:DEBUG:b'iDOT' 3646 28 (unknown)
2019-06-20 00:55:13,593:DEBUG:STREAM b'IDAT' 3686 16384
2019-06-20 00:55:14,239:INFO:Search For: turn_and_fight.png
2019-06-20 00:55:14,687:DEBUG:STREAM b'IHDR' 16 13
2019-06-20 00:55:14,687:DEBUG:STREAM b'iCCP' 41 3145
2019-06-20 00:55:14,687:DEBUG:iCCP profile name b'ICC Profile'
2019-06-20 00:55:14,688:DEBUG:Compression method 0
2019-06-20 00:55:14,688:DEBUG:STREAM b'pHYs' 3198 9
2019-06-20 00:55:14,688:DEBUG:STREAM b'iTXt' 3219 415
2019-06-20 00:55:14,688:DEBUG:STREAM b'iDOT' 3646 28
2019-06-20 00:55:14,688:DEBUG:b'iDOT' 3646 28 (unknown)
2019-06-20 00:55:14,688:DEBUG:STREAM b'IDAT' 3686 16384
2019-06-20 00:55:15,287:INFO:Search For: attack_the_ship.png
2019-06-20 00:55:15,693:DEBUG:STREAM b'IHDR' 16 13
2019-06-20 00:55:15,693:DEBUG:STREAM b'iCCP' 41 3145
2019-06-20 00:55:15,693:DEBUG:iCCP profile name b'ICC Profile'
2019-06-20 00:55:15,693:DEBUG:Compression method 0
2019-06-20 00:55:15,694:DEBUG:STREAM b'pHYs' 3198 9
2019-06-20 00:55:15,694:DEBUG:STREAM b'iTXt' 3219 415
2019-06-20 00:55:15,694:DEBUG:STREAM b'iDOT' 3646 28
2019-06-20 00:55:15,694:DEBUG:b'iDOT' 3646 28 (unknown)
2019-06-20 00:55:15,694:DEBUG:STREAM b'IDAT' 3686 16384
2019-06-20 00:55:17,691:DEBUG:STREAM b'IHDR' 16 13
2019-06-20 00:55:17,691:DEBUG:STREAM b'iCCP' 41 3145
2019-06-20 00:55:17,691:DEBUG:iCCP profile name b'ICC Profile'
2019-06-20 00:55:17,692:DEBUG:Compression method 0
2019-06-20 00:55:17,692:DEBUG:STREAM b'pHYs' 3198 9
2019-06-20 00:55:17,692:DEBUG:STREAM b'iTXt' 3219 415
2019-06-20 00:55:17,692:DEBUG:STREAM b'iDOT' 3646 28
2019-06-20 00:55:17,692:DEBUG:b'iDOT' 3646 28 (unknown)
2019-06-20 00:55:17,692:DEBUG:STREAM b'IDAT' 3686 16384
2019-06-20 00:55:18,301:INFO:No dialog box found
2019-06-20 00:55:18,796:DEBUG:STREAM b'IHDR' 16 13
2019-06-20 00:55:18,796:DEBUG:STREAM b'iCCP' 41 3145
2019-06-20 00:55:18,796:DEBUG:iCCP profile name b'ICC Profile'
2019-06-20 00:55:18,797:DEBUG:Compression method 0
2019-06-20 00:55:18,797:DEBUG:STREAM b'pHYs' 3198 9
2019-06-20 00:55:18,797:DEBUG:STREAM b'iTXt' 3219 415
2019-06-20 00:55:18,797:DEBUG:STREAM b'iDOT' 3646 28
2019-06-20 00:55:18,797:DEBUG:b'iDOT' 3646 28 (unknown)
2019-06-20 00:55:18,797:DEBUG:STREAM b'IDAT' 3686 16384
2019-06-20 00:55:19,843:DEBUG:STREAM b'IHDR' 16 13
2019-06-20 00:55:19,844:DEBUG:STREAM b'iCCP' 41 3145
2019-06-20 00:55:19,844:DEBUG:iCCP profile name b'ICC Profile'
2019-06-20 00:55:19,844:DEBUG:Compression method 0
2019-06-20 00:55:19,844:DEBUG:STREAM b'pHYs' 3198 9
2019-06-20 00:55:19,844:DEBUG:STREAM b'iTXt' 3219 415
2019-06-20 00:55:19,844:DEBUG:STREAM b'iDOT' 3646 28
2019-06-20 00:55:19,844:DEBUG:b'iDOT' 3646 28 (unknown)
2019-06-20 00:55:19,844:DEBUG:STREAM b'IDAT' 3686 16384
2019-06-20 00:55:20,795:DEBUG:STREAM b'IHDR' 16 13
2019-06-20 00:55:20,795:DEBUG:STREAM b'iCCP' 41 3145
2019-06-20 00:55:20,795:DEBUG:iCCP profile name b'ICC Profile'
2019-06-20 00:55:20,796:DEBUG:Compression method 0
2019-06-20 00:55:20,796:DEBUG:STREAM b'pHYs' 3198 9
2019-06-20 00:55:20,796:DEBUG:STREAM b'iTXt' 3219 415
2019-06-20 00:55:20,796:DEBUG:STREAM b'iDOT' 3646 28
2019-06-20 00:55:20,796:DEBUG:b'iDOT' 3646 28 (unknown)
2019-06-20 00:55:20,797:DEBUG:STREAM b'IDAT' 3686 16384
2019-06-20 00:55:21,995:DEBUG:STREAM b'IHDR' 16 13
2019-06-20 00:55:21,995:DEBUG:STREAM b'iCCP' 41 3145
2019-06-20 00:55:21,995:DEBUG:iCCP profile name b'ICC Profile'
2019-06-20 00:55:21,995:DEBUG:Compression method 0
2019-06-20 00:55:21,995:DEBUG:STREAM b'pHYs' 3198 9
2019-06-20 00:55:21,995:DEBUG:STREAM b'iTXt' 3219 415
2019-06-20 00:55:21,995:DEBUG:STREAM b'iDOT' 3646 28
2019-06-20 00:55:21,995:DEBUG:b'iDOT' 3646 28 (unknown)
2019-06-20 00:55:21,996:DEBUG:STREAM b'IDAT' 3686 16384
2019-06-20 00:55:23,161:DEBUG:STREAM b'IHDR' 16 13
2019-06-20 00:55:23,161:DEBUG:STREAM b'iCCP' 41 3145
2019-06-20 00:55:23,161:DEBUG:iCCP profile name b'ICC Profile'
2019-06-20 00:55:23,161:DEBUG:Compression method 0
2019-06-20 00:55:23,161:DEBUG:STREAM b'pHYs' 3198 9
2019-06-20 00:55:23,161:DEBUG:STREAM b'iTXt' 3219 415
2019-06-20 00:55:23,161:DEBUG:STREAM b'iDOT' 3646 28
2019-06-20 00:55:23,162:DEBUG:b'iDOT' 3646 28 (unknown)
2019-06-20 00:55:23,162:DEBUG:STREAM b'IDAT' 3686 16384
2019-06-20 00:55:23,968:DEBUG:STREAM b'IHDR' 16 13
2019-06-20 00:55:23,969:DEBUG:STREAM b'pHYs' 41 9
2019-06-20 00:55:23,969:DEBUG:STREAM b'IDAT' 62 724
2019-06-20 00:55:24,396:DEBUG:STREAM b'IHDR' 16 13
2019-06-20 00:55:24,396:DEBUG:STREAM b'iCCP' 41 3145
2019-06-20 00:55:24,396:DEBUG:iCCP profile name b'ICC Profile'
2019-06-20 00:55:24,396:DEBUG:Compression method 0
2019-06-20 00:55:24,396:DEBUG:STREAM b'pHYs' 3198 9
2019-06-20 00:55:24,397:DEBUG:STREAM b'iTXt' 3219 415
2019-06-20 00:55:24,397:DEBUG:STREAM b'iDOT' 3646 28
2019-06-20 00:55:24,397:DEBUG:b'iDOT' 3646 28 (unknown)
2019-06-20 00:55:24,397:DEBUG:STREAM b'IDAT' 3686 16384
2019-06-20 00:55:25,514:INFO:Autofire enabled
2019-06-20 00:55:29,234:INFO:Restarting Game.
2019-06-20 00:55:29,364:DEBUG:STREAM b'IHDR' 16 13
2019-06-20 00:55:29,364:DEBUG:STREAM b'iCCP' 41 3145
2019-06-20 00:55:29,365:DEBUG:iCCP profile name b'ICC Profile'
2019-06-20 00:55:29,365:DEBUG:Compression method 0
2019-06-20 00:55:29,365:DEBUG:STREAM b'pHYs' 3198 9
2019-06-20 00:55:29,365:DEBUG:STREAM b'iTXt' 3219 412
2019-06-20 00:55:29,365:DEBUG:STREAM b'iDOT' 3643 28
2019-06-20 00:55:29,365:DEBUG:b'iDOT' 3643 28 (unknown)
2019-06-20 00:55:29,365:DEBUG:STREAM b'IDAT' 3683 1285
2019-06-20 00:55:29,747:DEBUG:STREAM b'IHDR' 16 13
2019-06-20 00:55:29,748:DEBUG:STREAM b'iCCP' 41 3145
2019-06-20 00:55:29,748:DEBUG:iCCP profile name b'ICC Profile'
2019-06-20 00:55:29,748:DEBUG:Compression method 0
2019-06-20 00:55:29,748:DEBUG:STREAM b'pHYs' 3198 9
2019-06-20 00:55:29,749:DEBUG:STREAM b'iTXt' 3219 415
2019-06-20 00:55:29,749:DEBUG:STREAM b'iDOT' 3646 28
2019-06-20 00:55:29,749:DEBUG:b'iDOT' 3646 28 (unknown)
2019-06-20 00:55:29,749:DEBUG:STREAM b'IDAT' 3686 16384
2019-06-20 00:55:30,868:DEBUG:STREAM b'IHDR' 16 13
2019-06-20 00:55:30,868:DEBUG:STREAM b'iCCP' 41 3145
2019-06-20 00:55:30,868:DEBUG:iCCP profile name b'ICC Profile'
2019-06-20 00:55:30,868:DEBUG:Compression method 0
2019-06-20 00:55:30,869:DEBUG:STREAM b'pHYs' 3198 9
2019-06-20 00:55:30,869:DEBUG:STREAM b'iTXt' 3219 411
2019-06-20 00:55:30,869:DEBUG:STREAM b'iDOT' 3642 28
2019-06-20 00:55:30,869:DEBUG:b'iDOT' 3642 28 (unknown)
2019-06-20 00:55:30,869:DEBUG:STREAM b'IDAT' 3682 898
2019-06-20 00:55:31,198:DEBUG:STREAM b'IHDR' 16 13
2019-06-20 00:55:31,198:DEBUG:STREAM b'iCCP' 41 3145
2019-06-20 00:55:31,198:DEBUG:iCCP profile name b'ICC Profile'
2019-06-20 00:55:31,198:DEBUG:Compression method 0
2019-06-20 00:55:31,198:DEBUG:STREAM b'pHYs' 3198 9
2019-06-20 00:55:31,198:DEBUG:STREAM b'iTXt' 3219 415
2019-06-20 00:55:31,199:DEBUG:STREAM b'iDOT' 3646 28
2019-06-20 00:55:31,199:DEBUG:b'iDOT' 3646 28 (unknown)
2019-06-20 00:55:31,199:DEBUG:STREAM b'IDAT' 3686 16384
2019-06-20 00:55:32,280:DEBUG:STREAM b'IHDR' 16 13
2019-06-20 00:55:32,280:DEBUG:STREAM b'iCCP' 41 3093
2019-06-20 00:55:32,281:DEBUG:iCCP profile name b'ICC Profile'
2019-06-20 00:55:32,281:DEBUG:Compression method 0
2019-06-20 00:55:32,281:DEBUG:STREAM b'pHYs' 3146 9
2019-06-20 00:55:32,281:DEBUG:STREAM b'iTXt' 3167 412
2019-06-20 00:55:32,281:DEBUG:STREAM b'iDOT' 3591 28
2019-06-20 00:55:32,281:DEBUG:b'iDOT' 3591 28 (unknown)
2019-06-20 00:55:32,281:DEBUG:STREAM b'IDAT' 3631 3077
2019-06-20 00:55:32,696:DEBUG:STREAM b'IHDR' 16 13
2019-06-20 00:55:32,696:DEBUG:STREAM b'iCCP' 41 3145
2019-06-20 00:55:32,696:DEBUG:iCCP profile name b'ICC Profile'
2019-06-20 00:55:32,697:DEBUG:Compression method 0
2019-06-20 00:55:32,697:DEBUG:STREAM b'pHYs' 3198 9
2019-06-20 00:55:32,697:DEBUG:STREAM b'iTXt' 3219 415
2019-06-20 00:55:32,697:DEBUG:STREAM b'iDOT' 3646 28
2019-06-20 00:55:32,697:DEBUG:b'iDOT' 3646 28 (unknown)
2019-06-20 00:55:32,697:DEBUG:STREAM b'IDAT' 3686 16384
2019-06-20 00:55:33,805:INFO:Playing Game.
2019-06-20 00:55:33,807:DEBUG:STREAM b'IHDR' 16 13
2019-06-20 00:55:33,808:DEBUG:STREAM b'iCCP' 41 3093
2019-06-20 00:55:33,808:DEBUG:iCCP profile name b'ICC Profile'
2019-06-20 00:55:33,808:DEBUG:Compression method 0
2019-06-20 00:55:33,808:DEBUG:STREAM b'pHYs' 3146 9
2019-06-20 00:55:33,808:DEBUG:STREAM b'iTXt' 3167 413
2019-06-20 00:55:33,808:DEBUG:STREAM b'iDOT' 3592 28
2019-06-20 00:55:33,808:DEBUG:b'iDOT' 3592 28 (unknown)
2019-06-20 00:55:33,808:DEBUG:STREAM b'IDAT' 3632 2481
2019-06-20 00:55:34,194:DEBUG:STREAM b'IHDR' 16 13
2019-06-20 00:55:34,194:DEBUG:STREAM b'iCCP' 41 3145
2019-06-20 00:55:34,195:DEBUG:iCCP profile name b'ICC Profile'
2019-06-20 00:55:34,195:DEBUG:Compression method 0
2019-06-20 00:55:34,195:DEBUG:STREAM b'pHYs' 3198 9
2019-06-20 00:55:34,195:DEBUG:STREAM b'iTXt' 3219 415
2019-06-20 00:55:34,195:DEBUG:STREAM b'iDOT' 3646 28
2019-06-20 00:55:34,195:DEBUG:b'iDOT' 3646 28 (unknown)
2019-06-20 00:55:34,195:DEBUG:STREAM b'IDAT' 3686 16384
2019-06-20 00:55:35,351:DEBUG:Collecting Jump Routes.
2019-06-20 00:55:36,261:DEBUG:STREAM b'IHDR' 16 13
2019-06-20 00:55:36,261:DEBUG:STREAM b'iCCP' 41 3145
2019-06-20 00:55:36,261:DEBUG:iCCP profile name b'ICC Profile'
2019-06-20 00:55:36,261:DEBUG:Compression method 0
2019-06-20 00:55:36,261:DEBUG:STREAM b'pHYs' 3198 9
2019-06-20 00:55:36,261:DEBUG:STREAM b'iTXt' 3219 415
2019-06-20 00:55:36,262:DEBUG:STREAM b'iDOT' 3646 28
2019-06-20 00:55:36,262:DEBUG:b'iDOT' 3646 28 (unknown)
2019-06-20 00:55:36,262:DEBUG:STREAM b'IDAT' 3686 16384
2019-06-20 00:55:37,244:DEBUG:STREAM b'IHDR' 16 13
2019-06-20 00:55:37,245:DEBUG:STREAM b'iCCP' 41 3145
2019-06-20 00:55:37,245:DEBUG:iCCP profile name b'ICC Profile'
2019-06-20 00:55:37,245:DEBUG:Compression method 0
2019-06-20 00:55:37,245:DEBUG:STREAM b'pHYs' 3198 9
2019-06-20 00:55:37,245:DEBUG:STREAM b'iTXt' 3219 415
2019-06-20 00:55:37,245:DEBUG:STREAM b'iDOT' 3646 28
2019-06-20 00:55:37,245:DEBUG:b'iDOT' 3646 28 (unknown)
2019-06-20 00:55:37,245:DEBUG:STREAM b'IDAT' 3686 16384
