2019-06-20 01:00:45,137:DEBUG:STREAM b'IHDR' 16 13
2019-06-20 01:00:45,137:DEBUG:STREAM b'iCCP' 41 3145
2019-06-20 01:00:45,137:DEBUG:iCCP profile name b'ICC Profile'
2019-06-20 01:00:45,138:DEBUG:Compression method 0
2019-06-20 01:00:45,138:DEBUG:STREAM b'pHYs' 3198 9
2019-06-20 01:00:45,138:DEBUG:STREAM b'iTXt' 3219 415
2019-06-20 01:00:45,138:DEBUG:STREAM b'iDOT' 3646 28
2019-06-20 01:00:45,138:DEBUG:b'iDOT' 3646 28 (unknown)
2019-06-20 01:00:45,138:DEBUG:STREAM b'IDAT' 3686 16384
2019-06-20 01:00:45,783:DEBUG:STREAM b'IHDR' 16 13
2019-06-20 01:00:45,784:DEBUG:STREAM b'iCCP' 41 3145
2019-06-20 01:00:45,784:DEBUG:iCCP profile name b'ICC Profile'
2019-06-20 01:00:45,784:DEBUG:Compression method 0
2019-06-20 01:00:45,784:DEBUG:STREAM b'pHYs' 3198 9
2019-06-20 01:00:45,784:DEBUG:STREAM b'iTXt' 3219 415
2019-06-20 01:00:45,784:DEBUG:STREAM b'iDOT' 3646 28
2019-06-20 01:00:45,784:DEBUG:b'iDOT' 3646 28 (unknown)
2019-06-20 01:00:45,784:DEBUG:STREAM b'IDAT' 3686 16384
2019-06-20 01:00:46,654:DEBUG:looking for steam icon
2019-06-20 01:00:46,655:DEBUG:STREAM b'IHDR' 16 13
2019-06-20 01:00:46,656:DEBUG:STREAM b'iCCP' 41 3093
2019-06-20 01:00:46,656:DEBUG:iCCP profile name b'ICC Profile'
2019-06-20 01:00:46,656:DEBUG:Compression method 0
2019-06-20 01:00:46,656:DEBUG:STREAM b'pHYs' 3146 9
2019-06-20 01:00:46,656:DEBUG:STREAM b'iTXt' 3167 413
2019-06-20 01:00:46,656:DEBUG:STREAM b'iDOT' 3592 28
2019-06-20 01:00:46,656:DEBUG:b'iDOT' 3592 28 (unknown)
2019-06-20 01:00:46,657:DEBUG:STREAM b'IDAT' 3632 7390
2019-06-20 01:00:46,905:DEBUG:STREAM b'IHDR' 16 13
2019-06-20 01:00:46,905:DEBUG:STREAM b'iCCP' 41 3145
2019-06-20 01:00:46,906:DEBUG:iCCP profile name b'ICC Profile'
2019-06-20 01:00:46,906:DEBUG:Compression method 0
2019-06-20 01:00:46,906:DEBUG:STREAM b'pHYs' 3198 9
2019-06-20 01:00:46,906:DEBUG:STREAM b'iTXt' 3219 415
2019-06-20 01:00:46,906:DEBUG:STREAM b'iDOT' 3646 28
2019-06-20 01:00:46,906:DEBUG:b'iDOT' 3646 28 (unknown)
2019-06-20 01:00:46,906:DEBUG:STREAM b'IDAT' 3686 16384
2019-06-20 01:00:47,838:DEBUG:looking for steam library
2019-06-20 01:00:47,839:DEBUG:STREAM b'IHDR' 16 13
2019-06-20 01:00:47,839:DEBUG:STREAM b'iCCP' 41 3093
2019-06-20 01:00:47,839:DEBUG:iCCP profile name b'ICC Profile'
2019-06-20 01:00:47,839:DEBUG:Compression method 0
2019-06-20 01:00:47,840:DEBUG:STREAM b'pHYs' 3146 9
2019-06-20 01:00:47,840:DEBUG:STREAM b'iTXt' 3167 412
2019-06-20 01:00:47,840:DEBUG:STREAM b'iDOT' 3591 28
2019-06-20 01:00:47,840:DEBUG:b'iDOT' 3591 28 (unknown)
2019-06-20 01:00:47,841:DEBUG:STREAM b'IDAT' 3631 9220
2019-06-20 01:00:48,073:DEBUG:STREAM b'IHDR' 16 13
2019-06-20 01:00:48,073:DEBUG:STREAM b'iCCP' 41 3145
2019-06-20 01:00:48,073:DEBUG:iCCP profile name b'ICC Profile'
2019-06-20 01:00:48,073:DEBUG:Compression method 0
2019-06-20 01:00:48,073:DEBUG:STREAM b'pHYs' 3198 9
2019-06-20 01:00:48,073:DEBUG:STREAM b'iTXt' 3219 415
2019-06-20 01:00:48,073:DEBUG:STREAM b'iDOT' 3646 28
2019-06-20 01:00:48,073:DEBUG:b'iDOT' 3646 28 (unknown)
2019-06-20 01:00:48,074:DEBUG:STREAM b'IDAT' 3686 16384
2019-06-20 01:00:49,014:DEBUG:looking for ftl in steam
2019-06-20 01:00:49,016:DEBUG:STREAM b'IHDR' 16 13
2019-06-20 01:00:49,016:DEBUG:STREAM b'iCCP' 41 3093
2019-06-20 01:00:49,016:DEBUG:iCCP profile name b'ICC Profile'
2019-06-20 01:00:49,016:DEBUG:Compression method 0
2019-06-20 01:00:49,017:DEBUG:STREAM b'pHYs' 3146 9
2019-06-20 01:00:49,017:DEBUG:STREAM b'iTXt' 3167 412
2019-06-20 01:00:49,017:DEBUG:STREAM b'iDOT' 3591 28
2019-06-20 01:00:49,017:DEBUG:b'iDOT' 3591 28 (unknown)
2019-06-20 01:00:49,017:DEBUG:STREAM b'IDAT' 3631 4924
2019-06-20 01:00:49,244:DEBUG:STREAM b'IHDR' 16 13
2019-06-20 01:00:49,244:DEBUG:STREAM b'iCCP' 41 3145
2019-06-20 01:00:49,244:DEBUG:iCCP profile name b'ICC Profile'
2019-06-20 01:00:49,244:DEBUG:Compression method 0
2019-06-20 01:00:49,245:DEBUG:STREAM b'pHYs' 3198 9
2019-06-20 01:00:49,245:DEBUG:STREAM b'iTXt' 3219 415
2019-06-20 01:00:49,245:DEBUG:STREAM b'iDOT' 3646 28
2019-06-20 01:00:49,245:DEBUG:b'iDOT' 3646 28 (unknown)
2019-06-20 01:00:49,245:DEBUG:STREAM b'IDAT' 3686 16384
2019-06-20 01:00:50,196:DEBUG:looking for play button
2019-06-20 01:00:50,202:DEBUG:STREAM b'IHDR' 16 13
2019-06-20 01:00:50,202:DEBUG:STREAM b'iCCP' 41 3093
2019-06-20 01:00:50,202:DEBUG:iCCP profile name b'ICC Profile'
2019-06-20 01:00:50,202:DEBUG:Compression method 0
2019-06-20 01:00:50,202:DEBUG:STREAM b'pHYs' 3146 9
2019-06-20 01:00:50,202:DEBUG:STREAM b'iTXt' 3167 412
2019-06-20 01:00:50,202:DEBUG:STREAM b'iDOT' 3591 28
2019-06-20 01:00:50,202:DEBUG:b'iDOT' 3591 28 (unknown)
2019-06-20 01:00:50,203:DEBUG:STREAM b'IDAT' 3631 7544
2019-06-20 01:00:50,438:DEBUG:STREAM b'IHDR' 16 13
2019-06-20 01:00:50,439:DEBUG:STREAM b'iCCP' 41 3145
2019-06-20 01:00:50,439:DEBUG:iCCP profile name b'ICC Profile'
2019-06-20 01:00:50,439:DEBUG:Compression method 0
2019-06-20 01:00:50,439:DEBUG:STREAM b'pHYs' 3198 9
2019-06-20 01:00:50,439:DEBUG:STREAM b'iTXt' 3219 415
2019-06-20 01:00:50,440:DEBUG:STREAM b'iDOT' 3646 28
2019-06-20 01:00:50,440:DEBUG:b'iDOT' 3646 28 (unknown)
2019-06-20 01:00:50,440:DEBUG:STREAM b'IDAT' 3686 16384
2019-06-20 01:00:51,383:INFO:Game Start: ftl:2019-06-20 01:00:51.382947
2019-06-20 01:00:51,383:INFO:Starting New Game.
2019-06-20 01:00:56,394:DEBUG:STREAM b'IHDR' 16 13
2019-06-20 01:00:56,394:DEBUG:STREAM b'iCCP' 41 3093
2019-06-20 01:00:56,394:DEBUG:iCCP profile name b'ICC Profile'
2019-06-20 01:00:56,394:DEBUG:Compression method 0
2019-06-20 01:00:56,394:DEBUG:STREAM b'pHYs' 3146 9
2019-06-20 01:00:56,394:DEBUG:STREAM b'iTXt' 3167 412
2019-06-20 01:00:56,395:DEBUG:STREAM b'iDOT' 3591 28
2019-06-20 01:00:56,395:DEBUG:b'iDOT' 3591 28 (unknown)
2019-06-20 01:00:56,395:DEBUG:STREAM b'IDAT' 3631 12055
2019-06-20 01:00:56,637:DEBUG:STREAM b'IHDR' 16 13
2019-06-20 01:00:56,637:DEBUG:STREAM b'iCCP' 41 3145
2019-06-20 01:00:56,637:DEBUG:iCCP profile name b'ICC Profile'
2019-06-20 01:00:56,637:DEBUG:Compression method 0
2019-06-20 01:00:56,638:DEBUG:STREAM b'pHYs' 3198 9
2019-06-20 01:00:56,638:DEBUG:STREAM b'iTXt' 3219 415
2019-06-20 01:00:56,638:DEBUG:STREAM b'iDOT' 3646 28
2019-06-20 01:00:56,638:DEBUG:b'iDOT' 3646 28 (unknown)
2019-06-20 01:00:56,638:DEBUG:STREAM b'IDAT' 3686 16384
