2019-07-23 04:08:19,611:INFO:['fe3600f3068899a3d3015de3aa4e729c', 1, 0, (943, 824), (1836, 418), 980.9612632515109, 265.4216060441261, False] ftl.navigate_waypoints: failed jump!
2019-07-23 04:08:21,121:INFO:['fe3600f3068899a3d3015de3aa4e729c', 1, 0, (943, 824), (2152, 424), 1273.4523940846789, 314.20652650579905, False] ftl.navigate_waypoints: failed jump!
2019-07-23 04:08:22,589:INFO:['fe3600f3068899a3d3015de3aa4e729c', 1, 0, (943, 824), (1780, 452), 915.9437755670377, 347.44107913395237, False] ftl.navigate_waypoints: failed jump!
2019-07-23 04:08:24,058:INFO:['fe3600f3068899a3d3015de3aa4e729c', 1, 0, (943, 824), (1078, 502), 349.15469350991117, 47.56017219891271, False] ftl.navigate_waypoints: failed jump!
2019-07-23 04:08:25,506:INFO:['fe3600f3068899a3d3015de3aa4e729c', 1, 0, (943, 824), (1256, 524), 433.5539182154856, 245.63875670971925, False] ftl.navigate_waypoints: failed jump!
2019-07-23 04:08:26,960:INFO:['fe3600f3068899a3d3015de3aa4e729c', 1, 0, (943, 824), (1840, 608), 922.6402332437059, 153.2358203033641, False] ftl.navigate_waypoints: failed jump!
2019-07-23 04:08:28,417:INFO:['fe3600f3068899a3d3015de3aa4e729c', 1, 0, (943, 824), (2218, 734), 1278.1725235663612, 220.5106109624147, False] ftl.navigate_waypoints: failed jump!
2019-07-23 04:08:29,881:INFO:['fe3600f3068899a3d3015de3aa4e729c', 1, 0, (943, 824), (1692, 744), 753.260247192164, 24.788456403072814, False] ftl.navigate_waypoints: failed jump!
2019-07-23 04:08:31,338:INFO:['fe3600f3068899a3d3015de3aa4e729c', 1, 0, (943, 824), (2176, 844), 1233.1621953336066, 38.4236359431232, False] ftl.navigate_waypoints: failed jump!
2019-07-23 04:08:32,798:INFO:['fe3600f3068899a3d3015de3aa4e729c', 1, 0, (943, 824), (1968, 868), 1025.9439555843194, 227.0767188761659, False] ftl.navigate_waypoints: failed jump!
2019-07-23 04:08:34,286:INFO:['fe3600f3068899a3d3015de3aa4e729c', 1, 0, (943, 824), (1176, 892), 242.72000329597887, 187.323978840427, True] ftl.navigate_waypoints: successful jump!
2019-07-23 04:08:51,515:INFO:['12930f5ead1be07829c8d1e14e46eec2', 1, 0, (1093, 768), (1716, 392), 727.670942116009, 181.66425988238092, False] ftl.navigate_waypoints: failed jump!
2019-07-23 04:08:52,977:INFO:['12930f5ead1be07829c8d1e14e46eec2', 1, 0, (1093, 768), (2194, 418), 1155.2926036290546, 21.730318922419826, False] ftl.navigate_waypoints: failed jump!
2019-07-23 04:08:54,435:INFO:['12930f5ead1be07829c8d1e14e46eec2', 1, 0, (1093, 768), (1966, 430), 936.1479583911936, 320.3182723136901, False] ftl.navigate_waypoints: failed jump!
2019-07-23 04:08:55,887:INFO:['12930f5ead1be07829c8d1e14e46eec2', 1, 0, (1093, 768), (1262, 498), 318.5294334908471, 268.0512198267762, True] ftl.navigate_waypoints: successful jump!
2019-07-23 04:09:12,209:INFO:['9bbe7dfad43c9d222bf74f0fa53ea54c', 1, 0, (1043, 976), (1888, 428), 1007.1390172165906, 0.35799308986128153, False] ftl.navigate_waypoints: failed jump!
2019-07-23 04:09:13,666:INFO:['9bbe7dfad43c9d222bf74f0fa53ea54c', 1, 0, (1043, 976), (1604, 458), 763.5738340199983, 25.454177576667348, False] ftl.navigate_waypoints: failed jump!
2019-07-23 04:09:15,125:INFO:['9bbe7dfad43c9d222bf74f0fa53ea54c', 1, 0, (1043, 976), (1242, 460), 553.0433979354603, 26.683742192165766, False] ftl.navigate_waypoints: failed jump!
2019-07-23 04:09:16,583:INFO:['9bbe7dfad43c9d222bf74f0fa53ea54c', 1, 0, (1043, 976), (1480, 518), 633.0347541802108, 300.63151342446827, False] ftl.navigate_waypoints: failed jump!
2019-07-23 04:09:18,040:INFO:['9bbe7dfad43c9d222bf74f0fa53ea54c', 1, 0, (1043, 976), (2072, 528), 1122.29452462355, 182.50446798609187, False] ftl.navigate_waypoints: failed jump!
2019-07-23 04:09:19,500:INFO:['9bbe7dfad43c9d222bf74f0fa53ea54c', 1, 0, (1043, 976), (2172, 632), 1180.244466201812, 20.22241494006323, False] ftl.navigate_waypoints: failed jump!
2019-07-23 04:09:21,016:INFO:['9bbe7dfad43c9d222bf74f0fa53ea54c', 1, 0, (1043, 976), (1720, 682), 738.0819737671419, 167.96359860958387, False] ftl.navigate_waypoints: failed jump!
2019-07-23 04:09:22,501:INFO:['9bbe7dfad43c9d222bf74f0fa53ea54c', 1, 0, (1043, 976), (1972, 772), 951.134585639698, 328.43420735718485, False] ftl.navigate_waypoints: failed jump!
2019-07-23 04:09:23,962:INFO:['9bbe7dfad43c9d222bf74f0fa53ea54c', 1, 0, (1043, 976), (1930, 864), 894.0430638397683, 38.224115472748224, False] ftl.navigate_waypoints: failed jump!
2019-07-23 04:09:25,452:INFO:['9bbe7dfad43c9d222bf74f0fa53ea54c', 1, 0, (1043, 976), (2108, 932), 1065.9085326612224, 229.69116400439617, False] ftl.navigate_waypoints: failed jump!
2019-07-23 04:09:26,924:INFO:['9bbe7dfad43c9d222bf74f0fa53ea54c', 1, 0, (1043, 976), (1674, 970), 631.0285255041962, 176.47680489448612, False] ftl.navigate_waypoints: failed jump!
2019-07-23 04:09:28,382:INFO:['9bbe7dfad43c9d222bf74f0fa53ea54c', 1, 0, (1043, 976), (1508, 978), 465.0043010553773, 0.7755479644610546, False] ftl.navigate_waypoints: failed jump!
2019-07-23 04:09:29,871:INFO:['9bbe7dfad43c9d222bf74f0fa53ea54c', 1, 0, (1043, 976), (1176, 984), 133.24038426843418, 358.8614175725086, True] ftl.navigate_waypoints: successful jump!
